Accidental Butt
Alphabet Groups
Amateur Boxing
Apron
Backpedal
Be First
Bell
Below the Belt
Bleeder
Blow-by-Blow
Bob and Weave
Body Work
Bolo Punch
Bout
Brawler
Break
Canvas
Card
Catch-Weight
Caught Cold
Challenger
Champion
Check Hook
Chief Second
Clinch
Combination
Contender
Corkscrew Punch
Cornerman
Counterpunch
Cover-Up
Cross
Cruiserweight
Cutman
Cutting-off-the-Ring
Decision
Disqualification
Dive
Down and Out
Draw
Duck
Eight Count
Enswell
Faded
Feint
Fisticuffs
Flash Knockdown
Foul
Fringe Contender
Gate
Gatekeeper
Get Off
Glass Jaw
Go the Distance
Go to the Body
Go to the Cards
Governing Body
Groin Protector
Hand Wraps
Haymaker
Head Butt
Head Hunting
Heavyweight
Hook
Infighting
Jab
Journeyman