Announcement
Attempt
Corner
Foul
Yellow card
Second yellow card
Red card
Substitution
Free kick won
Offside
Hand ball
Penalty conceded
Key Pass
Failed through ball
Sending off
Own goal
Home
Away
Bit too high
Blocked
Bottom left corner
Bottom right corner
Centre of the goal
High and wide
Hits the bar
Misses to the left
Misses to the right
Too high
Top centre of the goal
Top left corner
Top right corner
On target
Off target
Blocked
Hit the bar
Attacking half
Defensive half
Centre of the box
Left wing
Right wing
Difficult angle and long range
Difficult angle on the left
Difficult angle on the right
Left side of the box
Left side of the six yard box
Right side of the box
Right side of the six yard box
Very close range
Penalty spot
Outside the box
Long range
More than 35 yards
More than 40 yards
Not recorded
right foot
left foot
head
assist
None
Pass
Cross
Headed pass
Through ball
Open play
Set piece
Corner
Free kick
















