Charles Granville Bruce
Granville
Bruce
Granville Bruce 
John Geoffrey Bruce
Geoffrey
Bruce
Geoffrey Bruce 
Tejbir Bura
Bura
Colin Grant Crawford
Grant
Crawford
Grant Crawford 
Gnter Oskar Dyhrenfurth
Oskar
Dyhrenfurth
Oskar Dyhrenfurth 
Harriet Pauline "Hettie" Dyhrenfurth Heyman
Dyhrenfurth
George Ingle Finch
Ingle
Finch
Ingle Finch 
Tom George Longstaff
George
Longstaff
George Longstaff 
George Herbert Leigh Mallory
Leigh
Mallory
Leigh Mallory 
Charles John Morris
John
Morris
John Morris 
Henry Treise Morshead
Treise
Morshead
Treise Morshead 
John Baptist Lucius Noel
Lucius
Noel
Lucius Noel 
Edward Felix Norton
Felix
Norton
Felix Norton 
Franz Xaver Schmid
Xaver
Schmid
Xaver Schmid 
Anton "Toni" Schmid
Schmid
Antarge Sherpa
Sherpa
Lhakpa Sherpa
Sherpa
Narbu Sherpa
Sherpa
Pasang Sherpa
Sherpa
Pembra Sherpa
Sherpa
Sange Sherpa
Sherpa
Temba Sherpa
Sherpa
Theodore Howard Somervell
Howard
Somervell
Howard Somervell 
Edward Lisle "Bill" Strutt
Strutt
Arthur William Wakefield
William
Wakefield
William Wakefield 
