Archery Women's Individual
Archery Men's Individual
Archery Men's Team
Archery Women's Team
Archery Men's Target Archery, 28 metres, Team
Archery Men's Target Archery, 33 metres, Team
Archery Men's Target Archery, 50 metres, Team
Archery Women's Double National Round
Archery Men's Continental Style
Archery Men's Double York Round
Archery Men's Au Cordon Dore, 50 metres
Archery Men's Double American Round
Archery Men's Team Round
Archery Men's Target Archery, 33 metres, Individual
Archery Men's Target Archery, 50 metres, Individual
Archery Men's Pole Archery, Small Birds, Individual
Archery Men's Pole Archery, Large Birds, Individual
Archery Men's Pole Archery, Small Birds, Team
Archery Men's Pole Archery, Large Birds, Team
Archery Women's Double Columbia Round
Archery Men's Sur La Perche a La Herse
Archery Men's Sur La Perche a La Pyramide
Archery Men's Unknown Event
Archery Men's Au Chapelet, 50 metres
Archery Men's Championnat Du Monde
Archery Women's Team Round
Archery Men's Au Chapelet, 33 metres
Archery Men's Au Cordon Dore, 33 metres
Archery Men's Target Archery, 28 metres, Individual
