hurdler
hurdles
jump
runner
marathon
run
athlete
athletes
Running track
Anchor leg
Athletics abbreviations
Cadence
gait
Dead heat
Did Not Finish
Eastern cut-off
False start
Footspeed
Fosbury Flop
Fully automatic time
Interval training
Jones Counter
Kick
running
Lactate threshold
Mass start
Metric mile
Mondotrack
Negative split
Open class
track
field
Pace
speed
Paceband
Pacemaker
Panhandle track
athletics
Para-athletics
Para-athletics classification
Photo finish
Placing table
Qualifying standards
Racing flat
Raza point score system
Repechage
Running economy
Running energetics
Scissors jump
Second wind
Short course
Short course prevention factor
Starting blocks
Straddle technique
Stutter step
Tartan track
Track spikes
Vertical jump
Volzing
Western roll
Wind assistance
athlete
athletics
baton
bell lap
decathlon
discus
discus throw
false start
field
foul
hammer
heptathlon
high jump
hurdles
javelin
lane
lap
long jump
marathon
middle-distance
pole-vault
relay
record
shot put
sprint
starting blocks
steeplechase
track
track and field
triple jump