Athletics Women's 100 metres
Athletics Women's 4 x 100 metres Relay
Athletics Men's Shot Put
Athletics Men's Pole Vault
Athletics Men's High Jump
Athletics Men's 1,500 metres
Athletics Men's 4 x 100 metres Relay
Athletics Men's Long Jump
Athletics Women's Javelin Throw
Athletics Men's 5,000 metres
Athletics Women's Shot Put
Athletics Men's 110 metres Hurdles
Athletics Women's Marathon
Athletics Men's 100 metres
Athletics Men's 400 metres Hurdles
Athletics Men's 400 metres
Athletics Men's Hammer Throw
Athletics Men's 800 metres
Athletics Men's Marathon
Athletics Men's 4 x 400 metres Relay
Athletics Men's 10,000 metres
Athletics Women's 3,000 metres
Athletics Men's 200 metres
Athletics Men's Javelin Throw
Athletics Men's 3,000 metres Steeplechase
Athletics Women's 200 metres
Athletics Men's Triple Jump
Athletics Women's Long Jump
Athletics Women's 5,000 metres
Athletics Men's Discus Throw
Athletics Women's 10,000 metres
Athletics Men's Decathlon
Athletics Women's Discus Throw
Athletics Women's 1,500 metres
Athletics Women's Pole Vault
Athletics Women's 4 x 400 metres Relay
Athletics Women's 800 metres
Athletics Women's 400 metres
Athletics Men's Javelin Throw, Both Hands
Athletics Women's 400 metres Hurdles
Athletics Women's Pentathlon
Athletics Women's High Jump
Athletics Men's Standing High Jump
Athletics Men's Standing Long Jump
Athletics Men's 20 kilometres Walk
Athletics Men's 50 kilometres Walk
Athletics Women's 100 metres Hurdles
Athletics Men's Discus Throw, Greek Style
Athletics Women's Heptathlon
Athletics Men's Stone Throw
Athletics Men's Javelin Throw, Freestyle
Athletics Men's Pentathlon (Ancient)
Athletics Women's 3,000 metres Steeplechase
Athletics Men's Shot Put, Both Hands
Athletics Men's 10 kilometres Walk
Athletics Women's 20 kilometres Walk
Athletics Women's 80 metres Hurdles
Athletics Women's Triple Jump
Athletics Women's 10 kilometres Walk
Athletics Men's Cross-Country, Individual
Athletics Men's Cross-Country, Team
Athletics Men's 3,000 metres, Team
Athletics Men's Pentathlon
Athletics Men's 3,000 metres Walk
Athletics Men's 5 mile
Athletics Women's Hammer Throw
Athletics Men's 3,200 metres Steeplechase
Athletics Men's Standing Triple Jump
Athletics Men's 4,000 metres Steeplechase
Athletics Men's 5,000 metres, Team
Athletics Men's 1,600 metres Medley Relay
Athletics Men's 60 metres
Athletics Men's 1,500 metres Walk
Athletics Men's 3 mile, Team
Athletics Men's 3,500 metres Walk
Athletics Men's 10 mile Walk
Athletics Men's Discus Throw, Both Hands
Athletics Men's 200 metres Hurdles
Athletics Men's 56-pound Weight Throw
Athletics Men's 2,500 metres Steeplechase
Athletics Men's All-Around Championship
Athletics Men's 2,590 metres Steeplechase
Athletics Men's 4 mile, Team
