Shinnosuke Abe
Abe
Michael Brent Abernathy
Brent
Abernathy
William Edward "Willie" Adams
Edward
"Willie"
Adams
Neil Isaac Adonis
Isaac
Adonis
Sharnol Leonard Adriana
Leonard
Adriana
Ryoji Aikawa
Aikawa
Kurt Harold Ainsworth
Harold
Ainsworth
Omar Ajete Iglesias
Ajete
Iglesias
Norihiro Akahoshi
Akahoshi
Martn Aleman Uriarte
Aleman
Uriarte
Clint Alfino
Alfino
Francisco Alfino
Alfino
Robert Jeffrey "Jeff" Alkire, II
Jeffrey
"Jeff"
Alkire,
John Chad Allen
Chad
Allen
An HuiBong
HuiBong
Brett Franklin Anderson
Franklin
Anderson
Craig Anthony Anderson
Anthony
Anderson
Yuya Ando
Ando
Norichika Aoki
Aoki
Fabio Aquino
Aquino
Yosvany Aragn Rodrguez
Aragn
Rodrguez
Takahiro Arai
Arai
Masahiro Araki
Araki
Jorge Aranzamendi Torres
Aranzamendi
Torres
Francisco Javier Aristu Lozano
Javier
Aristu
Lozano
Jacob Joseph "Jake" Arrieta
Joseph
"Jake"
Arrieta
Luis Rolando Arrojo vila
Rolando
Arrojo
vila
Jos Arza Laurenz
Arza
Laurenz
Jorge Luis Avellan Chamorro
Luis
Avellan
Chamorro
James B. Avery
Avery
Erasmo Arturo Baca Gonzlez
Arturo
Baca
Gonzlez
Bae JaeHyo
JaeHyo
Ruggero Bagialemani
Bagialemani
Matteo Baldacci
Baldacci
Wladimir Ramon Ramonof Balentien
Ramon
Ramonof
Balentien
Randolph Benito "Johnny" Balentina
Benito
"Johnny"
Balentina
Grant Robert Balfour
Robert
Balfour
Marco Barboni
Barboni
Brian David Barden
David
Barden
Jos Luis Becerra Puente
Luis
Becerra
Puente
Thomas "Tom" Becker
"Tom"
Becker
Christopher Stephen "Chris" Begg
Stephen
"Chris"
Begg
Patrick Beljaards
Beljaards
Alexei Bell Quintero
Bell
Quintero
Paul Bell
Bell
Clayton Daniel "Clay" Bellinger
Daniel
"Clay"
Bellinger
Juan Pedro Belza Jaurrieta
Pedro
Belza
Jaurrieta
Maikel Benner
Benner
Shayne Anthony Bennett
Anthony
Bennett
Kristin James "Kris" Benson
James
"Kris"
Benson
David Franciscus Johan Bergman
Franciscus
Johan
Bergman
Vaughn Berriman
Berriman
Carlos Alberto Berrios Paiz
Alberto
Berrios
Paiz
Danny Betancourt Chacn
Betancourt
Chacn
Fabio Betto
Betto
Todd Mervyn Betts
Mervyn
Betts
Roberto Bianchi
Bianchi
Luca Bischeri
Bischeri
Eduardo Martn Bojorge
Martn
Bojorge
Bong JungKeun
JungKeun
Patrick Lance "Pat" Borders
Lance
"Pat"
Borders
Luis Borroto Jimnez
Borroto
Jimnez
Leon Boyd
Boyd
Albert Bracero Chvere
Bracero
Chvere
Kenneth Richard "Ken" Brauckmiller
Richard
"Ken"
Brauckmiller
Thomas Robert "Tom" Brice
Robert
"Tom"
Brice
Matthew Benjamin "Matt" Brown
Benjamin
"Matt"
Brown
Bu Tao
Tao
James Francis Robert "Jim" Buccheri
Francis
Robert
"Jim"
Buccheri
Mathew Buckley
Buckley
Adrian Mark Burnside
Mark
Burnside
Sean Patrick Burroughs
Patrick
Burroughs
Adam Burton
Burton
Timothy Joseph "T. J." Burton
Joseph
"T.
J."
Burton
Clayton Byrne
Byrne
Roberto Cabalisti
Cabalisti
Trevor John Cahill
John
Cahill
Miguel Calds Luis
Calds
Luis
Peter Callenbach
Callenbach
Xavier Camps Quibus
Camps
Quibus
Flix Manuel Cano Riduejo
Manuel
Cano
Riduejo
Dante Pietro Carbini
Pietro
Carbini
Norman Cardoze Ramrez
Cardoze
Ramrez
Luigi Carrozza
Carrozza
Roberto Casey Garca
Casey
Garca
Francesco Casolari
Casolari
Danel Castro Muagorri
Castro
Muagorri
Paolo Ceccaroli
Ceccaroli
Claudio Cecconi
Cecconi
Silvio Censale
Censale
Frederich Cepeda Cruz
Cepeda
Cruz
Marc Cerbone
Cerbone
Chang ChengHsien
ChengHsien
Chang ChienMing
ChienMing
Chang ChihChia
ChihChia
Chang TaiShan
TaiShan
Chang WenChung
WenChung
Chang YawTeing
YawTeing
Yorelvis Charles Martnez
Charles
Martnez
Chea JongGuk
JongGuk
Chen ChiHsin
ChiHsin
Chen ChihYuan
ChihYuan
Chen ChinFeng
ChinFeng
Chen FengMin
FengMin
Chen Junyi
Junyi
Chen Kun
Kun
Chen WeiChen
WeiChen
Chen WeiYin
WeiYin
Chen YungChi
YungChi
Cheng ChangMing
ChangMing
Cheng ChaoHang
ChaoHang
Cheng KaiWen
KaiWen
Chiang ChihHsien
ChihHsien
Chiang TaiChuan
TaiChuan
Mario Chiarini
Chiarini
Massimo Ciaramella
Ciaramella
Xavier Civit Forner
Civit
Forner
Richard Keith "Stubby" Clapp
Keith
"Stubby"
Clapp
Ivanon Angelino Coffie
Angelino
Coffie
Jos Ariel Contreras Camejo
Ariel
Contreras
Camejo
Jason Cook
Cook
Robbie "Rob" Cordemans
"Rob"
Cordemans
Fredy Corea
Corea
Rhal Paul Joseph Cormier
Paul
Joseph
Cormier
David Ross Corrente
Ross
Corrente
Enrique Corts Pes Gallego
Corts
Pes
Gallego
John Farrow Cotton
Farrow
Cotton
Jeffrey Frederick Cranston
Frederick
Cranston
Alexander Soria "Alex" Cremidan
Soria
"Alex"
Cremidan
Rolando Cretis
Cretis
Michal John William "Mike" Crouwel
John
William
"Mike"
Crouwel
Jeremy Michael Cummings
Michael
Cummings
Eric Cyr
Cyr
Alberto D'Auria
D'Auria
Davide Dallospedale
Dallospedale
Juan Ignacio Damborenea Garca
Ignacio
Damborenea
Garca
Yu Darvish Darvishsefad
Darvish
Darvishsefad
David Lawrence Davidson
Lawrence
Davidson
Bayardo Antonio Davila Montiel
Antonio
Davila
Montiel
Errol Davis
Davis
Scott Thomas Dawes
Thomas
Dawes
Travis Sentell Dawkins
Sentell
Dawkins
Eric de Bruin
Bruin
Yurendell Eithel de Caster
Eithel
Caster
Roberto De Franceschi
Franceschi
Sidney de Jong
Jong
Simon de la Rey
Rey
Patrick de Lange
Lange
Maurizio De Sanctis
Sanctis
Riccardo De Santis
Santis
Jos Ral Delgado Diez
Ral
Delgado
Diez
James Christopher "Chris" Demetral
Christopher
"Chris"
Demetral
Nicholas "Nick" Dempsey
"Nick"
Dempsey
Alfredo Despaigne Rodrguez
Despaigne
Rodrguez
Philip Alexandre "Phil" Devey
Alexandre
"Phil"
Devey
Daniele Joseph Di Pace
Joseph
Pace
Giorge Daz Loren
Daz
Loren
Robert Allen "R. A." Dickey
Allen
"R.
A."
Dickey
Jason Royce Dickson
Royce
Dickson
Javier Dez Serra
Dez
Serra
Radhames Alviro Dijkhoff
Alviro
Dijkhoff
Eduard Richard "Eddie" Dix
Richard
"Eddie"
Dix
Yoshikazu Doi
Doi
Jason Thomas Donald
Thomas
Donald
Mark Lindsay Doubleday
Lindsay
Doubleday
Dimitrios Douros
Douros
Ashley Dove
Dove
Dorotheus Wilhelmus "Dave" Draijer
Wilhelmus
"Dave"
Draijer
Darren James Dreifort
James
Dreifort
Robert Thomas "Rob" Ducey
Thomas
"Rob"
Ducey
Yobal Dueas Martnez
Dueas
Martnez
Brian Matthew Duensing
Matthew
Duensing
Michael Steven "Mike" Duursma
Steven
"Mike"
Duursma
Giorvis Duvergel Rojas
Duvergel
Rojas
Robert Franciscus Eenhoorn
Franciscus
Eenhoorn
Bryan Stanley Tjark Engelhardt
Stanley
Tjark
Engelhardt
Michel Enrquez Tamayo
Enrquez
Tamayo
Jos Antonio Estrada Gonzlez
Antonio
Estrada
Gonzlez
Mark Edward Ettles
Edward
Ettles
Andrea Evangelisti
Evangelisti
Jeffrey Adam Everett
Adam
Everett
Rikkert Faneyte
Faneyte
Jess I. Feliciano Amadeo
Feliciano
Amadeo
Feng Fei
Fei
Osvaldo Fernndez Rodrguez
Fernndez
Rodrguez
James C. Figueroa
Figueroa
Gavin Fingleson
Fingleson
Asdrudes Flores Bucardo
Flores
Bucardo
Marlon Supriano Fluonia
Supriano
Fluonia
Massimo Fochi
Fochi
William Dexter Fowler
Dexter
Fowler
David Anthony Francia
Anthony
Francia
Ryan Ray Franklin
Ray
Franklin
Daniele Frignani
Frignani
Emerson Andrew Frostad
Andrew
Frostad
Kyuji Fujikawa
Fujikawa
Atsushi Fujimoto
Fujimoto
Kosuke Fukudome
Fukudome
Jorge Francisco Fumero Fernndez
Francisco
Fumero
Fernndez
John Christopher Gall
Christopher
Gall
Elio Gambuti
Gambuti
Gang Hyeok
Hyeok
Gang MinHo
MinHo
Gang PilSeon
PilSeon
Efrain Garca Santiago
Garca
Santiago
Emmanuel Garcia
Garcia
Anthony Nomar Garciaparra
Nomar
Garciaparra
Christopher Coleman "Chris" George
Coleman
"Chris"
George
Jason Gilbert Giambi
Gilbert
Giambi
Emiliano Ginanneschi
Ginanneschi
Troy Edward Glaus
Edward
Glaus
Go YeongMin
YeongMin
Yasser Richard Gmez Soto
Richard
Gmez
Soto
Darryl Gonsalves
Gonsalves
Norberto Gonzlez Miranda
Gonzlez
Miranda
Paul Gonzalez
Gonzalez
Lourdes Gourriel Delgado
Gourriel
Delgado
Yulieski Gourriel Castillo
Gourriel
Castillo
Chadwick Elton "Chad" Green
Elton
"Chad"
Green
Steve Green
Green
Richard Douglas "Rick" Greene
Douglas
"Rick"
Greene
Seth Adam Greisinger
Adam
Greisinger
Gu DaeSeong
DaeSeong
Jeffrey Richard "Jeff" Guiel
Richard
"Jeff"
Guiel
Guo Youhua
Youhua
Manuel Guzmn
Guzmn
Gwon Hyeok
Hyeok
Jeffrey Bryan Hammonds
Bryan
Hammonds
Han GiJu
GiJu
Kiplan Paul "Kip" Harkrider
Paul
"Kip"
Harkrider
Brian Harrell
Harrell
Richard Harrell
Harrell
Timothy Allen "Tim" Harrell
Allen
"Tim"
Harrell
Cory Antony Harris
Antony
Harris
Shane Timothy Heams
Timothy
Heams
Jun Heima
Heima
Laurence W. "Larry" Heisler
"Larry"
Heisler
Richard Allen "Rick" Helling
Allen
"Rick"
Helling
Benjamin Heredia
Heredia
Jos Alberto Hernndez Prez
Alberto
Hernndez
Prez
Orlando Hernndez Pedroso
Hernndez
Pedroso
Michael Steven "Mike" Hessman
Steven
"Mike"
Hessman
Jason Michael Hewitt
Michael
Hewitt
Shawn Richard Hill
Richard
Hill
Andrew Jay "A. J." Hinch
Jay
"A.
J."
Hinch
Steven Leslie Hinton
Leslie
Hinton
Jun Hirose
Hirose
Ian Holness
Holness
Hong SeongHeun
SeongHeun
Hou Fenglian
Fenglian
Stuart Howell
Howell
Hsieh ChiaShian
ChiaShian
Hsu WenHsiung
WenHsiung
Huang ChungYi
ChungYi
ChunChung "Kevin" Huang
"Kevin"
Huang
Huang WenPo
WenPo
Mark Steven Hutton
Steven
Hutton
David William Hynes
William
Hynes
Jos A. Ibar Martnez
Ibar
Martnez
Tadahito Iguchi
Iguchi
Tomohiro Iizuka
Iizuka
Pierpaolo Illuminati
Illuminati
Im ChangYong
ChangYong
Im SeonDong
SeonDong
Makoto Imaoka
Imaoka
Atsunori Inaba
Inaba
Rey Isaac Vaillant
Isaac
Vaillant
Chairon Ramon Isenia
Ramon
Isenia
Percy Paul Isenia
Paul
Isenia
Hirotoshi Ishii
Ishii
Masanori Ishikawa
Ishikawa
Tomohito Ito
Ito
Hisashi Iwakuma
Iwakuma
Hitoki Iwase
Iwase
Jang SeongHo
SeongHo
Jang WonSam
WonSam
Eelco Jansen
Jansen
Marcus Christian Jensen
Christian
Jensen
Jeon SeungNam
SeungNam
Jeong DaeHyeon
DaeHyeon
Jeong GeunU
GeunU
Jeong MinTae
MinTae
Jeong SuGeun
SuGeun
Kevin Martin Jepsen
Martin
Jepsen
Jia Delong
Delong
Jia Yubing
Yubing
Jin GabYong
GabYong
Jin PilJung
PilJung
Jo GyeongHwan
GyeongHwan
Jo InSeong
InSeong
Jo JinHo
JinHo
Kenji Johjima
Johjima
Charles Edward Johnson, Jr.
Edward
Johnson,
Jr.
Kevin Johnson
Johnson
Michael Keith "Mike" Johnson
Keith
"Mike"
Johnson
Ronald "Ronny" Johnson
"Ronny"
Johnson
Jacque Dewayne Jones
Dewayne
Jones
Jong YeuJeng
YeuJeng
Ferenc Peter Jongejan
Peter
Jongejan
Marcel Joost
Joost
Yoshihiko Kajiyama
Kajiyama
Makoto Kaneko
Kaneko
Kao ChihKang
ChihKang
James "Jim" Kavourias
"Jim"
Kavourias
Shinichiro Kawabata
Kawabata
Kenshin Kawakami
Kawakami
Takeo Kawamura
Kawamura
Masato Kawano
Kawano
Munenori Kawasaki
Kawasaki
Wilhelm Rudolph Adonis Kemp
Rudolph
Adonis
Kemp
Willem Kemp
Kemp
Keng PoHsuan
PoHsuan
Kim DongJu
DongJu
Kim GiTae
GiTae
Kim GwangHyeon
GwangHyeon
Kim HanSu
HanSu
Kim HyeonSu
HyeonSu
Kim MinJae
MinJae
Kim SeonU
SeonU
Kim SuGwan
SuGwan
Kim SuGyeong
SuGyeong
Kim TaeGyun
TaeGyun
Kim YeongSu
YeongSu
Nicholas Andrew "Nick" Kimpton
Andrew
"Nick"
Kimpton
Jutaro Kimura
Kimura
Takuya Kimura
Kimura
Orestes Kindeln Olivares
Kindeln
Olivares
Brendan Robert Kingman
Robert
Kingman
Eugene Humphrey Kingsale
Humphrey
Kingsale
Robert Raymond "Bobby" Kingsbury
Raymond
"Bobby"
Kingsbury
Michael Arthur "Mike" Kinkade
Arthur
"Mike"
Kinkade
Daron Jon Kirkreit
Jon
Kirkreit
Daniel Victor "Danny" Klassen
Victor
"Danny"
Klassen
Brandon Michael Knight
Michael
Knight
Masahide Kobayashi
Kobayashi
William Christopher "Billy" Koch
Christopher
"Billy"
Koch
Masahito Kohiyama
Kohiyama
Geoffrey Kohl
Kohl
Hirotami Kojima
Kojima
Hiroki Kokubo
Kokubo
Roel Christianus Godefridus Koolen
Christianus
Godefridus
Koolen
Michael Paul "Mike" Koplove
Paul
"Mike"
Koplove
Mark Steven Kotsay
Steven
Kotsay
Georgios "George" Kottaras
"George"
Kottaras
Michael Timothy "Mike" Koutsantonakis
Timothy
"Mike"
Koutsantonakis
Rick Michael Krivda
Michael
Krivda
Marcel Kruijt
Kruijt
Ku KuoChian
KuoChian
Kuo YenWen
YenWen
Kuo Lee ChienFu
Lee
ChienFu
Hiroki Kuroda
Kuroda
Tomohiro Kuroki
Kuroki
Takashi Kurosu
Kurosu
Michael Edward "Mike" Kusiewicz
Edward
"Mike"
Kusiewicz
Takao Kuwamoto
Kuwamoto
Seth David La Fera
David
Fera
Miguel La Hera Betancourt
Hera
Betancourt
PierreLuc "Pete" LaForest
"Pete"
LaForest
Stefano Landuzzi
Landuzzi
Matthew Vincent "Matt" LaPorta
Vincent
"Matt"
LaPorta
Brett Russell Lawrie
Russell
Lawrie
Pedro Luis Lazo Iglesias
Luis
Lazo
Iglesias
Matthew Hawks "Matt" LeCroy
Hawks
"Matt"
LeCroy
Lee ByeongGyu
ByeongGyu
Lee ChenChang
ChenChang
Lee DaeHo
DaeHo
Lee DongUk
DongUk
Lee JinYeong
JinYeong
Lee JongUk
JongUk
Lee SeungHo
SeungHo
Lee SeungYeop
SeungYeop
Lee TaekGeun
TaekGeun
Travis Reynolds Lee
Reynolds
Lee
Lee YongGyu
YongGyu
Raylinos Joaquin "Reily" Legito
Joaquin
"Reily"
Legito
Luis Carlos Len Anguiano
Carlos
Len
Anguiano
Craig Edward Lewis
Edward
Lewis
Li Chenhao
Chenhao
Li Lei
Lei
Li Weiliang
Weiliang
Liao MingHsiung
MingHsiung
Lin ChaoHuang
ChaoHuang
Lin CheHsuan
CheHsuan
Lin ChihSheng
ChihSheng
Lin EnYu
EnYu
Lin KunHan
KunHan
Lin WeiChu
WeiChu
Lin YingChieh
YingChieh
Omar Linares Izquierdo
Linares
Izquierdo
Frederick "Sten" Lindberg
"Sten"
Lindberg
Jess Mara Lisarri Toms
Mara
Lisarri
Toms
Liu Kai
Kai
Claudio Liverziani
Liverziani
Graeme John Lloyd
John
Lloyd
Lo ChenJung
ChenJung
Lo ChiaJen
ChiaJen
Lo KuoChung
KuoChung
Lo KuoHui
KuoHui
Jurriaan Lobbezoo
Lobbezoo
Jonathan T. "Jon" Lockwood
"Jon"
Lockwood
Braden LaVern Looper
LaVern
Looper
Gualberto Lpez Ortz
Lpez
Ortz
Orlando A. Lpez Bobian
Lpez
Bobian
Roberto Lpez Ocasio
Lpez
Ocasio
Jos Anibal Lorenzana Oquendo
Anibal
Lorenzana
Oquendo
Brian Richard Loyd
Richard
Loyd
Lu Jiangang
Jiangang
William Enrique Lucena
Enrique
Lucena
Omar Luis Martnez
Luis
Martnez
Roger Machado Morales
Machado
Morales
scar Macas Hernndez
Macas
Hernndez
Morne MacKay
MacKay
Christopher Madonna
Madonna
Calvin Gregory Maduro
Gregory
Maduro
Remy Maduro
Maduro
Peter Gus Maestrales
Gus
Maestrales
Oswaldo Mairena Gonzlez
Mairena
Gonzlez
Marcello Malagoli
Malagoli
Alexander Malleta Kerr
Malleta
Kerr
Juan Manrique Garca
Manrique
Garca
Michael Marchesano
Marchesano
Nicholas Guliam "Nick" Markakis
Guliam
"Nick"
Markakis
Diegomar Raymundo "Diego" Markwell
Raymundo
"Diego"
Markwell
Louis Glenn "Lou" Marson
Glenn
"Lou"
Marson
Jonder Martnez Martnez
Martnez
Martnez
Manuel Martnez Carrasco
Martnez
Carrasco
Edsel Judas Martis
Judas
Martis
Shairon Benjamin Martis
Benjamin
Martis
Massimiliano Masin
Masin
Anthony Massimino
Massimino
Jos M. Mateo Rosario
Mateo
Rosario
Nobuhiko Matsunaka
Matsunaka
Daisuke Matsuzaka
Matsuzaka
Liall Mauritz
Mauritz
Giuseppe Mazzanti
Mazzanti
Chadwick Michael "Chad" McConnell
Michael
"Chad"
McConnell
Grant Alexander McDonald
Alexander
McDonald
Andrew James McNally
James
McNally
Brooks A. McNiven
McNiven
Adrian Meagher
Meagher
Christopher Peter "Chris" Mears
Peter
"Chris"
Mears
Martijn Meeuwis
Meeuwis
Massimo Melassi
Melassi
Meleti Ross Melehes
Ross
Melehes
Javier Mndez Gonzlez
Mndez
Gonzlez
Rafaelito Mercedes Daz
Mercedes
Daz
Rolando Merio Betancourt
Merio
Betancourt
Germn Mesa Fresneda
Mesa
Fresneda
Vctor Mesa Martnez
Mesa
Martnez
Hensley Filemon Acacio Meulens
Filemon
Acacio
Meulens
Carl Michaels
Michaels
Douglas Andrew "Doug" Mientkiewicz
Andrew
"Doug"
Mientkiewicz
Fabio Milano
Milano
Ralph Gregory Milliard
Gregory
Milliard
Danny Miranda Agramonte
Miranda
Agramonte
Luis Daniel Miranda Gutirrez
Daniel
Miranda
Gutirrez
Koichi Misawa
Misawa
Daisuke Miura
Miura
Takashi Miwa
Miwa
Shinya Miyamoto
Miyamoto
Harvey David Simeon Perigault Monte
David
Simeon
Perigault
Monte
Eliecer Montes de Oca Fleitas
Montes
Oca
Fleitas
Frank Andy Montieth Herrera
Andy
Montieth
Herrera
John Moore
Moore
Angel A. Morales Rodrguez
Morales
Rodrguez
Sandy Osvaldo Moreno Alvarado
Osvaldo
Moreno
Alvarado
Masahiko Mori
Mori
Masao Morinaka
Morinaka
Masahiko Morino
Morino
Glen Morris
Morris
Warren Randall Morris
Randall
Morris
Michael James Moyle
James
Moyle
Mun DongHwan
DongHwan
Christian Mura
Mura
Arihito Muramatsu
Muramatsu
Shuichi Murata
Murata
Calvin Duane Murray
Duane
Murray
Aaron Kenneth Myette
Kenneth
Myette
Na ManHo
ManHo
Hiroyuki Nakajima
Nakajima
Hiroshi Nakamoto
Nakamoto
Daishin Nakamura
Nakamura
Michael Yoshihide Nakamura
Yoshihide
Nakamura
Norihiro Nakamura
Nakamura
Paul Nanne
Nanne
Tom Nanne
Nanne
Yoshihisa Naruse
Naruse
Luis Miguel Navas Gonzlez
Miguel
Navas
Gonzlez
Blaine Neal
Neal
Michael Robert "Mike" Neill
Robert
"Mike"
Neill
Phillip Joseph "Phil" Nevin
Joseph
"Phil"
Nevin
Daniel David Newman
David
Newman
Ni FuTe
FuTe
Kevin Ronald Nicholson
Ronald
Nicholson
Efran J. Nieves Soto
Nieves
Soto
David Wayne "Dave" Nilsson
Wayne
"Dave"
Nilsson
Masafumi Nishi
Nishi
Tsuyoshi Nishioka
Nishioka
Kazutaka Nishiyama
Nishiyama
Jayson Truett Edward Nix
Truett
Edward
Nix
Kosuke Noda
Noda
Osamu Nogami
Nogami
Masahiro Nojima
Nojima
Flix Manuel Nova
Manuel
Nova
Teodoro Novas
Novas
Peter Nyari
Nyari
O CheolMin
CheolMin
O SeungHwan
SeungHwan
Omar Obando Varela
Obando
Varela
Vicyohandri Odeln Sanam
Odeln
Sanam
Trent Carl Wayne Oeltjen
Carl
Wayne
Oeltjen
Michihiro Ogasawara
Ogasawara
John Derrick Ogiltree
Derrick
Ogiltree
Octavio "Augie" Ojeda
"Augie"
Ojeda
Yoshinori Okihara
Okihara
Hideaki Okubo
Okubo
Kasey Garret Olenberger
Garret
Olenberger
Hctor Olivera Amaro
Olivera
Amaro
Elias Alfonso Olivos
Alfonso
Olivos
Hitoshi Ono
Ono
Peterson Thomas "Pete" Orr
Thomas
"Pete"
Orr
Julio Csar Osejo Vallejos
Csar
Osejo
Vallejos
Koichi Oshima
Oshima
Roy Edward Oswalt
Edward
Oswalt
Wayne Daniel Ough
Daniel
Ough
Chris Andrew Oxspring
Andrew
Oxspring
Antonio Pacheco Mass
Pacheco
Mass
Jos Ramon Padilla Sequeira
Ramon
Padilla
Sequeira
Juan Padilla Alfonso
Padilla
Alfonso
Pai KunHong
KunHong
Adiel Palma Lpez
Palma
Lpez
Pan WeiLun
WeiLun
Pan WuHsiung
WuHsiung
Giovanni Pantaleoni
Pantaleoni
Erik Daniel Pappas
Daniel
Pappas
Eduardo Paret Prez
Paret
Prez
Miguel ngel Pariente lvarez
ngel
Pariente
lvarez
Vincent James Parisi
James
Parisi
Park GyeongWan
GyeongWan
Park JaeHong
JaeHong
Park JinMan
JinMan
Park JongHo
JongHo
Park SeokJin
SeokJin
James Vo "Jim" Parque
"Jim"
Parque
Paolo Passerini
Passerini
Yadier Pedroso Gonzlez
Pedroso
Gonzlez
Alexis Pea
Pea
Fausto Antonio Pea Pichardo
Antonio
Pea
Pichardo
Tefilo Pea Dilone
Pea
Dilone
Peng ChengMin
ChengMin
Juan Carlos Prez Rondn
Carlos
Prez
Rondn
Battista Perri
Perri
Ariel Osvaldo Pestano Valdes
Osvaldo
Pestano
Valdes
Francesco Petruzzelli
Petruzzelli
Alan Phillips
Phillips
Gabriel Pierre Lazo
Pierre
Lazo
Simon Emiliano Pond
Emiliano
Pond
Silvestre Popoteur
Popoteur
Nemesio Guillermo Porras Lpez
Guillermo
Porras
Lpez
Jos Mara Pulido Aranda
Mara
Pulido
Aranda
Jos Luis Quiroz Sequeira
Luis
Quiroz
Sequeira
Ryan Ashley Radmanovich
Ashley
Radmanovich
Alexei Ramrez Rodrguez
Ramrez
Rodrguez
Luis F. Ramos Torres
Ramos
Torres
Jairo Rafael Ramos Gizzi
Rafael
Ramos
Gizzi
Panagiotis Khristos "Peter" Rasmusen
Khristos
"Peter"
Rasmusen
Jon Erich Rauch
Erich
Rauch
scar Rebolleda Herrera
Rebolleda
Herrera
Glenn Reeves
Reeves
Christopher Michael "Chris" Reitsma
Michael
"Chris"
Reitsma
Erik Remmerswaal
Remmerswaal
Diego Ricci
Ricci
Carlo Manuel Richetti
Manuel
Richetti
Davide Rigoli
Rigoli
Henry A. Roa Miranda
Roa
Miranda
Christopher E. "Chris" Roberts
"Chris"
Roberts
Christopher J. "Chris" Robinson
"Chris"
Robinson
Khristoforos Robinson
Robinson
Luis Miguel Rodrguez Ricardo
Miguel
Rodrguez
Ricardo
Maels Rodrguez Corrales
Rodrguez
Corrales
Nelson Rodrguez Santiago
Rodrguez
Santiago
Matthew Dylan "Matt" Rogelstad
Dylan
"Matt"
Rogelstad
David Rollandini
Rollandini
Danny Reginald Rombley
Reginald
Rombley
Ormari Romero Turcas
Romero
Turcas
Brett Nicholas Roneberg
Nicholas
Roneberg
Abimael Rosario Marrero
Rosario
Marrero
Ryan Benjamin Rowland Smith
Benjamin
Rowland
Smith
Ryu HyeonJin
HyeonJin
Yasuyuki Saigo
Saigo
Hiroyuki Sakaguchi
Sakaguchi
Antonio Salazar Calzado
Salazar
Calzado
Juan Manuel Salmeron Agullo
Manuel
Salmeron
Agullo
Elier Snchez Quesada
Snchez
Quesada
Eriel Snchez Len
Snchez
Len
Juan Snchez Fernndez
Snchez
Fernndez
Anthony Marcus Sanders
Marcus
Sanders
Jos Santana
Santana
Rafael Enrique Santiago Rivera
Enrique
Santiago
Rivera
Shinichi Sato
Sato
Takahiko Sato
Sato
Tomoaki Sato
Sato
Yasuhiro Sato
Sato
Tomoya Satozaki
Satozaki
Michael Edward Brett "Mike" Saunders
Edward
Brett
"Mike"
Saunders
Leonardo Schianchi
Schianchi
Igor Schiavetti
Schiavetti
Nathan John "Nate" Schierholtz
John
"Nate"
Schierholtz
Andrew Scott
Scott
Antonio Scull Hernndez
Scull
Hernndez
Robert Michael "Bobby" Seay
Michael
"Bobby"
Seay
Jos A. Seplveda Pinto
Seplveda
Pinto
Manuel A. Serrano
Serrano
Ben M. Sheets
Sheets
David Bernard Sheldon
Bernard
Sheldon
Matthew Keith SheldonCollins
Keith
SheldonCollins
Simon Francis SheldonCollins
Francis
SheldonCollins
Shih ChihWei
ChihWei
Naoyuki Shimizu
Shimizu
Jason William Simontacchi
William
Simontacchi
Jeroen Sluijter
Sluijter
Tjerk Marten Smeets
Marten
Smeets
Alexander Roelof "Alex" Smit
Roelof
"Alex"
Smit
Darryn Smith
Smith
Christopher Doyle "Chris" Snelling
Doyle
"Chris"
Snelling
Roque Solano
Solano
Son MinHan
MinHan
Song JinU
JinU
Song SeungJun
SeungJun
Peter Francis Soteropoulos
Francis
Soteropoulos
Vasili George Spanos
George
Spanos
Sean James Spencer
James
Spencer
Paul Nikola Spoljaric
Nikola
Spoljaric
Miguel Stella Prez
Stella
Prez
John M. Stephens
Stephens
Adam James Stern
James
Stern
Jeffrey Allen "Jeff" Stevens
Allen
"Jeff"
Stevens
Andrew David "Andy" Stewart
David
"Andy"
Stewart
Orlando Maurits Stewart
Maurits
Stewart
Phillip Matthew "Phil" Stockman
Matthew
"Phil"
Stockman
Stephen James Strasburg
James
Strasburg
Andrea Succi
Succi
Toshiya Sugiuchi
Sugiuchi
Masanori Sugiura
Sugiura
Kento Sugiyama
Sugiyama
Juancarlos Antonio JuanCarlos Sulbaran
Antonio
JuanCarlos
Sulbaran
Sun Guoqiang
Guoqiang
Sun Lingfeng
Lingfeng
Sun Wei
Wei
Fumihiro Suzuki
Suzuki
Robert Joseph "R. J." Swindle
Joseph
"R.
J."
Swindle
Panagiotis "Pete" Sykaras
"Pete"
Sykaras
Carlos Alberto Tabares Padilla
Alberto
Tabares
Padilla
Claudio Taglienti
Taglienti
So Taguchi
Taguchi
Takayuki Takabayashi
Takabayashi
Yoshinobu Takahashi
Takahashi
Yasunori Takami
Takami
Brett Paul Tamburrino
Paul
Tamburrino
Masahiro Tanaka
Tanaka
Yukio Tanaka
Tanaka
Yoshitomo Tani
Tani
Taylor Hill Teagarden
Hill
Teagarden
Flix R. Tejada
Tejada
Giel ten Bosch
ten
Bosch
Evert Jan Axel Charles "EvertJan" 't Hoen
Jan
Axel
Charles
"EvertJan"
Hoen
Jared George Theodorakos
George
Theodorakos
Nicholas Anthony "Nick" Theodorou
Anthony
"Nick"
Theodorou
Bradley Richard Thomas
Richard
Thomas
Richard Graeme Thompson
Graeme
Thompson
Stuart Allan Thompson
Allan
Thompson
Scott Robert Thorman
Robert
Thorman
Terry Ronald Tiffee
Ronald
Tiffee
Akihiro Togo
Togo
Koji Tokunaga
Tokunaga
Shane Tonkin
Tonkin
Michele Toriaco
Toriaco
Guglielmo Trinci
Trinci
Tsai FengAn
FengAn
Tsai MingHung
MingHung
Tsao ChinHui
ChinHui
Tu ChangWei
ChangWei
Michael Anthony Tucker
Anthony
Tucker
Scott Tunkin
Tunkin
Marco Ubani
Ubani
Koji Uehara
Uehara
Luis Ulacia lvarez
Ulacia
lvarez
Yoandri Urgells Cobas
Urgells
Cobas
Ermidelio Urrutia Quiroga
Urrutia
Quiroga
Osmani Urrutia Ramrez
Urrutia
Ramrez
Andrew Utting
Utting
Richard Barrie Vagg
Barrie
Vagg
Gabriel Enrique Valarezo Camps
Enrique
Valarezo
Camps
Jorge Luis Valds Berriel
Luis
Valds
Berriel
Eugenio Vldez Cuevas
Vldez
Cuevas
Fulvio Valle
Valle
Lzaro Valle Martell
Valle
Martell
Dirk Gijsbertus van 't Klooster
Gijsbertus
van
Klooster
Rodney Van Buizen
Van
Buizen
Jersey Robin Jan van Doornspeek
Robin
Jan
van
Doornspeek
Michiel van Kampen
van
Kampen
Andreas Johannes Maria "Andr" van Maris
Johannes
Maria
"Andr"
van
Maris
Russell van Niekerk
van
Niekerk
James O. "Jimmy" Van Ostrand
"Jimmy"
Van
Ostrand
Lzaro Vargas lvarez
Vargas
lvarez
Jason Andrew Varitek
Andrew
Varitek
Enrico Vecchi
Vecchi
Anbal A. Vega Garca
Vega
Garca
Manuel Alberto Vega Tamayo
Alberto
Vega
Tamayo
Wilfredo Vlez Len
Vlez
Len
Cipriano Ventura
Ventura
Norge Luis Vera Peralta
Luis
Vera
Peralta
Jos Ramn Veras
Ramn
Veras
Ronald Thomas "Ron" Villone, Jr.
Thomas
"Ron"
Villone,
Jr.
Juan C. Vias
Vias
Peter Arnold Vogler
Arnold
Vogler
Kazuhiro Wada
Wada
Tsuyoshi Wada
Wada
Shigeki Wakabayashi
Wakabayashi
Hideaki Wakui
Wakui
William J. "B. J." Wallace
"B.
J."
Wallace
Pim Walsma
Walsma
Wang Chao
Chao
Wang ChienMing
ChienMing
Wang KuangShih
KuangShih
Wang Nan
Nan
Wang Wei
Wei
Ruben Byron Ward
Byron
Ward
Jeremy Jon Ware
Jon
Ware
Katsumi Watanabe
Watanabe
Shunsuke Watanabe
Watanabe
Casey McGhee Weathers
McGhee
Weathers
Jeffrey Charles "Jeff" Weaver
Charles
"Jeff"
Weaver
Nicholas E. "Nick" Weglarz
"Nick"
Weglarz
David White
White
Gary White
White
Ben Wigmore
Wigmore
Stephen Bradley "Brad" Wilkerson
Bradley
"Brad"
Wilkerson
Glenn David Williams
David
Williams
Jason Gerald Williams
Gerald
Williams
Jeffrey Francis "Jeff" Williams
Francis
"Jeff"
Williams
Todd Michael Williams
Michael
Williams
Craig Franklin Wilson
Franklin
Wilson
Christopher S. "Chris" Wimmer
"Chris"
Wimmer
Daniel "Danny" Wout
"Danny"
Wout
Wu ShihHsin
ShihHsin
Xu Zheng
Zheng
Akichika Yamada
Yamada
Yang ChienFu
ChienFu
Yang Yang
Yang
Akihiro Yano
Yano
Yeh ChunChang
ChunChang
Yoon SukMin
SukMin
Yuji Yoshimi
Yoshimi
Ernest Wesley "Ernie" Young
Wesley
"Ernie"
Young
Timothy R. "Tim" Young
"Tim"
Young
Fredy Zamora Garca
Zamora
Garca
Clinton Wayne "Clint" Zavaras
Wayne
"Clint"
Zavaras
Zhang Hongbo
Hongbo
Zhang Li
Zhang Yufeng
Yufeng
