Pirjo Hannele Aalto Mattila
Aalto
Ral Daniel Abella
Daniel
Abella
Daniel Abella 
Yevgeny Sergeyevich Abramenko
Sergeyevich
Abramenko
Sergeyevich Abramenko 
Jina AdamikovPelcov
Adamikov-Pelcov
ke Ronnie Adolfsson
Ronnie
Adolfsson
Ronnie Adolfsson 
Sune Roland Adolfsson
Roland
Adolfsson
Roland Adolfsson 
Sven Ingvar Agge
Ingvar
Agge
Ingvar Agge 
Charles Arthur "Charlie" Akers
Akers
Albina Khamitovna Akhatova
Khamitovna
Akhatova
Khamitovna Akhatova 
Martine Albert
Albert
Nadezhda Aleksieva
Aleksieva
Vladimir Aleksandrovich Alikin
Aleksandrovich
Alikin
Aleksandrovich Alikin 
Alexei Almoukov
Almoukov
Anatoly Nikolayevich Alyabyev
Nikolayevich
Alyabyev
Nikolayevich Alyabyev 
Lyudmila Arkadyevna Ananko
Arkadyevna
Ananko
Arkadyevna Ananko 
Nikolaos "Nikos" Anastasiadis
Anastasiadis
Birk Anders
Anders
Patrice Marie Anderson
Marie
Anderson
Marie Anderson 
Bo Leif Andersson
Leif
Andersson
Leif Andersson 
Per Gunnar Andersson Westberg
Andersson
Gunn Margit Aas Andreassen
Aas
Andreassen
Aas Andreassen 
Frode Andresen
Andresen
Frederick Andrew
Andrew
Krasimir Anev
Anev
Peter Angerer
Angerer
Erkki Lauri Johannes Antila
Johannes
Antila
Johannes Antila 
Timo Erkki Antila
Erkki
Antila
Erkki Antila 
Katrin Apel
Apel
Victor Arbez
Arbez
Elliot Archilla
Archilla
Luis Teodoro Argel Mancilla
Argel
Mancilla
Argel Mancilla 
Ren Arpin
Arpin
Skinnar LarsGran Arwidson
Lars-Gran
Arwidson
Lars-Gran Arwidson 
Skinnar Per Tobias Arwidson
Tobias
Arwidson
Tobias Arwidson 
Giovanni Maria Astegiano
Maria
Astegiano
Maria Astegiano 
SvenOlov Axelsson Gossas
Axelsson
Aleksey Petrovich Aydarov
Petrovich
Aydarov
Petrovich Aydarov 
Lowell Conrad Bailey
Conrad
Bailey
Conrad Bailey 
Sandrine Bailly
Bailly
Patrice BaillySalins
Bailly-Salins
Judd Charles Bankert
Charles
Bankert
Charles Bankert 
Nicolae Brbescu
Brbescu
Liutauras Barila
Barila
Vladimir Mikhaylovich Barnashov
Mikhaylovich
Barnashov
Mikhaylovich Barnashov 
Lanny L. Barnes
Barnes
L. Barnes 
Tracy Barnes
Barnes
Claudia Barrenechea Troncoso
Barrenechea
Troncoso
Barrenechea Troncoso 
Gnter Bartnik
Bartnik
Klemen Bauer
Bauer
Florence  Andre Isabelle BaverelRobert
Isabelle
Baverel-Robert
Isabelle Baverel-Robert 
Bayanjavyn Damdinjav
Damdinjav
Roger Bean
Bean
JeanGuillaume Batrix
Batrix
Sylvie Becaert
Becaert
MarcAndr Bdard
Bdard
Myriam Bdard
Bdard
Katja Beer Wstenfeld
Beer
Manfred Beer
Beer
Petra BehleSchaaf
Behle-Schaaf
Zsuzsanna Bekecs
Bekecs
Nancy Rebecca BellJohnstone
Rebecca
Bell-Johnstone
Rebecca Bell-Johnstone 
Yelena Pavlovna Belova Kalyanova
Belova
Sebastin Beltrame
Beltrame
Lyubov Borisovna Belyakova
Borisovna
Belyakova
Borisovna Belyakova 
Gheorghe Berdar
Berdar
Brigitta Bereczki
Bereczki
Kristin Inger Berg
Inger
Berg
Inger Berg 
Lars Berger
Berger
Tora Berger Tveldal
Berger
Carl Johan Lennart Bergman
Lennart
Bergman
Lennart Bergman 
Franz Bernreiter
Bernreiter
Willy Bertin
Bertin
Jnis Brzi
Brzi
Anas Bescond
Bescond
Ivan Ivanovych Biakov
Ivanovych
Biakov
Ivanovych Biakov 
Oleksandr Viktorovych Bilanenko
Viktorovych
Bilanenko
Viktorovych Bilanenko 
Nadiya Oleksandriwna Billova
Oleksandriwna
Billova
Oleksandriwna Billova 
Darin Perry Binning
Perry
Binning
Perry Binning 
Andreas "Andi" Birnbacher
Birnbacher
Bizyaagiin Dashgai
Dashgai
Britt Inger Bjrkbom
Inger
Bjrkbom
Inger Bjrkbom 
Dag Bjrndalen
Bjrndalen
Ole Einar Bjrndalen
Einar
Bjrndalen
Einar Bjrndalen 
Silvana Blagoeva
Blagoeva
Ioan Marian Blaj
Marian
Blaj
Marian Blaj 
Xavier Blond
Blond
Yves Blondeau
Blondeau
Claudio Bckli
Bckli
Grzegorz Bodziana
Bodziana
Alexis Boeuf
Boeuf
Anna Ivanovna BogalyTitovets
Ivanovna
Bogaly-Titovets
Ivanovna Bogaly-Titovets 
Martin Bogdanov
Bogdanov
Aivars Bogdanovs
Bogdanovs
Daniel Bhm
Bhm
Marine Bolliet
Bolliet
Sergio Bonaldi
Bonaldi
Nils Gran Jakob Brjesson
Jakob
Brjesson
Jakob Brjesson 
Dimitri Borovik
Borovik
Stphane Bouthiaux
Bouthiaux
William Jay Bowerman, Jr.
Bowerman,
Jr.
Bowerman, Jr. 
James F. Boyde
Boyde
F. Boyde 
Vasil Bozhilov
Bozhilov
Anna Bozsik
Bozsik
Johannes Thingnes B
Thingnes
Thingnes B 
Tarjei B
Per Erik Brandt
Erik
Brandt
Erik Brandt 
Tadeja Brankovi Likozar
Brankovi
Nikolay Viktorovich Braychenko
Viktorovich
Braychenko
Viktorovich Braychenko 
Urs Brechbhl
Brechbhl
Anne BriandBouthiaux
Briand-Bouthiaux
Andela Brice Mosina
Brice
Ilmrs Bricis
Bricis
Eva Kristina Birgitta Brounus
Birgitta
Brounus
Birgitta Brounus 
Marie Laure Louise Graldine Brunet
Graldine
Brunet
Graldine Brunet 
Ion Bucsa
Bucsa
Sergey Ivanovich Bulygin
Ivanovich
Bulygin
Ivanovich Bulygin 
Anna Alekseyevna Bulygina Frolina
Bulygina
Nataliya Leonidivna Burdyga
Leonidivna
Burdyga
Leonidivna Burdyga 
Marjan Burgar
Burgar
Timothy John "Tim" Burke
Burke
Roland Burn
Burn
John Ray Burritt
Ray
Burritt
Ray Burritt 
Irne Cadurisch
Cadurisch
Alexandra Camencic
Camencic
Daniel Alan "Dan" Campbell
Campbell
Ferrol Cannard
Cannard
Constantin Carabela
Carabela
Hernn Agustn Carazo Bermdez
Carazo
Bermdez
Carazo Bermdez 
William Kellogg "Bill" Carow
Carow
Angelo Carrara
Carrara
Erica Carrara
Carrara
Pieralberto Carrara
Carrara
CorinaMihaela Crstoi
Crstoi
Ren Cattarinussi
Cattarinussi
Ieva CedertrmaVolfa
Cedertrma-Volfa
Helena ernohorsk
ernohorsk
JeanMarc Chabloz
Chabloz
Jonathan Knowlton "Jon" Chaffee
Chaffee
Paul Chassagne
Chassagne
Vladimir Vitalyevich Chepelin
Vitalyevich
Chepelin
Vitalyevich Chepelin 
Sergey Vladimirovich Chepikov
Vladimirovich
Chepikov
Vladimirovich Chepikov 
Ivan Yuryevich Cherezov
Yuryevich
Cherezov
Yuryevich Cherezov 
Aleksandr Ivanovich Chervyakov
Ivanovich
Chervyakov
Ivanovich Chervyakov 
Anas Chevalier
Chevalier
Frantiek Chldek
Chldek
Martina Chrapnov
Chrapnov
Maksim Aleksandrovich Chudov
Aleksandrovich
Chudov
Aleksandrovich Chudov 
Gheorghe Cimpoia
Cimpoia
Valentina Ciurina
Ciurina
Emmanuelle Claret
Claret
Vronique Claudel
Claudel
Daniel Claudon
Claudon
ric Claudon
Claudon
Robin Clegg
Clegg
Thomas Malcolm "Tom" Clemens
Clemens
Pierantonio Clementi
Clementi
Beth Jan Coats
Jan
Coats
Jan Coats 
Mattia Cola
Cola
Michelle Collard
Collard
Annelies Cook
Cook
Miro osi
osi
Zoran osi
osi
Rosanna Lee Crawford
Lee
Crawford
Lee Crawford 
Nicolae Cristoloveanu
Cristoloveanu
Russell Currier
Currier
Agnieszka Cyl Grzybek
Cyl
Steven "Steve" Cyr
Cyr
Kathalin Czifra
Czifra
Devis Da Canal
Canal
Da Canal 
Ekaterina Stefanova Dafovska Prodanova
Dafovska
Helne Christina Louise Dahlberg Fryklund
Dahlberg
Laura Dahlmeier
Dahlmeier
Lawrence Snow "Larry" Damon
Damon
Iwona Daniluk
Daniluk
Christian Danuser
Danuser
Adriano Darioli
Darioli
Peter George Dascoulias
George
Dascoulias
George Dascoulias 
Carl Davies
Davies
Christian De Lorenzi
Lorenzi
De Lorenzi 
Vincent Franois Marie Defrasne
Marie
Defrasne
Marie Defrasne 
Hiroyuki Deguchi
Deguchi
Gnther Dengg
Dengg
John Robin Dent
Robin
Dent
Robin Dent 
V'iacheslav Vasylovych Derkach
Vasylovych
Derkach
Vasylovych Derkach 
Andriy Vasylovych Deryzemlia
Vasylovych
Deryzemlia
Vasylovych Deryzemlia 
Simon Desthieux
Desthieux
Oscar di Lovera
Lovera
di Lovera 
Bernadett Dira
Dira
Ursula "Uschi" Disl
Disl
Michael "Mike" Dixon
Dixon
Siegfried Dockner
Dockner
Sean Doherty
Doherty
Peter Dokl
Dokl
Marko Dolenc
Dolenc
Toras Dolniy
Dolniy
Anna Sofia Domeij
Sofia
Domeij
Sofia Domeij 
Darya Vladimirovna Domracheva
Vladimirovna
Domracheva
Vladimirovna Domracheva 
Dennis Anthony Donahue
Anthony
Donahue
Anthony Donahue 
Marie DorinHabert
Dorin-Habert
Aleksandr Sergeyevich Dorozhko
Sergeyevich
Dorozhko
Sergeyevich Dorozhko 
Roman Dostl
Dostl
Robert Duncan Douglas
Duncan
Douglas
Duncan Douglas 
Vladimir Petrovich Drachov
Petrovich
Drachov
Petrovich Drachov 
Hannah Dreissigacker
Dreissigacker
Anastasiya Viktorovna Dubarezova
Viktorovna
Dubarezova
Viktorovna Dubarezova 
Yelena Dubok
Dubok
Margarita Dulova
Dulova
Kaspars Dumbris
Dumbris
Christian Dumont
Dumont
Susan Krista Dunklee
Krista
Dunklee
Krista Dunklee 
Guy Duraffourg
Duraffourg
Thierry Dusserre
Dusserre
Valentyn Dzhima
Dzhima
Yuliya Valentynivna Dzhyma
Valentynivna
Dzhyma
Valentynivna Dzhyma 
Glen Richard Eberle
Richard
Eberle
Richard Eberle 
Daisuke Ebisawa
Ebisawa
Stian Kampenhaug Eckhoff
Kampenhaug
Eckhoff
Kampenhaug Eckhoff 
Tiril Kampenhaug Eckhoff
Kampenhaug
Eckhoff
Kampenhaug Eckhoff 
George E. Ede
Ede
E. Ede 
Alfred Eder
Eder
Simon Eder
Eder
John Robert Ehrensbeck
Robert
Ehrensbeck
Robert Ehrensbeck 
Liv Kjersti Eikeland
Kjersti
Eikeland
Kjersti Eikeland 
Geir Einang
Einang
Karl David Ekholm
David
Ekholm
David Ekholm 
Catarina Eklund Gustafsson
Eklund
Christina Eklund Olsson
Eklund
Harri Henrik Eloranta
Henrik
Eloranta
Henrik Eloranta 
Anne Elisabeth Elvebakk Linn
Elvebakk
Marius Vasile Ene
Vasile
Ene
Vasile Ene 
Jon Boie Engen
Boie
Engen
Boie Engen 
Svein Engen
Engen
Andrew Brodie Erickson
Brodie
Erickson
Brodie Erickson 
Erik Jonas Eriksson
Jonas
Eriksson
Jonas Eriksson 
Orr Sten Evert Eriksson
Evert
Eriksson
Evert Eriksson 
Tore LarsErik Eriksson
Lars-Erik
Eriksson
Lars-Erik Eriksson 
Kalev Ermits
Ermits
Paul Ernst
Ernst
Barbara Ertl
Ertl
Hans Estner
Estner
Sven Yngve Fahln
Yngve
Fahln
Yngve Fahln 
Stanislav Fajstavr
Fajstavr
Jakov Fak
Fak
Marius Falquy
Falquy
Lenka Faltusov
Faltusov
Hansjrg Farbmacher
Farbmacher
Klaus Farbmacher
Farbmacher
Lszl Farkas
Farkas
Patrick Favre
Favre
Gisle Oddvar Fenne
Oddvar
Fenne
Oddvar Fenne 
Reka Ferencz
Ferencz
Graeme Ferguson
Ferguson
Cecilio Fernndez Grado
Fernndez
Grado
Fernndez Grado 
Juan Fernndez
Fernndez
Bjrn Lars Johannes Erik Ferry
Erik
Ferry
Erik Ferry 
Antonin "Tony" Fiala
Fiala
Paulna Fialkov
Fialkov
Roberta Fiandino
Fiandino
Andrzej Wojciech Fiedor
Wojciech
Fiedor
Wojciech Fiedor 
Vctor H. Figueroa
Figueroa
H. Figueroa 
Lyubov Aleksandrovna Filimonova
Aleksandrovna
Filimonova
Aleksandrovna Filimonova 
Zbigniew Wojciech Filip
Wojciech
Filip
Wojciech Filip 
Pavlina Ivanova Filipova
Ivanova
Filipova
Ivanova Filipova 
Friedrich "Fritz" Fischer
Fischer
Sven Fischer
Fischer
Herv Flandin
Flandin
Ann Kristin Aafedt Flatland
Aafedt
Flatland
Aafedt Flatland 
Heikki Juhani Fljt
Juhani
Fljt
Juhani Fljt 
Carl Henrik Fljt
Henrik
Fljt
Henrik Fljt 
Victor Fontana
Fontana
Francisc Forika
Forika
Hans Henrik Forsberg
Henrik
Forsberg
Henrik Forsberg 
Hildegunn Fossen Mikkelsplass
Fossen
Martin Fourcade
Fourcade
Simon Fourcade
Fourcade
Emma Jane E. Fowler
Fowler
E. Fowler 
Thomas Frei
Frei
Herbert Fritzenwenger
Fritzenwenger
Grete Gaim
Gaim
arko Galjani
Galjani
Petr Garabk
Garabk
Yevgeny Aleksandrovich Garanichev
Aleksandrovich
Garanichev
Aleksandrovich Garanichev 
Daniela Grbacea
Grbacea
Manuel Garca Valinas
Garca
Valinas
Garca Valinas 
Gheorghe Grni
Grni
Jzef Gsienica Sobczak
Gsienica
Sobczak
Gsienica Sobczak 
Aita Gasparin
Gasparin
Elisa Gasparin
Gasparin
Selina Gasparin
Gasparin
Tibor Gczi
Gczi
Mark Gee
Gee
Gerhard Gehring
Gehring
Claus Gehrke
Gehrke
Andr Geourjon
Geourjon
Thierry Paul Louis Gerbier
Louis
Gerbier
Louis Gerbier 
Jana "Janka" Gerekov
Gerekov
Peter Gerig
Gerig
Manfred Geyer
Geyer
Vilmo Gheorghe
Gheorghe
Vasily Gherghy
Gherghy
JeanPaul Giachino
Giachino
Paul J. Gibbins
Gibbins
J. Gibbins 
Alejandro Gir
Gir
Gustavo A. Gir
Gir
A. Gir 
Mara Edelia Giro
Edelia
Giro
Edelia Giro 
Egil Gjelland
Gjelland
Martina GlagowBeck
Glagow-Beck
Lucy Glanville
Glanville
Lga Glzere
Glzere
Yekaterina Ivanovna Glazyrina
Ivanovna
Glazyrina
Ivanovna Glazyrina 
Sylfest Glimsdal
Glimsdal
Toma Globonik
Globonik
Yelena Vladimirovna Golovina
Vladimirovna
Golovina
Vladimirovna Golovina 
Kroly Gombos
Gombos
Nicole Gontier
Gontier
Elena Gorohova
Gorohova
Zsfia Gottschall
Gottschall
Aleksandar "Sao" Grajf
Grajf
Andreja Grai Koblar
Grai
Ludwig Gredler
Gredler
Brendan Green
Green
Teja Gregorin
Gregorin
Simone GreinerPetterMemm
Greiner-Petter-Memm
Michael Greis
Greis
Mihail Gribuencov
Gribuencov
Christelle Gros
Gros
Ricco Gro
Gro
Dijana GrudiekRavnikar
Grudiek-Ravnikar
Aim GruetMasson
Gruet-Masson
Mladen Gruji
Gruji
Magdalena Grzywa
Grzywa
Alejandro Guerra
Guerra
Joan Elizabeth Guetschow
Elizabeth
Guetschow
Elizabeth Guetschow 
Spas Gulev
Gulev
Vladimir Ilyich Gundartsev
Ilyich
Gundartsev
Ilyich Gundartsev 
Lyudmila Guryeva
Guryeva
Nataliya Vladimirovna Guseva Sorokina
Guseva
John Olov Gttke
Olov
Gttke
Olov Gttke 
Grzegorz Guzik
Guzik
Magdalena Gwizdo
Gwizdo
Martin Olaf Hagen
Olaf
Hagen
Olaf Hagen 
Arnot Hjek
Hjek
Zdenk Hk
Jay William Hakkinen
William
Hakkinen
William Hakkinen 
Eva Hkov Bureov
Hkov
Veikko Johannes Hakulinen
Johannes
Hakulinen
Johannes Hakulinen 
Simon Hallenbarter
Hallenbarter
Katja Haller
Haller
Marcus Halliday
Halliday
Gillian Ruth Hamilton
Ruth
Hamilton
Ruth Hamilton 
Han Jinsuo
Jinsuo
Han MyungHee
Myung-Hee
Halvard Hanevold
Hanevold
Sirli Hanni
Hanni
Tom Hansen
Hansen
Gustav Einar Hanson
Einar
Hanson
Einar Hanson 
Terje Ludvik Hanssen
Ludvik
Hanssen
Ludvik Hanssen 
Tom Hasilla
Hasilla
Lisa Theresa Hauser
Theresa
Hauser
Theresa Hauser 
Simone HyeSoon Hauswald Denkinger
Hauswald
Daniel Hediger
Hediger
Megan Elizabeth HeinickeTandy
Elizabeth
Heinicke-Tandy
Elizabeth Heinicke-Tandy 
Andrea Henkel Burke
Henkel
Henry Arne Hermansen
Arne
Hermansen
Arne Hermansen 
Anna Maria Hermansson
Maria
Hermansson
Maria Hermansson 
Luis Alberto Hernando Alzaga
Hernando
Alzaga
Hernando Alzaga 
Andreas Heymann
Heymann
Carsten Heymann
Heymann
Delphyne HeymannBurlet
Heymann-Burlet
Vesa Tapio Hietalahti
Tapio
Hietalahti
Tapio Hietalahti 
Franziska Hildebrand
Hildebrand
Herbert Hindelang
Hindelang
Kurt Hinze
Hinze
Malcolm Hirst
Hirst
Peter Kemp Hoag, Jr.
Hoag,
Jr.
Hoag, Jr. 
Stefan Hck
Hck
Lukas Hofer
Hofer
Bruno Hofsttter
Hofsttter
Elisabeth Birgitta Hgberg
Birgitta
Hgberg
Birgitta Hgberg 
Tommy Michael Hglund
Michael
Hglund
Michael Hglund 
Monika Hojnisz
Hojnisz
Katja Minna Marita Holanti
Marita
Holanti
Marita Holanti 
Beatrix Holczy
Holczy
Ji Holubec
Holubec
Tom Holubec
Holubec
Yoshiko HondaMikami
Honda-Mikami
Josef Hones
Hones
Hong ByungSik
Byung-Sik
Steffen Hoos
Hoos
Walter Hrl
Hrl
Fanny WelleStrand Horn Birkeland
Horn
Rudolf "Rudi" Horn
Horn
Hou Yuxia
Yuxia
Kre Hovda
Hovda
Kjell Hovda
Hovda
Patrick Howdle
Howdle
Pavol Hurajt
Hurajt
Jn Hska
Hska
Hwang ByungDae
Byung-Dae
Ileana IanoiuHangan
Ianoiu-Hangan
se Idland
Idland
Heikki Johannes Ikola
Johannes
Ikola
Johannes Ikola 
Vladimir Iliev
Iliev
Megan Imrie
Imrie
Katharina Innerhofer
Innerhofer
Hidenori Isa
Isa
Jane Lisa Isakson
Lisa
Isakson
Lisa Isakson 
Vernica Isbej Morales
Isbej
Morales
Isbej Morales 
Svetlana Irekovna Ishmuratova
Irekovna
Ishmuratova
Irekovna Ishmuratova 
Jon Istad
Istad
Sverre Geir Istad
Geir
Istad
Geir Istad 
Valery Ivanov
Ivanov
Yekaterina Gennadyevna Ivanova Vinogradova
Ivanova
Arto Juhani Jskelinen
Juhani
Jskelinen
Juhani Jskelinen 
Lee Steven Jackson
Steven
Jackson
Steven Jackson 
Matthias Jacob
Jacob
HansGert Jahn
Jahn
Franjo Jakovac
Jakovac
Admir Jamak
Jamak
Jang DongLin
Dong-Lin
David S. "Dave" Jareckie
Jareckie
Martina JaicovSchwarzbacherovHalinrov
Jaicov-Schwarzbacherov-Halinrov
Gintaras Jasinskas
Jasinskas
Monica Jauca
Jauca
Vincent Nicolas Jay
Nicolas
Jay
Nicolas Jay 
Jeon JaeWon
Jae-Won
Glenn Rea Jobe, Jr.
Jobe,
Jr.
Jobe, Jr. 
Arnt Sigleif Johansen
Sigleif
Johansen
Sigleif Johansen 
Ulf Lennart Johansson
Lennart
Johansson
Lennart Johansson 
Haley Johnson
Johnson
Ivan Joller
Joller
Hanna Helena Jonsson Ekholm
Jonsson
Kjell Magnus Jonsson
Magnus
Jonsson
Magnus Jonsson 
Joo YoungDai
Young-Dai
Lino Jordan
Jordan
Olav Jordet
Jordet
Joung YoungSuk
Young-Suk
Mathias Jung
Jung
Willy Junod
Junod
Vtzslav Jureek
Jureek
Darja Jurlova
Jurlova
anna Jukne
Jukne
Nina KadevaKlenovska
Kadeva-Klenovska
Martten Kaldvee
Kaldvee
Urmas Kaldvee
Kaldvee
Lyudmila Georgiyevna Kalinchik
Georgiyevna
Kalinchik
Georgiyevna Kalinchik 
ubomra Kalinov
Kalinov
James "Jamie" Kallio
Kallio
Alois Kanamller
Kanamller
Iva KaragiozovaShkodreva
Karagiozova-Shkodreva
Tanja Kariik
Kariik
Peter Van Karns
Van
Karns
Van Karns 
Kenneth "Ken" Karpoff
Karpoff
Esko K. Karu
Karu
K. Karu 
Georgi Kasabov
Kasabov
Tatsumi Kasahara
Kasahara
Yury Fyodorovich Kashkarov
Fyodorovich
Kashkarov
Fyodorovich Kashkarov 
Kari Sakari Kataja
Sakari
Kataja
Sakari Kataja 
Tomas Kauknas
Kauknas
Jarkko Kauppinen
Kauppinen
Atsushi Kazama
Kazama
Matej Kazr
Kazr
Josef Keck
Keck
Nicole "Nikki" Keddie
Keddie
Sandra Keith
Keith
Miroslav Kenanov
Kenanov
Dias Yerikulovich Keneshev
Yerikulovich
Keneshev
Yerikulovich Keneshev 
Inga Kesper Schneider
Kesper
Outi Petra Maria Kettunen
Maria
Kettunen
Maria Kettunen 
Igor Viktorovich Khokhryakov
Viktorovich
Khokhryakov
Viktorovich Khokhryakov 
Stavros Khristoforidis
Khristoforidis
Yelena Vladimirovna Khrustalyova
Vladimirovna
Khrustalyova
Vladimirovna Khrustalyova 
Oksana Yurivna Khvostenko
Yurivna
Khvostenko
Yurivna Khvostenko 
Werner Kiem
Kiem
Zofia Kiepiska Topr, Huciaska
Tsusumisa Kikuchi
Kikuchi
Kim JaYoun
Ja-Youn
Kim WoonKi
Woon-Ki
Kim YongWoon
Yong-Woon
Trevor King
King
Arvo Ilkka Kinnari
Ilkka
Kinnari
Ilkka Kinnari 
Masaichi Kinoshita
Kinoshita
Shoichi Kinoshita
Kinoshita
Herbert Kirchner
Kirchner
Mark Kirchner
Kirchner
Valery Viktorovich Kiriyenko
Viktorovich
Kiriyenko
Viktorovich Kiriyenko 
Mikhail Klecherov
Klecherov
Aleksander Klima
Klima
Helmut Klpsch
Klpsch
Heinz Kluge
Kluge
Hansjrg Knauthe
Knauthe
Iveta Knkov
Knkov
Hanspeter Knobel
Knobel
Miki Kobayashi
Kobayashi
Aleksey Aleksandrovich Kobelev
Aleksandrovich
Kobelev
Aleksandrovich Kobelev 
Zina Kocher
Kocher
Misao Kodate
Kodate
Kauri Kiv
Kiv
Irina Kokuyeva
Kokuyeva
Josef Koll
Koll
Kong Yingchao
Yingchao
Sarah Konrad
Konrad
Oleksiy Vitaliyovych Korobeinikov
Vitaliyovych
Korobeinikov
Vitaliyovych Korobeinikov 
Tom Kos
Kos
Horst Koschka
Koschka
Pavel Kotraba
Kotraba
Khristo Kovachki
Kovachki
Zsolt Kovcs
Kovcs
Wojciech Kozub
Kozub
Dariusz Mirosaw Kozowski
Mirosaw
Kozowski
Mirosaw Kozowski 
Xaver Kraus
Kraus
Daniel Krm
Krm
Michal Krm
Krm
Luk Kreji
Kreji
Elin Synnve Kristiansen
Synnve
Kristiansen
Synnve Kristiansen 
Gro Marit Istad Kristiansen
Istad
Kristiansen
Istad Kristiansen 
Antonn K
Terje Krokstad
Krokstad
Nikolay Nikolayevich Kruglov
Nikolayevich
Kruglov
Nikolayevich Kruglov 
Nikolay Konstantinovich Kruglov
Konstantinovich
Kruglov
Konstantinovich Kruglov 
Gerda Krmia
Krmia
Tom Krupk
Krupk
Mykola Krupnyk
Krupnyk
Olga Sergeyevna Kudryashova
Sergeyevna
Kudryashova
Sergeyevna Kudryashova 
Galina Alekseyevna Kukleva
Alekseyevna
Kukleva
Alekseyevna Kukleva 
Jana Kulhav Vapenikov
Kulhav
Keijo Ilmari Kuntola
Ilmari
Kuntola
Ilmari Kuntola 
John Fredrik Kuoppa
Fredrik
Kuoppa
Fredrik Kuoppa 
Tatiana Kutlkov
Kutlkov
Yevgeniya Vladimirovna Kutsepalova
Vladimirovna
Kutsepalova
Vladimirovna Kutsepalova 
Anastasia Vladimirovna Kuzmina Shipulina
Kuzmina
Eirik Kvalfoss
Kvalfoss
Antero Jouko Lhde
Jouko
Lhde
Jouko Lhde 
Peter Juhani Lahdenpera
Juhani
Lahdenpera
Juhani Lahdenpera 
Eero Johannes Laine
Johannes
Laine
Johannes Laine 
Mari Johanna Lampinen
Johanna
Lampinen
Johanna Lampinen 
Dominik Landertinger
Landertinger
Jitka Landov
Landov
Mark Langin
Langin
Andrej Laniek
Laniek
Matske Lantz
Lantz
Lucija Larisi
Larisi
Erkki Juhani Latvala
Juhani
Latvala
Juhani Latvala 
Mari Laukkanen
Laukkanen
Lionel Laurent
Laurent
JeanPhilippe Le Guellec
Guellec
Le Guellec 
Anna Petrovna Lebedeva
Petrovna
Lebedeva
Petrovna Lebedeva 
Marina Petrovna Lebedeva
Petrovna
Lebedeva
Petrovna Lebedeva 
Lee InBok
In-Bok
Serge Legrand
Legrand
Kadri Lehtla
Lehtla
Hubert Leitgeb
Leitgeb
Egon Leitner
Leitner
Botjan Lekan
Lekan
Nina Petrivna Lemesh
Petrivna
Lemesh
Petrivna Lemesh 
Anton LengauerStockner
Lengauer-Stockner
Davide Gustavo C. "David" Leoni
Leoni
Rafa Lepel
Lepel
Krista Lepik
Lepik
Erik Lesser
Lesser
Roland Lessing
Lessing
Klas Ivar Vilhelm Lestander
Vilhelm
Lestander
Vilhelm Lestander 
Imre Lestyan
Lestyan
Natalia Levcencova
Levcencova
Li Xiaoming
Xiaoming
Krystyna Liberda Stawarska
Liberda
Kristaps Lbietis
Lbietis
Madara Lduma
Lduma
Amanda Mary Lightfoot
Mary
Lightfoot
Mary Lightfoot 
Jzsef Lihi
Lihi
Fredrik Wilhelm Lindstrm
Wilhelm
Lindstrm
Wilhelm Lindstrm 
Odd Lirhus
Lirhus
Liu Giulan
Giulan
Liu Hongwang
Hongwang
Liu Jinfeng
Jinfeng
Liu Xianying
Xianying
Victor Lobo Escolar
Lobo
Escolar
Lobo Escolar 
Erik Mikael Lfgren
Mikael
Lfgren
Mikael Lfgren 
Aleksandr Viktorovich Loginov
Viktorovich
Loginov
Viktorovich Loginov 
Long Yunzhou
Yunzhou
Paolo Longo
Longo
Tomislav Lopati
Lopati
Kateina LosmanovHolubcov
Losmanov-Holubcov
Fabiana Lovece
Lovece
Natalia Carolina Lovece
Carolina
Lovece
Carolina Lovece 
Frode Lberg
Lberg
Roberto Cesar Lucero
Cesar
Lucero
Cesar Lucero 
Frank Luck
Luck
Tage Leif Lundin
Leif
Lundin
Leif Lundin 
Mauno Luukkonen
Luukkonen
Stanisaw ukaszczyk
ukaszczyk
Yury Grigoryevich Lyadov
Grigoryevich
Lyadov
Grigoryevich Lyadov 
Lyudmila Vasilyevna Lysenko Arluskaya
Lysenko
Ruslan Yuryovych Lysenko
Yuryovych
Lysenko
Yuryovych Lysenko 
Albert Mchler
Mchler
ubomr Machyniak
Machyniak
Charles Gordon MacIvor
Gordon
MacIvor
Gordon MacIvor 
Khristo Madzharov
Madzharov
Kaisa Leena Mkrinen
Leena
Mkrinen
Leena Mkrinen 
Toivo Johannes Mkikyr
Johannes
Mkikyr
Johannes Mkikyr 
Ivan Maksymov
Maksymov
Andreja Mali
Mali
Josef Malnsk
Malnsk
Oegs Mauhins
Mauhins
Dmitry Vladimirovich Malyshko
Vladimirovich
Malyshko
Vladimirovich Malyshko 
Viktor Fyodorovich Mamatov
Fyodorovich
Mamatov
Fyodorovich Mamatov 
John Anders Erik Mannelqvist
Erik
Mannelqvist
Erik Mannelqvist 
Mariya Momcheva Manolova
Momcheva
Manolova
Momcheva Manolova 
Giovanni Roberto Marchesi
Roberto
Marchesi
Roberto Marchesi 
Gilles Marguet
Marguet
Janez Mari
Mari
Terhi Suvi Hannele Markkanen Hyrinen
Markkanen
Esko Oiva Marttinen
Oiva
Marttinen
Oiva Marttinen 
Ivan Masak
Masak
Marek Matiako
Matiako
Miroslav Matiako
Matiako
Jan Matou
Matou
Gbor Mayer
Mayer
Viktor Viktorovich Maygurov
Viktorovich
Maygurov
Viktorovich Maygurov 
Knowles Edgar McGill
Edgar
McGill
Edgar McGill 
Anthony "Tony" McLeod
McLeod
Valery Alekseyevich Medvedtsev
Alekseyevich
Medvedtsev
Alekseyevich Medvedtsev 
Hironao Meguro
Meguro
Kanae Meguro Suzuki
Meguro
Heinrich Mehringer
Mehringer
Beat Meier
Meier
Martti Henrikki Meinil
Henrikki
Meinil
Henrikki Meinil 
Joachim Meischner
Meischner
Vladimir Mikhaylovich Melanin
Mikhaylovich
Melanin
Mikhaylovich Melanin 
Olga Ivanovna Melnik
Ivanovna
Melnik
Ivanovna Melnik 
Yelena Vladimirovna Melnikova Chepikova
Melnikova
Lise Marie Meloche McMahon
Meloche
Aleksandr Menshikov
Menshikov
KarlHeinz Menz
Menz
Gilbert Mercier
Mercier
Ren Mercier
Mercier
Theobald "Theo" Josef Merkel
Josef
Merkel
Josef Merkel 
Iryna MerkushinaKorchakina
Merkushina-Korchakina
Daniel Mesotitsch
Mesotitsch
Celestino Midali
Midali
Olaf Mihelson
Mihelson
Soa Mihokov
Mihokov
Helena Mikoajczyk
Mikoajczyk
Aleksandar Milenkovi
Milenkovi
Antje MiserskyHarvey
Misersky-Harvey
Yuri Ivanov Mitev
Ivanov
Mitev
Ivanov Mitev 
Richard Norman "Dick" Mize
Mize
Yukio Mochizuki
Mochizuki
Vitaliy Mohilenko
Mohilenko
Matejka Mohori
Mohori
John Arthur George Moore
George
Moore
George Moore 
Ondej Moravec
Moravec
Nataliya Vladimirovna Moroz Murshchakina
Moroz
Dexter Terrance "Terry" Morse
Morse
Cameron Morton
Morton
John Michael Morton
Michael
Morton
Michael Morton 
Francis Mougel
Mougel
Yvon Mougel
Mougel
Jaqueline Mouro
Mouro
Walter Mller
Mller
Mun JiHui
Ji-Hui
Yoshinobu Murase
Murase
Anna Murnov
Murnov
Sarah Jane Spidy Murphy
Spidy
Murphy
Spidy Murphy 
Pavel Ilyich Muslimov
Ilyich
Muslimov
Ilyich Muslimov 
Andrea Sutton Nahrgang Imbsen
Nahrgang
Yuki Nakajima
Nakajima
Tadashi Nakamura
Nakamura
Jkabs Nkums
Nkums
Sergey Konstantinovich Naumik
Konstantinovich
Naumik
Konstantinovich Naumik 
Olga Viktorovna Nazarova
Viktorovna
Nazarova
Viktorovna Nazarova 
Lyle Barber Nelson
Barber
Nelson
Barber Nelson 
Magdalena Neuner Holzer
Neuner
Reinhard Neuner
Neuner
Horst Nickel
Nickel
Daniel "Dani" Niederberger
Niederberger
Josef Niedermeier
Niedermeier
Donald Morgan "Don" Nielsen, Jr.
Nielsen,
Jr.
Nielsen, Jr. 
Jaakko Tapio Niemi
Tapio
Niemi
Tapio Niemi 
Irina Kostadinova Nikulchina
Kostadinova
Nikulchina
Kostadinova Nikulchina 
AnnaMaria Viktoria Nilsson
Viktoria
Nilsson
Viktoria Nilsson 
Lars Johan Mattias Nilsson, Jr.
Nilsson,
Jr.
Nilsson, Jr. 
Yoshio Ninomine
Ninomine
Corinne Mireille Dominique Niogret
Dominique
Niogret
Dominique Niogret 
Leif Nordgren
Nordgren
Ivar Olaus Nordkild
Olaus
Nordkild
Olaus Nordkild 
Deborah Nordyke
Nordyke
Luiza Nikolayevna Noskova Cherepanova
Noskova
Petra Noskov
Noskov
Alan Graham Notley
Graham
Notley
Graham Notley 
Sergey Valentinovich Novikov
Valentinovich
Novikov
Valentinovich Novikov 
Irena Novotnesnekov
Novotn-esnekov
Halina Jolanta NowakGuka
Jolanta
Nowak-Guka
Jolanta Nowak-Guka 
Weronika Nowakowska Ziemniak
Nowakowska
Magdalena Nykiel
Nykiel
Grete Ingeborg Nykkelmo Ulvang
Nykkelmo
Anita Birgitta Nyman
Birgitta
Nyman
Birgitta Nyman 
Karin Oberhofer
Oberhofer
Bo Sture Roland Ohlin
Roland
Ohlin
Roland Ohlin 
Kristjan Oja
Oja
Kalju Ojaste
Ojaste
Shozo Okuyama
Okuyama
Istvn Olh Nelu
Olh
Nelu
Olh Nelu 
Keith Anthony Oliver
Anthony
Oliver
Anthony Oliver 
AnnaCarin Helena Cecilia OlofssonZidek
Cecilia
Olofsson-Zidek
Cecilia Olofsson-Zidek 
Glenn Mikael Olsson
Mikael
Olsson
Mikael Olsson 
Holmfrid Olsson
Olsson
Isao Ono
Ono
Alexander Os
Ricardo Anibal Oscare
Anibal
Oscare
Anibal Oscare 
Mary Ann Ostergren Hollensteiner
Ostergren
Tomomi Otaka
Otaka
Martin Oten
Oten
Janez Obolt
Obolt
Victoria Padial Hernndez
Padial
Hernndez
Padial Hernndez 
Sandra Paintin Paul
Paintin
Lszl Palcsik
Palcsik
Siegrid Pallhuber
Pallhuber
Wilfried Pallhuber
Pallhuber
Mariya Oleksandrivna Panfilova Sadilova
Panfilova
Anton Dmitriyevich Pantov
Dmitriyevich
Pantov
Dmitriyevich Pantov 
Dmitry Anatolyevich Pantov
Anatolyevich
Pantov
Anatolyevich Pantov 
Jnos Panyik
Panyik
Andr Jean Paquet
Jean
Paquet
Jean Paquet 
Svetlana Vyacheslavovna Paramygina
Vyacheslavovna
Paramygina
Vyacheslavovna Paramygina 
MariePierre Parent
Parent
Park YunBae
Yun-Bae
Johann Passler
Passler
Andrew Paul
Paul
Marcela Pavkovekov
Pavkovekov
Zdenk Pavlek
Pavlek
Krystyna Stanisawa Paka Guzik
Paka
Svetlana Vladimirovna Pechorskaya Davydova
Pechorskaya
Arnd Peiffer
Peiffer
OlliPekka Peltola
Peltola
Christa Perathoner
Perathoner
Delphyne Peretto
Peretto
Nataliya Lvovna Permyakova
Lvovna
Permyakova
Lvovna Permyakova 
Wolfgang Perner
Perner
Scott Perras
Perras
Franck Perrot
Perrot
SannaLeena Perunka
Perunka
Eveli Peterson
Peterson
Michelle Kerryn PethybridgeRim
Kerryn
Pethybridge-Rim
Kerryn Pethybridge-Rim 
Olena Yurivna Petrova
Yurivna
Petrova
Yurivna Petrova 
Milanko Petrovi
Petrovi
Olov Algot "Olle" Petrusson
Petrusson
Valentina Peychinova
Peychinova
Martin Pfurtscheller
Pfurtscheller
Walter Georg Pichler
Georg
Pichler
Georg Pichler 
Olena Mykhailivna Pidhrushna
Mykhailivna
Pidhrushna
Mykhailivna Pidhrushna 
Dmytro Volodymyrovych Pidruchniy
Volodymyrovych
Pidruchniy
Volodymyrovych Pidruchniy 
Micha Piecha
Piecha
Ville Juha Tapio Piipponen
Tapio
Piipponen
Tapio Piipponen 
Edgars Piksons
Piksons
Friedrich "Fritz" Pinter
Pinter
Victor Pnzaru
Pnzaru
Nadezhda Mikhaylovna Pisareva
Mikhaylovna
Pisareva
Mikhaylovna Pisareva 
Halina Pito Kozub
Pito
Charles Plamondon
Plamondon
Pavel Ploc
Ploc
Dana Elena PlotogeaCojocea
Elena
Plotogea-Cojocea
Elena Plotogea-Cojocea 
Krzysztof Pywaczyk
Pywaczyk
Olga Vladimirovna Podchufarova
Vladimirovna
Podchufarova
Vladimirovna Podchufarova 
Raphal Stphane Louis Poire
Louis
Poire
Louis Poire 
Christian Poirot
Poirot
Joe Poklukar
Poklukar
Matja Poklukar
Poklukar
Terzia "Terka" Poliakov
Poliakov
Jelena PoljakovaVivtseva
Poljakova-Vivtseva
Katarzyna Ponikwia
Ponikwia
Michela Ponza
Ponza
Aleksandr Vladimirovich Popov
Vladimirovich
Popov
Vladimirovich Popov 
Boycho Popov
Popov
Radka Kostadinova Popova
Kostadinova
Popova
Kostadinova Popova 
Hannu Kalevi Posti
Kalevi
Posti
Kalevi Posti 
Dmitry Anatolyevich Pozdnyakov
Anatolyevich
Pozdnyakov
Anatolyevich Pozdnyakov 
Janno Prants
Prants
Natlia Prekopov
Prekopov
Franziska Preu
Preu
Hugh Moffatt Pritchard
Moffatt
Pritchard
Moffatt Pritchard 
Aleksandr Vasilyevich Privalov
Vasilyevich
Privalov
Vasilyevich Privalov 
Artem Andriyovych Pryma
Andriyovych
Pryma
Andriyovych Pryma 
Roman Andriyovych Pryma
Andriyovych
Pryma
Andriyovych Pryma 
Valentin Nikolayevich Pshenitsyn
Nikolayevich
Pshenitsyn
Nikolayevich Pshenitsyn 
Cornel Dumitru Puchlanu
Dumitru
Puchlanu
Dumitru Puchlanu 
Risto Kalevi Punkka
Kalevi
Punkka
Kalevi Punkka 
Sabina Mihaela Purdea
Mihaela
Purdea
Mihaela Purdea 
Eva Puskarkov
Puskarkov
Paavo Sakari Puurunen
Sakari
Puurunen
Sakari Puurunen 
Nikolay Vasilyevich Puzanov
Vasilyevich
Puzanov
Vasilyevich Puzanov 
Olga Valeryevna PylyovaMedvedtseva Zamorozova
Pylyova-Medvedtseva
Kevin Quintilio
Quintilio
Mihai Rdulescu
Rdulescu
Ville Antti Rikknen
Antti
Rikknen
Antti Rikknen 
Andrzej Rapacz
Rapacz
Diana Rasimoviit
Rasimoviit
Andrejs Rastorgujevs
Rastorgujevs
George Rattai
Rattai
Alina Sergeyevna Raykova
Sergeyevna
Raykova
Sergeyevna Raykova 
Yevgeny Leonidovich Redkin
Leonidovich
Redkin
Leonidovich Redkin 
Travis Lawton Redman
Lawton
Redman
Lawton Redman 
Ernst Reiter
Reiter
Ren Long
Long
Paul Wisner Renne
Wisner
Renne
Wisner Renne 
Magda Rezlerov
Rezlerov
Anfisa Anatolyevna Reztsova Romanova
Reztsova
HansDieter Riechel
Riechel
Elise Ringen
Ringen
Luis Fernando Ros
Fernando
Ros
Fernando Ros 
Dieter Ritter
Ritter
Julien Robert
Robert
Wynn Andrew  Roberts
Andrew
Roberts
Andrew Roberts 
FrankPeter Roetsch
Roetsch
Solveig Rogstad
Rogstad
Ana Roman
Roman
Louis Romand
Romand
Paul Romand
Romand
Yana Sergeyevna Romanova
Sergeyevna
Romanova
Sergeyevna Romanova 
Olga Vladimirovna Romasko
Vladimirovna
Romasko
Vladimirovna Romasko 
Mauri Uolevi Rppnen
Uolevi
Rppnen
Uolevi Rppnen 
Yevgeniya Ivanovna Roppel
Ivanovna
Roppel
Ivanovna Roppel 
Eberhard Rsch
Rsch
Michael Rsch
Rsch
Robert Rosser
Rosser
Pavel Aleksandrovich Rostovtsev
Aleksandrovich
Rostovtsev
Aleksandrovich Rostovtsev 
Wolfgang Rottmann
Rottmann
Jzef Rak
Rak
Sergey Leonidovich Rozhkov
Leonidovich
Rozhkov
Leonidovich Rozhkov 
Jzef Rubi
Rubi
Kenneth David "Ken" Rudd
Rudd
Vitaly Rudenchik
Rudenchik
John W. "Johnny" Ruger, II
Ruger,
Ruger, II 
Alexia Runggaldier
Runggaldier
Glenn Richard Rupertus
Richard
Rupertus
Richard Rupertus 
Vasja Rupnik
Rupnik
Sergey Valentinovich Rusinov
Valentinovich
Rusinov
Valentinovich Rusinov 
Alexandra RusuStoian
Rusu-Stoian
Paul Ryan
Ryan
Martin Rypl
Rypl
Oleg Vladimirovich Ryzhenkov
Vladimirovich
Ryzhenkov
Vladimirovich Ryzhenkov 
Nataliya Anatolyevna Ryzhenkova
Anatolyevna
Ryzhenkova
Anatolyevna Ryzhenkova 
Kari Juho Antero Saarela
Antero
Saarela
Antero Saarela 
Johanna Maria Saarinen Salomaa
Saarinen
Kristina Sabasteanski Viljanen
Sabasteanski
Evi SachenbacherStehle
Sachenbacher-Stehle
Rinnat Ibragimovich Safin
Ibragimovich
Safin
Ibragimovich Safin 
Esko Raimo Saira
Raimo
Saira
Raimo Saira 
Shinya Saito
Saito
Pl Sajg
Sajg
Jorge Jos Salas Orencio
Salas
Orencio
Salas Orencio 
Kara Hermanson Salmela
Hermanson
Salmela
Hermanson Salmela 
Algimantas alna
alna
Yrj Sakari Salpakari
Sakari
Salpakari
Sakari Salpakari 
Denis Sandona
Sandona
Nathalie Santer Bjrndalen
Santer
Saskia Santer
Santer
Shozo Sasaki
Sasaki
Kazuo Sasakubo
Sasakubo
Vadim Leonidovich Sashurin
Leonidovich
Sashurin
Leonidovich Sashurin 
Koichi Sato
Sato
Eveli Saue
Saue
Yan Anatolyevich Savitsky
Anatolyevich
Savitsky
Anatolyevich Savitsky 
Linda Savaka
Savaka
Simon Schempp
Schempp
Adolf Scherwitzl
Scherwitzl
Egon Schnabel
Schnabel
Horst Schneider
Schneider
Erich Schnbchler
Schnbchler
Curtis John "Curt" Schreiner
Schreiner
Franz Schuler
Schuler
Monika Schwingshackl
Schwingshackl
Eva Maria Elisabeth Schylander Marcelius
Schylander
Serhiy Anatoliyovych Sednev
Anatoliyovych
Sednev
Anatoliyovych Sednev 
Andr Sehmisch
Sehmisch
Hiromi SeinoSuga
Seino-Suga
Shuichi Sekiya
Sekiya
Serhiy Oleksandrovych Semenov
Oleksandrovych
Semenov
Oleksandrovych Semenov 
Valentyna Oleksandrivna "Valj" Semerenko
Semerenko
Viktoriya Oleksandrivna "Vita" Semerenko
Semerenko
Peter Sendel
Sendel
Timo Juhani Seppl
Juhani
Seppl
Juhani Seppl 
Raimo Kalevi Seppnen
Kalevi
Seppnen
Kalevi Seppnen 
Nicolae erban
erban
Shen LiChien
Li-Chien
Inna Yuryevna Sheshkil Ivanova
Sheshkil
Takashi Shibata
Shibata
Miki Shibuya
Shibuya
Shin ByungKook
Byung-Kook
Shin YoungSun
Young-Sun
Mami ShindoHonma
Shindo-Honma
Anton Vladimirovich Shipulin
Vladimirovich
Shipulin
Vladimirovich Shipulin 
Yoshiyuki Shirate
Shirate
Yekaterina Yevgenyevna Shumilova
Yevgenyevna
Shumilova
Yevgenyevna Shumilova 
Norman L. Shutt
Shutt
L. Shutt 
Klaus Siebert
Siebert
Tuija Marketta Siki Repo
Siki
Tomasz Wacaw Sikora
Wacaw
Sikora
Wacaw Sikora 
Annette Sikveland
Sikveland
Matthias Simmen
Simmen
Duan imoko, Jr.
imoko,
Jr.
imoko, Jr. 
Jaromr imnek
imnek
Lars Peter Sjdn
Peter
Sjdn
Peter Sjdn 
Josef Skalnk
Skalnk
Nadezhda Valeryevna Skardino
Valeryevna
Skardino
Valeryevna Skardino 
Ntala Skinner
Skinner
Ann Elen Skjelbreid
Elen
Skjelbreid
Elen Skjelbreid 
Liv Grete SkjelbreidPoire
Grete
Skjelbreid-Poire
Grete Skjelbreid-Poire 
Jason Michael Sklenar
Michael
Sklenar
Michael Sklenar 
Maryna Skolota
Skolota
Pavel Sldek
Sldek
Svetlana Yuryevna Sleptsova
Yuryevna
Sleptsova
Yuryevna Sleptsova 
Michal lesingr
lesingr
ystein Slettemark
Slettemark
ukasz Sonina
Sonina
Joan Smith Miller
Smith
Nathan Smith
Smith
Nataliya Anatolyevna Snytina Medvedtseva
Snytina
Dmitry Petrovich Sokolov
Petrovich
Sokolov
Petrovich Sokolov 
Magnar Solberg
Solberg
Synnve Solemdal
Solemdal
Song Aiqin
Aiqin
Song Chaoqing
Chaoqing
Song Wenbin
Wenbin
Song Yongjun
Yongjun
Krzysztof Artur Sosna
Artur
Sosna
Artur Sosna 
Gabriela Soukalov Koukalov
Soukalov
Jaroslav Soukup
Soukup
Laure Souli
Souli
Miroslav Sovi
Sovi
Kjell Sbak
Sbak
Laura Spector
Spector
Dieter Speer
Speer
William Allen "Bill" Spencer
Spencer
Jnos Spisk
Spisk
AnnMarie Lillemor "Mia" Stadig Bredberg
Stadig
Petra Starevi
Starevi
Rachel Steer
Steer
Jens Steinigen
Steinigen
Christoph Stephan
Stephan
Daniil Steptenko
Steptenko
Anna Maria SteraKustucz
Maria
Stera-Kustucz
Maria Stera-Kustucz 
Jeffrey Stanley Stevens
Stanley
Stevens
Stanley Stevens 
Paget Stewart
Stewart
Andrijana Stipanii Mrvelj
Stipanii
Mrvelj
Stipanii Mrvelj 
Jzef Stopka
Stopka
Rolf Storsveen
Storsveen
Desislava Stoyanova
Stoyanova
Kazimiera Strolien
Strolien
Sara Studebaker Hall
Studebaker
Stanisaw Styrczula
Styrczula
Kyoji Suga
Suga
Seppo Ilmari Suhonen
Ilmari
Suhonen
Ilmari Suhonen 
Christoph Sumann
Sumann
Sun Ribo
Ribo
Sun Xiaoping
Xiaoping
Sung Na
Hansruedi Sssli
Sssli
Agata Katarzyna Suszka
Katarzyna
Suszka
Katarzyna Suszka 
Arto Juhani Sutinen
Juhani
Sutinen
Juhani Sutinen 
Taisto Juhani Suutarinen
Juhani
Suutarinen
Juhani Suutarinen 
Gabriela Suvov Lehk
Suvov
Fuyuko Suzuki Tachizaki
Suzuki
Manabu Suzuki
Suzuki
Rina Suzuki
Suzuki
Tor Svendsberget
Svendsberget
Emil Hegle Svendsen
Hegle
Svendsen
Hegle Svendsen 
Aleksandr Valentinovich Syman
Valentinovich
Syman
Valentinovich Syman 
Stanisaw Szczepaniak
Szczepaniak
ukasz Szczurek
Szczurek
va Erika Szemcsk
Erika
Szemcsk
Erika Szemcsk 
Emke Szcs
Szcs
Ivett Szllsi
Szllsi
Jan Szpunar
Szpunar
Imre Tagscherer
Tagscherer
Ryoko Takahashi
Takahashi
Mie Takeda
Takeda
Akihiro Takizawa
Takizawa
Nadezhda Aleksandrovna Talanova
Aleksandrovna
Talanova
Aleksandrovna Talanova 
Johanna Talihrm
Talihrm
Tan Hongbin
Hongbin
Tamami Tanaka
Tanaka
Irina Aleksandrovna Tananayko
Aleksandrovna
Tananayko
Aleksandrovna Tananayko 
Peter Tancock
Tancock
Tang Guoliang
Guoliang
Tang Jialin
Jialin
Sergey Petrovich Tarasov
Petrovich
Tarasov
Petrovich Tarasov 
Gottlieb Taschler
Taschler
Pentti August Taskinen
August
Taskinen
August Taskinen 
Laura Tavares
Tavares
Jeremy Scott Teela
Scott
Teela
Scott Teela 
Juha Pekka Tella
Pekka
Tella
Pekka Tella 
Ion eposu
eposu
Joshua Casey "Josh" Thompson
Thompson
Keijo Antero Tiitola
Antero
Tiitola
Antero Tiitola 
Aleksandr Ivanovich Tikhonov
Ivanovich
Tikhonov
Ivanovich Tikhonov 
Arduino Tiraboschi
Tiraboschi
Linda Tjrhom Grubben
Tjrhom
Indrek Tobreluts
Tobreluts
Vladimir Todac
Todac
Iliya Todorov
Todorov
Eva Tofalvi
Tofalvi
Ahti Toivanen
Toivanen
Krzysztof Topr
Topr
Carolyn Treacy
Treacy
Aleksandr Valeryevich Trifonov
Valeryevich
Trifonov
Valeryevich Trifonov 
Aleksandr Anatolyevich Tropnikov
Anatolyevich
Tropnikov
Anatolyevich Tropnikov 
Signe Trosten
Trosten
Wojciech Truchan
Truchan
Panagiota Tsakiri
Tsakiri
Athanasios "Thanasis" Tsakiris
Tsakiris
Tsambyn Danzan
Danzan
Valentyna Adamivna TserbeNessina
Adamivna
Tserbe-Nessina
Adamivna Tserbe-Nessina 
Ikuyo Tsukidate
Tsukidate
Roderick Farndon Tuck
Farndon
Tuck
Farndon Tuck 
Tudeviin Lkhamsren
Lkhamsren
Nol Turrell
Turrell
Adina uulanotropa
uulan-otropa
Ragnar Tveiten
Tveiten
Jon ge Tyldum
Tyldum
ge Tyldum 
Antti Eerkki Tyrvinen
Eerkki
Tyrvinen
Eerkki Tyrvinen 
Aivo Udras
Udras
Ueng MingYih
Ming-Yih
Ivar Michal Ulekleiv
Michal
Ulekleiv
Michal Ulekleiv 
Frank Ullrich
Ullrich
Gundars Upenieks
Upenieks
Darya Sergeyevna Usanova
Sergeyevna
Usanova
Sergeyevna Usanova 
Yevgeny Romanovich Ustyugov
Romanovich
Ustyugov
Romanovich Ustyugov 
Kalevi Juhani Vhkyl
Juhani
Vhkyl
Juhani Vhkyl 
Rustam Abdelsamatovich Valiullin
Abdelsamatovich
Valiullin
Abdelsamatovich Valiullin 
Carlos Varas Martnez
Varas
Martnez
Varas Martnez 
Corrado Varesco
Varesco
Gheorghe Vasile
Vasile
Aleksandra Vasiljevi
Vasiljevi
Dmitry Vladimirovich Vasilyev
Vladimirovich
Vasilyev
Vladimirovich Vasilyev 
Marcelo Vsquez
Vsquez
Despoina Vavatsi
Vavatsi
Pavel Valeryevich Vavilov
Valeryevich
Vavilov
Valeryevich Vavilov 
Zdeka Vejnarov
Vejnarov
Demetrio Velzquez
Velzquez
Jure Velepec
Velepec
Uro Velepec
Velepec
Vladimir Velichkov
Velichkov
Nicolae Vetea
Vetea
Franz Vetter
Vetter
Krasimir Petrov Videnov
Petrov
Videnov
Petrov Videnov 
Marjan Vidmar
Vidmar
Kristel Viigipuu
Viigipuu
Merle Viirmaa
Viirmaa
Priit Viks
Viks
Olga Gennadyevna Vilukhina
Gennadyevna
Vilukhina
Gennadyevna Vilukhina 
JeanClaude Viry
Viry
Galina Aleksandrovna Vishnevskaya
Aleksandrovna
Vishnevskaya
Aleksandrovna Vishnevskaya 
Yvonne Carolin Visser
Carolin
Visser
Carolin Visser 
Zdenk Vtek
Vtek
Veronika Vtkov
Vtkov
Khristo Vodenicharov
Vodenicharov
Tetiana Yurivna Vodop'ianova
Yurivna
Vodop'ianova
Yurivna Vodop'ianova 
Marcel Vogel
Vogel
Gheorghe Voicu
Voicu
Aleksey Anatolyevich Volkov
Anatolyevich
Volkov
Anatolyevich Volkov 
Anna Filippovna Volkova Sprung
Volkova
Vera Vucheva
Vucheva
Rene Laurent Vuillermoz
Laurent
Vuillermoz
Laurent Vuillermoz 
Tuija Mirjam Inkeri Vuoksiala Oksanen
Vuoksiala
Torsten Gerry Wadman
Gerry
Wadman
Gerry Wadman 
Ralph C. Wakley
Wakley
C. Wakley 
Maria Magdalena WallinForsberg
Magdalena
Wallin-Forsberg
Magdalena Wallin-Forsberg 
Wang Chunli
Chunli
Wang Jinfen
Jinfen
Wang Jinping
Jinping
Wang Weiyi
Weiyi
Wang Yumjie
Yumjie
Ola Wrhaug
Wrhaug
FranzJosef Weber
Weber
Benjamin Weger
Weger
Luigi Weiss
Weiss
Kuno Werner
Werner
EvaKarin Maria Westin Sjmling
Westin
Nore Emanuel Westin
Emanuel
Westin
Emanuel Westin 
Lars Roger Westling
Roger
Westling
Roger Westling 
Daniel "Dan" Westover
Westover
Holger Wick
Wick
Dorothea Wierer
Wierer
Serafin Wiestner
Wiestner
Adolf Jakob Wiklund
Jakob
Wiklund
Jakob Wiklund 
Tord Erik Wiksten
Erik
Wiksten
Erik Wiksten 
Bo Sren Wikstrm
Sren
Wikstrm
Sren Wikstrm 
Erich K. Wilbrecht
Wilbrecht
K. Wilbrecht 
Katarina "Kati" Wilhelm
Wilhelm
Edward Gustave Williams
Gustave
Williams
Gustave Williams 
Dominik Windisch
Windisch
Markus Windisch
Windisch
Gerhard "Gerd" Winkler
Winkler
Jrgen Wirth
Wirth
Jan Kazimierz Wojtas
Kazimierz
Wojtas
Kazimierz Wojtas 
Alexander Wolf
Wolf
KarlHeinz Wolf
Wolf
James Edward "Jim" Wood
Wood
Ian Woods
Woods
Stacey Ann Wooley
Ann
Wooley
Ann Wooley 
Jan Christoph Wstenfeld
Christoph
Wstenfeld
Christoph Wstenfeld 
Oksana Mykolavna Yakovlieva
Mykolavna
Yakovlieva
Mykolavna Yakovlieva 
Yuji Yamanaka
Yamanaka
Isao Yamase
Yamase
Liliya Mykolavna Yefremova Vaihina
Yefremova
Aleksandr Matveyevich Yelizarov
Matveyevich
Yelizarov
Matveyevich Yelizarov 
Yin Qiao
Qiao
Ying Zhenshan
Zhenshan
Hajime Yoshimura
Yoshimura
Yu Shumei
Shumei
Hillar Zahkna
Zahkna
Marco Zanon
Zanon
Olga Alekseyevna Zaytseva Augustin
Zaytseva
Peter Zelinka
Zelinka
Martina Zellner Seidl
Zellner
Toma emva
emva
Zhang Chengye
Chengye
Zhang Qing
Qing
Zhang Yan
Yan
Ludwik Ziba
Ziba
Jan Ziemianin
Ziemianin
Wiesaw Ziemianin
Ziemianin
Kseniya Pavlovna Zikunkova
Pavlovna
Zikunkova
Pavlovna Zikunkova 
Raivis Zmelis
Zmelis
Andreas Zingerle
Zingerle
Ladislav ika
ika
Ivan Zlatev
Zlatev
Spas Khristov Zlatev
Khristov
Zlatev
Khristov Zlatev 
Karolis Zlatkauskas
Zlatkauskas
Yelena Nikolayevna ZubrilovaOgurtsova
Nikolayevna
Zubrilova-Ogurtsova
Nikolayevna Zubrilova-Ogurtsova 
Marco Antonio Ziga Fernndez
Ziga
Fernndez
Ziga Fernndez 
Veronika Zvaiov
Zvaiov
Roman Volodymyrovych Zvonkov
Volodymyrovych
Zvonkov
Volodymyrovych Zvonkov 
Roland Zwahlen
Zwahlen
