Accidental Butt
Alphabet Groups
Amateur Boxing
Apron
Backpedal
Be First
Bell
Below the Belt
Bleeder
Blow-by-Blow
Bob and Weave
Body Work
Bolo Punch
Bout
Brawler
Break
Canvas
Card
Catch-Weight
Caught Cold
Challenger
Champion
Check Hook
Chief Second
Clinch
Combination
Contender
Corkscrew Punch
Cornerman
Counterpunch
Cover-Up
Cross
Cruiserweight
Cutman
Cutting-off-the-Ring
Decision
Disqualification
Dive
Down and Out
Draw
Duck
Eight Count
Enswell
Faded
Feint
Fisticuffs
Flash Knockdown
Foul
Fringe Contender
Gate
Gatekeeper
Get Off
Glass Jaw
Go the Distance
Go to the Body
Go to the Cards
Governing Body
Groin Protector
Hand Wraps
Haymaker
Head Butt
Head Hunting
Heavyweight
Hook
Infighting
Jab
Journeyman
Kidney Punch
Knockdown
Knockout
KO
Lead Right
Light Flyweight
Light Heavyweight
Light Middleweight
Light Welterweight
Lineal Champion
Low Blow
Main Event
Mauler
Majority Decision
Majority Draw
Middleweight
Minimumweight
Mouse
Mouth Guard
Neutral Corner
No-Decision
On the Ropes
Orthodox
Outpoint
Outside Fighter
Overhand
Palooka
Parry
Paw
Peek-A-Boo
Picking-off Punches
Play Possum
Plodder
Point Deduction
Pound-for-Pound
Prizefighter
Promoter
Pugilist
Pull
Pull Counter
Pull Your Punches
Puncher’s Chance
Punch Mitts
Purse
Rabbit Punch
Ring Generalship
Ring Card Girls
Round Card Girls
Ringside
Roadwork
Roll with the Punches
Rope-a-Dope
Roughhousing
Rubber Match
Sanctioning Body
Saved by the Bell
Second
Seconds Out
Shadow Boxing
Shifting
Shoe Shine
Shopworn
Shoulder Roll
Slip
Southpaw
Spar
Sparring Partner
Spit Bucket
Split Decision
Split Decision Draw
Stablemate
Stepping Stone
Stick and Move
Stylist
Sucker Punch
Super Middleweight
Technical Decision
Technical Draw
Technical Knockout
Throw in the Towel
Toe-to-Toe
Trial Horse
Tying-Up
Unanimous Decision
Undercard
Underdog
Uppercut
Upstart
Walkout Bout
Weight Class
Welterweight
White Collar Boxing