Canoeing Men's Canadian Doubles, 500 metres
Canoeing Men's Canadian Doubles, 1,000 metres
Canoeing Men's Kayak Fours, 1,000 metres
Canoeing Men's Kayak Doubles, 500 metres
Canoeing Men's Kayak Singles, 500 metres
Canoeing Men's Kayak Singles, 1,000 metres
Canoeing Men's Kayak Singles, Slalom
Canoeing Women's Kayak Fours, 500 metres
Canoeing Men's Canadian Doubles, Slalom
Canoeing Men's Kayak Doubles, 10,000 metres
Canoeing Men's Canadian Singles, 1,000 metres
Canoeing Women's Kayak Singles, Slalom
Canoeing Women's Kayak Doubles, 500 metres
Canoeing Men's Kayak Doubles, 1,000 metres
Canoeing Men's Kayak Singles, 10,000 metres
Canoeing Men's Canadian Singles, Slalom
Canoeing Men's Kayak Doubles, 200 metres
Canoeing Women's Kayak Singles, 500 metres
Canoeing Women's Kayak Singles, 200 metres
Canoeing Men's Kayak Relay 4 x 500 metres
Canoeing Men's Canadian Singles, 500 metres
Canoeing Men's Canadian Singles, 10,000 metres
Canoeing Men's Kayak Singles, 200 metres
Canoeing Men's Canadian Singles, 200 metres
Canoeing Men's Folding Kayak Doubles, 10 kilometres
Canoeing Men's Canadian Doubles, 10,000 metres
Canoeing Men's Folding Kayak Singles, 10 kilometres
