William Wallace Anderson
Wallace
Anderson
Wallace Anderson 
William Dunbar "Willie" Attrill
Attrill
Charles Beachey Beachcroft Kay
Beachcroft
Arthur Ernest Burrington Birkett
Burrington
Birkett
Burrington Birkett 
Alfred James Bowerman
James
Bowerman
James Bowerman 
J. Braid
Braid
W. Browning
Browning
George John Buckley
John
Buckley
John Buckley 
Francis Romulus Burchell
Romulus
Burchell
Romulus Burchell 
Frederick William Christian
William
Christian
William Christian 
Harry Richard Corner
Richard
Corner
Richard Corner 
Frederick William Cuming
William
Cuming
William Cuming 
William Stephens Donne
Stephens
Donne
Stephens Donne 
Robert Horne
Horne
Timothe Jordan
Jordan
Arthur MacEvoy
MacEvoy
Alfred James Powlesland
James
Powlesland
James Powlesland 
Douglas Francis Robinson
Francis
Robinson
Francis Robinson 
H. F. Roques
Roques
F. Roques 
Alfred John Schneidau
John
Schneidau
John Schneidau 
John Symes
Symes
Henry John Terry, Jr.
Terry,
Jr.
Terry, Jr. 
Montagu Henry Toller
Henry
Toller
Henry Toller 
Philip Humphreys Tomalin
Humphreys
Tomalin
Humphreys Tomalin 
