Michael B. "Mike" Adam
Adam
Victoria "Vicki" Adams
Adams
Johan Petter hln Andersson
hln
Eleonora Alver
Alver
Fabio Alver
Alver
Georges Jules Andr
Jules
Andr
Jules Andr 
Dominic Andres
Andres
Scott Andrews
Andrews
Tony Angiboust
Angiboust
Yevgeny Valeryevich Arkhipov
Valeryevich
Arkhipov
Valeryevich Arkhipov 
Oliver Axnick
Axnick
Ba Dexin
Dexin
Glenys Bakker
Bakker
Donald Francis "Don" Barcombe, Jr.
Barcombe,
Jr.
Barcombe, Jr. 
Corinne "Cori" Bartel Morris
Bartel
Donald Brian "Don" Bartlett
Bartlett
Christopher Bartsch
Bartsch
Marco Battilana
Battilana
Fiona "Felsie" Bayne
Bayne
Sean Peter Becker
Peter
Becker
Peter Becker 
Binia Beeli Feltscher
Beeli
Sabine Belkofer
Belkofer
John Benton
Benton
Cheryl Bernard Kullman
Bernard
Christina Bertrup
Bertrup
Janice "Jan" Betker
Betker
Laurence Bidaud Gradwohl
Bidaud
Jane Bidstrup
Bidstrup
Lene Bidstrup Nyboe
Bidstrup
Craig Brown
Brown
Erika Lynn Brown
Lynn
Brown
Lynn Brown 
Norman Brown
Brown
Myles Brundidge
Brundidge
Maureen Brunt Clark
Brunt
Euan Byers
Byers
Violetta Caldart Siorpaes
Caldart
Lynn Cameron
Cameron
Pierre Henri Canivet
Henri
Canivet
Henri Canivet 
Philippe Caux
Caux
Graeme Connal
Connal
Joni Cotten
Cotten
Fernand Henri Jean Cournollet
Jean
Cournollet
Jean Cournollet 
Carolyn DarbyshireMcRory
Darbyshire-McRory
Flemming Davanger
Davanger
Lorne DePape
DePape
Warren Robert Dobson
Robert
Dobson
Robert Dobson 
Pyotr Dmitriyevich Dron
Dmitriyevich
Dron
Dmitriyevich Dron 
Andrey Anatolyevich Drozdov
Anatolyevich
Drozdov
Anatolyevich Drozdov 
Greg Drummond
Drummond
Douglas Dryburgh
Dryburgh
James Dryburgh
Dryburgh
Jan Henri Ducroz
Henri
Ducroz
Henri Ducroz 
Richard Ducroz
Ducroz
Thomas Dufour
Dufour
Denise Kanstrup Dupont
Kanstrup
Dupont
Kanstrup Dupont 
Madeleine Kanstrup Dupont
Kanstrup
Dupont
Kanstrup Dupont 
Dominique Dupont Roc
Dupont
Roc
Dupont Roc 
Luzia Ebnther
Ebnther
Johan Niklas Edin
Niklas
Edin
Niklas Edin 
Markus Eggler
Eggler
Jeanne Ellegaard
Ellegaard
Adam Enright
Enright
Eom MinJi
Min-Ji
Kari Marie Erickson Liapis
Erickson
Ulf Marcus Feldt
Marcus
Feldt
Marcus Feldt 
Peter Thomas "Pete" Fenson
Fenson
Karin Fischer
Fischer
Margarita Mikhaylovna Fomina
Mikhaylovna
Fomina
Mikhaylovna Fomina 
Atina Ford Johnston
Ford
Johann "Hans" Frauenlob
Frauenlob
Johnny Frederiksen
Frederiksen
Tanya Frei Zrcher
Frei
Ryan Fry
Fry
Yekaterina Vladimirovna Galkina
Vladimirovna
Galkina
Vladimirovna Galkina 
Diana Gaspari
Gaspari
Simon Gempeler
Gempeler
Courtney Christine George
Christine
George
Christine George 
Sven Goldemann
Goldemann
Michael Goodfellow
Goodfellow
John Gordon
Gordon
Janine Greiner
Greiner
Damian Grichting
Grichting
Anthon Grimsmo
Grimsmo
Marcia Gudereit Schiml
Gudereit
Frants Josef Gufler
Josef
Gufler
Josef Gufler 
StigArne Gunnestad
Gunnestad
Bradley Raymond "Brad" Gushue
Gushue
Karin Elisabet Gustafson Johansson
Gustafson
Claire Hamilton
Hamilton
Alan Brian Christian Hansen
Christian
Hansen
Christian Hansen 
Eric J. "E.J." Harnden
Harnden
Ryan Harnden
Harnden
Michael "Mike" Harris
Harris
Troels Harry
Harry
Richard Hart
Hart
Marianne Haslum
Haslum
Tommi Juhani Hti
Juhani
Hti
Juhani Hti 
Jan Hauser
Hauser
Kirsty Hay Addison
Hay
Yumie HayashiFunayama
Hayashi-Funayama
Benjamin "Ben" Hebert
Hebert
Stella Hei
Hei
Deborah "Debbie" HenryMcCormick
Henry-McCormick
Daniel Herberg
Herberg
Patrick Hoffmann
Hoffmann
Holger Hhne
Hhne
Dorthe Elisabeth Holm
Elisabeth
Holm
Elisabeth Holm 
Camilla Holth
Holth
Russell W. "Russ" Howard
Howard
Patrick Hrlimann
Hrlimann
Armand IsaacBndic
Isaac-Bndic
Jeffrey Glen "Jeff" Isaacson
Isaacson
Kotomi Ishizaki
Ishizaki
Laurence Jackson
Jackson
William Kilgour "Willie" Jackson
Jackson
Bradley "Brad" Jacobs
Jacobs
John Jahr
Jahr
Sandra Jenkins Rippel
Jenkins
Angelina Camilla Jensen
Camilla
Jensen
Camilla Jensen 
Bo Jensen
Jensen
Camilla Louise Jensen
Louise
Jensen
Louise Jensen 
Cassandra Lynn "Cassie" Johnson Potter
Johnson
Jamie Victoria Johnson Haskell
Johnson
Jennifer Judith Jones
Judith
Jones
Judith Jones 
Nicole M. Joraanstad
Joraanstad
M. Joraanstad 
Andreas "Andy" Kapp
Kapp
Ulrich "Uli" Kapp
Kapp
George Karrys
Karrys
Akiko Kato Sekiwa
Kato
Andreas Kempf
Kempf
Marc Kennedy
Kennedy
Christine Keshen
Keshen
Kalle Markus Kiiskinen
Markus
Kiiskinen
Markus Kiiskinen 
Kim JiSeon
Ji-Seon
Kim UnJi
Un-Ji
Viktor Erik Kjll
Erik
Kjll
Erik Kjll 
Shannon Kleibrink
Kleibrink
Stephan Knoll
Knoll
Deborah "Debbie" Knox
Knox
Mika Konaka Hori
Konaka
Yukari Kondo
Kondo
Jamie A. Korab
Korab
A. Korab 
Aleksandr Sergeyevich Kozyrev
Sergeyevich
Kozyrev
Sergeyevich Kozyrev 
Pontus Sebastian Kraupp
Sebastian
Kraupp
Sebastian Kraupp 
Malene Krause Larsen
Krause
Carl August Verner Kronlund
Verner
Kronlund
Verner Kronlund 
Hirofumi Kudo
Kudo
Carmen Kng
Kng
Giulia Lacedelli
Lacedelli
Annie Laird
Laird
John Landsteiner
Landsteiner
Andreas "Al" Lang
Lang
Jari Petteri Laukkanen
Petteri
Laukkanen
Petteri Laukkanen 
Helena Blach Lavrsen Pedersen
Lavrsen
Lasse Lavrsen
Lavrsen
Kelley Law Atkins, Owen
Kaitlyn Lawes
Lawes
Lee SeulBi
Seul-Bi
Li Hongchen
Hongchen
Stacey Ann Liapis
Ann
Liapis
Ann Liapis 
Eva Cathrine Lindahl Norberg
Lindahl
Margaretha Louise Lindahl Dryburgh
Lindahl
Bengt Fredrik Lindberg
Fredrik
Lindberg
Fredrik Lindberg 
Peter Peja Rutger Lindholm
Rutger
Lindholm
Rutger Lindholm 
Liu Rui
Rui
Liu Yin
Yin
Jacqueline "Jackie" Lockhart Steele
Lockhart
Patrik Lrtscher
Lrtscher
Edith Loudon Hazard
Loudon
Katie Loudon
Loudon
Peter Loudon
Loudon
Kristin Tsse Lvseth
Tsse
Lvseth
Tsse Lvseth 
Avijja "Avi" Lund Nielsen Petri, Jrund
Eva Maria Lund Eriksson
Lund
Ewan MacDonald
MacDonald
Fiona MacDonald Brown
MacDonald
Wille Jarno Wilhelm Mkel
Wilhelm
Mkel
Wilhelm Mkel 
Marco Mariani
Mariani
Anna Louise Marmont
Louise
Marmont
Louise Marmont 
Kevin Martin
Martin
Rhona Martin Howie
Martin
Raphal Mathieu
Mathieu
Joan Elizabeth McCusker Inglis
McCusker
Dawn McEwen Askin
McEwen
Hamilton "Hammy" McMillan
McMillan
Moe Meguro
Meguro
Carina Meidele
Meidele
Markus Messenzehl
Messenzehl
Sven Michel
Michel
Yoko Mimura
Mimura
Collin Mitchell
Mitchell
Kristie Moore
Moore
John Morris
Morris
Margaret Morton
Morton
Michle Moser Knobel
Moser
Mari Motohashi
Motohashi
Lori Ann Mountford
Ann
Mountford
Ann Mountford 
Spencer Mugnier
Mugnier
Eve Muirhead
Muirhead
Daniel Mller
Mller
David Murdoch
Murdoch
Thomas Blackwood "Tom" Murray
Murray
Daniel Matthew "Dan" Mustapic
Mustapic
Hisaaki Nakamine
Nakamine
John Ronald "Ronnie" Napier
Napier
Lars Eric Peter Narup
Peter
Narup
Peter Narup 
Yana Anatolyevna Nekrasova
Anatolyevna
Nekrasova
Anatolyevna Nekrasova 
Diane Nelson Dezura
Nelson
Torger Nergrd
Nergrd
Natalie Nessler
Nessler
Mark Nichols
Nichols
Natalie Nicholson Simenson
Nicholson
Lene Nielsen
Nielsen
Akemi Niwa
Niwa
Amy Nixon Westlund
Nixon
Cheryl Noble
Noble
Anette Charlotte Norberg
Charlotte
Norberg
Charlotte Norberg 
Dordi Agathe Nordby
Agathe
Nordby
Agathe Nordby 
Helle Nordfred Simonsen
Nordfred
Simonsen
Nordfred Simonsen 
Lars Tomas Nordin
Tomas
Nordin
Tomas Nordin 
Anna Katarina Nyberg
Katarina
Nyberg
Katarina Nyberg 
Susan O'Connor
O'Connor
Ture Michael dlund
Michael
dlund
Michael dlund 
Jill Officer Hinchey
Officer
Hinchey
Officer Hinchey 
Anna Ohmiya
Ohmiya
Kaho Onodera
Onodera
Ayumi OnoderaOgasawara
Onodera-Ogasawara
Yoshiyuki Oomiya
Oomiya
Mirjam Ott
Ott
Alina Ptz
Ptz
Claudio Ptz
Ptz
Michael "Mike" Peplinski
Peplinski
Diego Perren
Perren
Maria Elisabeth Persson
Elisabeth
Persson
Elisabeth Persson 
Claudio Pescia
Pescia
Carl Wilhelm Malkus Petersn
Malkus
Petersn
Malkus Petersn 
Hvard Vad Petersson
Vad
Petersson
Vad Petersson 
Hanne PettersenWoods
Pettersen-Woods
Carl Axel Fredrik Pettersson
Fredrik
Pettersson
Fredrik Pettersson 
Christopher "Chris" Plys
Plys
Joseph "Joe" Polo
Polo
Rosa Pompanin
Pompanin
Margit Elisabeth Prtner
Elisabeth
Prtner
Elisabeth Prtner 
Allison Pottinger Darragh
Pottinger
Maria Poulsen
Poulsen
Mikkel Adrup Poulsen
Adrup
Poulsen
Adrup Poulsen 
Lyudmila Andreyevna Privivkova
Andreyevna
Privivkova
Andreyevna Privivkova 
Anna Maria Prytz
Maria
Prytz
Maria Prytz 
Trine Qvist
Qvist
Bent nund Ramsfjell
nund
Ramsfjell
nund Ramsfjell 
Eigil Ramsfjell
Ramsfjell
Marco Ramstein
Ramstein
Janice Rankin Watt
Rankin
Jol Therry Retornaz
Therry
Retornaz
Therry Retornaz 
Lisa Ann Richardson Schmidt
Richardson
Peter Rickmers
Rickmers
Mlanie Robillard
Robillard
Shawn Joseph Rojeski
Joseph
Rojeski
Joseph Rojeski 
Nadia Rthlisberger Raspe
Rthlisberger
Marianne Cecilie Lydersen Rrvik
Lydersen
Rrvik
Lydersen Rrvik 
Carter Rycroft
Rycroft
Pekka Juhani Saarelainen
Juhani
Saarelainen
Juhani Saarelainen 
Aleksandra Aleksandrovna Saitova
Aleksandrovna
Saitova
Aleksandrovna Saitova 
Teemu Matti Tapani Salo
Tapani
Salo
Tapani Salo 
Hiroshi Sato
Sato
Allin Paul Savage
Paul
Savage
Paul Savage 
Carmen Nadia Schfer
Nadia
Schfer
Nadia Schfer 
Michael Schffer
Schffer
Ulrik Peter Schmidt
Peter
Schmidt
Peter Schmidt 
Sandra Marie Schmirler Peterson
Schmirler
Mike Schneeberger
Schneeberger
Lisa Schoeneberg
Schoeneberg
Corinna Scholz
Scholz
Andrea Schpp
Schpp
Irene Schori
Schori
Jessica Schultz
Schultz
Felix Schulze
Schulze
Andreas "Andi" Schwaller
Schwaller
Christof Schwaller
Schwaller
Benot Schwarz
Schwarz
Mayumi SeguchiOhkutsu
Seguchi-Ohkutsu
Erik Oskar Severin
Oskar
Severin
Oskar Severin 
Shin MiSeong
Mi-Seong
John Shuster
Shuster
Anna Vladimirovna Sidorova
Vladimirovna
Sidorova
Vladimirovna Sidorova 
Pascal Sieber
Sieber
Lilli Margaretha Sigfridsson
Margaretha
Sigfridsson
Margaretha Sigfridsson 
Anastasiya Yuryevna Skultan
Yuryevna
Skultan
Yuryevna Skultan 
Anna Sloan
Sloan
Susanne Kit Nissen Pottier Slotsager
Pottier
Slotsager
Pottier Slotsager 
Jason Michael Smith
Michael
Smith
Michael Smith 
Peter "Pete" Smith
Smith
Warwick B. Smith
Smith
B. Smith 
Timothy "Tim" Solin
Solin
Timothy H. "Tim" Somerville
Somerville
Valeria Claudia Splty
Claudia
Splty
Claudia Splty 
Rasmus Stjerne
Stjerne
Andrea Stock
Stock
Sebastian Stock
Stock
Ralph Stckli
Stckli
Simon Strbin
Strbin
Aleksey Vitalyevich Stukalsky
Vitalyevich
Stukalsky
Vitalyevich Stukalsky 
Julie SuttonSkinner
Sutton-Skinner
Christoffer Svae
Svae
Anna Maria SvrdLe Moine Bergstrm
Moine
Carsten Svensgaard
Svensgaard
Magnus Johan Swartling
Johan
Swartling
Johan Swartling 
Ann E. Swisshelm Silver
Swisshelm
Sakurako Terada
Terada
Jan Thoresen
Thoresen
Michiko Tomabechi
Tomabechi
Tore Torvbrten
Torvbrten
Kenneth "Ken" Tralnberg
Tralnberg
Sandro Trolliet
Trolliet
Pl Trulsen
Trulsen
Makoto Tsuruga
Tsuruga
Thomas Ulsrud
Ulsrud
Markku Juhani Uusipaavalniemi
Juhani
Uusipaavalniemi
Juhani Uusipaavalniemi 
Lars Magnus Vgberg
Magnus
Vgberg
Magnus Vgberg 
Lorna Vevers
Vevers
Lars Riddermand Vilandt
Riddermand
Vilandt
Riddermand Vilandt 
Monika Wagner
Wagner
Karl Edvard Wahlberg
Edvard
Wahlberg
Edvard Wahlberg 
Donald J. "Don" Walchuk
Walchuk
Wang Bingyu
Bingyu
Wang Fengchun
Fengchun
Robin Welsh
Welsh
Anna Ulrika Maria Wennerstrm
Maria
Wennerstrm
Maria Wennerstrm 
Victor Emanuel Wetterstrm
Emanuel
Wetterstrm
Emanuel Wetterstrm 
Georgina Wheatcroft Hawkes
Wheatcroft
Heike Wielnder Schwaller
Wielnder
Craig Wilson
Wilson
Peter Wilson
Wilson
Phil Wilson
Wilson
Grethe Beate Wolan
Beate
Wolan
Beate Wolan 
Kelly Wood Schafer
Wood
Xu Xiaoming
Xiaoming
Mayo Yamaura
Yamaura
Nkeiruka Khilariyevna Yezekh
Khilariyevna
Yezekh
Khilariyevna Yezekh 
Chinami Yoshida
Yoshida
Yue Qingshuang
Qingshuang
Giovanni Paolo "Gianpaolo" Zandegiacomo Bianco
Zandegiacomo
Bianco
Zandegiacomo Bianco 
Zang Jialiang
Jialiang
Jared Zezel
Zezel
Olga Nikolayevna Zharkova
Nikolayevna
Zharkova
Nikolayevna Zharkova 
Zhou Yan
Yan
