Cycling Men's Road Race, Individual
Cycling Men's Road Race, Team
Cycling Women's Sprint
Cycling Women's 500 metres Time Trial
Cycling Women's Road Race, Individual
Cycling Men's Sprint
Cycling Men's 100 kilometres Team Time Trial
Cycling Men's 1,000 metres Time Trial
Cycling Men's Individual Pursuit, 4,000 metres
Cycling Women's Mountainbike, Cross-Country
Cycling Men's Mountainbike, Cross-Country
Cycling Men's Team Pursuit, 4,000 metres
Cycling Men's Tandem Sprint, 2,000 metres
Cycling Men's Points Race
Cycling Men's Madison
Cycling Men's Individual Time Trial
Cycling Men's 50 kilometres
Cycling Men's 333 metres Time Trial
Cycling Men's 20 kilometres
Cycling Women's BMX
Cycling Men's BMX
Cycling Men's Team Pursuit, 1,980 yards
Cycling Men's 5,000 metres
Cycling Men's 100 kilometres
Cycling Men's 1/4 mile
Cycling Men's 1/2 mile
Cycling Men's 5 mile
Cycling Men's 25 mile
Cycling Women's Team Pursuit
Cycling Women's Individual Time Trial
Cycling Men's Omnium
Cycling Women's Individual Pursuit, 3,000 metres
Cycling Women's Points Race
Cycling Men's Keirin
Cycling Men's Team Sprint
Cycling Men's 25 kilometres
Cycling Women's Keirin
Cycling Women's Omnium
Cycling Men's 1/3 mile
Cycling Men's 1 mile
Cycling Men's 2 mile
Cycling Women's Team Sprint
Cycling Men's 10,000 metres
Cycling Men's 12-Hours Race
