Jess Iory Aball Martnez
Iory
Aball
Martnez
Mohamed Fakhry Rifaat Abbas
Fakhry
Rifaat
Abbas
Maha Abdalsalam Gouda
Abdalsalam
Gouda
Rauf Abdul Seoud
Abdul
Seoud
Jennifer Abel
Abel
Silke Abicht
Abicht
Waguih Rauf Aboul Seoud
Rauf
Aboul
Seoud
Abdullah Abuqrais
Abuqrais
Alberto Enrique Acosta Palma
Enrique
Acosta
Palma
Tony Adam
Adam
Mara Teresa Adames
Teresa
Adames
April Jane Adams
Jane
Adams
Lynda Riley Adams Hunt
Riley
Adams
Hunt
Hanns Aderhold
Aderhold
Margarete "Grete" Adler
"Grete"
Adler
Erik William Adlerz
William
Adlerz
Mrta Elvira Adlerz Hermansson
Elvira
Adlerz
Hermansson
Inha Mykolavna Afonina
Mykolavna
Afonina
Jeinkler Ernesto Aguirre Manso
Ernesto
Aguirre
Manso
Eugen Nikolaus Ahnstrm
Nikolaus
Ahnstrm
Stefan Ahrens
Ahrens
Damir Akhmetbekov
Akhmetbekov
Ali AlHasan
AlHasan
Abdul AlMatrouk
AlMatrouk
Majed AlTaqi
AlTaqi
Vivian Alberty
Alberty
Mara Jos Alcal Izguerra
Jos
Alcal
Izguerra
Horace James Murrall Aldous
James
Murrall
Aldous
Blake Aldridge
Aldridge
Galina Aleksandrovna Alekseyeva
Aleksandrovna
Alekseyeva
Svetlana Yuryevna Alekseyeva
Yuryevna
Alekseyeva
Macarena Alexanderson lvarez
Alexanderson
lvarez
Vladimir Petrovich Aleynik
Petrovich
Aleynik
Antonio Pietro "Tony" AliAlly
Pietro
"Tony"
AliAlly
Mohamed Abdel Khalek Allam
Abdel
Khalek
Allam
Mary Aileen Allen Conquest
Aileen
Allen
Conquest
Hayley Jane Allen
Jane
Allen
Azul Lizeth Almazn Lpez
Lizeth
Almazn
Lpez
Rafael lvarez Serrano
lvarez
Serrano
Alfredo lvarez Caldern Wells
lvarez
Caldern
Wells
Ahmed Kamel Aly
Kamel
Aly
Shenny Ratna Amelia
Ratna
Amelia
Maha Amer
Amer
Karen Margrete Andersen Friis, Jrgensen
Margrete
Andersen
Friis,
Jrgensen
Sigvard August Andersen
August
Andersen
Jerome Herbert "Jerry" Anderson
Herbert
"Jerry"
Anderson
Miller Altman Anderson
Altman
Anderson
Elsa Helena Andersson Cordes
Helena
Andersson
Cordes
Arne Joakim Andersson
Joakim
Andersson
Johan Gottfrid "John" Andersson
Gottfrid
"John"
Andersson
Robert Theodor Andersson
Theodor
Andersson
Selma Augusta Maria Andersson
Augusta
Maria
Andersson
Tord Gran Andersson
Gran
Andersson
Federico Andrade
Andrade
Larry Edwin Andreasen
Edwin
Andreasen
Yelena Anokhina
Anokhina
Ernst Oscar Ernfrid Appelqvist Applequist
Oscar
Ernfrid
Appelqvist
Applequist
Gustaf Harald Arbin Andersson
Harald
Arbin
Andersson
Odile ArbolesSouchon
ArbolesSouchon
Jeffrey John Arbon
John
Arbon
Isabelle Arne Coquet
Arne
Coquet
D. Argalias
Argalias
Yosuke Arimitsu
Arimitsu
Vyninka Rae Robyn Arlow
Rae
Robyn
Arlow
Beatrice Eileen Armstrong Purdy
Eileen
Armstrong
Purdy
Kenneth "Ken" Armstrong
"Ken"
Armstrong
Toivo Nestori Aro Ahlstedt
Nestori
Aro
Ahlstedt
Masako Asada
Asada
George Dimitri Athans, Sr.
Dimitri
Athans,
Sr.
Jeannette Aubert Pinci
Aubert
Pinci
Benjamin Auffret
Auffret
Hovhannes Avtandilyan
Avtandilyan
Ana Yessica Ayala Muoz
Yessica
Ayala
Muoz
Ahmad Amsyar Azman
Amsyar
Azman
Yutaka Baba
Baba
Marina Babkova
Babkova
Alexandru Adrian "Alex" Bagiu
Adrian
"Alex"
Bagiu
Mohamed Azreen Bahari
Azreen
Bahari
Aleksandr Bakatin
Bakatin
John David Baker
David
Baker
Reginald Leslie "Snowy" Baker
Leslie
"Snowy"
Baker
Vanessa Anne Baker
Anne
Baker
Vera Vasilyevna Baklanova
Vasilyevna
Baklanova
Jlius Bal
Bal
Louis James Balbach
James
Balbach
Brita Pia Baldus
Pia
Baldus
Graeme Lachlan Banks
Lachlan
Banks
Hendrika Theodora Bante
Theodora
Bante
Bertha Baraldi Briseo
Baraldi
Briseo
Norma Baraldi Briseo
Baraldi
Briseo
Viktor Baranov
Baranov
Salim Barjum Roque
Barjum
Roque
Madeleine Eve Barnett Bollinger
Eve
Barnett
Bollinger
Steven John Barnett
John
Barnett
Mietje "Marie" Baron du Puy
"Marie"
Baron
Puy
Sarah Ellen Barrow
Ellen
Barrow
Nra Barta
Barta
Rosalyn Barton Cooper
Barton
Cooper
Heidemarie BrtovGrck
BrtovGrck
Hctor Bas
Bas
Robin Baskerville
Baskerville
Noemi Batki
Batki
Tom Bauer
Bauer
Nadezhda Valeryevna Bazhina
Valeryevna
Bazhina
Richard H. Beauchamp
Beauchamp
Lillian "Lily" De Beaurepaire Clarke
"Lily"
Beaurepaire
Clarke
Porfirio Becerril
Becerril
Elizabeth Anna "Betty" BeckerPinkston Campbell
Anna
"Betty"
BeckerPinkston
Campbell
Heidi BeckerRamlow
BeckerRamlow
Anthony James Beckett
James
Beckett
David Peter Bdard
Peter
Bdard
Domonic Bedggood
Bedggood
Inge Moyel Beeken GregersenEttrup
Moyel
Beeken
GregersenEttrup
Kurt Edward Behrens
Edward
Behrens
Ibone Belausteguigoitia Arocena
Belausteguigoitia
Arocena
Katherine "Katie" Bell
"Katie"
Bell
Michele Benedetti
Benedetti
Meaghan Benfeito
Benfeito
Jenifer del Carmen Bentez Bentez
del
Carmen
Bentez
Bentez
Brynhild Berge Samuelsen
Berge
Samuelsen
Sylvie Bernier
Bernier
Oscar Bertone
Bertone
Jorge Betancourt Garca
Betancourt
Garca
Sarah "Sarie" Bezuidenhout Coltman
"Sarie"
Bezuidenhout
Coltman
Armand Billard
Billard
Thomas Bimis
Bimis
Lettice Margaret Everton Bisbrown Day
Margaret
Everton
Bisbrown
Day
Arthur Bischoff
Bischoff
Luisella Bisello
Bisello
Naomi Claire Bishop
Claire
Bishop
Janaka Biyanwila
Biyanwila
Alicia Jane Blagg
Jane
Blagg
Constantin Blaha
Blaha
Gustaf Adolf Viktor Blomgren
Adolf
Viktor
Blomgren
Zoya Blyuvas
Blyuvas
Claudia Bockner
Bockner
Frdric Boeni
Boeni
Yevgeniya Mikhaylovna Bogdanovskaya
Mikhaylovna
Bogdanovskaya
Philip George "Phil" Boggs
George
"Phil"
Boggs
Myriam Boileau
Boileau
Martine Evelyne Boisvert
Evelyne
Boisvert
Oleksandr Igorovych Bondar
Igorovych
Bondar
Carlo Bonfanti
Bonfanti
Margret Borgs Mund
Borgs
Mund
Frank Alexander Bornamann
Alexander
Bornamann
Klara Bornett
Bornett
Juan Botella Medina
Botella
Medina
Maxim Bouchard
Bouchard
David Alasdair Boudia
Alasdair
Boudia
Thelma May Boughner
May
Boughner
Fanny Bouvet
Bouvet
Beverly Boys Jones
Boys
Jones
Mark Daniel Bradshaw
Daniel
Bradshaw
Robyn Jean Bradshaw Arlow
Jean
Bradshaw
Arlow
Milton Jorge Machado Braga
Jorge
Machado
Braga
Ernst Magnus Brandsten
Magnus
Brandsten
Alfred Braunschweiger
Braunschweiger
Roman Borysovych Brener
Borysovych
Brener
Melissa Jane Briley Mieras
Jane
Briley
Mieras
Eugenie Louise Briollet Gehin
Louise
Briollet
Gehin
Brittany Broben
Broben
Eskil Augustinus Brodd
Augustinus
Brodd
Martyn Brown
Brown
David Greig "Skippy" Browning, Jr.
Greig
"Skippy"
Browning,
Jr.
Knut Lennart Herbert Brunnhage
Lennart
Herbert
Brunnhage
Kelci Marie Bryant
Marie
Bryant
Rachel Bugg
Bugg
William J. Bull
Bull
Eryn Bulmer Barrett
Bulmer
Barrett
Beatrice Brki Gautschi
Brki
Gautschi
Wilfred Godfrey Thomas Burne
Godfrey
Thomas
Burne
Ingeborg Busch
Busch
Barbara Bush
Bush
Donald David "Dave" Bush
David
"Dave"
Bush
Lesley Leigh Bush Hickcox, Makepeace
Leigh
Bush
Hickcox,
Makepeace
Milton Busin
Busin
Russell Charles Butler
Charles
Butler
Franco Giorgio Cagnotto
Giorgio
Cagnotto
Tania Cagnotto Parolin
Cagnotto
Parolin
John Collier Calhoun
Collier
Calhoun
Renni Joseph Callens
Joseph
Callens
Ricardo Camacho Garca
Camacho
Garca
John Candler
Candler
George F. Cane
Cane
Luigi C. Cangiullo
Cangiullo
Raymond Eric Cann
Eric
Cann
Guadalupe Canseco
Canseco
Cao Yuan
Yuan
Alberto Capilla Prez
Capilla
Prez
Joaqun Capilla Prez
Capilla
Prez
Luigi Capra
Capra
Cassandra Cardinell
Cardinell
Alvin Herman Carlsson
Herman
Carlsson
Elizabeth Ann "Liz" Carruthers Tweedie
Ann
"Liz"
Carruthers
Tweedie
Frank Carter
Carter
Carmen Casteiner Cagnotto
Casteiner
Cagnotto
Massimo Castellani
Castellani
Jocelyn Castillo Surez
Castillo
Surez
Jos Castillo
Castillo
Yahel Ernesto Castillo Huerta
Ernesto
Castillo
Huerta
Reynaldo Manuel Castro
Manuel
Castro
Emin Hafis Cbrayilov
Hafis
Cbrayilov
Damien Cely
Cely
Mikhail Chachba
Chachba
Jennifer Kay Bellamy Chandler
Kay
Bellamy
Chandler
Arantxa Elizabeth Chvez Muz
Elizabeth
Chvez
Muz
Kevin Alejandro Chvez Banda
Alejandro
Chvez
Banda
Chen Aisen
Aisen
Chen HanHung
HanHung
Chen Ruolin
Ruolin
Chen Ting
Ting
Chen Xiaodan
Xiaodan
Chen Xiaoxia
Xiaoxia
Cheong Jun Hoong
Jun
Hoong
Gabriel Cozmin Chereche
Cozmin
Chereche
Vyacheslav Chernyshov
Chernyshov
Andrea Chiarabini
Chiarabini
Nataliya Chikina
Chikina
Edna Lilian Child Tinegate
Lilian
Child
Tinegate
Alison Childs
Childs
Dana Chmelaov
Chmelaov
Choe HyongGil
HyongGil
Choe KumHui
KumHui
Choe MyongHwa
MyongHwa
Choe SongHui
SongHui
Giorgi Chogovadze
Chogovadze
Choi HyeJin
HyeJin
Thomas Knud Christiansen
Knud
Christiansen
Birte ChristoffersenHanson Ekberg
ChristoffersenHanson
Ekberg
Chuan HungPing
HungPing
Valentina Nikolayevna Chumicheva Dedova
Nikolayevna
Chumicheva
Dedova
RamonaMaria Ciobanu
Ciobanu
Clara Elena Ciocan
Elena
Ciocan
Felicia Liliana Crstea
Liliana
Crstea
Mary Ellen Clark
Ellen
Clark
Gordon Melville Clark
Melville
Clark
Harold Clarke
Clarke
Anna Stefanie Nanny Fryland Clausen Fryland
Stefanie
Nanny
Fryland
Clausen
Fryland
Robert Lynn "Bob" Clotworthy
Lynn
"Bob"
Clotworthy
Andr Cochinal
Cochinal
Walter Newell Colbath
Newell
Colbath
Briony Christine "Bree" Cole
Christine
"Bree"
Cole
Georgia V. Coleman Gilson
Coleman
Gilson
Jeanne Ellen Collier Sitzberger
Ellen
Collier
Sitzberger
Keith Roper Collin
Roper
Collin
Thomas J. Collins
Collins
Christopher "Chris" Colwill
"Chris"
Colwill
Philippe Comtois
Comtois
Richard Carroll "Dick" Connor
Carroll
"Dick"
Connor
James "Jimmy" Connor
"Jimmy"
Connor
Laura Conter
Conter
Edickson Contreras Bracho
Contreras
Bracho
Kassidy Leigh Cook
Leigh
Cook
Linda Lee Cooper Tiger
Lee
Cooper
Tiger
Tonia Couch
Couch
Tracy Linda CoxSmyth
Linda
CoxSmyth
Amelia "Amy" Cozad
"Amy"
Cozad
Luciano Cozzi
Cozzi
Robert Lewis "Rob" Cragg, Jr.
Lewis
"Rob"
Cragg,
Jr.
Frances Caroline Cramp
Caroline
Cramp
Scott Cranham
Cranham
Harry Crank
Crank
Rene CretetFlavier
CretetFlavier
Alexandra Lindsay Croak
Lindsay
Croak
Viktor Gustaf Crondahl
Gustaf
Crondahl
Thomas A. Cross
Cross
Kenneth "Ken" Crotty
"Ken"
Crotty
Iohana Cruz Talabera
Cruz
Talabera
Julia Mara Cruz Palacios
Mara
Cruz
Palacios
Brigitta Cserba
Cserba
Elizabeth Cui
Cui
Carlos T. Curiel Galvn
Curiel
Galvn
Kathleen Rebecca "Kay" Cuthbert
Rebecca
"Kay"
Cuthbert
Bernhard Dahl
Dahl
Thomas Robert "Tom" Daley
Robert
"Tom"
Daley
Francesca Dallap
Dallap
Julie Danaux
Danaux
Gerda Daumerlang Richthammer
Daumerlang
Richthammer
mile Dauvet
Dauvet
Emanuel Davidson
Davidson
Michelle D. Davison
Davison
Said Daw
Daw
Alessandro De Botton
Botton
Csar Augusto Aquino de Castro
Augusto
Aquino
Castro
Ian Carlos Gonalves de Matos
Carlos
Gonalves
Matos
Claudio De Miro
Miro
Ingrid de Oliveira
Oliveira
Guglielmo De Sanctis
Sanctis
Henri Joseph de Sonay
Joseph
Sonay
Antonio de Tort
Tort
Melania Decusear
Decusear
Richard Kempster "Dick" Degener
Kempster
"Dick"
Degener
JeanRomain Delaloye
Delaloye
Francesco Dell'Uomo
Dell'Uomo
Mary Kathelene DePiero
Kathelene
DePiero
Jacques Deschouwer
Deschouwer
Ulise Joseph "Pete" Desjardins
Joseph
"Pete"
Desjardins
Alexandre Despatie
Despatie
Graham Norman Deuble
Norman
Deuble
Dario di Fazio
Fazio
Karl "Carlo" Dibiasi
"Carlo"
Dibiasi
Klaus Dibiasi
Dibiasi
Albert Edward Dickin
Edward
Dickin
Katja Dieckow
Dieckow
Rodrigo Diego Lpez
Diego
Lpez
Luis Diguez DazValero
Diguez
DazValero
Oliver James Dingley
James
Dingley
Aura Dinisio
Dinisio
Thomas Edward "Tom" Dinsley
Edward
"Tom"
Dinsley
Olga Viktorovna Dmitriyeva
Viktorovna
Dmitriyeva
Francesca D'Oriano
D'Oriano
Aleksandr Mikhaylovich Dobroskok
Mikhaylovich
Dobroskok
Dmitry Mikhaylovich Dobroskok
Mikhaylovich
Dobroskok
Maksym Eduardovych Dolhov
Eduardovych
Dolhov
Zardo Domenios
Domenios
Maritte Jacoba Geertruida "Marit" Dommers Want
Jacoba
Geertruida
"Marit"
Dommers
Want
Scott Richard Donie
Richard
Donie
Jennifer Barbara "Jenny" Donnet
Barbara
"Jenny"
Donnet
Jzsef Dra
Dra
Sam Dorman
Dorman
Dieter Drr
Drr
Oscar Robert Dose Dorse
Robert
Dose
Dorse
Alison Jean Drake
Jean
Drake
Victoria Manalo "Vicki" Draves
Manalo
"Vicki"
Draves
Dorothy Ann Drew
Ann
Drew
Jenna Louise Dreyer
Louise
Dreyer
Dorothea Dirkje Jacoba "Thea" du Pon Sjoerdsma
Dirkje
Jacoba
"Thea"
Pon
Sjoerdsma
Milena Duchkov Neveklovsk
Duchkov
Neveklovsk
Brigitte Duda
Duda
Seain Frank Dufficy
Frank
Dufficy
Justin William Bek Dumais
William
Bek
Dumais
Troy Matthew Bek Dumais
Matthew
Bek
Dumais
Velma Clancy Dunn Ploessel
Clancy
Dunn
Ploessel
Mary Beth Dunnichay
Beth
Dunnichay
Cassius Ricardo Duran
Ricardo
Duran
Philippe Duvernay
Duvernay
Tatyana Dzheneyeva
Dzheneyeva
Richard Douglas "Rick" Earley
Douglas
"Rick"
Earley
Robert "Bob" Eaton
"Bob"
Eaton
Ester Maria Edstrm Friberg
Maria
Edstrm
Friberg
Elina Elisabeth Eggers
Elisabeth
Eggers
nne Ehscheidt
Ehscheidt
Leyre Eizaguirre Devesa
Eizaguirre
Devesa
Elin Dorotea "Ella" Eklund Nsholm
Dorotea
"Ella"
Eklund
Nsholm
Ernst Rudolf Eklund
Rudolf
Eklund
Gunnar Ekstrand
Ekstrand
Peter John Henry Elliott
John
Henry
Elliott
Johan Aksel "Jussi" Elo
Aksel
"Jussi"
Elo
Patricia Anne "Patsy" Elsener Homan
Anne
"Patsy"
Elsener
Homan
Janet Ely Lagourgue
Ely
Lagourgue
Sirvart "Silva" Emirzyan
"Silva"
Emirzyan
Gilles EmptozLacote
EmptozLacote
Alfred Bertran Engelsen
Bertran
Engelsen
Fritz Enskat
Enskat
Magdalene EpplyStaudinger
EpplyStaudinger
Torsten Julius Eriksson Esenius
Julius
Eriksson
Esenius
Frank Ralph Errington
Ralph
Errington
Stefan Christofer Eskilsson
Christofer
Eskilsson
Paola Milagros Espinosa Snchez
Milagros
Espinosa
Snchez
Leo Esser
Esser
Richmond Cavill "Dick" Eve
Cavill
"Dick"
Eve
Una Rebecca Ewert
Rebecca
Ewert
Rexel Ryan Fabriga
Ryan
Fabriga
David Athelstane "Dave" Fall
Athelstane
"Dave"
Fall
Phyllis Ann Margaret Fargher Sissons
Ann
Margaret
Fargher
Sissons
Tamer Farid
Farid
Marion Farissier
Farissier
William Cesar "Willie" Farrell
Cesar
"Willie"
Farrell
Manucher Fasihi
Fasihi
Ronald Sinclair "Ron" Faulds
Sinclair
"Ron"
Faulds
Jane Fauntz Manske
Fauntz
Manske
Claire Febvay
Febvay
Stephan Feck
Feck
Olena Olehivna Fedorova
Olehivna
Fedorova
Tamara Stepanovna FedosovaPogozhevaSafonova
Stepanovna
FedosovaPogozhevaSafonova
Eduardo Jorge Fereda Merchan
Jorge
Fereda
Merchan
Kent Monroe Ferguson
Monroe
Ferguson
Sonia Fernndez Daz
Fernndez
Daz
Franco Ferraris
Ferraris
Elizabeth Anne Esther "Liz" Ferris
Anne
Esther
"Liz"
Ferris
Sylvia Fiedler
Fiedler
Jane Ann "Joana" Figueiredo Barnard
Ann
"Joana"
Figueiredo
Barnard
Roseline Filion
Filion
Svetlana Vyacheslavovna Filippova
Vyacheslavovna
Filippova
Thomas Finchum
Finchum
Kerstin Finke
Finke
Michael Holman "Mike" Finneran
Holman
"Mike"
Finneran
Heike Fischer
Fischer
Caroline "Carol" Fletcher Metten
"Carol"
Fletcher
Metten
Lawrence "Larry" Flewwelling
"Larry"
Flewwelling
Richard Arless Flint
Arless
Flint
Jacoba Georgina Bernarda "Cobie" Floor van Daatselaar
Georgina
Bernarda
"Cobie"
Floor
van
Daatselaar
Jess Flores Alba
Flores
Alba
Sangwan Foengdee
Foengdee
Lynda Mary Folauhola
Mary
Folauhola
Stephen Neil "Steve" Foley
Neil
"Steve"
Foley
Erick Fornaris lvarez
Fornaris
lvarez
Nancilea Marie Foster Underwood
Marie
Foster
Underwood
Bruno Michel Fournier
Michel
Fournier
Lindsey Fraser
Fraser
Richard Frece
Frece
Sally Freeman
Freeman
Uschi Freitag
Freitag
Heinrich "Heinz" Freyschmidt
"Heinz"
Freyschmidt
Carole Helen Frick Smith
Helen
Frick
Smith
Ronald George "Ron" Friesen
George
"Ron"
Friesen
Fu Mingxia
Mingxia
Alejandra Fuentes Persson
Fuentes
Persson
Deborah Lynne "Debbie" Fuller
Lynne
"Debbie"
Fuller
Wendy Marie FullerReich
Marie
FullerReich
Ramn Antonio Fumad Rodrguez
Antonio
Fumad
Rodrguez
Philippe Gagn
Gagn
George William Gaidzik
William
Gaidzik
Gocha Gakharia
Gakharia
Michael Riley "Mickey" Galitzen
Riley
"Mickey"
Galitzen
Gennady Aleksandrovich Galkin
Aleksandrovich
Galkin
Rebecca Gallantree
Gallantree
Gleb Sergeyevich Galperin
Sergeyevich
Galperin
Annett Gamm
Gamm
Kamilla Gamme Svello
Gamme
Svello
Ion Ganea
Ganea
Gao Min
Min
Caesar Garcia
Garcia
Ivn Alejandro Garca Navarro
Alejandro
Garca
Navarro
Georges Charles Garreau
Charles
Garreau
Giannis Gavrilidis
Gavrilidis
Juan lvaro Jos Gaxiola Robles
lvaro
Jos
Gaxiola
Robles
Aleksandr Afanasyevich Gendrikson
Afanasyevich
Gendrikson
Diamantina "Dina" Georgatou
"Dina"
Georgatou
Petar Georgiev
Georgiev
Radoslava Georgieva
Georgieva
gnes Gerlach
Gerlach
Jzsef Gerlach
Gerlach
Tandi Jane GerrardIndergaard
Jane
GerrardIndergaard
Marjorie Gestring Redlick
Gestring
Redlick
Fritz Geyer
Geyer
Jos Miguel Gil Caizares
Miguel
Gil
Caizares
Jean Gilbert
Gilbert
Richard Walter "Rick" Gilbert
Walter
"Rick"
Gilbert
Barbara Sue Gilders Dudeck
Sue
Gilders
Dudeck
Cornelia Gilissen Schappel, Desmond
Gilissen
Schappel,
Desmond
Andrew Michael Gill
Michael
Gill
Rebecca Ellen Gilmore Manuel
Ellen
Gilmore
Manuel
Carlos Armando Girn Gutirrez
Armando
Girn
Gutirrez
Amund Nordal Gismervik
Nordal
Gismervik
Jacob Christian Lune Gjerding
Christian
Lune
Gjerding
Monique Gladding
Gladding
Roman Ryszard Godziski
Ryszard
Godziski
Karla Anne Goltman Ortiz
Anne
Goltman
Ortiz
Louis Gompers
Gompers
Thomas Eugen "Tom" Gompf
Eugen
"Tom"
Gompf
Valery Goncharov
Goncharov
Nataliya Mikhaylovna Goncharova
Mikhaylovna
Goncharova
Flra Piroska Gondos
Piroska
Gondos
Lourdes Gonzlez
Gonzlez
Daniel Goodfellow
Goodfellow
Harold Goodworth
Goodworth
Alain Goosen
Goosen
Henri Goosen
Goosen
Timofey Dmitriyevich Gordeychik
Dmitriyevich
Gordeychik
Paige Gordon Parenti
Gordon
Parenti
Francis Xavier "Frank" Gorman
Xavier
"Frank"
Gorman
Francis Jones "Frank" Gosling
Jones
"Frank"
Gosling
Susanne "Sue" Gossick
"Sue"
Gossick
Robert James Mark Graham
James
Mark
Graham
Lindsay GrantStuart
GrantStuart
Alan "Al" Greene
"Al"
Greene
Mette Gudrun Gregaard
Gudrun
Gregaard
Helen Elizabeth "Betty" Grimes Lindley
Elizabeth
"Betty"
Grimes
Lindley
Doris Grimes
Grimes
Gudrun Grmer
Grmer
Harold C. Grote
Grote
Glen Grout
Grout
Kenneth "Ken" Grove
"Ken"
Grove
Jos Antonio Guerra Oliva
Antonio
Guerra
Oliva
Ingrid GulbinEngelKrmer
GulbinEngelKrmer
Johann Wilhelm Paul Gnther
Wilhelm
Paul
Gnther
Guo Jingjing
Jingjing
Aleksey Gurman
Gurman
Karin Guthke Hrtig
Guthke
Hrtig
Rosa Gutirrez de Pardo
Gutirrez
Pardo
Gwon GyeongMin
GyeongMin
Arusyak Gyulbudaghyan
Gyulbudaghyan
Steffen Haage
Haage
Gnther Haase
Haase
Hans Leopold Haasmann
Leopold
Haasmann
Katalin Hasz
Hasz
Otto Josias Engelbrekt Hagborg
Josias
Engelbrekt
Hagborg
Andrs Hajnal
Hajnal
Samuel Wesley "Sam" Hall
Wesley
"Sam"
Hall
Davit Hambardzumyan
Hambardzumyan
Arie Richard Hanitzsch
Richard
Hanitzsch
Max Happle
Happle
Christina Hardekopf
Hardekopf
Mirnawati Hardjolukito
Hardjolukito
Bruce Ira Harlan
Ira
Harlan
Donald de Wayne "Don" Harper
Wayne
"Don"
Harper
Thomas Harrington
Harrington
Esme G. Harris Gibb
Harris
Gibb
Blythe Hartley
Hartley
Ahmed Fathi Mohamed Hashad
Fathi
Mohamed
Hashad
Amro Hassan
Hassan
Kamal Ali Hassan
Ali
Hassan
Moustafa Hassan
Hassan
Rim Hassan
Hassan
Madeleine Margaret "Mandi" Haswell Izatt
Margaret
"Mandi"
Haswell
Izatt
Patrick Hausding
Hausding
William T. Hayes
Hayes
He Chao
Chao
He Chong
Chong
He Zi
Jorge Head Ladeveze
Head
Ladeveze
Peter Heatly
Heatly
Jacoba Martina "Kiki" Heck Brons
Martina
"Kiki"
Heck
Brons
Roger Heinkel
Heinkel
Olavi Mikael Heinonen
Mikael
Heinonen
Pekka Kalevi Heinonen
Kalevi
Heinonen
Elke Heinrichs
Heinrichs
Susanne "Suse" Heinze von Hartungen
"Suse"
Heinze
von
Hartungen
Adolf Fredrik Hellquist
Fredrik
Hellquist
Ernst Johnny Hellstrm
Johnny
Hellstrm
Mathew Glen Helm
Glen
Helm
Julie Augusta Thaulow "Tullik" Helsing Jacobsen
Augusta
Thaulow
"Tullik"
Helsing
Jacobsen
Jan Hempel
Hempel
Henri Christiaan "Henk" Hemsing
Christiaan
"Henk"
Hemsing
Diego Henao
Henao
Csar Henderson
Henderson
Fernando Henderson
Henderson
Sophie Hennebert
Hennebert
Agneta Henrikson Lundkvist
Henrikson
Lundkvist
James Edward "Jim" Henry
Edward
"Jim"
Henry
Daphne Hernndez
Hernndez
Dolores Hernndez Monzon
Hernndez
Monzon
Dora Hilda Hernndez
Hilda
Hernndez
Guy Hernandez
Hernandez
Melany Michelle Hernndez Torres
Michelle
Hernndez
Torres
J. Edward "Eddie" Heron
Edward
"Eddie"
Heron
Michaela Herweck
Herweck
Catharina Elisabeth "Bep" Hesterman Steenmans
Elisabeth
"Bep"
Hesterman
Steenmans
EmilieJoane Heymans
Heymans
Maire A. Hider Liddle
Hider
Liddle
Lszl Hidvgi Heckmann
Hidvgi
Heckmann
Angelika Hilbert
Hilbert
Deborah "Debbie" Hill
"Debbie"
Hill
Hatsuko HiroseKawai
HiroseKawai
Jeffrey "Jeff" Hirst
"Jeff"
Hirst
Michael "Mike" Hixon
"Mike"
Hixon
William O. Hoare
Hoare
Ruxandra Lucia Hociot
Lucia
Hociot
Frederick George Hodges
George
Hodges
Lszl Hdi Hoffmann
Hdi
Hoffmann
Falk Hoffmann
Hoffmann
Georg Hoffmann
Hoffmann
Sven Elis Holmer
Elis
Holmer
Barry Holmes
Holmes
Gerhard Hlzl
Hlzl
Christopher Honey
Honey
Otto Hooff
Hooff
Lars Gustaf "Gsta" Horn
Gustaf
"Gsta"
Horn
Rasa Petrivna Horokhovska Kharitonova
Petrivna
Horokhovska
Kharitonova
Oleksandr Olehovych Horshkovozov
Olehovych
Horshkovozov
Katura Chenoa HortonPerinchief
Chenoa
HortonPerinchief
Patricia Elsie "Pat" Howard Freeman
Elsie
"Pat"
Howard
Freeman
Hsieh PeiHua
PeiHua
Hu Jia
Jia
Hu Yadan
Yadan
Qiang Huang
Huang
Peter Huber
Huber
Norbert Huda
Huda
Amelia Hudson
Hudson
Joseph Huketick
Huketick
Clarita Hunsberger Neher, Chapman
Hunsberger
Neher,
Chapman
Huo Liang
Liang
Khalil Ibrahim Dessouki
Ibrahim
Dessouki
Mohamed Ibrahim
Ibrahim
Tony Iglesias
Iglesias
Javier "Javi" Illana Garca
"Javi"
Illana
Garca
Tauno Ilmoniemi Granit
Ilmoniemi
Granit
Vera Sergeyevna Ilyina
Sergeyevna
Ilyina
Kristina Alekseyevna Ilyinykh
Alekseyevna
Ilyinykh
Im YunJi
YunJi
Franois ImbeauDulac
ImbeauDulac
Eka Purnama Indah
Purnama
Indah
Meerit Insawang
Insawang
Kristian Bettega Ipsen
Bettega
Ipsen
Hidekatsu Ishida
Ishida
Haley Dyan Ishimatsu
Dyan
Ishimatsu
Svetlana Ishkova
Ishkova
Alejandro Daniel Islas Arroyo
Daniel
Islas
Arroyo
Carlos Isturiz Serrano
Isturiz
Serrano
Minami Itahashi
Itahashi
Piero Italiani
Italiani
Ana Carolina Itzaina
Carolina
Itzaina
Yelena Ivanova
Ivanova
Claire Izacard Nalliod
Izacard
Nalliod
Elizabeth Hamilton Jack Franks
Hamilton
Jack
Franks
Antoine Jacob
Jacob
Marina Janicke Hhne
Janicke
Hhne
Julius Janowsky
Janowsky
Carl August Herold Jansson
August
Herold
Jansson
Carl Johan Erik Jansson
Johan
Erik
Jansson
Martina Jschke Scheidewig, Flle
Jschke
Scheidewig,
Flle
Deborah Jay
Jay
Patrick S. Jeffrey
Jeffrey
Olga JenschJordan
JenschJordan
Jeong SunJa
SunJa
Csar Augusto Jimenez
Augusto
Jimenez
Elizabeth Jimie
Jimie
Jo ChangJe
ChangJe
Jo DaeDon
DaeDon
Johan Alfred Emmanuel Johansson
Alfred
Emmanuel
Johansson
Gerda Matilda Eleonora Johansson Wranne
Matilda
Eleonora
Johansson
Wranne
Anna Teresa Margareta "Greta" Johansson Brandsten
Teresa
Margareta
"Greta"
Johansson
Brandsten
Gunnar Ernst Ferdinand Johansson
Ernst
Ferdinand
Johansson
Carl August Hjalmar Johansson
August
Hjalmar
Johansson
Mrta Ester Lovisa Johansson Engdahl
Ester
Lovisa
Johansson
Engdahl
Signe Dagmar Charlotta Johansson Engdahl
Dagmar
Charlotta
Johansson
Engdahl
John Svante Johansson
Svante
Johansson
Charles Johnson
Johnson
Charles Ambrose "Mickey" Johnson
Ambrose
"Mickey"
Johnson
Steele Alexander Johnson
Alexander
Johnson
Skld Yngve Johnson
Yngve
Johnson
Abigail Louise "Abby" Johnston
Louise
"Abby"
Johnston
Jon HyonJu
HyonJu
GleniseAnn "Ann" Jones
"Ann"
Jones
Daphne Crs Jongejans Bousquet
Crs
Jongejans
Bousquet
Edwin Jongejans
Jongejans
Gracie Junita Terry Pego
Junita
Terry
Pego
Vclav Kacl
Kacl
Kalle Kainuvaara Ingberg
Kainuvaara
Ingberg
Fusako Kakumaru
Kakumaru
Christopher Kalec
Kalec
Irina Vladimirovna Kalinina Bazhina
Vladimirovna
Kalinina
Bazhina
Etsuko Kamakura
Kamakura
Ahmed Ibrahim Kamel
Ibrahim
Kamel
Keita Kaneto
Kaneto
Shunsuke Kaneto
Kaneto
Vladimir Kapirulin
Kapirulin
Anneliese Kapp
Kapp
Vadim Aleksandrovich Kaptur
Aleksandrovich
Kaptur
Hannes Krkkinen
Krkkinen
Nataliya "Nadezhda" Karpukhina
"Nadezhda"
Karpukhina
Yury Kasakov
Kasakov
Maddison Keeney
Keeney
Frank D. Kehoe
Kehoe
Jennifer L. "Jenny" Keim
"Jenny"
Keim
Katherine "Kathy" Kelemen
"Kathy"
Kelemen
Ildik KelemenKovcs
KelemenKovcs
Johanna "Hanny" Kellner
"Hanny"
Kellner
Gunnar Arthur Kemnitz
Arthur
Kemnitz
Julie Kent
Kent
Vyacheslav Yevgenyevich Khamulkin
Yevgenyevich
Khamulkin
Olga Aleksandrovna Khristoforova
Aleksandrovna
Khristoforova
Eniko Eva Kiefer
Eva
Kiefer
Josef Kien
Kien
Albin Killat
Killat
Kim ChonMan
ChonMan
Kim ChunOk
ChunOk
Kim EunHui
EunHui
Kim HyeOk
HyeOk
Kim JinOk
JinOk
Kim KukHyang
KukHyang
Kim KyongJu
KyongJu
Kim MiRae
MiRae
Kim MyongSon
MyongSon
Kim SuJi
SuJi
Kim UnHyang
UnHyang
Kim YeoYeong
YeoYeong
Bruce D. Kimball
Kimball
Maxine Joyce "Micki" King Hogue
Joyce
"Micki"
King
Hogue
Anthony Michael "Tony" Kitcher
Michael
"Tony"
Kitcher
Jarl Birger Kivel
Birger
Kivel
Laura Helena Kivel Jansson
Helena
Kivel
Jansson
Ahmet Kizil
Kizil
Geertruida "Truus" Klapwijk
"Truus"
Klapwijk
Sascha Klein
Klein
Hans Klug
Klug
Ulrika Margareta Knape Lindberg
Margareta
Knape
Lindberg
Albert Reginald "Reggie" Knight
Reginald
"Reggie"
Knight
Susan Margaret Knight Cope
Margaret
Knight
Cope
Yona KnightWisdom
KnightWisdom
Paul Knuchel
Knuchel
Thomas Knuths
Knuths
Kazuo Kobayashi
Kobayashi
Simona Koch
Koch
Alexei Kogalev
Kogalev
Christa Khler Kinast
Khler
Kinast
Kthe Khler
Khler
Paul Georg Daniel Khler
Georg
Daniel
Khler
Hugo Koivuniemi
Koivuniemi
Yuliya Nikolayevna Koltunova
Nikolayevna
Koltunova
Jnos Konkoly
Konkoly
Fusako Kono
Kono
Maria Konstantatou
Konstantatou
Klaus Konzorr
Konzorr
Helen Mary Koppell Holtby
Mary
Koppell
Holtby
Vill Gyngyvr Kormos
Gyngyvr
Kormos
Yevgeny Aleksandrovich Korolyov
Aleksandrovich
Korolyov
Aleksandr Mikhaylovich Kosenkov
Mikhaylovich
Kosenkov
Pentti Pauli Ilmari Koskinen
Pauli
Ilmari
Koskinen
Yelena Tikhonovna Kosolapova Safronova
Tikhonovna
Kosolapova
Safronova
Yvonne Kstenberger
Kstenberger
Ditte Kotzian
Kotzian
Sotiria Koutsopetrou
Koutsopetrou
Jerzy Kowalewski
Kowalewski
Tomio Koyanagi
Koyanagi
Grzegorz Kozdraski
Kozdraski
Boris Kozlov
Kozlov
Regina Krajnow Synoradzka
Krajnow
Synoradzka
Hanna Serhivna Krasnoshlyk
Serhivna
Krasnoshlyk
Veronika Kratochwil
Kratochwil
Kerstin Krause
Krause
Regina Krause
Krause
Nicole Kreil
Kreil
Aloisie Krongeigerov
Krongeigerov
Emilios Krouazas
Krouazas
Cassidy Krug
Krug
Rudolf Kruspel
Kruspel
Ninel Vasilyevna Krutova Bezzabotnova
Vasilyevna
Krutova
Bezzabotnova
Taeko Kubo
Kubo
Sergey Vasilyevich Kuchmasov
Vasilyevich
Kuchmasov
Ewa Wioletta Kuciska Mrugaa
Wioletta
Kuciska
Mrugaa
Sergey Ivanovich Kudrevich
Ivanovich
Kudrevich
Louis Edward "Lou" Kuehn
Edward
"Lou"
Kuehn
Monika Khn
Khn
Michael Khne
Khne
Elselina Johanna "Eljo" Kuiler
Johanna
"Eljo"
Kuiler
Yury Aleksandrovich Kunakov
Aleksandrovich
Kunakov
Rachelle Kunkel
Kunkel
Maria Kurjo
Kurjo
Frank Allen Kurtz
Allen
Kurtz
Yevgeny Vladimirovich Kuznetsov
Vladimirovich
Kuznetsov
Nataliya Vladimirovna KuznetsovaLobanova Timoshinina
Vladimirovna
KuznetsovaLobanova
Timoshinina
Illia Olehovych Kvasha
Olehovych
Kvasha
Andrey Viktorovich Kvochinsky
Viktorovich
Kvochinsky
Andrew "Andy" Kwan
"Andy"
Kwan
Lauri Viljo Kystil
Viljo
Kystil
Audrey Labeau
Labeau
Karen Marie LaFace Getzin
Marie
LaFace
Getzin
Gary Alan Lamb
Alan
Lamb
Yrj Daniel Lampila
Daniel
Lampila
Lan Wei
Wei
Frank Lars Gran Landqvist
Lars
Gran
Landqvist
Helena Gerarda Catharina "Lenie" LantingKeller
Gerarda
Catharina
"Lenie"
LantingKeller
Christiane Lanzke
Lanzke
Lao Lishi
Lishi
Maksym Lapyn
Lapyn
Ingrid Larsen Sabroe
Larsen
Sabroe
Kathinka Larsen Tinsley
Larsen
Tinsley
Ragnhild Elisabeth Larsen Hulth
Elisabeth
Larsen
Hulth
Sigfrid Daniel Larsson
Daniel
Larsson
Alma Viktoria "Tora" Larsson
Viktoria
"Tora"
Larsson
Irina Lashko Furler
Lashko
Furler
Jack David Laugher
David
Laugher
Hanna Ivy Laursen Jensen
Ivy
Laursen
Jensen
Anthony Jasen "Tony" Lawson
Jasen
"Tony"
Lawson
Kathleen Ethel Le Rossignol Rumball
Ethel
Rossignol
Rumball
Lee JongHwa
JongHwa
Lee PilJung
PilJung
Samuel "Sammy" Lee
"Sammy"
Lee
Lee SeonGi
SeonGi
Karin Lilly Maria Leiditz Jansson, Lrwall
Lilly
Maria
Leiditz
Jansson,
Lrwall
Frantiek Leikert
Leikert
Tom Lemaire
Lemaire
Imre Lengyel
Lengyel
Eugne Lenormand
Lenormand
Louise Lenormand
Lenormand
Mark Edward Lenzi
Edward
Lenzi
Leong Mun Yee
Mun
Yee
Olha Leonova
Leonova
Maurice Lepage
Lepage
Ccile LespritPoirier
LespritPoirier
Li Deliang
Deliang
Li Hongping
Hongping
Li Kongzheng
Kongzheng
Li Na
Li Qiaoxian
Qiaoxian
Li Qing
Qing
Li Ting
Ting
Li Yihua
Yihua
Jeffrey Ryan "Jeff" Liberty
Ryan
"Jeff"
Liberty
Kurt Liederer
Liederer
Annie Elisabeth Liljeberg Welander
Elisabeth
Liljeberg
Welander
Tarja Marjut Liljestrm
Marjut
Liljestrm
Lin Yue
Yue
Craig Howard Lincoln
Howard
Lincoln
Anna Ulrika Lindberg Sten
Ulrika
Lindberg
Sten
Johan Wilhelm Lindgren
Wilhelm
Lindgren
Karl Edmund Lindmark
Edmund
Lindmark
Drte Lindner
Lindner
Adolf "Atte" Lindqvist Launos
"Atte"
Lindqvist
Launos
Wilhelm Lippa
Lippa
Jess Ricardo Liranzo Gratero
Ricardo
Liranzo
Gratero
Liu Huixia
Huixia
Pauline Valerie LloydChandos
Valerie
LloydChandos
Igor Lobanov
Lobanov
Hilmer Lfberg
Lfberg
Bryan Nickson Lomas
Nickson
Lomas
Phyllis Ann Long Pearce
Ann
Long
Pearce
Alice Harlekinden Lord Landon
Harlekinden
Lord
Landon
Davide Lorenzini
Lorenzini
Hendrik "Henk" Lotgering
"Henk"
Lotgering
Gregory Efthimios "Greg" Louganis
Efthimios
"Greg"
Louganis
Christina Loukas
Loukas
Irma Lozano Gallo
Lozano
Gallo
Hkon Roar Lken
Roar
Lken
Hans Luber
Luber
Wendy Lynn Lucero Schayes
Lynn
Lucero
Schayes
Greta "Greetje" Lugthart
"Greetje"
Lugthart
Igor Vladimirovich Lukashin
Vladimirovich
Lukashin
Jashia Judith Luna Alfaro
Judith
Luna
Alfaro
Emil August Lundberg
August
Lundberg
Gran Carl Oscar Lundqvist
Carl
Oscar
Lundqvist
Luo Yutong
Yutong
Gladys Mary Luscombe
Mary
Luscombe
John Patrick "Jack" Lyons
Patrick
"Jack"
Lyons
Dmytro Yuriyovych Lysenko
Yuriyovych
Lysenko
Ryo Mabuchi
Mabuchi
Yoshino Mabuchi
Mabuchi
Barbara Ethel MacAulay Donnet
Ethel
MacAulay
Donnet
Eric M. MacDonald
MacDonald
Irene Margaret MacDonald
Margaret
MacDonald
Tammy Donna MacLeod
Donna
MacLeod
Roberto Madrigal Garca
Madrigal
Garca
Winfried Mahraun
Mahraun
Jaroslav Makohin
Makohin
Catherine MalievAviolat
MalievAviolat
Karl Fritiof Malmstrm
Fritiof
Malmstrm
Andrey Sergeyevich Mamontov
Sergeyevich
Mamontov
Geoffrey Hurndall "Geoff" Mandy
Hurndall
"Geoff"
Mandy
Martha Manzano Villegas
Manzano
Villegas
Louis Walter George Marchant
Walter
George
Marchant
Maria Elisabetta Marconi
Elisabetta
Marconi
Nicola Marconi
Marconi
Tommaso Marconi
Marconi
Lamberto Mari
Mari
Ferrero Marianetti
Marianetti
Haroldo Mariano
Mariano
Marcela Mari
Mari
Laura Marino
Marino
Alonso Mariscal Abascal
Mariscal
Abascal
Antonio G. Mariscal Abascal
Mariscal
Abascal
Diego Mariscal Abascal
Mariscal
Abascal
Federico Antonio Mariscal Abascal
Antonio
Mariscal
Abascal
Marieve Marleau
Marleau
Valentina Marocchi
Marocchi
Fernanda MartiniPautasso
MartiniPautasso
Ronald "Ron" Masters
"Ron"
Masters
Thomas J. "Tommy" Mather
"Tommy"
Mather
Lothar Matthes
Matthes
Gregory Matveieff
Matveieff
Yelena Matyushenko
Matyushenko
Abdullah Abdulrazaq Mayouf
Abdulrazaq
Mayouf
Massimiliano Mazzucchi
Mazzucchi
Arthur McAleenan, Jr.
McAleenan,
Jr.
Joseph Andrew Vincent McCann
Andrew
Vincent
McCann
John William McCormack
William
McCormack
Simon Patrick McCormack
Patrick
McCormack
Kelly Anne McCormick
Anne
McCormick
Patricia Joan "Pat" McCormick Keller
Joan
"Pat"
McCormick
Keller
Riley McCormick
McCormick
Nicholas Montgomery "Nick" McCrory
Montgomery
"Nick"
McCrory
Valerie Jane McFarlaneBeddoe
Jane
McFarlaneBeddoe
Helen Meany Balfe, Gravis
Meany
Balfe,
Gravis
Christopher James "Chris" Mears
James
"Chris"
Mears
Ernest "Ernie" Meissner
"Ernie"
Meissner
Wodzimierz Mejsak
Mejsak
Sam Thorolf Tjm Melberg
Thorolf
Tjm
Melberg
Yury Melnikov
Melnikov
Jess Mena Campos
Mena
Campos
Yaima Rosario Mena Pea
Rosario
Mena
Pea
Carolina Mendoza Hernndez
Mendoza
Hernndez
Stanley C. Mercer
Mercer
Ronald Marshall "Ron" Merriott
Marshall
"Ron"
Merriott
Walter Messa
Messa
Ilse Meudtner
Meudtner
Heiko Meyer
Meyer
Wilfried "Willi" Meyer
"Willi"
Meyer
Maximiliane "Maxie" Michael
"Maxie"
Michael
Chantelle Lee MichellNewbery
Lee
MichellNewbery
Kostiantyn Serhiyovych Miliaiev
Serhiyovych
Miliaiev
Viktor Eduardovich Minibayev
Eduardovich
Minibayev
Arturo Lazaro Miranda
Lazaro
Miranda
Donald Miranda
Miranda
Yelena Miroshina
Miroshina
Matthew John "Matt" Mitcham
John
"Matt"
Mitcham
Michele Anne Mitchell
Anne
Mitchell
Masami Miyamoto
Miyamoto
Takiri Miyazaki
Miyazaki
Ahmed H. Moharran
Moharran
Mohab Mohymen Ishak ElKordy
Mohymen
Ishak
ElKordy
Abdel Moneim Mokhtar
Moneim
Mokhtar
Jorge Mondragn Vzquez
Mondragn
Vzquez
Sven Magnus Montan
Magnus
Montan
Anne Katherine Montminy Goldman
Katherine
Montminy
Goldman
Patrick Timothy "Tim" Moore
Timothy
"Tim"
Moore
Sebastin Morales Mendoza
Morales
Mendoza
MarieMadeleine Ccile "Mady" Moreau Murat
Ccile
"Mady"
Moreau
Murat
Alberto Moreno Yera
Moreno
Yera
Robert "Bob" Morgan
"Bob"
Morgan
Alexandra Morgenrood
Morgenrood
Katsuichi Mori
Mori
Graham Robert Morris
Robert
Morris
Thomas Henry "Harry" Morris
Henry
"Harry"
Morris
Carol Ann Morrow
Ann
Morrow
Melisa A. Moses
Moses
Yuki Motobuchi Kaneto
Motobuchi
Kaneto
Madge Moulton Batt
Moulton
Batt
Michel "Mike" Mourant
"Mike"
Mourant
Kurt Mrkwicka
Mrkwicka
Ali Mohamed Muheeb
Mohamed
Muheeb
Anke Mhlbauer
Mhlbauer
Raymond Mulinghausen
Mulinghausen
Frank Aloysius Mullen
Aloysius
Mullen
Arthur Mund
Mund
Gnther Otto Mund Borgs
Otto
Mund
Borgs
Lilo Mund Borgs
Mund
Borgs
Samat Muratov
Muratov
Francis Thomas "Frank" Murphy
Thomas
"Frank"
Murphy
Michael Andrew Murphy
Andrew
Murphy
Paula Jean MyersPope
Jean
MyersPope
Ibolya Nagy Batki
Nagy
Batki
Mai Nakagawa
Nakagawa
Masashi Nakashima
Nakashima
Jrme Nalliod
Nalliod
Tetsutaro Namae
Namae
Mohamed Nasrullah
Nasrullah
Nana Nebieridze
Nebieridze
Anastasiya Volodymyrivna Nedobiha
Volodymyrivna
Nedobiha
Silvana de Fatima Neitzke
Fatima
Neitzke
Barbara Jahn Schaefer Nejman
Jahn
Schaefer
Nejman
Grant Roy Nel
Roy
Nel
Kroly Nmedi
Nmedi
Sergey Vasilyevich Nemtsanov
Vasilyevich
Nemtsanov
Josef Nesvadba
Nesvadba
Robert Frederick Newbery
Frederick
Newbery
Denise Audrey Newman St.AubynHubbard
Audrey
Newman
St.AubynHubbard
Joy Ernestine Newman
Ernestine
Newman
Verrall Maude Newman Stutchbury
Maude
Newman
Stutchbury
Ng Sui
Sui
Ng Yan Yee
Yan
Yee
Friedrich Karl August "Fritz" Nicolai
Karl
August
"Fritz"
Nicolai
Edith Nancy Sophie Bechmann Nielsen Scheffler
Nancy
Sophie
Bechmann
Nielsen
Scheffler
Heikki Ilmari Niemelinen
Ilmari
Niemelinen
Dagmar Calla Johanna Nilsson Trnblom
Calla
Johanna
Nilsson
Trnblom
Luis Nio de Rivera
Nio
Rivera
AnnMargret Nirling Olsson
Nirling
Olsson
Yoshino Nishide
Nishide
Inger Nordb Kragh
Nordb
Kragh
Karl Axel Patrik Norling
Axel
Patrik
Norling
David John Norris
John
Norris
Carmen Beln Nez Oller
Beln
Nez
Oller
Sven Tore Nylund
Tore
Nylund
Albert Mikael Nyman
Mikael
Nyman
Brittany O'Brien
O'Brien
Catherine Cicely O'Bryen
Cicely
O'Bryen
John Helge berg
Helge
berg
Jahir ngel Ocampo Marroquin
ngel
Ocampo
Marroquin
Rudolf "Rudi" Oertel
"Rudi"
Oertel
Waltraud Oertel Skrzipek
Oertel
Skrzipek
Lillian Doris Ogilvie Bodrug
Doris
Ogilvie
Bodrug
Toivo Sture hman
Sture
hman
Gsta Emanuel lander
Emanuel
lander
Eva Viola Elisabet "Ewa" Olliwier Lundqvist
Viola
Elisabet
"Ewa"
Olliwier
Lundqvist
Zoe Ann OlsenJensen Bramham
Ann
OlsenJensen
Bramham
Yevgeniya Zenonovna Olshevskaya
Zenonovna
Olshevskaya
Greta Naemi "Ada" Onnela Knoblock
Naemi
"Ada"
Onnela
Knoblock
Ooi Tze Liang
Tze
Liang
Anioara Oprea
Oprea
Sergey Orin
Orin
Alejandra Orozco Loza
Orozco
Loza
Vctor Hugo Ortega Serna
Hugo
Ortega
Serna
Francisco Ortz Martn
Ortz
Martn
Tatiana Ortz Galicia
Ortz
Galicia
Yolanda M. Ortz Espinosa
Ortz
Espinosa
Rachel Kealaonapua "Keala" O'Sullivan Watson
Kealaonapua
"Keala"
O'Sullivan
Watson
Keiko OsakiOtsubo
OsakiOtsubo
Masayo Osawa
Osawa
Reiko Osawa
Osawa
Toshio Otsubo
Otsubo
Volmer Rudolf Otzen
Rudolf
Otzen
Luiz Felipe Agostin Outerelo
Felipe
Agostin
Outerelo
Juha Tapani Ovaskainen
Tapani
Ovaskainen
Julie Kay Ovenhouse Farrell
Kay
Ovenhouse
Farrell
Ellen Kay McGrath Owen
Kay
McGrath
Owen
Peri Suzan zkum Gunay
Suzan
zkum
Gunay
Rommel Agmed Pacheco Manrufo
Agmed
Pacheco
Manrufo
Robert Alexis Pez Rodrguez
Alexis
Pez
Rodrguez
Fabio Pajella
Pajella
Pak YongRyong
YongRyong
Yuliya Vladimirovna Pakhalina
Vladimirovna
Pakhalina
Viktor Palagin
Palagin
Stefanos Paparounas
Paparounas
Evtykhia PappaPapavasilopoulou
PappaPapavasilopoulou
P. Paraskevopoulos
Paraskevopoulos
Hugo Pellicer Parisi
Pellicer
Parisi
Park JeongJa
JeongJa
Park JiHo
JiHo
Park JongRyong
JongRyong
Jessica Parratto
Parratto
David Neale Parrington
Neale
Parrington
Tania Leanne Paterson
Leanne
Paterson
William C. "Bill" Patrick
"Bill"
Patrick
Jaele Patrick
Patrick
Daniel Pavn Pavn
Pavn
Pavn
Thelma R. Payne Sanborn
Payne
Sanborn
Doris Pecher
Pecher
Giovanna Gomes Almeida Pedroso
Gomes
Almeida
Pedroso
Annie Pelletier
Pelletier
Nicole PllissardDarrigrand
PllissardDarrigrand
Peng Bo
Rodolfo Perea Cifuentes
Perea
Cifuentes
Jos Francisco Prez Anguiano
Francisco
Prez
Anguiano
Sheila Mae Prez
Mae
Prez
Ingeborg "Inge" Pertmayr Uhler
"Inge"
Pertmayr
Uhler
Eva Cecilia Petersn
Cecilia
Petersn
Lovise Kristine "Louise" Petersen Riisbek, Brandt
Kristine
"Louise"
Petersen
Riisbek,
Brandt
Ann Stewart Peterson
Stewart
Peterson
Yekaterina Ilyinichna Petukhova
Ilyinichna
Petukhova
Eva Pfarrhofer Worisch
Pfarrhofer
Worisch
Brian Eric Phelps
Eric
Phelps
Alfred Henry Phillips
Henry
Phillips
Lynn William "Skip" Phoenix
William
"Skip"
Phoenix
Suchart Pichi
Pichi
David J. Pichler
Pichler
Jukka Tapani Piekkanen
Tapani
Piekkanen
Frdric Pierre
Pierre
Bogusawa Pietkiewicz Marcinkowska, Treco
Pietkiewicz
Marcinkowska,
Treco
Erich Pils
Pils
Diana Isabel Pineda Zuletra
Isabel
Pineda
Zuletra
Clarence Elmer "Bud" Pinkston
Elmer
"Bud"
Pinkston
Orsolya Pintr
Pintr
Renate Piotraschke
Piotraschke
Christian Pire
Pire
Iryna Pissareva
Pissareva
Fernando Fabricio Platas lvarez
Fabricio
Platas
lvarez
Heinz Plumanns
Plumanns
Boris P'oluliakhi
P'oluliakhi
Tatyana Podmaryova
Podmaryova
Viktor Pogozhev
Pogozhev
Jos Luis Ponce Carratala
Luis
Ponce
Carratala
Sandra Ponthus
Ponthus
HansDieter Pophal
Pophal
Nataliya Popova
Popova
Constantin Popovici
Popovici
Aleksandr Staliyevich Portnov
Staliyevich
Portnov
Viktoriya Volodymyrivna Potiekhina
Volodymyrivna
Potiekhina
Herbert Ernest Pott
Ernest
Pott
Cynthia Ann "Cindy" PotterMcIngvale Lasser
Ann
"Cindy"
PotterMcIngvale
Lasser
mile Poussard
Poussard
Stacie Linda Powell
Linda
Powell
Dorothy PoyntonHill Teuber
PoyntonHill
Teuber
Anastasiya Yuryevna Pozdnyakova
Yuryevna
Pozdnyakova
Kyle Prandi
Prandi
Ansuya Prasad
Prasad
Sorana Prelipceanu
Prelipceanu
Adele Price Johnson
Price
Johnson
Haig "Harry" Prieste Keshishian
"Harry"
Prieste
Keshishian
David Priestley
Priestley
Martina Proeber Littmann
Proeber
Littmann
Mary Dalva Proena
Dalva
Proena
Yuliya Anatolivna Prokopchuk
Anatolivna
Prokopchuk
Oleksiy Viktorovych Pryhorov
Viktorovych
Pryhorov
Jakub Puchow
Puchow
Joona Tapio Puhakka
Tapio
Puhakka
Dean Lester Pullar
Lester
Pullar
Tina Punzel
Punzel
Jorge Luis Pupo Carballo
Luis
Pupo
Carballo
Hanna Serhivna Pysmenska
Serhivna
Pysmenska
Sulaiman Ahmad Qabazard
Ahmad
Qabazard
Nino Qazarashvili
Qazarashvili
Fan "Esther" Qin
"Esther"
Qin
Qin Kai
Kai
Qiu Bo
Rafael Roberto Quintero Daz
Roberto
Quintero
Daz
Yoav Ra'anan
Ra'anan
Radoslav Radev
Radev
Paul Pierre Raeth
Pierre
Raeth
Suzanne Raeth Horny
Raeth
Horny
Therese Rampel
Rampel
Ismael Ahmed Ramzi
Ahmed
Ramzi
Emilio Ratia Vidal
Ratia
Vidal
Katherine Louise Rawls Thompson, Green
Louise
Rawls
Thompson,
Green
Ulrich Reff
Reff
Elsa Albertina Regnell Holmberg
Albertina
Regnell
Holmberg
Lisa Teresia Regnell Lindh
Teresia
Regnell
Lindh
Margarete Emma Johanne "Hanni" Rehborn
Emma
Johanne
"Hanni"
Rehborn
Karl Julius Rehborn
Julius
Rehborn
Claudia Reiche
Reiche
Grace Reid
Reid
Marion Reiff
Reiff
Sara Lynn ReilingHildebrand
Lynn
ReilingHildebrand
Delia Reinhardt
Reinhardt
Ren Qian
Qian
Ri HyunJu
HyunJu
Ri OkRim
OkRim
Angela Ribeiro
Ribeiro
Fernando Aloysio Telles Ribeiro
Aloysio
Telles
Ribeiro
Vernica G. Ribot de Caales
Ribot
Caales
Tracey Richardson
Richardson
August Herman Gerlach Richter
Herman
Gerlach
Richter
Jrgen Richter
Richter
Anja RichterLibiseller
RichterLibiseller
Ewald Riebschlger
Riebschlger
Vincent Riendeau
Riendeau
Aileen Muriel Riggin Soule
Muriel
Riggin
Soule
Domenico Rinaldi
Rinaldi
Tommaso Rinaldi
Rinaldi
Pandelela Rinong anak Pamg
Rinong
anak
Pamg
Carlota Ros Laurenzana
Ros
Laurenzana
Willy Rist
Rist
Wolfram Ristau
Ristau
Ariel Cevans Rittenhouse
Cevans
Rittenhouse
Annia Rivera Rovira
Rivera
Rovira
Lori Roberts
Roberts
Nancy Jean Robertson Brawley
Jean
Robertson
Brawley
Scott Stephen Robertson
Stephen
Robertson
Jos de Jess Robinson Gonzlez
Jess
Robinson
Gonzlez
Nicholas "Nick" RobinsonBaker
"Nick"
RobinsonBaker
Jos Luis Rocha
Luis
Rocha
Angelique Rodrguez
Rodrguez
Carlos Joel Rodrguez Luviano
Joel
Rodrguez
Luviano
Jodie Leanne Rogers
Leanne
Rogers
Craig William Rogerson
William
Rogerson
Kathleen Mary "Kathy" Rollo Seaman
Mary
"Kathy"
Rollo
Seaman
Darya Romenskaya
Romenskaya
Mara Elena Romero Lpez
Elena
Romero
Lpez
Jackson Andre Rondinelli de Oliveira
Andre
Rondinelli
Oliveira
Elbert Alonzo Root
Alonzo
Root
Marion Charlotte Roper Dale
Charlotte
Roper
Dale
Carolyn Roscoe
Roscoe
Horst Rosenfeldt
Rosenfeldt
Ernst Einar Rosengren
Einar
Rosengren
Reuben Daniel Ross
Daniel
Ross
Tomasz Rossa
Rossa
Matthieu Rosset
Rosset
Bruna Rossi
Rossi
Sandro Rossi
Rossi
Anita Christina RossingBrown
Christina
RossingBrown
Terence "Terry" Rossiter
"Terry"
Rossiter
Henri Rouquet
Rouquet
Marcus "Mark" Rourke
"Mark"
Rourke
Kathleen "Kathy" Rowlatt
"Kathy"
Rowlatt
Pavlo Rozenberg
Rozenberg
Eduardo Rueda Pedroza
Rueda
Pedroza
Francisco Javier Rueda Amezquita
Javier
Rueda
Amezquita
Becky Ruehl
Ruehl
Mark Ruiz
Ruiz
Rolando Ruz Pedreguera
Ruz
Pedreguera
Axel Vilhelm Runstrm
Vilhelm
Runstrm
John Keith Russell
Keith
Russell
Kerstin Ingegrd Rybrant Barn
Ingegrd
Rybrant
Barn
Richard Anthony "Dick" Rydze
Anthony
"Dick"
Rydze
Ryu UnSil
UnSil
Nur Dhabitah Sabri
Dhabitah
Sabri
Mara Dolores Sez de Ibarra Garca
Dolores
Sez
Ibarra
Garca
Eduard Safonov
Safonov
Mikhail Safonov
Safonov
Hayley Dawn Sage
Dawn
Sage
Randolph "Randy" Sageman
"Randy"
Sageman
Sho Sakai
Sakai
Yoendris Salazar
Salazar
Italo Salice
Salice
Abel Snchez Vargas
Snchez
Vargas
Germn Sal Snchez Snchez
Sal
Snchez
Snchez
Julin Isaac Snchez Gallegos
Isaac
Snchez
Gallegos
Laura Aleida Snchez Soto
Aleida
Snchez
Soto
Ramon Sandin
Sandin
Sang Xue
Xue
Leire Santos Sanz
Santos
Sanz
Rubn Santos Bravo
Santos
Bravo
Ursula SappMckel
SappMckel
Otto Satzinger
Satzinger
Marion Saunders
Saunders
Dmitry Ivanovich Sautin
Ivanovich
Sautin
Fernand Sauvage
Sauvage
Antonio Sbordone
Sbordone
Heinz Schaub
Schaub
Tobias Schellenberg
Schellenberg
Conny Schmalfuss
Schmalfuss
Jacqueline Schneider Walcher
Schneider
Walcher
Gabriele Schpe Krau
Schpe
Krau
Karl Schumm
Schumm
Karlheinz Schwemmer
Schwemmer
Matthew Aaron "Matt" Scoggin
Aaron
"Matt"
Scoggin
Eric Sehn
Sehn
Alisher Seitov
Seitov
Youssef Selim
Selim
Alla Selina
Selina
Ezio Selva
Selva
Andrey Vladimirovich Semenyuk
Vladimirovich
Semenyuk
Georges Senecot
Senecot
Svitlana Serbina
Serbina
Christina Anne Seufert Sholtis
Anne
Seufert
Sholtis
Florentia Sfakianou
Sfakianou
Cynthia L. "Cindy" Shatto Weinberger
"Cindy"
Shatto
Weinberger
George Herbert Sheldon
Herbert
Sheldon
Shi Tingmao
Tingmao
Tsuneo Shibahara
Shibahara
Mark Shipman
Shipman
Nataliya Shlemova
Shlemova
Nikita Dmitriyevich Shleykher
Dmitriyevich
Shleykher
Yuriy Viktorovych Shliakhov
Viktorovych
Shliakhov
Zouheir AlShourbagi
AlShourbagi
Tetiana Mykolavna ShtyrevaVolynkina
Mykolavna
ShtyrevaVolynkina
Si Yajie
Yajie
Ferenc Sik
Sik
Irina Yegorovna Sidorova
Yegorovna
Sidorova
Farid Simaika
Simaika
Trevor Simpson
Simpson
Ulrike SindelarPachowsky
SindelarPachowsky
Sohan Singh
Singh
Nikolaos Siranidis
Siranidis
Kenneth Robert "Ken" Sitzberger
Robert
"Ken"
Sitzberger
Curt Josef Sjberg
Josef
Sjberg
Gsta Gabriel Sjberg
Gabriel
Sjberg
Johan Gustav Jimmy Sjdin
Gustav
Jimmy
Sjdin
Ingeborg Maria Sjqvist Ingers
Maria
Sjqvist
Ingers
Lala Valborg Sjqvist Larsson
Valborg
Sjqvist
Larsson
Nils Skoglund
Skoglund
Oleksandr Skrypnyk
Skrypnyk
Betty Joyce  Slade Rasch, Weston
Joyce
Slade
Rasch,
Weston
Norman Allan Smith
Allan
Smith
Anabelle Smith
Smith
Anna Gezina "Annita" Smith
Gezina
"Annita"
Smith
Caroline "Carol" Smith Macias
"Carol"
Smith
Macias
Edwin Harold Smith
Harold
Smith
Jane Elisabeth Smith
Elisabeth
Smith
Susan Karen Smith
Karen
Smith
Lesley Smith
Smith
Harold Nelson Smyrk
Nelson
Smyrk
Christopher "Chris" Snode
"Chris"
Snode
Werner Sobek
Sobek
Salvador Sobrino
Sobrino
Lini Pauline Ida Shnchen
Pauline
Ida
Shnchen
Kimiko Soldati Hirai
Soldati
Hirai
Viktoria Slkner
Slkner
Gustavo Adolfo Somohano Winfield
Adolfo
Somohano
Winfield
Son SeongCheol
SeongCheol
Song JaeUng
JaeUng
Hanna Valerivna Sorokina
Valerivna
Sorokina
Alaeddin Soueidan
Soueidan
Sven Palle Laurs Srensen
Palle
Laurs
Srensen
Arvid Fredrik Spngberg
Fredrik
Spngberg
Brenda Spaziani
Spaziani
Diana May Spencer
May
Spencer
Rolf Sperling
Sperling
Peter John Squires
John
Squires
Nikola "Niki" Stajkovic
"Niki"
Stajkovic
Nigel Stanton
Stanton
Hannah Felicity Starling
Felicity
Starling
Anzhela Mikhaylovna Stasyulevich
Mikhaylovna
Stasyulevich
Valery Viktorovich Statsenko
Viktorovich
Statsenko
Alma Staudinger
Staudinger
Josef Staudinger
Staudinger
Eleni Stavridou
Stavridou
Jens Harald Stefenson
Harald
Stefenson
Karl Steiner
Steiner
Christin Steuer
Steuer
Evan Stewart
Stewart
Judith Leona "Judy" Stewart
Leona
"Judy"
Stewart
Rolf Mrck Stigersand
Mrck
Stigersand
Hermann Albert Stork
Albert
Stork
Arthur Harling Stott
Harling
Stott
Juno Jean Pope StoverIrwin Cox
Jean
Pope
StoverIrwin
Cox
Vyacheslav Vasilyevich Strakhov
Vasilyevich
Strakhov
Sharleen Marie Stratton
Marie
Stratton
Ernst Strupler Wespi
Strupler
Wespi
Jeanne Georgette Stunyo Korpak
Georgette
Stunyo
Korpak
Christian John Styren
John
Styren
Abraham Surez
Surez
Nelson Surez
Surez
Nora Subschinski
Subschinski
Betsy Sullivan Sharp
Sullivan
Sharp
Kenneth Sully
Sully
Sun Shuwei
Shuwei
Leo Olavi Suni
Olavi
Suni
Jol Suty
Suty
Sren Svejstrup
Svejstrup
Elisabeth Svoboda
Svoboda
Benjamin William Oliver "Ben" Swain
William
Oliver
"Ben"
Swain
Clyde Acle Swendsen
Acle
Swendsen
Anatoly Sysoyev
Sysoyev
Tammy Galera Takagi
Galera
Takagi
Fumio Takashina
Takashina
Barbara Ellen Talmage McAlister, Andrews
Ellen
Talmage
McAlister,
Andrews
Tan Liangde
Liangde
Tan Shuping
Shuping
Tang Kei Shan
Kei
Shan
Jevon Anton Tarantino
Anton
Tarantino
Peter David Tarsey
David
Tarsey
Frank Taubert
Taubert
Anthony John Taylor
John
Taylor
Leon Roy Taylor
Roy
Taylor
Jorge Telch
Telch
Elsa Tenorio Azpilqueta
Tenorio
Azpilqueta
Ken Terauchi
Terauchi
Norma Thomas
Thomas
Claus Bernth Thomsen
Bernth
Thomsen
Benjamin Leonard "Ben" Thrash
Leonard
"Ben"
Thrash
Wilhelmina Elvira "Willy" Thulin Sandberg
Elvira
"Willy"
Thulin
Sandberg
Tian Liang
Liang
Vladimir Aleksandrovich Timoshinin
Aleksandrovich
Timoshinin
Svetlana Alekseyevna Timoshinina Khokhlova
Alekseyevna
Timoshinina
Khokhlova
Yuliya Vladimirovna Timoshinina
Vladimirovna
Timoshinina
Erik Tjder
Tjder
Gary Milburn Tobian
Milburn
Tobian
Giovanni Tocci
Tocci
Tine Tollan Overton
Tollan
Overton
Charles Douglas "Doug" Tomalin
Douglas
"Doug"
Tomalin
Sukrutai Tommaoros
Tommaoros
Tong Hui
Hui
Hjrdis Viktoria Tpel
Viktoria
Tpel
Ingegrd Margareta Tpel Karlsson
Margareta
Tpel
Karlsson
Tadao Tosa
Tosa
Lois Mae Toulson
Mae
Toulson
Khuloud "Loudy" TourkyWiggins
"Loudy"
TourkyWiggins
Sotirios Trakas
Trakas
Petar Ivanov Trifonov
Ivanov
Trifonov
Vyacheslav Vladimirovich Troshin
Vladimirovich
Troshin
Tsai YiSan
YiSan
Liana Tsot'adze
Tsot'adze
Kanoko TsutaniMabuchi
TsutaniMabuchi
Zhanna Feliksivna Tsyrulnikova
Feliksivna
Tsyrulnikova
Ionica Tudor
Tudor
Traisy Vivien Tukiet
Vivien
Tukiet
William Tully
Tully
Anthony Abraham "Tony" Turner
Abraham
"Tony"
Turner
Edvard Nils Tvedt
Nils
Tvedt
Masaren Uchida
Uchida
Gennady Udalov
Udalov
Santiago Ulio Pascual
Ulio
Pascual
Juan Guillermo Urn Salazar
Guillermo
Urn
Salazar
Yrj Armas Valkama Flaming
Armas
Valkama
Flaming
Hendrina Elizabet "Els" van den Horn van Breda
Elizabet
"Els"
van
den
Horn
van
Breda
Albert Van Heymbeek
Van
Heymbeek
Alida Impia Maria "Alie" van Leeuwen Lotgering
Impia
Maria
"Alie"
van
Leeuwen
Lotgering
Aleksandr Viktorovich Varlamov
Viktorovich
Varlamov
Helge Allan Arthur Vasenius Wasenius
Allan
Arthur
Vasenius
Wasenius
Vladimir Alekseyevich Vasin
Alekseyevich
Vasin
Craig Douglas Matthew Vaughan
Douglas
Matthew
Vaughan
Yelena Sergeyevna Vaytsekhovskaya
Sergeyevna
Vaytsekhovskaya
Jon Grunde Vegard
Grunde
Vegard
Ricardo Velarde
Velarde
Bende Velin
Velin
Kirsten Bodil Velin
Bodil
Velin
Juliana Rodrigues Veloso
Rodrigues
Veloso
Tatyana VereinaKarakashiyants
VereinaKarakashiyants
Maicol Verzotto
Verzotto
Siegfried Viebahn
Viebahn
Oleg Aleksandrovich Vikulov
Aleksandrovich
Vikulov
Sebastin Villa Castaeda
Villa
Castaeda
Luis Alberto Villarroel Vera
Alberto
Villarroel
Vera
Annie Villiger
Villiger
tienne Vincent
Vincent
Julia Catherine Vincent
Catherine
Vincent
Raymond Vincent
Vincent
Brittany Ann Viola
Ann
Viola
Louis Vincent "Lou" Vitucci
Vincent
"Lou"
Vitucci
Ioana Voicu
Voicu
Gerd Vlker
Vlker
Roman Mykhailovych Volodkov
Mykhailovych
Volodkov
Mariya V'iacheslavivna Voloshchenko
V'iacheslavivna
Voloshchenko
Reinhard von Bauer
von
Bauer
Kent Douglas Vosler
Douglas
Vosler
Vukan Vuleti
Vuleti
Irina Vyguzova
Vyguzova
Donald Douglas "Don" Wagstaff
Douglas
"Don"
Wagstaff
AnnaStina WahlbergBaidinger
WahlbergBaidinger
Helen E. Wainwright Stelling
Wainwright
Stelling
Arvid Hkan Herbert Carlsson Wallman
Hkan
Herbert
Carlsson
Wallman
Christopher Stephen Walls
Stephen
Walls
Ernest Walmsley
Walmsley
Roy Walsh
Walsh
Annika Walter
Walter
Gottlob Friedrich Walz
Friedrich
Walz
Wang Feng
Feng
Wang Hao
Hao
Wang Kenan
Kenan
Wang Xin Ruoxue
Xin
Ruoxue
Gordon Frank Ward
Frank
Ward
Lesley Dawn Ward
Dawn
Ward
Pamela Ware
Ware
Ethan Warren
Warren
Dieter Waskow
Waskow
Elena Wassen
Wassen
Kumiko Watanabe Kaneto
Watanabe
Kaneto
Peter Graham Waterfield
Graham
Waterfield
Marshall Wayne
Wayne
William E. Webb
Webb
Robert David "Bob" Webster
David
"Bob"
Webster
Dborah Weil Coldwell
Weil
Coldwell
Karl Remigius "Rmi" Weil
Remigius
"Rmi"
Weil
Marianne Weins
Weins
Erhard "Johnny" Wei
"Johnny"
Wei
Willem Jacobus "Willie" Welgemoed
Jacobus
"Willie"
Welgemoed
Adolpho Wellisch
Wellisch
Andreas Wels
Wels
Charmain Isobel Welsh Rawlings
Isobel
Welsh
Rawlings
Ramona Wenzel
Wenzel
Brian Albert Wetheridge
Albert
Wetheridge
Eva Susanne Wetteskog Bungum
Susanne
Wetteskog
Bungum
Oskar Wilhelm Wetzell
Wilhelm
Wetzell
Ute Wetzig
Wetzig
Albert Cosad "Al" White
Cosad
"Al"
White
Isabel Mary "Belle" White
Mary
"Belle"
White
Glen Allen Whitten
Allen
Whitten
Elbieta Julianna WierniukJwiak Mironowicz
Julianna
WierniukJwiak
Mironowicz
Justin Wilcock
Wilcock
Christiane Wiles Mazurier
Wiles
Mazurier
Antonette Wilken Batchelor
Wilken
Batchelor
Rachel Elizabeth Wilkes
Elizabeth
Wilkes
Laura Ann Wilkinson Hulseman
Ann
Wilkinson
Hulseman
Mary Patricia "Patsy" Willard Heckel
Patricia
"Patsy"
Willard
Heckel
Beverly Anna Maria Williams
Anna
Maria
Williams
Wendy Lian Williams Champion
Lian
Williams
Champion
Deborah Keplar "Debbie" Wilson
Keplar
"Debbie"
Wilson
Axel Gunnar Wingqvist
Gunnar
Wingqvist
Arthur Winther
Winther
Martin Wolfram
Wolfram
Wong Kin Chung
Kin
Chung
Woo HaRam
HaRam
William Ralph Wood
Ralph
Wood
Freddie Woodward
Woodward
Franz Worisch
Worisch
Michael Worisch
Worisch
Bernard Charles "Bernie" Wrightson
Charles
"Bernie"
Wrightson
Melissa Paige Wu
Paige
Wu Minxia
Minxia
Bernd Wucherpfennig
Wucherpfennig
Janna Wendy Wyland VanDerWoude
Wendy
Wyland
VanDerWoude
Xiao Hailiang
Hailiang
Xiong Ni
Xu Yanmei
Yanmei
Isao Yamagishi
Yamagishi
Rikiko Yamanaka
Yamanaka
Toshio Yamano
Yamano
Oleh Yanchenko
Yanchenko
Yang Jinghui
Jinghui
Yang Wai Kam
Wai
Kam
Olha Yefimenko
Yefimenko
Yeoh Ken Nee
Ken
Nee
Teri York
York
Katrina Young
Young
Edwin Frank "Win" Young
Frank
"Win"
Young
Yu ChangJun
ChangJun
Yu Yuet
Yuet
Yu Zhuocheng
Zhuocheng
Junji Yuasa
Yuasa
George Alexandre Yvon
Alexandre
Yvon
Anton Serhiyovych Zakharov
Serhiyovych
Zakharov
Ilya Leonidovich Zakharov
Leonidovich
Zakharov
Miguel Angel Zavala
Angel
Zavala
Zhang Yanquan
Yanquan
Aleksey Petrovich Zhigalov
Petrovich
Zhigalov
Lyubov Yegorovna Zhigalova
Yegorovna
Zhigalova
Zhou Jihong
Jihong
Zhou Luxin
Luxin
Zhu Jinhong
Jinhong
Olena Hryhorivna Zhupina
Hryhorivna
Zhupina
Helge Ziethen
Ziethen
Branko Ziherl
Ziherl
Robert Montague Zimmerman
Montague
Zimmerman
Irn Zsgot
Zsgot
Sinia ugi
ugi
Albert Hermann Zrner
Hermann
Zrner
