Margaret Ives Abbott Dunne
Abbott
Mary Perkins Ives Abbott Perkins
Abbott
Bartlett S. "Bart" Adams
Adams
Felipe Aguilar Schler
Aguilar
Schler
Aguilar Schler 
Henry Woodward "Harry" Allen
Allen
Louis Allis
Allis
An ByeongHun
Byeong-Hun
Clarence Victor Angier
Victor
Angier
Victor Angier 
Alfred Heacock Annan
Heacock
Annan
Heacock Annan 
Kiradech Aphibarnrat
Aphibarnrat
Aditi Ashok
Ashok
Albert William Austin
William
Austin
William Austin 
Albert Edison Austin
Edison
Austin
Edison Austin 
Laetitia Beck
Beck
Nino Daniele Bertasio
Daniele
Bertasio
Daniele Bertasio 
Grgory Bourdy
Bourdy
Lloyd Tilghman "Tim" Boyd
Boyd
John George Brandt, Jr.
Brandt,
Jr.
Brandt, Jr. 
Colin Campbell Brown
Campbell
Brown
Campbell Brown 
A. Brun
Brun
William Waldo Burton
Waldo
Burton
Waldo Burton 
Rafael Cabrera Bello
Cabrera
Bello
Cabrera Bello 
Douglass Pope "Doug" Cadwallader
Cadwallader
John Deere Cady
Deere
Cady
Deere Cady 
Jesse Landis "Lee" Carleton
Carleton
Murray Carleton, Jr.
Carleton,
Jr.
Carleton, Jr. 
Henry Lincoln Case
Lincoln
Case
Lincoln Case 
Rodolfo Eduardo Cazaubn Rincn
Cazaubn
Rincn
Cazaubn Rincn 
Alexander "Alex" ejka
ejka
Zhi Cheng "Tiffany" Chan
Chan
Shiv Sankar Prasad Chawrasia
Prasad
Chawrasia
Prasad Chawrasia 
Danny Chia
Chia
Chun InGee
In-Gee
Carlota Ciganda Machiena
Ciganda
Machiena
Ciganda Machiena 
Nicolas Colsaerts
Colsaerts
Charles Barney Cory
Barney
Cory
Barney Cory 
Edward McClellan "Ned" Cummins
Cummins
Adilson Jos da Silva
Silva
da Silva 
John Hubert Edward Daunt
Edward
Daunt
Edward Daunt 
Edgar Morrison Davis
Morrison
Davis
Morrison Davis 
Graham DeLaet
DeLaet
Pierre Emile Deschamps
Emile
Deschamps
Emile Deschamps 
William Bathurst Dove
Bathurst
Dove
Bathurst Dove 
Bernard Claiborne Edmunds
Claiborne
Edmunds
Claiborne Edmunds 
Kenneth Paine "Ken" Edwards
Edwards
Henry Chandler Egan
Chandler
Egan
Chandler Egan 
Walter Eugene Egan
Eugene
Egan
Eugene Egan 
Lucile Virginie Madeleine Fain Condren
Fain
Feng Shanshan
Shanshan
Simpson Jamieson Foulis
Jamieson
Foulis
Jamieson Foulis 
Madeleine FournierSarlovze La Perche
Rick Yutaka "Rickie" Fowler
Fowler
Ryan Fox
Fox
Harold William "Harry" Fraser
Fraser
Marcus Fraser
Fraser
Mme. FromentMeurice
Froment-Meurice
Sandra Gal
Gal
Sergio Garca Fernndez
Garca
Fernndez
Garca Fernndez 
Rose Gelbert FromentMeurice
Gelbert
Fabin Gmez
Gmez
Edward Melville Gould
Melville
Gould
Melville Gould 
Ricardo Maria Brito e Cunha Melo Gouveia
Melo
Gouveia
Melo Gouveia 
Julieta Granada
Granada
Gavin Kyle Green
Kyle
Green
Kyle Green 
Emiliano Grillo
Grillo
George William Bittle Groseclose
Bittle
Groseclose
Bittle Groseclose 
Maha Haddioui
Haddioui
Simon James Harbaugh
James
Harbaugh
James Harbaugh 
Pdraig Peter  Harrington
Peter
Harrington
Peter Harrington 
Arthur Havemeyer
Havemeyer
Raymond Havemeyer
Havemeyer
Leon James Hazelton
James
Hazelton
James Hazelton 
David Hearn
Hearn
Scott Robert Hend
Robert
Hend
Robert Hend 
Brooke Mackenzie Henderson
Mackenzie
Henderson
Mackenzie Henderson 
W. A. Hersey
Hersey
A. Hersey 
Joseph Jefferson Howard
Jefferson
Howard
Jefferson Howard 
Charley Esmee Hull
Esmee
Hull
Esmee Hull 
Jarvis Hunt
Hunt
Robert Edward "Bob" Hunter
Hunter
Edwin Llewellyn Hunter
Llewellyn
Hunter
Llewellyn Hunter 
Arthur Duncan "Art" Hussey
Hussey
Karine Icher
Icher
Yuta Ikeda
Ikeda
Mikko Antero Ilonen
Antero
Ilonen
Antero Ilonen 
Fabienne InAlbon
In-Albon
Thongchai Jaidee
Jaidee
Edgecomb Lee Jones
Lee
Jones
Lee Jones 
Orus W. Jones
Jones
W. Jones 
Ariya Jutanugarn
Jutanugarn
Roope Kakko
Kakko
Shingo Katayama
Katayama
Martin Kaymer
Kaymer
Kim SeiYoung
Sei-Young
Sren Kjeldsen
Kjeldsen
BoGyung "Lydia" Ko
Espen Kofstad
Kofstad
Michelle Koh
Koh
Matthew Gregory "Matt" Kuchar
Kuchar
YiPing "Candie" Kung
Kung
Anirban Lahiri
Lahiri
Albert Bond "Al" Lambert
Lambert
Edward W. Lansing
Lansing
W. Lansing 
Allan Edward Lard
Edward
Lard
Edward Lard 
Nicole Broch Larsen
Broch
Larsen
Broch Larsen 
JinMyung "Danny" Lee
Lee
Minjee Lee
Lee
Chlo Leurquin
Leurquin
Stacy Lewis Chadwell
Lewis
Li Haotong
Haotong
JosFilipe Lima
Lima
Lin WenTang
Wen-Tang
Lin Xiyu
Xiyu
Pernilla Lindberg
Lindberg
David Thomas Lingmerth
Thomas
Lingmerth
Thomas Lingmerth 
Alejandra Llaneza Gmez
Llaneza
Gmez
Llaneza Gmez 
Mara Gabriela "Gaby" Lpez Butron
Lpez
Butron
Lpez Butron 
Arthur Power Lord
Power
Lord
Power Lord 
Victoria Alimonda Lovelady
Alimonda
Lovelady
Alimonda Lovelady 
XiaoQing "Teresa" Lu
Willibrordus Adrianus Maria "Joost" Luiten
Luiten
George Seymour Lyon
Seymour
Lyon
Seymour Lyon 
Alexander C. Mackintosh
Mackintosh
C. Mackintosh 
Nanna Koerstz Madsen
Koerstz
Madsen
Koerstz Madsen 
Leona Maguire
Maguire
Matteo Manassero
Manassero
Caroline Masson
Masson
Catriona Isobel Matthew Lambert
Matthew
John Riley Maxwell
Riley
Maxwell
Riley Maxwell 
Burt Plumb McKinnie
Plumb
McKinnie
Plumb McKinnie 
Ralph McKittrick
McKittrick
Stephanie Meadow
Meadow
Alexandros Merkati
Merkati
Giulia Molinaro
Molinaro
Nathaniel Ford Moore, III
Moore,
III
Moore, III 
Azahara Muoz Guijarro
Muoz
Guijarro
Muoz Guijarro 
Miriam Suely Nagl
Suely
Nagl
Suely Nagl 
Frederick Ernest Newbery
Ernest
Newbery
Ernest Newbery 
Francis Clement "Frank" Newton
Newton
Gwladys Nocera
Nocera
Harukyo Nomura
Nomura
Anna Maria Nordqvist
Maria
Nordqvist
Maria Nordqvist 
SuHyun Oh
Jacob Thorbjrn Olesen
Thorbjrn
Olesen
Thorbjrn Olesen 
George Charles Oliver
Charles
Oliver
Charles Oliver 
Shiho Oyama
Oyama
ChengTsung "C. T." Pan
Pan
Park InBee
In-Bee
Suzann Pettersen
Pettersen
Pornanong Phatlum
Phatlum
Mason Elliott Phelps
Elliott
Phelps
Elliott Phelps 
Thomas Pieters
Pieters
Gerina Michelle Piller Mendoza
Piller
Clarkson Potter
Potter
Harry Potter
Potter
George Francis Powell
Francis
Powell
Francis Powell 
Samus Power
Power
Myra Abigail "Abbie" Pratt Pankhurst, Wright, Karageorgevich
Wright-,
Simeon Taylor "Sim" Price, Jr.
Price,
Jr.
Price, Jr. 
Julien Quesne
Quesne
John B. Rahm
Rahm
B. Rahm 
Mohammad Siddikur Rahman
Siddikur
Rahman
Siddikur Rahman 
Patrick Nathaniel Reed
Nathaniel
Reed
Nathaniel Reed 
Paula Reto
Reto
Ellen Richards Ridgway Munroe
Ridgway
David Donaldson Robertson
Donaldson
Robertson
Donaldson Robertson 
Justin Peter Rose
Peter
Rose
Peter Rose 
Walter Mathers Rutherford
Mathers
Rutherford
Mathers Rutherford 
Charles Edward Sands
Edward
Sands
Edward Sands 
Daniel Edward "Ned" Sawyer
Sawyer
Charles White Scudder
White
Scudder
White Scudder 
Frederick Humphrey "Fred" Semple
Semple
Giulia Sergas
Sergas
Alena Sharp
Sharp
Wallace Franklin Shaw
Franklin
Shaw
Franklin Shaw 
Ashleigh Ann Simon
Ann
Simon
Ann Simon 
Harold Winslow Simpkins
Winslow
Simpkins
Winslow Simpkins 
Marianne Skarpnord
Skarpnord
William Poultney Smith
Poultney
Smith
Poultney Smith 
Clement Eyer Smoot
Eyer
Smoot
Eyer Smoot 
Klra Spilkov
Spilkov
James Langford Stack
Langford
Stack
Langford Stack 
Henrik Olof Stenson
Olof
Stenson
Olof Stenson 
William Arthur "Art" Stickney
Stickney
Stuart Grosvenor "Stu" Stickney
Stickney
Brandon Michael Stone
Michael
Stone
Michael Stone 
Herbert Clayton Sumney
Clayton
Sumney
Clayton Sumney 
Miguel Luis Tabuena
Luis
Tabuena
Luis Tabuena 
Noora Tamminen
Tamminen
Kelly Tan
Tan
Frederick Winslow Taylor
Winslow
Taylor
Winslow Taylor 
Robert Henry Thach
Henry
Thach
Henry Thach 
George A. Thomas
Thomas
A. Thomas 
Alexis "Lexi" Thompson
Thompson
George Thorne
Thorne
Mara Jos "Marajo" Uribe Durn
Uribe
Durn
Uribe Durn 
Albane Valenzuela
Valenzuela
M. Van de Wynckl
Wynckl
de Wynckl 
Jaco Phillipus Van Zyl
Van
Zyl
Van Zyl 
Jhonattan Vegas
Vegas
Maria Vitalyevna Verchenova Balikoeva
Verchenova
Abner Chapin Vickery
Chapin
Vickery
Chapin Vickery 
Wang JeungHun
Jeung-Hun
Gerry Lester "Bubba" Watson, Jr.
Watson,
Jr.
Watson, Jr. 
John T. Watson
Watson
T. Watson 
Harold "Harry" Weber
Weber
Pauline "Polly" Whittier Iselin
Whittier
Bernd Wiesberger
Wiesberger
Krista Ursula Wikstrm Tuutti
Wikstrm
Charles E. Willard
Willard
E. Willard 
Daniel John "Danny" Willett
Willett
William Temple Withers, Jr.
Withers,
Jr.
Withers, Jr. 
Christine Wolf
Wolf
Warren Kenneth Wood
Kenneth
Wood
Kenneth Wood 
Wu Ashun
Ashun
HeeYoung "Amy" Yang
Yang
Meade Walker Yates
Walker
Yates
Walker Yates 
Fabrizio Zanotti Cavazzoni
Zanotti
Cavazzoni
Zanotti Cavazzoni 
