Gymnastics Men's Individual All-Around
Gymnastics Men's Team All-Around
Gymnastics Men's Floor Exercise
Gymnastics Men's Horse Vault
Gymnastics Men's Parallel Bars
Gymnastics Men's Horizontal Bar
Gymnastics Men's Rings
Gymnastics Men's Pommelled Horse
Gymnastics Men's Team All-Around, Free System
Gymnastics Women's Individual All-Around
Gymnastics Women's Team All-Around
Gymnastics Women's Floor Exercise
Gymnastics Women's Horse Vault
Gymnastics Women's Uneven Bars
Gymnastics Women's Balance Beam
Gymnastics Women's Team Portable Apparatus
Gymnastics Men's Team All-Around, Swedish System
Gymnastics Men's Individual All-Around, 5 Events
Gymnastics Men's Rope Climbing
Gymnastics Men's Club Swinging
Gymnastics Men's Individual All-Around, Field Sports
Gymnastics Men's Individual All-Around, Apparatus Work
Gymnastics Men's Parallel Bars, Teams
Gymnastics Men's Horizontal Bar, Teams
Gymnastics Men's Side Horse
Gymnastics Men's Individual All-Around, 4 Events
Gymnastics Men's Tumbling
