Ace
Assault
Ball
Bench
Block
Bounced Shot
Centre Back
CB
Centre Line
Coach
Coin Toss
Combination
Corner Shot
Corner Throw
Court Player
Court Referee
CR
Crack
Cross the Sideline
Crossed the Goal Line
Cutter
Disallowing a Goal
Disqualification
Dive Shot
Down
Dribble
EHF Official
Equipment
Exclusion
Extended Fast Break
Fake Run
Final Signal
Flagging
Foot
Forewarning Signal
Foul
Free Throw
Free Throw Line
Getting the Rebound
Give-and-go
Gloves
Goal
Goalie
Goalkeeper's Restraining Line
Restraining Line
Goalkeeper Throw
Goal Area
Goal Area Line
Goal Line Referee
GR
Halftime Break
Handling
Holding the Opponent
Interception
Interception of the Ball
Interruption
Joint Decision
Jump Shot
Killer
Left Back
LB
Left-handed Player
Left Wing
LW
Line Player
LP
Long Ball
Man Marking
Match Report
Net
Out Ball
Out of Play
Outer Goal Line
Overarm Shot
Overtime
Pass
Passing
Passive Play
Penalty Throw
Personal Punishment
Piston Movement
Playing Court
Playing Positions
Playing Time
Public Scoreboard Clock
Qualification Games
Rebound
Re-enter
Referee
Referee's Throw
Right Back
RB
Right-handed Player
Right Wing
RW
Sanction
Save
Score
Serving a 2-minute Suspension
Seven Meter Line
Seven Meter Shot Penaltythrow
Shooting on Goal
Shorts
Short Ball
Sidestepping
Sideline
Sneakers
Spike
Spin Shot
Stealing the Ball
Substitution
Substitution Line
Suspension
Tackling Physically
Tactics
Team
Team Official
Team Time-out
Three Metres from the Thrower
Three Steps
Throw-in
Throw-off
Throw-on
Throw-out
Throwing in the Ball
Throw
Timekeeper
Scorekeeper
Tree Tops
Turning
Underarm Shot
Uniform
Unsportsmanlike Conduct
Various Legal Entitlement
Warning
Whip
Whistle for the Throw-off
Xbox 360 Game
Younger Age Categories
Zone Defence Systems