Gustav Bernhard Franck Alexander
Bernhard
Franck
Alexander
Almighty Voice
Voice
Black Eagle
Eagle
Black Hawk
Hawk
Joseph lie Blanchard
lie
Blanchard
William Thomas Edmund "Billy" Brennagh
Thomas
Edmund
"Billy"
Brennagh
Patrick Joseph "Paddy" Brennan
Joseph
"Paddy"
Brennan
George Henry Bretz Brett
Henry
Bretz
Brett
John Charles "Jack" Broderick
Charles
"Jack"
Broderick
George Frederick Buckland
Frederick
Buckland
William Lawrie "Billy" Burns
Lawrie
"Billy"
Burns
George Herrold "Doc" Campbell
Herrold
"Doc"
Campbell
George James Cattanach
James
Cattanach
George Cloutier
Cloutier
Alexander "Sandy" Cowan
"Sandy"
Cowan
Angus F. "Gus" Dillon
"Gus"
Dillon
Francis Joseph "Frank" Dixon
Joseph
"Frank"
Dixon
J. W. Dowling
Dowling
Richard Louis Duckett
Louis
Duckett
Eric Ogden Dutton
Ogden
Dutton
Flat Iron
Iron
John "Jack" Flett
"Jack"
Flett
W. R. Gibson
Gibson
Thomas Patrick "Tom" Gorman
Patrick
"Tom"
Gorman
Patrick Grogan
Grogan
Half Moon
Moon
Ernest Samuel "Ernie" Hamilton
Samuel
"Ernie"
Hamilton
S. N. Hayes
Hayes
Henry Francis "Henny" Hoobin
Francis
"Henny"
Hoobin
Thomas "Tom" Hunter
"Tom"
Hunter
Benjamin Jamieson
Jamieson
Wilfrid Alexander Johnson
Alexander
Johnson
Edward Percy Jones
Percy
Jones
Stuart Ralston Laidlaw
Ralston
Laidlaw
Lightfoot
Hilliard Lyle
Lyle
Clarence Douglas "Clary" MacKerrow
Douglas
"Clary"
MacKerrow
Man Afraid Soap
Afraid
Soap
Reginald George Warren Martin
George
Warren
Martin
Gerald Mason
Mason
William Arthur Murphy
Arthur
Murphy
Night Hawk
Hawk
Johnson ParkerSmith
ParkerSmith
William Partridge
Partridge
George William Passmore
William
Passmore
William Thomas Passmore
Thomas
Passmore
Lawrence Henry Pentland
Henry
Pentland
Rain in Face
Face
Hubert Walter Ramsey
Walter
Ramsey
Red Jacket
Jacket
George Haddow Rennie
Haddow
Rennie
W. J. Ross
Ross
Charles Hubert Scott
Hubert
Scott
Snake Eater
Eater
Spotted Tail
Tail
John "Jack" Sullivan
"Jack"
Sullivan
Alexander Thomas "Sandy" Turnbull
Thomas
"Sandy"
Turnbull
Albert H. Venn
Venn
Norman Henry Pownall Whitley
Henry
Pownall
Whitley
A. M. Woods
Woods
