Agnes Erika Aanonsen Eyde
Aanonsen
Julianne "Anne" Abernathy
Abernathy
Yelizaveta Vyacheslavovna Aksyonova
Vyacheslavovna
Aksyonova
Vyacheslavovna Aksyonova 
Karsten Klaus Albert
Klaus
Albert
Klaus Albert 
Grant Albrecht
Albrecht
Dmitry Sergeyevich Alekseyev
Sergeyevich
Alekseyev
Sergeyevich Alekseyev 
Ingrda Amantova
Amantova
Giampaolo Ambrosi
Ambrosi
Ursula Amstein
Amstein
Douglas Thomas "Doug" Anakin
Anakin
Yuliya Igorevna Anashkina
Igorevna
Anashkina
Igorevna Anashkina 
Andrei Anghel
Anghel
Yuliya Konstantinovna Antipova
Konstantinovna
Antipova
Konstantinovna Antipova 
Vladislav Nikolayevich Antonov
Nikolayevich
Antonov
Nikolayevich Antonov 
Aiva Aparjode
Aparjode
Ioan Apostol
Apostol
Satoru Arai
Arai
Larry Arbuthnot
Arbuthnot
Tobias Arlt
Arlt
Bernhard Aschauer
Aschauer
Leo Atzwanger
Atzwanger
Monika Auer
Auer
Angelika Aukenthaler
Aukenthaler
Walter Auerdorfer
Auerdorfer
Erika Auersdorfer
Auersdorfer
Oleh Avdieiev
Avdieiev
Mitko Bachev
Bachev
Laureniu Blnoiu
Blnoiu
Bruno Fuahea Banani Semi
Banani
Jacqueline Barasinski
Barasinski
Joseph James "Joe" Barile
Barile
Douglas Scott "Doug" Bateman
Bateman
Raymond Henry "Ray" Bateman, Jr.
Bateman,
Jr.
Bateman, Jr. 
Yekaterina Sergeyevna Baturina
Sergeyevna
Baturina
Sergeyevna Baturina 
Alexander Bau
Bau
Max Beck
Beck
Peter Beck
Beck
Simon Beck
Beck
Jan Behrendt
Behrendt
Dana BeldovSplensk
Beldov-Splensk
Yevgeny Vladimirovich Belousov
Vladimirovich
Belousov
Vladimirovich Belousov 
Aleksandr Vladimirovich Belyakov
Vladimirovich
Belyakov
Vladimirovich Belyakov 
Gennady Vladimirovich Belyakov
Vladimirovich
Belyakov
Vladimirovich Belyakov 
Sascha Benecken
Benecken
Andr Benoit
Benoit
Antony Lee "Tony" Benshoof
Benshoof
Stanislav Benyov
Benyov
Robert Olen Berkley, Jr.
Berkley,
Jr.
Berkley, Jr. 
Frdric Bertrand
Bertrand
Detlef Bertz
Bertz
Sandris Berzin
Berzin
Wilhelm Biechl
Biechl
Veronika Bilgeri
Bilgeri
Ismar Biogradli
Biogradli
Ivar Tagesson Bjare
Tagesson
Bjare
Tagesson Bjare 
Wilhelmine "Minna" Blml
Blml
Anatoly Bobkov
Bobkov
Iginia Boccalandro Valentina
Boccalandro
Valentina
Boccalandro Valentina 
Jana Bode
Bode
Gerhard Bhmer
Bhmer
Laurence Bonici
Bonici
Morgane Bonnefoy
Bonnefoy
MarieThrse Bonnet
Bonnet
KlausMichael Bonsack
Bonsack
Mary Jane Dyment Bowie Finlayson
Bowie
Yves Boyer
Boyer
Vladimir Sergeyevich Boytsov
Sergeyevich
Boytsov
Sergeyevich Boytsov 
Ilona Brand Oeckel
Brand
Hans Brandner
Brandner
Reinhard Bredow
Bredow
Dainis Bremze
Bremze
Stephen Brialey
Brialey
Summer Britcher
Britcher
Dinah Susie Browne
Susie
Browne
Susie Browne 
Antonn Bro
Bro
Luk Bro
Bro
Kurt Brugger
Brugger
Christine Brunner
Brunner
Helmuth Brunner
Brunner
Karl Bernhard Brunner
Bernhard
Brunner
Bernhard Brunner 
Walter Brunner
Brunner
Teresa Bugajczyk Labudz
Bugajczyk
Maximilian "Max" Burghartswieser
Burghartswieser
Donna Margaret Burke
Margaret
Burke
Margaret Burke 
Eduard Vyacheslavovich Burmistrov
Vyacheslavovich
Burmistrov
Vyacheslavovich Burmistrov 
Bethany "B" CalcaterraMcMahon
Calcaterra-McMahon
Julio Csar Camacho
Csar
Camacho
Csar Camacho 
Hannah CampbellPegg
Campbell-Pegg
Gregory Carigiet
Carigiet
Albertus "Bart" Carpentier Alting
Carpentier
Alting
Carpentier Alting 
Richard Price Cavanaugh
Price
Cavanaugh
Price Cavanaugh 
ConstantinLiviu Cepoi
Cepoi
Danil Vasilyevich Chaban
Vasilyevich
Chaban
Vasilyevich Chaban 
Susan Hall Charlesworth
Hall
Charlesworth
Hall Charlesworth 
Julie Chase
Chase
Cosmin Chetroiu
Chetroiu
Mihaela Chira
Chira
Mogens Christensen
Christensen
Jeffrey "Jeff" Christie
Christie
Chuang LaiChun
Lai-Chun
Oryslava Chukhlib
Chukhlib
Julia Clukey
Clukey
Ian Cockerline
Cockerline
Kyle Connelly
Connelly
T. John D'Arcy Coulson
D'Arcy
Coulson
D'Arcy Coulson 
Valentin Creu
Creu
Linda CrutchfieldBocock
Crutchfield-Bocock
Tekla Charlotta "Lotta" Dahlberg Stenqvist
Dahlberg
Antoinette Helen "Toni" Damigella
Damigella
Jadwiga Damse Witowska
Damse
Walter Ten Eyck "Ty" Danco
Danco
Sergey Vladimirovich Danilin
Vladimirovich
Danilin
Vladimirovich Danilin 
Nadezhda Anatolyevna Danilina Shmitova
Danilina
Michel Rey de Carvalho
Carvalho
de Carvalho 
JeanPierre De Petro
Petro
De Petro 
Rupert Frank Frenan Deen
Frenan
Deen
Frenan Deen 
Ivars Deinis
Deinis
Albert Mikhaylovich Demchenko
Mikhaylovich
Demchenko
Mikhaylovich Demchenko 
Elisabeth Demleitner Seitz
Demleitner
John Denby
Denby
Aleksandr Vladimirovich Denisyev
Vladimirovich
Denisyev
Vladimirovich Denisyev 
Michelle Despain Hoeger
Despain
Martha Clare Diplock
Clare
Diplock
Clare Diplock 
Lawrence "Larry" Dolan
Dolan
Daniel "Dan" Doll
Doll
MarieClaude Doyon
Doyon
CorinaMariana DrganTerecoasa
Drgan-Terecoasa
Duan Dragojevi
Dragojevi
Valery Arkadyevich Dudin
Arkadyevich
Dudin
Arkadyevich Dudin 
Kaspars Dumpis
Dumpis
Angelika Dnhaupt
Dnhaupt
Christopher Dyason
Dyason
Bjrn Ingebrigt Dyrdahl
Ingebrigt
Dyrdahl
Ingebrigt Dyrdahl 
Roger Eugene Eddy
Eugene
Eddy
Eugene Eddy 
Simone Eder
Eder
Samuel "Sam" Edney
Edney
Jonathan Edwards
Edwards
Reinhard Egger
Egger
Toni Eggert
Eggert
Walter Eggert
Eggert
Emil Egli
Egli
Masako Eguchi
Eguchi
Harald Ehrig
Ehrig
JanArmin Eichhorn
Eichhorn
Juris Eisaks
Eisaks
Harold Lee "Jack" Elder
Elder
Agris Elerts
Elerts
Ortrun Enderlein Zphel
Enderlein
SusiLisa Erdmann Plankensteiner
Erdmann
Raymond Lawrence "Ray" Fales
Fales
George Robert Farmer
Robert
Farmer
Robert Farmer 
John Richard Fee
Richard
Fee
Richard Fee 
Karl Josef Feichter
Josef
Feichter
Josef Feichter 
Maria Feichter
Feichter
Josef Feistmantl
Feistmantl
Marco Felder
Felder
Sarah Felder
Felder
Francis Lloyd Feltman
Lloyd
Feltman
Lloyd Feltman 
Edward Piotr Fender
Piotr
Fender
Piotr Fender 
Andrea Fendt
Fendt
Josef Fendt
Fendt
John Fennell
Fennell
Alexander "Alex" Ferlazzo
Ferlazzo
Wolfram Fiedler
Fiedler
Georg Fischler
Fischler
Dominik Fischnaller
Fischnaller
Andr Florschtz
Florschtz
Georg Fluckinger
Fluckinger
Martin Frster
Frster
Margaret Ann "Peggy" Frair
Frair
Olivier Fraise
Fraise
Yann Fricheteau
Fricheteau
Ren Friedl
Friedl
Stepan Valeryevich Fyodorov
Valeryevich
Fyodorov
Valeryevich Fyodorov 
Ute Ghler Scheiffele
Ghler
Iluta Gaile
Gaile
Gang GwangBae
Gwang-Bae
Pablo Garca Muoz
Garca
Muoz
Garca Muoz 
Erik Michael Grdebck
Michael
Grdebck
Michael Grdebck 
Arnold Gartmann
Gartmann
Sandra Gasparini
Gasparini
Robert "Bob" Gasper
Gasper
Rainer Gassner
Gassner
Jess Gatell Margarit
Gatell
Margarit
Gatell Margarit 
Ryszard Mieczysaw Gawior
Mieczysaw
Gawior
Mieczysaw Gawior 
Zbigniew Marian Gawior
Marian
Gawior
Marian Gawior 
Viera Gbrov
Gbrov
Natalie Geisenberger
Geisenberger
Ilse Geisler Vorspach
Geisler
Deborah Kay "Debra" Genovese
Genovese
Denis Geppert
Geppert
Reto Gilly
Gilly
David Gilman
Gilman
Thomas Girod
Girod
Bernhard Glass
Glass
Gerhard Gleirscher
Gleirscher
Annefried Gllner
Gllner
Marcelo Gonzlez
Gonzlez
Rubn Oscar Gonzlez
Oscar
Gonzlez
Oscar Gonzlez 
Barbara GorgoFlont
Gorgo-Flont
Aleksey Mikhaylovich Gorlachov
Mikhaylovich
Gorlachov
Mikhaylovich Gorlachov 
Torsten Grlitzer
Grlitzer
JeanPierre Gottschall Burdet
Gottschall
Alex Gough
Gough
Enrico Graber
Graber
Giovanni Graber
Graber
Albert Graf
Graf
Margit Graf
Graf
Sylvette Grassi
Grassi
Preston Griffall
Griffall
Sorina Grigore icu
Grigore
Mark R. Grimmette
Grimmette
R. Grimmette 
Rudolf "Rudi" Grwang
Grwang
Patrick Gruber
Gruber
Janusz Grzemowski
Grzemowski
Peter Gschnitzer
Gschnitzer
Irina Alekseyevna Gubkina
Alekseyevna
Gubkina
Alekseyevna Gubkina 
Oskars Gudramovis
Gudramovis
Dettlef Gnther
Gnther
Georg Hackl
Hackl
Bernd Hahn
Hahn
Norbert Hahn
Hahn
Ulrich "Ulli" Hahn
Hahn
Yuriy Ihorovych Haiduk
Ihorovych
Haiduk
Ihorovych Haiduk 
Gabriela Haja
Haja
Veronika Halder
Halder
Frantiek Hal
Hal
Christian HallnPaulsen
Halln-Paulsen
Erin Mullady Hamlin
Mullady
Hamlin
Mullady Hamlin 
Jan Hamk
Hamk
Douglas "Doug" Hansen
Hansen
Kate Elizabeth Hansen
Elizabeth
Hansen
Elizabeth Hansen 
Maura Jo Haponski
Haponski
Jo Haponski 
Madoka Harada
Harada
Jn Harni
Harni
Oswald Haselrieder
Haselrieder
Beat Hsler
Hsler
Ernst Haspinger
Haspinger
Andrea Hatle
Hatle
Oldka "Olina" HtlovTylov Nagenrauft
Htlov-Tylov
Mark Hatton
Hatton
Ralph Carl Havens
Carl
Havens
Carl Havens 
Goro Hayashibe
Hayashibe
Ashley Hayden Walden
Hayden
Richard J. Healey
Healey
J. Healey 
Adam Heidt
Heidt
Kyle Heikkila
Heikkila
PerUlf Helander
Helander
John Michael "Mike" Hessel
Hessel
James Jeremiah "Jim" Higgins
Higgins
PaulPeter Hildgartner
Hildgartner
Tsukasa Hirakawa
Hirakawa
Dorothy Ann "Dee" Hirschland
Hirschland
Paul Hix
Hix
Christopher David "Chris" Hoeger
Hoeger
Werner Walter Karl Hoeger
Karl
Hoeger
Karl Hoeger 
Jrg Hoffmann
Hoffmann
Stefan Hhener
Hhener
Kenneth Inge Holm Eriksson
Holm
Nils Erik Mikael Holm
Mikael
Holm
Mikael Holm 
Veronica MarieLouise Holmsten Nelson
Holmsten
Stefan Hlzlwimmer
Hlzlwimmer
Horst Hrnlein
Hrnlein
Anthony Michael "Mike" Howard
Howard
Hsieh HsiangChun
Hsiang-Chun
Huang LiuChong
Liu-Chong
Arnold Eberhard Huber
Eberhard
Huber
Eberhard Huber 
Norbert Huber
Huber
Wilfried "Willy" Huber
Huber
Tatjana Hfner
Hfner
Ji Hujer
Hujer
Jakub Hyman
Hyman
Ondej Hyman
Hyman
Kazuaki Ichikawa
Ichikawa
Paul Ifrim
Ifrim
Nina Ignatyeva
Ignatyeva
Petar Aleksandrov Iliev
Aleksandrov
Iliev
Aleksandrov Iliev 
Stefan Ilsanker
Ilsanker
Viktor Ilyin
Ilyin
Toru Ito
Ito
Tatyana Ivanovna Ivanova
Ivanovna
Ivanova
Ivanovna Ivanova 
James "Clay" Ives
Ives
Thomas Jacob
Jacob
Mria Jasenkov
Jasenkov
Mark Jensen
Jensen
Markta Jeriov
Jeriov
Lubo Jra
Jra
Jo JeongMyeong
Jeong-Myeong
Morten Nordeide Johansen
Nordeide
Johansen
Nordeide Johansen 
Sheila Marie Johansen
Marie
Johansen
Marie Johansen 
Arianne Jones
Jones
Francis Anthony "Frank" Jones, Jr.
Jones,
Jr.
Jones, Jr. 
Dan Joye
Joye
Ulrich Jucker
Jucker
Markus Kgi
Kgi
Pteris Kalni
Kalni
Krasimir Kamenov
Kamenov
Bernhard Kammerer
Kammerer
Halina Kanasz Wozny
Kanasz
Hidenari Kanayama
Kanayama
Ilko Angelov Karacholov
Angelov
Karacholov
Angelov Karacholov 
Ivan Angelov Karacholov
Angelov
Karacholov
Angelov Karacholov 
Dajana Karajica
Karajica
Suad Karajica
Karajica
Jan Stanisaw Kasielski
Stanisaw
Kasielski
Stanisaw Kasielski 
MiriamStefanie Kastlunger
Kastlunger
Yumiko Kato
Kato
Miyako Kawase
Kawase
Aidan Kelly
Kelly
Duncan Morrow Kennedy
Morrow
Kennedy
Morrow Kennedy 
Shiva Keshavan
Keshavan
Carole Maxine Keyes
Maxine
Keyes
Maxine Keyes 
Dmitry Vladimirovich Khamkin
Vladimirovich
Khamkin
Vladimirovich Khamkin 
Yury Aleksandrovich Kharchenko
Aleksandrovich
Kharchenko
Aleksandrovich Kharchenko 
Nataliya Vladimirovna Khoreva
Vladimirovna
Khoreva
Vladimirovna Khoreva 
Kim DongHyeon
Dong-Hyeon
Kim MinGyu
Min-Gyu
Wolfgang Kindl
Kindl
Andriy Myronovych Kis
Myronovych
Kis
Myronovych Kis 
Inrs Kivlenieks
Kivlenieks
Stefan Inge Wilhelm Kjernholm
Wilhelm
Kjernholm
Wilhelm Kjernholm 
Markus Kleinheinz
Kleinheinz
Margarita Vyacheslavovna Klimenko
Vyacheslavovna
Klimenko
Vyacheslavovna Klimenko 
Viktor Ivanovich Kneyb
Ivanovich
Kneyb
Ivanovich Kneyb 
Angela Knsel Hhler
Knsel
Masatoshi Kobayashi
Kobayashi
Yumie Kobayashi
Kobayashi
Martina Kocher
Kocher
Hans Arnold Kohala
Arnold
Kohala
Arnold Kohala 
Thomas Khler
Khler
Gabriele "Gabi" Kohlisch
Kohlisch
Jan Kohoutek
Kohoutek
Agnese Koklaa
Koklaa
Semyon Aleksandrovich Kolobayev
Aleksandrovich
Kolobayev
Aleksandrovich Kolobayev 
Jo Alexander Koppang
Alexander
Koppang
Alexander Koppang 
Marlene Korthals
Korthals
Hitomi Koshimizu
Koshimizu
Vendula Kotenov
Kotenov
Andrzej Leonard Kozik
Leonard
Kozik
Leonard Kozik 
Stefan Kraue
Kraue
Silke Kraushaar Pielach
Kraushaar
Peter Kretauer
Kretauer
Aigars Krikis
Krikis
Wojciech Kubik
Kubik
Lucjan Jacenty Kudzia
Jacenty
Kudzia
Jacenty Kudzia 
Ewa Kuls
Kuls
Koji Kuriyama
Kuriyama
Maciej Kurowski
Kurowski
Irina Kusakina
Kusakina
Valdis uzis
uzis
Mikhail Sergeyevich Kuzmich
Sergeyevich
Kuzmich
Sergeyevich Kuzmich 
Matj Kvala
Kvala
Michal Kvala
Kvala
Nil Labrecque
Labrecque
Andi Langenhan
Langenhan
Antonia Lanthaler
Lanthaler
Pierre Larchier
Larchier
Regan Lauscher
Lauscher
Kim Alfred Layton
Alfred
Layton
Alfred Layton 
Marian Lzrescu
Lzrescu
Franz Lechleitner
Lechleitner
Emilio Lechner
Lechner
Erika Lechner Tauber
Lechner
Lee ChangYong
Chang-Yong
Lee GiRo
Gi-Ro
Lee HakJin
Hak-Jin
Lee YiFang
Yi-Fang
Lee Yong
Yong
Mris Leris
Leris
PatricFritz Leitner
Leitner
Dairis Leksis
Leksis
Gnther Lemmerer
Lemmerer
Li ChiaHsun
Chia-Hsun
Lien TeAn
Te-An
Lin ChuiBin
Chui-Bin
CarlJohan Alexander Lindqvist
Alexander
Lindqvist
Alexander Lindqvist 
Agneta Elisabeth Lindskog Fladvad
Lindskog
Andreas Linger
Linger
Wolfgang Linger
Linger
Krzysztof Lipiski
Lipiski
Nataliya Lisitsa
Lisitsa
Richard Lorton Liversedge
Lorton
Liversedge
Lorton Liversedge 
Igor Vladimirovich Lobanov
Vladimirovich
Lobanov
Vladimirovich Lobanov 
Felix Loch
Loch
Norbert Loch
Loch
Nedad Lomigora
Lomigora
Monika Lcker
Lcker
Liliya Anatolivna Ludan
Anatolivna
Ludan
Anatolivna Ludan 
Ma ChihHung
Chih-Hung
Helena Macher Ochmaska
Macher
Bogdan Macovei
Macovei
Stephen James "Steven" Maher
Maher
Maria Maioru
Maioru
David Mair
Mair
Ernesto Mair
Mair
Sigisfredo Mair
Mair
Anna Mka Jakubowska
Mka
Vladimir Vladimirovich Makhnutin
Vladimirovich
Makhnutin
Vladimirovich Makhnutin 
Mitchel Malyk
Malyk
James William McKinnon Manclark
McKinnon
Manclark
McKinnon Manclark 
Andriy Vasylovych Mandziy
Vasylovych
Mandziy
Vasylovych Mandziy 
Yves Hagen Mankel
Hagen
Mankel
Hagen Mankel 
Robert Manzenreiter
Manzenreiter
Sonja Manzenreiter
Manzenreiter
Rainer Margreiter
Margreiter
Verona Marjanovi
Marjanovi
Stephen Alistair Marsh
Alistair
Marsh
Alistair Marsh 
Brian Martin
Martin
Wiesawa Martyka Wachla
Martyka
Walter Marx, Jr.
Marx,
Jr.
Marx, Jr. 
Francis Joseph "Frank" Masley
Masley
Nicholas Paul "Nick" Mastromatteo
Mastromatteo
Petra Matechov
Matechov
Friederike Matejka
Matejka
Kristaps Mauri
Mauri
Antonia Mayr
Mayr
Otto Mayregger
Mayregger
Christopher "Chris" Mazdzer
Mazdzer
David McComb
McComb
Kimberley McRae
McRae
Vitaly Nikolayevich Melnik
Nikolayevich
Melnik
Nikolayevich Melnik 
HansJoachim Menge
Menge
Denis Michaud
Michaud
ubomr Mick
Mick
Robert Mieszaa
Mieszaa
Stanislav Sergeyevich Mikheyev
Sergeyevich
Mikheyev
Sergeyevich Mikheyev 
Karol Mikrut
Mikrut
Renato Hiromi Gimenez Mizoguchi
Gimenez
Mizoguchi
Gimenez Mizoguchi 
Christopher "Chris" Moffat
Moffat
Michael "Mike" Moffat
Moffat
David Mller
Mller
Jorge Monjo Borget
Monjo
Borget
Monjo Borget 
James Eugene "Jim" Moriarty
Moriarty
Matthew "Matt" Mortensen
Mortensen
Andriy Mukhin
Mukhin
AnnaMaria Mller Murach
Mller
Jens Mller
Mller
Ral Muiz
Muiz
James Donald "Jim" Murray
Murray
Cameron Ann "Cammy" Myler
Myler
Jonathan Myles
Myles
Fritz Nachmann
Nachmann
Danielle Nadeau McMillan
Nadeau
Elisabeth Nagele
Nagele
Hans Ngele
Ngele
Leonhard Nagenrauft
Nagenrauft
Timothy Francis "Tim" Nardiello
Nardiello
Bo Anders Hkan Nsstrm
Hkan
Nsstrm
Hkan Nsstrm 
Grd Anneli Nsstrm Gomo
Nsstrm
Eilif Bjarne Nedberg
Bjarne
Nedberg
Bjarne Nedberg 
Robert Thomas "Tom" Neely
Neely
Colin Ross Nelson
Ross
Nelson
Ross Nelson 
Hana Nesvadbov
Nesvadbov
Angelika Neuner
Neuner
Doris Neuner
Neuner
Christian Elza Niccum
Elza
Niccum
Elza Niccum 
Macleod Nicol
Nicol
Barbara "Babsi" Niedernhuber
Niedernhuber
Paul Nielsen
Nielsen
Jan Ragnar Nilsson
Ragnar
Nilsson
Ragnar Nilsson 
Jozef Ninis
Ninis
Helen Novikov
Novikov
Olga Novikova
Novikova
Thor Haug Nrbech
Haug
Nrbech
Haug Nrbech 
Terrance William N. "Terry" O'Brien
O'Brien
Ute OberhoffnerWei
Oberhoffner-Wei
Veronika Oberhuber
Oberhuber
Christian Oberstolz
Oberstolz
Anastasia OberstolzAntonova
Oberstolz-Antonova
Natalie Obkircher
Obkircher
Oleksandr Volodimyrovich Obolonchyk
Volodimyrovich
Obolonchyk
Volodimyrovich Obolonchyk 
Raymund Ocampo
Ocampo
Mieko Ogawa
Ogawa
Diane Ogle
Ogle
Takahisa Oguchi
Oguchi
Luis Omedes Calonja
Omedes
Calonja
Omedes Calonja 
Nataliya Omsheva
Omsheva
Martin Smith Ore
Smith
Ore
Smith Ore 
Anna Orlova
Orlova
Piotr Orslowski
Orslowski
Sergey Osipov
Osipov
Yuko Otaka Kobayashi
Otaka
Gisela Otto Laeschke
Otto
Sylke Otto
Otto
Mlanie Ougier
Ougier
Nicholas "Nick" Ovett
Ovett
Jonathan Douglas "Jon" Owen
Owen
Masaaki Oyagi
Oyagi
Cristina Pabst
Pabst
Stanisaw Paczka
Paczka
Jeremy James PalmerTomkinson
James
Palmer-Tomkinson
James Palmer-Tomkinson 
Danylo Panchenko
Panchenko
Ivan Papukchiev
Papukchiev
Park JinYong
Jin-Yong
Robin Thomas Partch
Thomas
Partch
Thomas Partch 
Andrus Paul
Paul
Angela Marie "Angie" Paul Edmond
Paul
Semyon Aleksandrovich Pavlichenko
Aleksandrovich
Pavlichenko
Aleksandrovich Pavlichenko 
Irena Paweczyk Kowalska
Paweczyk
Mieczysaw Franciszek Pawekiewicz
Franciszek
Pawekiewicz
Franciszek Pawekiewicz 
Simon J. Payne
Payne
J. Payne 
Snorre Pedersen
Pedersen
Ryszard Pdrak Janowicz
Pdrak
Livia Pelin
Pelin
Peter Penz
Penz
Aleksandr Vladimirovich Peretyagin
Vladimirovich
Peretyagin
Vladimirovich Peretyagin 
Ion Pervilhac
Pervilhac
Jozef Petrulk
Petrulk
Daniel Pfister
Pfister
Manuel Pfister
Pfister
Cristinel Piciorea
Piciorea
Barbara Piecha Gawior
Piecha
Marcin Piekarski
Piekarski
Andrzej Ryszard Piekoszewski
Ryszard
Piekoszewski
Ryszard Piekoszewski 
Jochen Pietzsch
Pietzsch
Spyros Paul Pinas
Paul
Pinas
Paul Pinas 
Robert Erik Pipkins
Erik
Pipkins
Erik Pipkins 
Walter Plaikner
Plaikner
Gerhard Plankensteiner
Plankensteiner
Birgit Platzer
Platzer
Hans Plenk
Plenk
Domen Pociecha
Pociecha
Sarah Podorieszach
Podorieszach
Aivars Polis
Polis
Patryk Poreba
Poreba
Gordon John Pulham Porteus
Pulham
Porteus
Pulham Porteus 
Adam Eric Pothier
Eric
Pothier
Eric Pothier 
Doris Preindl
Preindl
Christopher "Chris" Prentice
Prentice
Derek Prentice
Prentice
Carlo Prinoth
Prinoth
Raimondo Prinoth
Prinoth
Markus Prock
Prock
Erica Prugger
Prugger
Adrian Przechewka
Przechewka
Stanislav Ptnk
Ptnk
Simoneta Racheva
Racheva
Eugen Teodor Radu
Teodor
Radu
Teodor Radu 
Tadeusz Radwan
Radwan
Hansjrg Raffl
Raffl
Maria Luise Rainer
Luise
Rainer
Luise Rainer 
Reinhold Rainer
Rainer
Ricardo Raschini
Raschini
Patrick Rastner
Rastner
Branislav Regec
Regec
Nina Reithmayer
Reithmayer
Guntis Ris
Ris
Alexander Resch
Resch
Vladimr Resl
Resl
Samantha "Sam" Retrosi
Retrosi
Astra Rbena Vtola
Rbena
Emanuel Rieder
Rieder
Ludwig Rieder
Rieder
Theresa Diane Riedl Menard
Riedl
Hans Rinn
Rinn
Sandra Robatscher
Robatscher
Karen Lee Roberts Griffith
Roberts
Kathleen Ann RobertsHomstad
Ann
Roberts-Homstad
Ann Roberts-Homstad 
Robert Spencer "Bob" Rock, Jr.
Rock,
Jr.
Rock, Jr. 
Aleksandra Vasilyevna Rodionova
Vasilyevna
Rodionova
Vasilyevna Rodionova 
Harald Christopher Rasmus Rolfsen
Rasmus
Rolfsen
Rasmus Rolfsen 
Tnnes Stang Rolfsen
Stang
Rolfsen
Stang Rolfsen 
Adam Joseph "AJ" Rosen
Rosen
Ronald A "Ron" Rossi
Rossi
Susan Rossi
Rossi
Hansruedi Roth
Roth
Jorge Roura Bonnet
Roura
Bonnet
Roura Bonnet 
Johan Rousseau
Rousseau
Mrti Rubenis
Rubenis
Thomas Rudolph
Rudolph
Ute Rhrold Bhme, Klawonn
Thomas Rzeznizok
Rzeznizok
Veronika Sabolov
Sabolov
Hans Erik Wilhelm Sahlin
Wilhelm
Sahlin
Wilhelm Sahlin 
Katherine "Kathy" Salmon
Salmon
Harry "Sam" Salmon
Salmon
Anna Berit Salomonsson Wahlberg
Salomonsson
Gerhard Sandbichler
Sandbichler
Atsushi Sasaki
Sasaki
Yuji Sasaki
Sasaki
Hidetoshi Sato
Sato
Franz Schachner
Schachner
Johann Schdler
Schdler
Julius Schdler
Schdler
Magnus Schdler
Schdler
Wolfgang Schdler
Schdler
Angelika Schafferer
Schafferer
Monika Scheftschik Wimmer
Scheftschik
Wolfgang Scheidel
Scheidel
Clifford Keith Wain Schellenberg
Wain
Schellenberg
Wain Schellenberg 
Ueli Schenkel
Schenkel
Johannes Schettel
Schettel
Waltraud Schiefer
Schiefer
Markus Schiegl
Schiegl
Tobias Schiegl
Schiegl
Manfred Schmid
Schmid
Rudolf Schmid
Schmid
Bettina Schmidt Neumann
Schmidt
Cerstin Schmidt Almonat
Schmidt
Markus Schmidt
Schmidt
Christina "Christa" Schmuck
Schmuck
Karl Schrott
Schrott
Margit Schumann Esmarch
Schumann
Thomas Schwab
Schwab
Balthasar Schwarm
Schwarm
Greta Sebald
Sebald
Tyler Seitz
Seitz
Werner Sele
Sele
Taras Mykolaiovych Senkiv
Mykolaiovych
Senkiv
Mykolaiovych Senkiv 
Reinhold Senn
Senn
Seong EunRyeong
Eun-Ryeong
Kirill Nikolayevich Serikov
Nikolayevich
Serikov
Nikolayevich Serikov 
Nina Shashkova
Shashkova
Gordon M. "Gordy" Sheer
Sheer
Claire Sherred DelNegro
Sherred
Hiroko Shibuya
Shibuya
Shieh WeiCheng
Wei-Cheng
Vladimir Sergeyevich Shitov
Sergeyevich
Shitov
Sergeyevich Shitov 
Olena Shkhumova
Shkhumova
Michael Shragge
Shragge
Andris ics
ics
Juris ics
ics
Alfred Silginer
Silginer
Meaghan Simister
Simister
Stephen Otto Sinding
Otto
Sinding
Otto Sinding 
Patrick Derek Singleton
Derek
Singleton
Derek Singleton 
Jana iajov
iajov
Steffen Skel Sartor
Skel
Nauris Skrausti
Skrausti
Anastasiya Valeryevna Skulkina Tambotvseva
Skulkina
Jozef kvarek
kvarek
Jaroslav Slvik
Slvik
Bruce Smith
Smith
Justin Snith
Snith
Jurita nitko
nitko
Sven Anders Sderberg
Anders
Sderberg
Anders Sderberg 
Marek Solansk
Solansk
Melitta Sollmann Schack
Sollmann
Igor piri
piri
Elena Stan
Stan
Ion Cristian Stanciu
Cristian
Stanciu
Cristian Stanciu 
Hans Stanggassinger
Stanggassinger
Ewelina Joanna Staszulonek
Joanna
Staszulonek
Joanna Staszulonek 
Wolfgang Staudinger
Staudinger
Manfred Stengl
Stengl
Olena Stetskiv
Stetskiv
Mathias Gustav Gotthold Leo "Matis" Stinnes
Stinnes
Richard A. Stithem
Stithem
A. Stithem 
Raluca Strmturaru
Strmturaru
Asle Strand
Strand
Johan Christian Strm
Christian
Strm
Christian Strm 
JanAxel Strm
Strm
Rolf Greger Strm
Greger
Strm
Greger Strm 
Karol Stuchlk
Stuchlk
Wendel D. Suckow
Suckow
D. Suckow 
ChristiAdrian Sudu
Sudu
Roberts Suharevs
Suharevs
Evija ulce vne
ulce
Nicholas Alexander "Nick" Sullivan
Sullivan
Reinhold Sulzbacher
Sulzbacher
Sun KuangMing
Kuang-Ming
Aivis vns
vns
Helge Svensen
Svensen
Yury Svetikov
Svetikov
Megan Sweeney
Sweeney
Leszek Szarejko
Szarejko
Andrea Tagwerker
Tagwerker
Takashi Takagi
Takagi
Kei Takahashi
Takahashi
Kazuhiko Takamatsu
Takamatsu
Robert Constantin Taleanu
Constantin
Taleanu
Constantin Taleanu 
Mina Tanaka
Tanaka
Russell Tapp
Tapp
Ionu Dorin ran
Dorin
ran
Dorin ran 
William S. "Bill" Tavares
Tavares
Harington Telford
Telford
Teng PiHui
Pi-Hui
Jayson Terdiman
Terdiman
Erica Winifred Terwillegar
Winifred
Terwillegar
Winifred Terwillegar 
Helmut Thaler
Thaler
Christopher "Chris" Thorpe
Thorpe
Helene "Leni" Thurner Bullock
Thurner
Levan Tibilov
Tibilov
Marian Constantin Tican
Constantin
Tican
Constantin Tican 
Franz Tiefenbacher
Tiefenbacher
Elza Truma Cauce
Truma
Maija Truma
Truma
Masaki Toshiro
Toshiro
Neil William Townshend
William
Townshend
William Townshend 
Georges Tresallet
Tresallet
George Franklin Tucker
Franklin
Tucker
Franklin Tucker 
Jeffrey Paul "Jeff" Tucker
Tucker
Adriana Turea
Turea
Rolands Upatnieks
Upatnieks
Horst Urban
Urban
Petr Urban
Urban
Roland Urban
Urban
Ihor Urbanskiy
Urbanskiy
Andr Charles Usborne
Charles
Usborne
Charles Usborne 
Shigeaki Ushijima
Ushijima
Kakha Vakhtangishvili
Vakhtangishvili
Einrs Veika
Veika
Yury Aleksandrovich Veselov
Aleksandrovich
Veselov
Aleksandrovich Veselov 
Nils Erik Vinberg
Erik
Vinberg
Erik Vinberg 
Andrea Voetter
Voetter
Helmut Vollprecht
Vollprecht
Juris Vovoks
Vovoks
Elfriede Wger
Wger
Ewald Walch
Walch
LarsMarius Waldal
Waldal
Bengt Otto Walden
Otto
Walden
Otto Walden 
Avril Walker
Walker
Tristan Walker
Walker
Michael Walter
Walter
Phyllis Kay Walter
Kay
Walter
Kay Walter 
Steffi WalterMartin
Walter-Martin
Ronnie D. "Ron" Walters
Walters
Bonny Susan Warner Simi
Warner
Erin A. Warren
Warren
A. Warren 
Joanna Clytie Weaver Entwhistle, Burri
Pia Wedege
Wedege
Gerda Weissensteiner
Weissensteiner
Anton Wembacher
Wembacher
Franz Wembacher
Wembacher
Tobias Wendl
Wendl
EvaMaria Wernicke Wehling
Wernicke
Tucker West
West
Roger White
White
Ian Whitehead
Whitehead
Fredrik Torgny Wickman
Torgny
Wickman
Torgny Wickman 
Mirosaw Wickowski
Wickowski
Chris Wightman
Wightman
Rebecca "Becky" Wilczak
Wilczak
Franz Wilhelmer
Wilhelmer
Ellen Louise Williams Henry
Williams
Hans Wimmer
Wimmer
Anton Winkler
Winkler
HansHeinrich Winkler
Winkler
Wolfgang Winkler
Winkler
Anke Wischnewski Grlitzer
Wischnewski
Jerzy Wojnar
Wojnar
Natalia Wojtusciszyn
Wojtusciszyn
Steffen Wller
Wller
Jonathan William A. "Jonnie" Woodall
Woodall
Alyson Wreford
Wreford
Torsten Wustlich
Wustlich
Nataliya Vasylivna Yakushenko
Vasylivna
Yakushenko
Vasylivna Yakushenko 
Valery Yakushin
Yakushin
Eriko Yamada
Yamada
Teruko Yamada
Yamada
Shino Yanagisawa
Yanagisawa
Aya Yasuda
Yasuda
Roman Yazvinskiy
Yazvinskiy
Yury Yegorov
Yegorov
Oleg Yermolin
Yermolin
Vladislav Gennadyevich Yuzhakov
Gennadyevich
Yuzhakov
Gennadyevich Yuzhakov 
Courtney Zablocki
Zablocki
Miroslav "Miro" Zajonc
Zajonc
Roman Yaroslavovych Zakharkiv
Yaroslavovych
Zakharkiv
Yaroslavovych Zakharkiv 
Albena Zdravkova
Zdravkova
Constanze Zeitz
Zeitz
Aleksey Vladimirovich Zelensky
Vladimirovich
Zelensky
Vladimirovich Zelensky 
Jindich Zeman
Zeman
Marin Zemank
Zemank
Oleh Zherebytskiy
Zherebytskiy
Ulla Zirne
Zirne
Armin Zggeler
Zggeler
Vera Zozua Pyatnizin
Zozua
Aleksandr Yuryevich Zubkov
Yuryevich
Zubkov
Yuryevich Zubkov 
Yevgeny Aleksandrovich Zykov
Aleksandrovich
Zykov
Aleksandrovich Zykov 
Andrzej ya
