George H. Atkinson
Atkinson
Winchester St. George Clowes
St.
George
Clowes
Alfred George Fentiman
George
Fentiman
John Charles FieldRichards
Charles
FieldRichards
John Marshall Gorham
Marshall
Gorham
Sophia Hope Gorham Hallowes, Compton
Hope
Gorham
Hallowes,
Compton
Thomas Evelyn Ellis ScottEllis
Evelyn
Ellis
ScottEllis
Joseph Frederick Laycock
Frederick
Laycock
Bernard Boverton Redwood
Boverton
Redwood
Isaac Thomas Thornycroft
Thomas
Thornycroft
Ernest Blakelock "mile" Thubron
Blakelock
"mile"
Thubron
Hugh Richard Arthur Grosvenor
Richard
Arthur
Grosvenor
Thomas Douglas Wynn Weston
Douglas
Wynn
Weston
Joseph Warwick Wright
Warwick
Wright
