Forehand
Backhand
Two-hand backhand
Bandeja
Down-the-line
Drive
Drop shot
Floor stroke
Half-volley
Lob
Smash
Cease shot
Participant
Singles
Doubles
Serve
Server
Receiver
Ends
Baseline
Centerline
Internet
Put up
Glass
Fence
Bounce
Service field
Rally
Sport
Set
Match
Deuce
Tiebreak
Love
Match
All
Fault
Foot fault
Let
Back wall boast
Off the wall smash
Over the fence
Over the back wall
bring it back
Side Wall
Back wall
Corner
Backspin
Topspin
Down the line
Cross court
Forehand
Backhand
Drop Shot
Warm up
stand sideways
bend the knees
waist level
retreat
Ball
Racket
Referee
Deuce