Rowing Men's Lightweight Double Sculls
Rowing Men's Coxless Pairs
Rowing Women's Coxless Pairs
Rowing Men's Coxed Eights
Rowing Men's Quadruple Sculls
Rowing Men's Double Sculls
Rowing Men's Coxed Pairs
Rowing Women's Single Sculls
Rowing Men's Coxless Fours
Rowing Men's Coxed Fours
Rowing Women's Coxed Eights
Rowing Women's Lightweight Double Sculls
Rowing Women's Coxed Quadruple Sculls
Rowing Women's Quadruple Sculls
Rowing Women's Double Sculls
Rowing Men's Single Sculls
Rowing Men's 17-Man Naval Rowing Boats
Rowing Men's Lightweight Coxless Fours
Rowing Men's Coxed Fours, Outriggers
Rowing Men's Coxed Fours, Inriggers
Rowing Women's Coxed Fours
Rowing Men's 6-Man Naval Rowing Boats
Rowing Women's Coxless Fours
Rowing Men's Coxed Pairs (1 kilometres)
Rowing Men's Coxed Pairs (1 mile)
