Sailing Women's Windsurfer
Sailing Mixed Three Person Keelboat
Sailing Men's Two Person Dinghy
Sailing Mixed 8 metres
Sailing Mixed Two Person Heavyweight Dinghy
Sailing Women's Three Person Keelboat
Sailing Mixed 7 metres
Sailing Men's One Person Dinghy
Sailing Mixed 6 metres
Sailing Mixed One Person Dinghy
Sailing Mixed Two Person Keelboat
Sailing Men's Windsurfer
Sailing Women's Two Person Dinghy
Sailing Women's Skiff
Sailing Women's One Person Dinghy
Sailing Mixed 5.5 metres
Sailing Men's One Person Heavyweight Dinghy
Sailing Mixed Windsurfer
Sailing Mixed Open
Sailing Mixed 1-2 Ton
Sailing Mixed Multihull
Sailing Mixed 12 metres
Sailing Mixed Two Person Dinghy
Sailing Mixed 40 metres
Sailing Mixed Skiff
Sailing Men's Skiff
Sailing Mixed 10 metres
Sailing Men's Two Person Keelboat
Sailing Mixed 0.5-1 Ton
Sailing Mixed 30 metres
Sailing Mixed 12 foot
Sailing Mixed 10-20 Ton
Sailing Mixed 2-3 Ton
Sailing Mixed 0-0.5 Ton
Sailing Mixed 20+ Ton
Sailing Mixed 6.5 metres
Sailing Mixed 3-10 Ton
Sailing Mixed 18 foot
