Konstantin Georgiyevich Aladashvili
Georgiyevich
Aladashvili
Lindsay Alcock
Alcock
Patrick R. Antaki
Antaki
Matthew "Matt" Antoine
"Matt"
Antoine
Christian Auer
Auer
Dialma Baselgia
Baselgia
Alexander Berner
Berner
Eric A. Bernotas
Bernotas
Nino Bibbia
Bibbia
Milo Bigler
Bigler
Desire Bjerke Andersen
Bjerke
Andersen
Paul Boehm
Boehm
Tyler Botha
Botha
Richard Edward A. Bott
Edward
Bott
Shaun Boyle
Boyle
Kristan Lee Bromley
Lee
Bromley
Luis Andrs Carrasco Arena
Andrs
Carrasco
Arena
Philippe Cavoret
Cavoret
Lucy Chaffer
Chaffer
Josef Chuchla
Chuchla
Sergey Sergeyevich Chudinov
Sergeyevich
Chudinov
Thomas Graves Clarke
Graves
Clarke
James Stuart Coates
Stuart
Coates
David Connolly
Connolly
Alexandrea Andrea "Alex" Coomber Hamilton
Andrea
"Alex"
Coomber
Hamilton
Louise Mary Elizabeth "Lou" Corcoran
Mary
Elizabeth
"Lou"
Corcoran
Elizabeth "Liz" Couch
"Liz"
Couch
John Gordon Crammond
Gordon
Crammond
John Daly
Daly
Anthony Deane
Deane
Alessandro Enrico Del Torso
Enrico
Del
Torso
Lincoln Clark DeWitt
Clark
DeWitt
Pierre Joseph Dormeuil
Joseph
Dormeuil
Michael Douglas
Douglas
Nicola Drocco
Drocco
Martins Dukurs
Dukurs
Tomass Dukurs
Dukurs
Kevin Ray Ellis
Ray
Ellis
Katharine Eustace
Eustace
John Fairbairn
Fairbairn
John Farrow
Farrow
Christian H. Fischbacher
Fischbacher
Janine Flock
Flock
Tristan Gale Geisler
Gale
Geisler
Gang GwangBae
GwangBae
William S. GayraudHirigoyen
GayraudHirigoyen
Duff Gibson
Gibson
Marina Gilardoni
Gilardoni
Germn A. Glessner
Glessner
Amy Gough
Gough
Sean Greenwood
Greenwood
Sophia Griebel
Griebel
Matthias Guggenberger
Guggenberger
Mirsad "Michi" Halilovic
"Michi"
Halilovic
Steffi Hanzlik Jacob
Hanzlik
Jacob
Louis Hasenknopf
Hasenknopf
Sebastian Haupt
Haupt
John Rutherford "Jack" Heaton
Rutherford
"Jack"
Heaton
Jennison Heaton
Heaton
Melissa Marie Hoar
Marie
Hoar
Mellisa HollingsworthRichards
HollingsworthRichards
Anja Huber Selbach
Huber
Selbach
Masaru Inada
Inada
Jo InHo
InHo
Charles William Johnson
William
Johnson
Gottfried Kgi
Kgi
Alexandros Kefalas
Kefalas
Michelle Kelly
Kelly
Frank Kleber
Kleber
Kazuhiro Koshi
Koshi
Alexander Krckel
Krckel
Hugo Artur Kuranda
Artur
Kuranda
Agostino Lanfranchi
Lanfranchi
Lee HanSin
HanSin
Emma LincolnSmith
LincolnSmith
Dany Locati
Locati
Zach Lund
Lund
Fairchilds "Mac" MacCarthy
"Mac"
MacCarthy
Raphael Maier
Maier
William L. Martin
Martin
Maria Marinela Mazilu
Marinela
Mazilu
Ander Mirambell Vias
Mirambell
Vias
Yekaterina Stepanovna Mironova
Stepanovna
Mironova
Jonathan Riley "Jon" Montgomery
Riley
"Jon"
Montgomery
Tanja Morel
Morel
Eiko Nakayama
Nakayama
Eric Neilson
Neilson
Yelena Valeryevna Nikitina
Valeryevna
Nikitina
Nikola Nimac
Nimac
Cynthia Susan "Cindy" Ninos
Susan
"Cindy"
Ninos
David Ludovic George Hopetoun Carnegie
Ludovic
George
Hopetoun
Carnegie
Maurizio Oioli
Oioli
Mariya Sergeyevna Orlova
Sergeyevna
Orlova
Yves Pascal Oswald
Pascal
Oswald
Jeffrey "Jeff" Pain
"Jeff"
Pain
Lea Ann Parsley
Ann
Parsley
Dominic Edward "Dom" Parsons
Edward
"Dom"
Parsons
Maya Pedersen Bieri
Pedersen
Bieri
Snorre Pedersen
Pedersen
Adam Laird Pengilly
Laird
Pengilly
Markus Penz
Penz
Noelle PikusPace
PikusPace
Felix Poletti
Poletti
Olga Viktorovna Potylitsyna
Viktorovna
Potylitsyna
Lelde Priedulna
Priedulna
Sarah Reid
Reid
Martin Rettl
Rettl
Pascal Richard
Richard
Iain Roberts
Roberts
Frank Rommel
Rommel
ShelleyMarie Rudman
Rudman
Grgory SaintGenies
SaintGenies
Ben Sandford
Sandford
Diana Sartor
Sartor
Yuki Sasahara
Sasahara
Wilfried "Willi" Schneider
"Willi"
Schneider
Ane etina
etina
Patrick "Pat" Shannon
"Pat"
Shannon
James Edmund "Jim" Shea, Jr.
Edmund
"Jim"
Shea,
Jr.
Patrick Derek Singleton
Derek
Singleton
Christopher "Chris" Soule
"Chris"
Soule
Gregor Sthli
Sthli
Michelle Steele
Steele
Christian Steger
Steger
Sandro Stielicke
Stielicke
Tionette Stoddard
Stoddard
Kerstin Szymkowiak Jrgens
Szymkowiak
Jrgens
Hiroatsu Takahashi
Takahashi
Shinsuke Tayama
Tayama
Marion TheesTrott
TheesTrott
Nikita Mikhaylovich Tregubov
Mikhaylovich
Tregubov
Kyle Tress
Tress
Aleksandr Vladimirovich Tretyakov
Vladimirovich
Tretyakov
Svetlana Valeryevna Trunova
Valeryevna
Trunova
Katie Uhlaender
Uhlaender
Franz Unterlechner
Unterlechner
Dorin Velicu
Velicu
Willy von Eschen
von
Eschen
Mikhalis Panagiotis "Michael" Voudouris
Panagiotis
"Michael"
Voudouris
Amy Joy Williams
Joy
Williams
Monika Izabela Woowiec
Izabela
Woowiec
Clifton Hugh Lancelot de Verdon Wrottesley
Hugh
Lancelot
Verdon
Wrottesley
Elizabeth Anne "Lizzy" Yarnold
Anne
"Lizzy"
Yarnold
Yelena Vyacheslavovna Yudina
Vyacheslavovna
Yudina
Yun SeongBin
SeongBin
Costanza Zanoletti
Zanoletti
