Mason Singer Aguirre
Singer
Aguirre
Mitchell Allan
Allan
Ccile Alzina
Alzina
Jamie Louise Anderson
Louise
Anderson
JaseyJay Anderson
Anderson
Trevor Andrew
Andrew
Dborah Jessica Anthonioz
Jessica
Anthonioz
Ryo Aono
Aono
Per Jonas Aspman
Jonas
Aspman
Frederik Berggraf Austb
Berggraf
Austb
AnttiMatias Antero "Antti" Autti
Antero
"Antti"
Autti
Nikita Alekseyevich Avtaneyev
Alekseyevich
Avtaneyev
John Ingemar Backman
Ingemar
Backman
Johann Baisamy
Baisamy
David Bake
Bake
Charlotte Bankes
Bankes
Christy Barrett Cummins
Barrett
Cummins
Sergio Bartrina Bitterlich
Bartrina
Bitterlich
Jeffrey "Jeff" Batchelor
"Jeff"
Batchelor
Stefan Baumeister
Baumeister
Nick Baumgartner
Baumgartner
Mathias Behounek
Behounek
Aleksandr Sergeyevich Belkin
Sergeyevich
Belkin
Pamela June Bell
June
Bell
Paul Berg
Berg
Sergio Giacomo Berger
Giacomo
Berger
Belle Marlinde "Bell" Berghuis
Marlinde
"Bell"
Berghuis
Alexander Bergmann
Bergmann
Torgeir Herje Bergrem
Herje
Bergrem
Charlotte Bernard
Bernard
Philippe Berub
Berub
Marie Henriette Birkl Boethius
Henriette
Birkl
Boethius
Daniel Biveson
Biveson
Isabelle Blanc
Blanc
Jenna Blasman
Blasman
Gretchen Bleiler
Bleiler
Bengt Mattias Blomberg
Mattias
Blomberg
Corinna Boccacini
Boccacini
Franois Boivin
Boivin
Andrey Sergeyevich Boldykov
Sergeyevich
Boldykov
Svetlana Sergeyevna Boldykova
Sergeyevna
Boldykova
Cameron "Cam" Bolton
"Cam"
Bolton
Mathieu Ren Bozzetto
Ren
Bozzetto
Gjermund Brten
Brten
Juliane Linda Bray
Linda
Bray
Gregory "Greg" Bretz
"Greg"
Bretz
Torah Jane Bright Thomson
Jane
Bright
Thomson
Belle Brockhoff
Brockhoff
Kendall Brown
Brown
Mitchell Brown
Brown
Ursula Bruhin
Bruhin
Therry Brunner
Brunner
Raffaella Brutto
Brutto
Kjersti stgrd Buaas
stgrd
Buaas
CaraBeth Burnside
Burnside
Andrew Burton
Burton
Patrick Bussler
Bussler
Patricia "Tricia" Byrnes
"Tricia"
Byrnes
Fabio Caduff
Caduff
Cai Xuetong
Xuetong
Kent Callister
Callister
Caroline Calv
Calv
Sina Candrian
Candrian
Brett Carpentier
Carpentier
Queralt Castellet Ibez
Castellet
Ibez
Martin ernk
ernk
Darren Chalmers
Chalmers
Claire Chapotot
Chapotot
Jean Baptiste Charlet
Baptiste
Charlet
Guillaume Chastagnol
Chastagnol
Itaru Chimura
Chimura
Ron Chiodi
Chiodi
Kim Andr Christiansen
Andr
Christiansen
Annamari Mykhailivna Chundak
Mykhailivna
Chundak
Callan ChythlookSifsof
ChythlookSifsof
Isabel Clark Ribeiro
Clark
Ribeiro
Kelly Clark
Clark
Jonathan CollombPatton
CollombPatton
Sarah Conrad
Conrad
Nicolas Conte
Conte
Stephen Emmanuel Copp
Emmanuel
Copp
Charlie Cosnier
Cosnier
Holly Crawford
Crawford
Mathieu Crepel
Crepel
Thomas E. "Tommy" Czeschin
"Tommy"
Czeschin
Isabella Dal Balcon
Dal
Balcon
Maria Elisabeth Danielsson Hoback
Elisabeth
Danielsson
Hoback
Danny Davis
Davis
Camille de Faucompret
Faucompret
Dimi de Jong
Jong
PaulHenri Philippe Emmanuel De Le Rue
Philippe
Emmanuel
Rue
Xavier De Le Rue
Rue
Alex Deibold
Deibold
Michelle Dekker
Dekker
Bertrand Denervaud
Denervaud
Isabel Derungs
Derungs
Nathalie Desmares
Desmares
Stanislav Valeryevich Detkov
Valeryevich
Detkov
Tania Detomas
Detomas
Mariya Georgieva Dimova
Georgieva
Dimova
Natsuko Doi
Doi
Zuzana Dolealov
Dolealov
Hanno Douschan
Douschan
Alexandra Duckworth
Duckworth
Sylvain Duclos
Duclos
Sylvain Dufour
Dufour
Julia Dujmovits
Dujmovits
Shannon M. DunnDowning
DunnDowning
Markus Ebner
Ebner
Lucas Eguibar Bretn  
Eguibar
Bretn
Petra Elsterov
Elsterov
Hilde Katrine Engeli
Katrine
Engeli
Merika Enne
Enne
Meinhard Erlacher
Erlacher
Robert "Rob" Fagan
"Rob"
Fagan
Sandra Farmand
Farmand
Kaitlyn Brooke Farrington
Brooke
Farrington
Mark Fawcett
Fawcett
Walter Feichter
Feichter
ker Fernndez Roncal
Fernndez
Roncal
Andrew Joseph "Andy" Finch
Joseph
"Andy"
Finch
Ursula Fingerlos
Fingerlos
Filip Wilhelm Fischer
Wilhelm
Fischer
Sara Ingrid Fischer
Ingrid
Fischer
Roland Fischnaller
Fischnaller
Rok Flander
Flander
Gabrielle Rose "Rosey" Fletcher
Rose
"Rosey"
Fletcher
Kaspar Fltsch
Fltsch
Jordi Font Ferrer
Font
Ferrer
Kate Foster
Foster
Daniel Franck
Franck
Mellie Francon
Francon
Sandra Frei
Frei
Martin Freinademetz
Freinademetz
Karl Frenademez
Frenademez
Tanja Frieden
Frieden
Mario Fuchs
Fuchs
Yuka Fujimori
Fujimori
Aimee Nicole E. Fuller
Nicole
Fuller
Chikako Fushimi
Fushimi
Rudy Galli
Galli
Nevin Galmarini
Galmarini
Anna Gasser
Gasser
Sandra Daniela Gerber
Daniela
Gerber
Zo Gillings Brier
Gillings
Brier
Lori Glazier
Glazier
Taylor Riley "Ty" Gold
Riley
"Ty"
Gold
Olga Mikhaylovna Golovanova
Mikhaylovna
Golovanova
Michelle Gorgone
Gorgone
Shelly Gotlieb
Gotlieb
Siegfried Josef "Sigi" Grabner
Josef
"Sigi"
Grabner
Jeffrey John "Jeff" Greenwood
John
"Jeff"
Greenwood
Clemence Grimal
Grimal
Sari Karrin Elisabet Grnholm
Karrin
Elisabet
Grnholm
Hans Johan Jonte Grundelius
Johan
Jonte
Grundelius
Lukas Grner
Grner
Andr Grtter
Grtter
Charles "Chas" Guldemond
"Chas"
Guldemond
Faye Gulini
Gulini
Doris Gnther
Gnther
David Habltzel
Habltzel
Aprilia Emilie Maria Hgglf Biveson
Emilie
Maria
Hgglf
Biveson
Roland Haldi
Haldi
Christian Haller
Haller
Ursina Haller
Haller
James Hamilton
Hamilton
Alessandro Hmmerle
Hmmerle
Dieter Happ
Happ
Dominic Mark "Dom" Harington
Mark
"Dom"
Harington
Michiyo Hashimoto
Hashimoto
Patrik Hasler
Hasler
Linn Haug
Haug
Joachim Havikhagen
Havikhagen
Damon Hayler
Hayler
Burgel Heckmair
Heckmair
Derek Heidt
Heidt
Anna Carola Hellman
Carola
Hellman
Jacqueline "Jackie" Hernandez
"Jackie"
Hernandez
Regino Hernndez Martn
Hernndez
Martn
Laro Herrero Echavarri 
Herrero
Echavarri
Minna Birgitta Hesso
Birgitta
Hesso
Stephanie Hickey
Hickey
Elena Hight
Hight
Kevin Hill
Hill
Katharina Himmler
Himmler
Ayumu Hirano
Hirano
Taku Hiraoka
Hiraoka
Marcel Hitz
Hitz
Roger Hjelmstadstuen
Hjelmstadstuen
Xaver Hoffmann
Hoffmann
Jacob "Jake" Holden
"Jake"
Holden
Nate Holland
Holland
Tore Viken Holvik
Viken
Holvik
Ulrike Hlzl
Hlzl
Johannes Hpfl
Hpfl
Adam Hostetter
Hostetter
Nicolas Huet
Huet
Jarryd Hughes
Hughes
Markus Mikael Hurme
Mikael
Hurme
Marco Huser
Huser
Maxence Idesheim
Idesheim
Ibn Idigoras Mendoza
Idigoras
Mendoza
Ran Iida
Iida
Yekaterina Sergeyevna Ilyukhina
Sergeyevna
Ilyukhina
Mero Imai
Imai
Takamasa Imai
Imai
Heinz Inniger
Inniger
Marc Iselin
Iselin
Blanka Isielonis
Isielonis
Trevor Jacob
Jacob
Lindsey Jacobellis
Jacobellis
Mike Jacoby
Jacoby
Marvin James
James
Scott James
James
Gilles Jaquet
Jaquet
Satu Johanna Jrvel
Johanna
Jrvel
Heidi Jaufenthaler
Jaufenthaler
Ladina Jenny
Jenny
Jessika Jenson
Jenson
Tyler Jewell
Jewell
Maciej Jodko
Jodko
Jonatan Johansson
Johansson
Tomas CarlErik Johansson
CarlErik
Johansson
Nathan Johnstone
Johnstone
Jennifer Marie "Jenny" Jones
Marie
"Jenny"
Jones
Janet Margareta Jonsson Sundin
Margareta
Jonsson
Sundin
Jenny Elisabeth Jonsson Dorazio
Elisabeth
Jonsson
Dorazio
Selina Jrg
Jrg
Mathieu Justafre
Justafre
Yuki Kadono
Kadono
Frederik Kalbermatten
Kalbermatten
Stefan Kaltschtz
Kaltschtz
Benjamin Martin Karl
Martin
Karl
Stefan Bjrn Ingvar Karlsson
Bjrn
Ingvar
Karlsson
Anke Karstens
Karstens
Daniel "Danny" Kass
"Danny"
Kass
Markus Keller
Keller
Renata Keller Smalley
Keller
Smalley
Ueli Kestenholz
Kestenholz
Pavel Sergeyevich Kharitonov
Sergeyevich
Kharitonov
Markos Khatzikyriakis
Khatzikyriakis
Mike Kildevld
Kildevld
Ben Kilner
Kilner
Kim HoJun
HoJun
Kim SangGyeom
SangGyeom
Maria KirchgasserPichler
KirchgasserPichler
Stine Brun Kjeldaas
Brun
Kjeldaas
Roger Skogheim Kleivdal
Skogheim
Kleivdal
Christopher Jeffries "Chris" Klug
Jeffries
"Chris"
Klug
Toma Knafelj
Knafelj
Amelie Kober
Kober
Lucien Koch
Koch
Brigitte Kck
Kck
Kazuhiro Kokubo
Kokubo
Valery Yevgenyevich Kolegov
Yevgenyevich
Kolegov
Anne Molin Kongsgrd
Molin
Kongsgrd
Elena Knz
Knz
Anton Glebovich Koprivitsa
Glebovich
Koprivitsa
JanneJuhani Korpi
Korpi
Lisa D. Kosglow
Kosglow
Dejan Koir
Koir
an Koir
Koir
Markku Olavi Koski
Olavi
Koski
Glorija Kotnik
Kotnik
Sage Kotsenburg
Kotsenburg
Adrian Krainer
Krainer
Jan Kralj
Kralj
Dieter Krassnig
Krassnig
Giacomo Kratter
Kratter
Marion Kreiner
Kreiner
Doresia Krings
Krings
Heidi Krings
Krings
Aleksandra Krl
Krl
Bernd Kroschewski
Kroschewski
Kohei Kudo
Kudo
Sebastian "Sebu" Kuhlberg
"Sebu"
Kuhlberg
Patrizia Kummer
Kummer
Alex Kupprion
Kupprion
IlkkaEemeli Laari
Laari
Isabella Labck
Labck
Scotty Lago
Lago
Marie Laissus
Laissus
Michael Lambert
Lambert
Justin Lamoureux
Lamoureux
Ariane Lavigne
Lavigne
Michael Layer
Layer
Ester Ledeck
Ledeck
Lee GwangGi
GwangGi
Marianne Leeson
Leeson
Hugo Lemay
Lemay
Tommaso Leoni
Leoni
Li Shuang
Shuang
Paulina Magdalena Ligocka
Magdalena
Ligocka
Mateusz Ligocki
Ligocki
Micha Ligocki
Ligocki
Anton Lindfors
Lindfors
Crispin Lipscomb
Lipscomb
Lauri Aleksi Litovaara
Aleksi
Litovaara
Liu Jiayu
Jiayu
Nadia Livers
Livers
Derek Livingston
Livingston
Arthur Longo
Longo
Alexa Loo Goosen
Loo
Goosen
Mariano Lpez
Lpez
Julie Wendel Lundholdt
Wendel
Lundholdt
Leif Micael Lundmark
Micael
Lundmark
Halvor Skramstad Lunn
Skramstad
Lunn
Vinzenz Lps
Lps
Stefi Luxton
Luxton
Cheryl Maas
Maas
Franzinska "Frnzi" MgertKohli
"Frnzi"
MgertKohli
Stephanie Magiros
Magiros
Alexander Maier
Maier
Dagmar "Dagi" Mair unter der Eggen
"Dagi"
Mair
unter
der
Eggen
Morena Makar
Makar
Markus Malin
Malin
Dominique Maltais
Maltais
Simone Malus
Malus
Aaron March
March
Jagna Marczuajtis Kolasiska
Marczuajtis
Kolasiska
Rok Margu
Margu
Llus Marn Tarroch
Marn
Tarroch
Brad Martin
Martin
Romina Masolini
Masolini
Ben Mates
Mates
Lukas Mathies
Mathies
Luca Matteotti
Matteotti
Risto Markus Antero Mattila
Markus
Antero
Mattila
Niklas Kristoffer Mattsson
Kristoffer
Mattsson
Lesley McKenna
McKenna
Adam McLeish
McLeish
Mark McMorris
McMorris
Simona Meiler
Meiler
Milena Meisser
Meisser
Ina Meschik
Meschik
Elmar Walter Messner
Walter
Messner
Daniela Meuli
Meuli
Jan Michaelis
Michaelis
Michael "Mike" Michalchuk
"Mike"
Michalchuk
Nina Mici
Mici
Christoph Mick
Mick
Daniel Migneault
Migneault
Yoko Miyake
Miyake
Kentaro Miyawaki
Miyawaki
Nelly MoenneLoccoz
MoenneLoccoz
Dieter Moherndl
Moherndl
Michela Moioli
Moioli
Susanne Moll
Moll
Billy Mark Morgan
Mark
Morgan
Nagako Mori
Mori
Matthew Morison
Morison
Fadri Mosca
Mosca
Stefanie Mller
Mller
Daisuke Murakami
Murakami
Fumiyuki Murakami
Murakami
Takaharu Nakai
Nakai
Shiho Nakashima
Nakashima
Domu Narita
Narita
Ayumu Nedefuji
Nedefuji
Andrew "Drew" Neilson
"Drew"
Neilson
Jamie Nicholls
Nicholls
Mercedes Nicoll
Nicoll
Kurt Niedersttter
Niedersttter
Takashi Nishida
Nishida
Olivia Nobs
Nobs
Yuki Nofuji
Nofuji
Silje Norendal
Norendal
Emil Novk
Novk
Michal Novotn
Novotn
Spencer O'Brien
O'Brien
Seamus O'Connor
O'Connor
Nadya Ochner
Ochner
Elisabeth "Lisa" Odynski
"Lisa"
Odynski
Tuomo Juhani Ojala
Juhani
Ojala
Rana Okada
Okada
Jussi Ilmari Oksanen
Ilmari
Oksanen
Helene Olafsen
Olafsen
AnnaKristina Olofsson
Olofsson
Nikolay Igorevich Olyunin
Igorevich
Olyunin
Emanuel Oppliger
Oppliger
Pan Lei
Lei
rka Panochov
Panochov
Stergios Pappos
Pappos
Marousa Pappou
Pappou
Margherita Parini
Parini
Maxence "Max" Parrot
"Max"
Parrot
Ville Paumola
Paumola
Nicola Pederzolli Rottmann
Pederzolli
Rottmann
Iosyp Iosypovych Peniak
Iosypovych
Peniak
Alessandra Cristina Pescosta
Cristina
Pescosta
Manuela Laura Pesko
Laura
Pesko
Manuel Pietropoli
Pietropoli
Peetu Ilari Piiroinen
Ilari
Piiroinen
Ccile Plancherel
Plancherel
Maximilian "Max" Pltzeneder
"Max"
Pltzeneder
Iouri Aleksandrovich Podladtchikov
Aleksandrovich
Podladtchikov
Julie Pomagalski
Pomagalski
Marion Posch
Posch
Ross Gerard Powers
Gerard
Powers
Stefano Pozzolini
Pozzolini
Christy Prior
Prior
Andreas Prommegger
Prommegger
Thomas Prugger
Prugger
Mariya Aleksandrovna Prusakova
Aleksandrovna
Prusakova
Alex Pullin
Pullin
Nadja Purtschert
Purtschert
Federico Raimo
Raimo
Maria Ramberger
Ramberger
Tony mile Frdric Ramoin
mile
Frdric
Ramoin
Ivan Andriani Ranchev
Andriani
Ranchev
Carmen Ranigler
Ranigler
Kirsi Maria Rautava
Maria
Rautava
TimKevin Ravnjak
Ravnjak
Ross Rebagliati
Rebagliati
Charles Reid
Reid
Justin Reiter
Reiter
Jan Theodoor "Thedo" Remmelink
Theodoor
"Thedo"
Remmelink
Heidi Maria Renoth Kraja
Maria
Renoth
Kraja
Fabienne Reuteler
Reuteler
Aluan Ricciardi
Ricciardi
Todd Richards
Richards
Nils Olov Richard Richardsson
Olov
Richard
Richardsson
Malle Danica Ricker
Danica
Ricker
Claudia Riegler
Riegler
Manuela Riegler
Riegler
Chris Robanske
Robanske
Michael "Mike" Robertson
"Mike"
Robertson
Sophie Rodriguez
Rodriguez
Rok Rogelj
Rogelj
Fabien Rohrer
Rohrer
Verena Rohrer
Rohrer
Magorzata Anna Rosiak
Anna
Rosiak
Karine Martine Ruby
Martine
Ruby
Enni Eriika  Rukajrvi
Eriika
Rukajrvi
Ilona Ruotsalainen
Ruotsalainen
Cilka Sadar
Sadar
Denis Yuryevich Salagayev
Yuryevich
Salagayev
Simone Salvati
Salvati
Eva Samkov
Samkov
Stle Sandbech
Sandbech
Bjrn Mikael Sandy
Mikael
Sandy
Niina Katriina Sarias
Katriina
Sarias
Marek Ssiadek
Ssiadek
Lotte Nicolien Sauerbreij
Nicolien
Sauerbreij
Konstantin Schad
Schad
Markus Schairer
Schairer
Clemens Schattschneider
Schattschneider
Jan Scherrer
Scherrer
Alberto Schiavon
Schiavon
Christophe Schmidt
Schmidt
Philipp Schoch
Schoch
Simon Schoch
Schoch
Anita Schwaller Stheli
Schwaller
Stheli
Jana edov
edov
Christophe Sgura
Sgura
Elizabeth Hard "Betsy" Shaw
Hard
"Betsy"
Shaw
Johanna "Joh" Shaw
"Joh"
Shaw
Shi Wancheng
Wancheng
Shin BongShik
BongShik
Karly Piper Shorr
Piper
Shorr
Gian Simmen
Simmen
Erin Simmons
Simmons
Rebecca "Bex" Sinclair
"Bex"
Sinclair
Petr indel
indel
Stian Sivertzen
Sivertzen
Rafa SkarbekMalczewski
SkarbekMalczewski
Jason R. Smith
Smith
Sebastien 'Seppe' Smits
'Seppe'
Smits
Aleksey Aleksandrovich Sobolev
Aleksandrovich
Sobolev
Andrey Andreyevich Sobolev
Andreyevich
Sobolev
Nataliya Andreyevna Soboleva
Andreyevna
Soboleva
Carl Magnus Jacob Sderqvist
Magnus
Jacob
Sderqvist
Heikki Matias Sorsa
Matias
Sorsa
David Speiser
Speiser
Lars Pontus Sthlkloo
Pontus
Sthlkloo
ukasz Starowicz
Starowicz
Ryan Stassel
Stassel
Zeke Steggall
Steggall
Anders Fredrik Sterner
Fredrik
Sterner
Carl Magnus Sterner
Magnus
Sterner
Ella Suitiala
Suitiala
Sun Zhifeng
Zhifeng
Izidor uteri
uteri
Jrme Sylvestre
Sylvestre
Karolina Sztokfisz
Sztokfisz
Michelle Taggart
Taggart
Tommaso Tagliaferri
Tagliaferri
Jussi Taka
Taka
Makoto Takagaki
Takagaki
Tomoka Takeuchi
Takeuchi
Kaori Takeyama
Takeyama
Sergey Sergeyevich Tarasov
Sergeyevich
Tarasov
Palmer Taylor
Taylor
Tara Teigen
Teigen
Hannah Lee Teter
Lee
Teter
Emily Thomas
Thomas
Jarret John "JJ" Thomas
John
"JJ"
Thomas
Christel Thoresen
Thoresen
Sven Magnus Rickard Thorgren
Magnus
Rickard
Thorgren
Peter Thorndike
Thorndike
Nicola Thost
Thost
Mirabelle Thovex
Thovex
Mariya Svetovna Tikhvinskaya
Svetovna
Tikhvinskaya
Roope Tonteri
Tonteri
Rebecca Torr
Torr
Sebastien Toutant
Toutant
Willi Trakofler
Trakofler
Chlo Ella Trespeuch
Ella
Trespeuch
Lidia Trettel
Trettel
Hannah Trigger
Trigger
Valeriya Lvovna Tsoy
Lvovna
Tsoy
Kentaro Tsuruoka
Tsuruoka
Katie Tsuyuki
Tsuyuki
Yekaterina Nikolayevna Tudegesheva
Nikolayevna
Tudegesheva
Daniel Jaroslav Karel Tyrkas
Jaroslav
Karel
Tyrkas
Shinobu Ueshima
Ueshima
Emil Andr Ulsletten
Andr
Ulsletten
Anton Unterkofler
Unterkofler
Hans Jrg Unterrainer
Jrg
Unterrainer
Florine Valdenaire
Valdenaire
Dominique Valle
Valle
Dolf van der Wal
van
der
Wal
Sondra Van Ert
Van
Ert
Klas Vangen
Vangen
Tony Vannucci Roos
Vannucci
Roos
Sbastien Vassoney
Vassoney
Pierre Vaultier
Vaultier
Tom Velisek
Velisek
Rubn Verges Fruitos
Verges
Fruitos
Doriane Monique Vidal
Monique
Vidal
Clara Villoslada Pinto
Villoslada
Pinto
Svetlana Olegovna Vinogradova
Olegovna
Vinogradova
Omar Visintin
Visintin
Louis "Louie" Vito
"Louie"
Vito
Stefanie "Steffi" von Siebenthal
"Steffi"
von
Siebenthal
Jennie Marie  Waara Ranquet
Marie
Waara
Ranquet
Daniel "Dan" Wakeham
"Dan"
Wakeham
Harald Walder
Walder
Ingemar Walder
Walder
Taylor Riley "Ty" Walker
Riley
"Ty"
Walker
Graham Watanabe
Watanabe
Shinichi Watanabe
Watanabe
Tim Watter
Watter
Ryan Wedding
Wedding
Sabine WehrHasler
WehrHasler
Mathias Weienbacher
Weienbacher
Seth Benjamin Wescott
Benjamin
Wescott
Shaun Roger White
Roger
White
Lisa Therese Hegertun Wiik
Therese
Hegertun
Wiik
Victor Ivan "Vic" Wild
Ivan
"Vic"
Wild
sa Ellinor Windahl Lindebner
Ellinor
Windahl
Lindebner
Soko Yamaoka
Yamaoka
Eri Yanetani
Yanetani
Radoslav Yankov
Yankov
Yuri Yoshikawa
Yoshikawa
Joanna Zajac
Zajac
Kimiko Zakreski
Zakreski
Alyona Igorevna Zavarzina
Igorevna
Zavarzina
Gary Zebrowski
Zebrowski
Isabel Zedlacher
Zedlacher
Zeng Xiaoye
Xiaoye
Zhang Yiwei
Yiwei
Aleksandra Viktorova Zhekova
Viktorova
Zhekova
Radoslav idek
idek
Julie Zogg
Zogg
Polona Zupan
Zupan
Natasza Zurek
Zurek
