Swimming Men's 400 metres Freestyle
Swimming Men's 200 metres Breaststroke
Swimming Men's 400 metres Breaststroke
Swimming Men's 100 metres Butterfly
Swimming Men's 200 metres Butterfly
Swimming Men's 4 x 100 metres Medley Relay
Swimming Men's 100 metres Freestyle
Swimming Men's 4 x 200 metres Freestyle Relay
Swimming Men's 50 metres Freestyle
Swimming Men's 100 metres Backstroke
Swimming Women's 100 metres Backstroke
Swimming Women's 200 metres Backstroke
Swimming Women's 4 x 100 metres Medley Relay
Swimming Women's 50 metres Freestyle
Swimming Men's 200 metres Freestyle
Swimming Men's 4 x 100 metres Freestyle Relay
Swimming Men's 200 metres Backstroke
Swimming Men's 200 metres Individual Medley
Swimming Men's 400 metres Individual Medley
Swimming Women's 4 x 100 metres Freestyle Relay
Swimming Men's 1,500 metres Freestyle
Swimming Women's 100 metres Freestyle
Swimming Women's 200 metres Butterfly
Swimming Women's 400 metres Individual Medley
Swimming Men's 220 yard Freestyle
Swimming Men's 880 yard Freestyle
Swimming Men's One Mile Freestyle
Swimming Men's 4 x 50 Yard Freestyle Relay
Swimming Men's Plunge For Distance
Swimming Women's 200 metres Freestyle
Swimming Women's 400 metres Freestyle
Swimming Women's 200 metres Individual Medley
Swimming Women's 800 metres Freestyle
Swimming Men's 100 metres Breaststroke
Swimming Women's 100 metres Breaststroke
Swimming Women's 200 metres Breaststroke
Swimming Women's 100 metres Butterfly
Swimming Women's 4 x 200 metres Freestyle Relay
Swimming Men's 4,000 metres Freestyle
Swimming Men's Underwater Swimming
Swimming Women's 10 kilometres Open Water
Swimming Men's 1,200 metres Freestyle
Swimming Men's 10 kilometres Open Water
Swimming Men's 4 x 250 metres Freestyle Relay
Swimming Women's 300 metres Freestyle
Swimming Men's 200 metres Obstacle Course
Swimming Men's 200 metres Team Swimming
Swimming Men's 100 Yard Backstroke
Swimming Men's 440 Yard Breaststroke
Swimming Men's 1,000 metres Freestyle
Swimming Men's 50 yard Freestyle
Swimming Men's 100 yard Freestyle
Swimming Men's 440 yard Freestyle
Swimming Men's 100 metres Freestyle For Sailors
Swimming Men's 500 metres Freestyle
