Talaat Abada
Abada
Patimat Abakarova
Abakarova
Noha Abd Rabo
Abd
Rabo
Nia Nicole Abdallah
Nicole
Abdallah
Rasul Abduraim
Abduraim
Ahmad Abughaush
Abughaush
Mohammad Abulibdeh
Abulibdeh
Jaouad Achab
Achab
Aziz Acharki
Acharki
Shimaa Afifi
Afifi
Madjid Aflaki Khamesh
Aflaki
Khamesh
Ghofran Ahmed Zaki
Ahmed
Zaki
Mildred Akinyi "Milka" Alango
Akinyi
"Milka"
Alango
Khaled AlDosari
AlDosari
Mohamed AlFararjeh
AlFararjeh
Tameem Mohammed Ahmed AlKubati
Mohammed
Ahmed
AlKubati
Maitha bint Mohammed bin Rashid AlMaktoum
bint
Mohammed
bin
Rashid
AlMaktoum
Akram Abdullah AlNoor
Abdullah
AlNoor
Rafael Yunier Alba Castillo
Yunier
Alba
Castillo
Jannet Alegria Pea
Alegria
Pea
Abdoul Razak Issoufou Alfaga
Razak
Issoufou
Alfaga
Kimia Alizadeh Zenoorin
Alizadeh
Zenoorin
Kirstie Elaine Alora
Elaine
Alora
Maria Andrade Teixeira
Andrade
Teixeira
Franka Ani
Ani
Jermin Anwar
Anwar
Maya Arusi
Arusi
Raheleh Asemani
Asemani
Farzan Ashour Zadeh Fllah
Ashour
Zadeh
Fllah
Zakaria Asidah
Asidah
Sanaa Atabrour
Atabrour
Areti Athanasopoulou
Athanasopoulou
Ron Atias
Atias
Gulnafis Garifollaevna Aytmukhambetova
Garifollaevna
Aytmukhambetova
Yasmina Aziez
Aziez
Mohammad Bagheri Motamed
Bagheri
Motamed
Lionel Baguissi
Baguissi
Mariam Bah
Bah
Nesar Ahmad Bahawi
Ahmad
Bahawi
Sangina Baidya
Baidya
Sarah Jane L. Bainbridge
Jane
Bainbridge
Naima Bakkal
Bakkal
Mariama Dalanda Barry
Dalanda
Barry
Caroline Bartasek
Bartasek
Anastasiya Vladimirovna Baryshnikova
Vladimirovna
Baryshnikova
Leonardo Basile
Basile
Myriam milie Baverel
milie
Baverel
Matthew Francis "Matt" Beach
Francis
"Matt"
Beach
Milad Beigi Hareqani
Beigi
Hareqani
Dennis Bekkers
Bekkers
Mouna Ben Abderassoul
Ben
Abderassoul
Rahma Ben Ali
Ben
Ali
Khaoula Ben Hamza
Ben
Hamza
Lorena Aida Benites Valverde
Aida
Benites
Valverde
Elena Bentez Morales
Bentez
Morales
Olivier Bernasconi
Bernasconi
Manuela Bezzola
Bezzola
Meriem Bidani
Bidani
Hamide Bkn Tosun
Bkn
Tosun
Deepak Bista
Bista
Tijana Bogdanovi
Bogdanovi
Yaowapa Boorapolchai
Boorapolchai
Mickel Justin Borot
Justin
Borot
Dominique Simone Bosshart
Simone
Bosshart
David Sylvre Patrick Boui
Sylvre
Patrick
Boui
Mounia Bourguigue
Bourguigue
Rui Pedro Rebelo Bragana
Pedro
Rebelo
Bragana
Craig Brown
Brown
Naser Buftain
Buftain
Lauren Chantel Burns Muller
Chantel
Burns
Muller
Veronica Calabrese
Calabrese
Tuncay Caliskan
Caliskan
Eva Calvo Gmez
Calvo
Gmez
Cynthia Cameron
Cameron
Logan Campbell
Campbell
Euda Mara Caras Morales
Mara
Caras
Morales
Adriana Carmona Gutirrez
Carmona
Gutirrez
Ryan Carneli
Carneli
Carolena Jean Carstens Salceda
Jean
Carstens
Salceda
Daniela Castrignan
Castrignan
Milton Elicer Castro Herrera
Elicer
Castro
Herrera
Che Chew Chan
Chew
Chan
Chen ShihHsien
ShihHsien
Chen Zhong
Zhong
Robin Haeyoun Cheong
Haeyoun
Cheong
Issam AlChernoubi
AlChernoubi
Chi ShuJu
ShuJu
Arman Konstantinovich Chilmanov
Konstantinovich
Chilmanov
Mahama Abdoufatah Cho
Abdoufatah
Cho
Chu MuYen
MuYen
Chu Hong Diu Linh
Hong
Diu
Linh
Chuang ChiaChia
ChiaChia
Chika Yagazie Chukwumerije
Yagazie
Chukwumerije
Cheick Sallah Ciss Junior
Sallah
Ciss
Junior
Dalia Contreras Rivero
Contreras
Rivero
Edgar Jess Contreras Triana
Jess
Contreras
Triana
Yeny Contreras Loyola
Contreras
Loyola
Aaron Arthur Cook
Arthur
Cook
Cristiana Corsi
Corsi
Ismal Coulibaly
Coulibaly
Franois CoulombeFortier
CoulombeFortier
Charlotte Rose Craig
Rose
Craig
Talitiga Crawley
Crawley
Sebastian Eduardo Crismanich
Eduardo
Crismanich
Roberto Cruz
Cruz
Diogo Andr Silvestre da Silva
Andr
Silvestre
Silva
Muhammed Dahmani
Dahmani
Colin Trevor Daley
Trevor
Daley
Nadin Dawani
Dawani
Mario De Meo
Meo
Monica Deyhanira del Real Jaime
Deyhanira
del
Real
Jaime
Carlos Delgado Davila
Delgado
Davila
Paola Andrea Delgado Daz
Andrea
Delgado
Daz
Aleksey Alekseyevich Denisenko
Alekseyevich
Denisenko
Zhansel Deniz
Deniz
Robelis Despaigne Sanquet
Despaigne
Sanquet
Ineabelle Daz Santana
Daz
Santana
Juan Carlos Daz Falcon
Carlos
Daz
Falcon
Bineta Didhiou
Didhiou
Balla Diye
Diye
Lizbeth Julissa Diez Canseco
Julissa
Diez
Canseco
Wiam Dislam
Dislam
Eva Marie Ditan
Marie
Ditan
Mfanukhona Sendo Dlamini
Sendo
Dlamini
Jlia Vasconcelos dos Santos
Vasconcelos
dos
Santos
Princess Dudu
Dudu
Aslanbek Antonovich Dzitiyev
Antonovich
Dzitiyev
Faissal Ebnoutalib
Ebnoutalib
Kenneth Edwards
Edwards
Seham Muhammad Ahmad ElSawalhy
Muhammad
Ahmad
ElSawalhy
Mokdad ElYamine
ElYamine
Gwladys Patience pangue
Patience
pangue
Akmal Ergashev
Ergashev
Gabriel Esparza Prez
Esparza
Prez
Mara del Rosario Espinoza Espinoza
del
Rosario
Espinoza
Espinoza
Abeer Essawy
Essawy
Vctor Manuel Estrada Garibay
Manuel
Estrada
Garibay
Natlia Falavigna Silva
Falavigna
Silva
Damir Fejzi
Fejzi
Miguel Ferrera Rodrguez
Ferrera
Rodrguez
Helena Fromm
Fromm
Jacqueline "Jackie" Galloway
"Jackie"
Galloway
Diego Garca de Len
Garca
Len
Jon Garca Aguado
Garca
Aguado
Luis Alberto Garca
Alberto
Garca
Nicols Garca Hemme
Garca
Hemme
BatEl Gatterer
Gatterer
Albert Aleksandrovich Gaun
Aleksandrovich
Gaun
Ruth Marie Christelle Gbagbi
Marie
Christelle
Gbagbi
Bertrand Gbongou Liango
Gbongou
Liango
Donald David Geisler, III
David
Geisler,
III
Pascal Guy Gentil
Guy
Gentil
Dragana Gladovi
Gladovi
Nikita Glasnovic
Glasnovic
Tshomlee Cabanos Go
Cabanos
Ivett Gonda
Gonda
Joel Gonzlez Bonilla
Gonzlez
Bonilla
AnneCaroline Graffe
Graffe
Paul Green
Green
Filip Grgi
Grgi
Rabia Glec
Glec
Tahir Glec
Glec
Smeyye GlecManz
GlecManz
Sibel Gler
Gler
Alisher Gulov
Gulov
Trude Gundersen Lehmann
Gundersen
Lehmann
Sal Gutirrez Macedo
Gutirrez
Macedo
Dnd Gvenc
Gvenc
Sousan Hajipour Goli
Hajipour
Goli
Omar Hajjami
Hajjami
Mayu Hamada
Hamada
Hichem AlHamdouni
AlHamdouni
Tawin Hanprab
Hanprab
Warren Hansen
Hansen
Marlne Harnois
Harnois
Phannapa Harnsujin
Harnsujin
Michael Paul Harvey
Paul
Harvey
Burak Hasan
Hasan
Raya Hatahet
Hatahet
He Lumin
Lumin
Teemu Heino
Heino
Fadime Helvacioglu
Helvacioglu
Glenhis Hernndez Horta
Hernndez
Horta
Moiss Daniel Hernndez Encarnacin
Daniel
Hernndez
Encarnacin
Alejandro Fabin Hernando
Fabin
Hernando
Kiyoteru Higuchi
Higuchi
Rd hmdov
hmdov
Hou Yuzhuo
Yuzhuo
Hsu ChiHung
ChiHung
Hsu ChihLing
ChihLing
Huang ChihHsiung
ChihHsiung
Huang HuaiHsuan
HuaiHsuan
Hryhoriy Hryhorovych Husarov
Hryhorovych
Husarov
Tamer Hussein
Hussein
Hwang GyeongSeon
GyeongSeon
Im SuJeong
SuJeong
Radik sayev
sayev
Idulio Islas Gmez
Islas
Gmez
Nataliya Nikolayevna Ivanova
Nikolayevna
Ivanova
Ja DongMin
DongMin
Jang JiWon
JiWon
Anju Jason
Jason
Terrence DeAndre Jennings
DeAndre
Jennings
Elin Maria Katarina Johansson
Maria
Katarina
Johansson
Jade Louise Jones
Louise
Jones
Heidy Marleny Jurez Guzmn
Marleny
Jurez
Guzmn
Jung JaeEun
JaeEun
Ibrahim Kamal
Kamal
Seulki Kang
Kang
PenEk Karaket
Karaket
Yousef Karami
Karami
Yevgeniya Karimova
Karimova
Erika Kasahara
Kasahara
Maxemillion Kassman
Kassman
Samantha Kassman
Kassman
Irina Kaydashova
Kaydashova
Karolina Kedzierska
Kedzierska
Daba Modibo Keita
Modibo
Keita
Rosa Keleku Lukusa
Keleku
Lukusa
Si Mohamed Ketbi
Mohamed
Ketbi
Safwan Khalil
Khalil
Chutchawan Khaolaor
Khaolaor
Mahdi Khodabakhshi
Khodabakhshi
Sara Khoshjamal Fekri
Khoshjamal
Fekri
Andrea Kilday
Kilday
Dmitry Kim
Kim
Kim GyeongHun
GyeongHun
Kristina Aleksandrovna Kim
Aleksandrovna
Kim
Kim SoHui
SoHui
Kim TaeHun
TaeHun
N'Guessan Sebastien Konan
Sebastien
Konan
Mamina Kon
Kon
Maryna Oleksandrivna Konieva
Oleksandrivna
Konieva
Kirsimarja Koskinen
Koskinen
Kyriaki Kouvari
Kouvari
Barbara Stephanie Kunkel
Stephanie
Kunkel
Yanelis Yuliet "Yanely" Labrada Daz
Yuliet
"Yanely"
Labrada
Daz
Stephen Lambdin
Lambdin
L Hunh Chu
Hunh
Chu
Lee DaeHun
DaeHun
Lee InJong
InJong
Lee SeonHui
SeonHui
Lee Wan Yuen
Wan
Yuen
Liu WeiTing
WeiTing
Liu Xiaobo
Xiaobo
Veera Marita Liukkonen Ruoho
Marita
Liukkonen
Ruoho
Roman Livaja
Livaja
Carola Malvina Lpez Rodrguez
Malvina
Lpez
Rodrguez
Diana Lopez
Lopez
Mark Anthony Lopez
Anthony
Lopez
Peter Lpez Santos
Lpez
Santos
Steven Lopez
Lopez
Aniya Necol Louissaint
Necol
Louissaint
Virginia Alexandrina Lourens
Alexandrina
Lourens
Micha oniewski
oniewski
Nevena Lukic
Lukic
Luo Wei
Wei
Paul Michael Lyons
Michael
Lyons
Seyfula Seferovich Magomedov
Seferovich
Magomedov
Duncan Mahlangu
Mahlangu
Hedaya Ahmad Malak Wahba
Ahmad
Malak
Wahba
Nataliya Mamatova
Mamatova
Nursultan Mamayev
Mamayev
Milica Mandi
Mandi
Itzel Adilene Manjarrez Bastidas
Adilene
Manjarrez
Bastidas
Daniel Manz
Manz
Sajjad Mardani
Mardani
Alfonso Martinez
Martinez
Carmen Marton
Marton
Caroline Marton
Marton
Carlo Massimino
Massimino
ngel Volodia Matos Fuentes
Volodia
Matos
Fuentes
Sonallis Mayan Ramos
Mayan
Ramos
Paige Arielle McPherson
Arielle
McPherson
Urbia Melndez Rodrguez
Melndez
Rodrguez
Yulis Gabriel Mercedes Reyes
Gabriel
Mercedes
Reyes
Sbastien Michaud
Michaud
Suvi Mikkonen
Mikkonen
Nataliya Mikryukova
Mikryukova
Margarita Gagamovna Mkrtychan
Gagamovna
Mkrtychan
Lineo Mochesane
Mochesane
Isah Adam Mohammad
Adam
Mohammad
Kristopher Moitland Cabezas
Moitland
Cabezas
Mokete Mokhosi
Mokhosi
Carlo Molfetta
Molfetta
Tommy Andreas Mollet
Andreas
Mollet
Daynellis Montejo Poll
Montejo
Poll
Gladys Alicia Mora Romero
Alicia
Mora
Romero
Ignacio Alfonso Morales Puentes
Alfonso
Morales
Puentes
Marcel More
More
Juan Miguel Moreno
Miguel
Moreno
Tina Michelle Morgan Tanrkulu
Michelle
Morgan
Tanrkulu
Mikhail Mouroutsos
Mouroutsos
Lutalo MassopMuhammad
MassopMuhammad
Mun DaeSeong
DaeSeong
Nidia Muz Alemn
Muz
Alemn
Oscar Luis Muoz Oviedo
Luis
Muoz
Oviedo
Mirjam Johanna Henrica Mskens
Johanna
Henrica
Mskens
Elisavet "Elli" Mystakidou
"Elli"
Mystakidou
Reza Naderian
Naderian
Nizar Mohamed Naeeli
Mohamed
Naeeli
Mounira AlNahdi
AlNahdi
Carlos Rubn Navarro Valdez
Rubn
Navarro
Valdez
M'Bar N'Diaye
N'Diaye
Farhod Ne'matov
Ne'matov
Christophe Negrel
Negrel
Nguyn Quc Hun
Quc
Hun
Nguyn Th Hoi Thu
Hoi
Thu
Nguyn Th Xun Mai
Xun
Mai
Nguyn Vn Hng
Hng
Haby Niar
Niar
Alexandros Nikolaidis
Nikolaidis
Rohullah Nikpai
Nikpai
Rangsiya Nisaisom
Nisaisom
Luis Alberto Noguera Urquia
Alberto
Noguera
Urquia
Kriangkrai Noikoed
Noikoed
Claudio Nolano
Nolano
Dbora Fernanda da Silva Nunes
Fernanda
Silva
Nunes
Liya Asylbekovna Nurkina
Asylbekovna
Nurkina
Anthony Obame Mylann
Obame
Mylann
Jacob Martins Obiorah
Martins
Obiorah
Asuncin Ocasio Rodrguez
Ocasio
Rodrguez
M. A. Jean Moloise Ogoudjobi
Jean
Moloise
Ogoudjobi
Hadjekoudoumi Stanislas Ogoudjobi
Stanislas
Ogoudjobi
Oh HyeRi
HyeRi
Lisa O'Keefe
O'Keefe
Yoriko Okamoto
Okamoto
Mohammed AlOmrani
AlOmrani
Reshmie Oogink
Oogink
Erick Osornio Nuez
Osornio
Nuez
Chinedum Osuji
Osuji
Oussama AlOueslati
AlOueslati
Heiner Oviedo Moreira
Oviedo
Moreira
Melissa Pagnotta
Pagnotta
Andrea Paoli
Paoli
Niyamddin Paayev
Paayev
Doris Esmid Patio Marn
Esmid
Patio
Marn
Piotr Paziski
Paziski
gueda Prez Lpez
Prez
Lpez
Guillermo Prez Sandoval
Prez
Sandoval
Luisito Pi
Monica Fiorella Pimentel Rodriguez
Fiorella
Pimentel
Rodriguez
Kay Lee Ann Poe Sheffield
Lee
Ann
Poe
Sheffield
Hanne Hegh Poulsen
Hegh
Poulsen
Pedro Miguel Moreira Pvoa
Miguel
Moreira
Pvoa
Chonnapas Premwaew
Premwaew
Zoran Prerad
Prerad
Buttree Puedpong
Puedpong
Prevjavyn Temjin
Temjin
Juana Wangsa Putri
Wangsa
Putri
Qiao Sen
Sen
Nikita Igorevich Rafalovich
Igorevich
Rafalovich
Satriyo Rahadhani
Rahadhani
Nua Rajher
Rajher
Juan Antonio Ramos Snchez
Antonio
Ramos
Snchez
Laurence Rase
Rase
Raid Rasheed Abbas
Rasheed
Abbas
Yahia Rashwan
Rashwan
Nisha Rawal
Rawal
Sonia Reyes Sez
Reyes
Sez
Mary Antoinette "Toni" Rivero
Antoinette
"Toni"
Rivero
Karol Robak
Robak
Katherine Julissa Rodrguez Peguero
Julissa
Rodrguez
Peguero
Jesper Roesen
Roesen
Julin Alberto Rojas Rivera
Alberto
Rojas
Rivera
Angel Romn Martnez
Romn
Martnez
Ireane Ruz Arvalo
Ruz
Arvalo
Hadi Saei Bonehkohal
Saei
Bonehkohal
Nelson Saenz Miller
Saenz
Miller
Jos Gabriel Sagastume Ros
Gabriel
Sagastume
Ros
Adilkhan Syrlybayevich Sagindykov
Syrlybayevich
Sagindykov
Tamer Salah Ali Abdu Bayoumi
Salah
Ali
Abdu
Bayoumi
Iridia Salazar Blanco
Salazar
Blanco
scar Francisco Salazar Blanco
Francisco
Salazar
Blanco
Jzsef Salim
Salim
Vanina Paola Snchez Bern
Paola
Snchez
Bern
CherylAnn Sankar
Sankar
Uno Sanli
Sanli
Tudor Sanon
Sanon
Abdulqader Hikmat A. Sarhan
Hikmat
Sarhan
Sandra ari
ari
Mauro Sarmiento
Sarmiento
Vaughn Scott
Scott
Youns Sekkat
Sekkat
Karine Sergerie
Sergerie
Oleksandr Shaposhnyk
Shaposhnyk
Hayder Shkara
Shkara
Dmitry Aleksandrovich Shokin
Aleksandrovich
Shokin
Yousef Saleh Shriha
Saleh
Shriha
Carmen Carolina Silva
Carolina
Silva
Rosana Simn Alamo
Simn
Alamo
Sin JunSik
JunSik
Iris Silva Tang Sing
Silva
Tang
Sing
Maicon de Andrade Siqueira
Andrade
Siqueira
Tina Re Skaar
Skaar
Charmian Colette "Charmie" Sobers
Colette
"Charmie"
Sobers
Nina Solheim
Solheim
Son TaeJin
TaeJin
Song MyeongSeop
MyeongSeop
Chanatip Sonkham
Sonkham
Sorn Davin
Davin
Sorn Seavmey
Seavmey
Flipe Soto Alvrez
Soto
Alvrez
Andrea St Bernard
Bernard
Martin Stamper
Stamper
Patrick Stevens
Stevens
Sarah Diana Stevenson
Diana
Stevenson
Jasmin Lanaran Strachan
Lanaran
Strachan
Su LiWen
LiWen
Nootcharin Sukkhongdumnoen
Sukkhongdumnoen
Sung YuChi
YuChi
Ussadate Sutthikunkarn
Sutthikunkarn
Azize Tanrkulu
Tanrkulu
Bahri Tanrkulu
Tanrkulu
Gabriel Alberto Taraburelli
Alberto
Taraburelli
Nur Tatar
Tatar
Pita Nikolas Taufatofua
Nikolas
Taufatofua
Servet Tazegl
Tazegl
Venilton Torres Teixeira
Torres
Teixeira
Shueh Fhern "Elaine" Teo
Fhern
"Elaine"
Teo
Likeleli Alinah Thamae
Alinah
Thamae
Kaino ThomsenFuataga
ThomsenFuataga
Thomas Anders Marcus Thorn Murray
Anders
Marcus
Thorn
Murray
Ghizlane Thoudali
Thoudali
Salem Ezedin Tlish
Ezedin
Tlish
Theresa Tona
Tona
Jess Tortosa Cabrera
Tortosa
Cabrera
Yassine AlTrabelsi
AlTrabelsi
Ivan Konrad Trajkovi
Konrad
Trajkovi
Trn Hiu Ngn
Hiu
Ngn
Trn Th Ngc Trc
Ngc
Trc
Daniel Trenton
Trenton
Tseng LiCheng PeiHua
LiCheng
PeiHua
Levent Tuncat
Tuncat
Nigora Tursunkulova
Tursunkulova
Gadzhi Magomedovich Umarov
Magomedovich
Umarov
Abdelrahman Usama Tawfiq Ahmed
Usama
Tawfiq
Ahmed
Aleksandra Uciska
Uciska
Carlos Armando Vsquez Carvajal
Armando
Vsquez
Carvajal
Nataa Vezmar
Vezmar
Gessler Viera Abreu
Viera
Abreu
Bianca Michaela Walkden
Michaela
Walkden
Dickson Wamwiri Wanjiku
Wamwiri
Wanjiku
Crystal Brittany Weekes Gonzlez
Brittany
Weekes
Gonzlez
Wei ChenYang
ChenYang
Marcel Wenceslau Ferreira
Wenceslau
Ferreira
Marcio Wenceslau Ferreira
Wenceslau
Ferreira
Tanya White
White
Verina Rosiland Wihongi
Rosiland
Wihongi
Panipak Wongpattanakit
Wongpattanakit
Wu Jingyu
Jingyu
Brigitte Yage Enrique
Yage
Enrique
Yang ShuChun
ShuChun
Arman Yeremyan
Yeremyan
Feruza Adylzhanovna Yergeshova
Adylzhanovna
Yergeshova
Aynur Yesbergenova
Yesbergenova
Hanna Rebecca Zajc
Rebecca
Zajc
Elizabeth Zamora Gordillo
Zamora
Gordillo
Ana Zaninovi
Zaninovi
Lucija Zaninovi
Zaninovi
Francisco Javier Zas Couce
Javier
Zas
Couce
Zhao Shuai
Shuai
Ruslan Zhaparov
Zhaparov
Zheng Shuyin
Shuyin
Zhu Feng
Feng
Zhu Guo
Guo
Ramin zizov
zizov
Frid zizova
zizova
Abdelkader AlZrouri
AlZrouri
Martina Zubi
Zubi
