ace
ad
advantage
all
alley
APPROACH
backhand
ballperson
ballboy
ballgirl
ballkid
baseline
break
break point
crosscourt
deuce
double fault
doubles
drop shot
fault
forehand
game
game point
Grand Slam
groundstroke
let
line judge
lob
love
match point
mixed doubles
net
racket
racquet
rally
receiver
return
serve
set
set point
tiebreaker
umpire
volley
BACKCOURT
DEUCE COURT
FOOT FAULT
NO-AD
GROUND STROKE
HALF-VOLLEY
MATCH
NO MAN’S LAND
OUT
OVERHEAD
POACH
POINT
SERVER
SERVICE BREAK
SLICE
SMASH
SPIN
STROKE
TIEBREAK
TOPSPIN