Diogo Ferreira Tribolet de Abreu
Abreu
de Abreu 
Leonie Adam
Adam
Nicole Ahsinger
Ahsinger
Pirmammad Sadiyarovich Aliyev
Sadiyarovich
Aliyev
Sadiyarovich Aliyev 
Rafael Oliveira Andrade
Oliveira
Andrade
Oliveira Andrade 
Nathan Stephen C. Bailey
Bailey
C. Bailey 
Erin Blanchard
Blanchard
Ali Bourai
Bourai
Lee John Brearley
John
Brearley
John Brearley 
Jason Nicholas Burnett
Nicholas
Burnett
Nicholas Burnett 
Flavio Cannone
Cannone
Oleksandr Vasylovych Chernonos
Vasylovych
Chernonos
Vasylovych Chernonos 
Nataliya Aleksandrovna Chernova
Aleksandrovna
Chernova
Aleksandrovna Chernova 
Karen Cockburn Turgeon
Cockburn
Lesley Daly
Daly
Anna Aleksandre DogonadzeLilkendey
Aleksandre
Dogonadze-Lilkendey
Aleksandre Dogonadze-Lilkendey 
Dong Dong
Dong
Logan Dooley
Dooley
Katherine Joan "Kat" Driscoll
Driscoll
Christopher "Chris" Estrada
Estrada
Nikita Viktorovich Fedorenko
Viktorovich
Fedorenko
Viktorovich Fedorenko 
Robyn Forbes
Forbes
Zita Frydrychov
Frydrychov
Akiko Furu
Furu
Diogo Almeida Messias Ganchinho
Messias
Ganchinho
Messias Ganchinho 
Gao Lei
Lei
Blake Gaudry
Gaudry
Steven Lawrence Gluckstein
Lawrence
Gluckstein
Lawrence Gluckstein 
Luba Golovina
Golovina
Vladislav Olegovich Goncharov
Olegovich
Goncharov
Olegovich Goncharov 
Anna Yuryevna Gorchyonok
Yuryevna
Gorchyonok
Yuryevna Gorchyonok 
He Wenna
Wenna
Haruka Hirota
Hirota
Huang Shanshan
Shanshan
Masaki Ito
Ito
Peter Jensen
Jensen
Marine Marlene Christelle Jurbert
Christelle
Jurbert
Christelle Jurbert 
Irina Vladimirovna Karavayeva
Vladimirovna
Karavayeva
Vladimirovna Karavayeva 
Nataliya Vladimirovna Karpenkova
Vladimirovna
Karpenkova
Vladimirovna Karpenkova 
Nikolay Petrovich Kazak
Petrovich
Kazak
Petrovich Kazak 
Yekaterina Viktorovna Khilko
Viktorovna
Khilko
Viktorovna Khilko 
Rusudan Khoperia
Khoperia
Ayano Kishi
Kishi
Maryna Viktorivna Kyiko
Viktorivna
Kyiko
Viktorivna Kyiko 
Kirsten Lawton
Lawton
Andrea Augusta Gemma "Rea" Lenders
Lenders
Li Dan
Dan
Lu Chunlong
Chunlong
Rosannagh "Rosie" MacLennan
MacLennan
David Martin
Martin
Ludovic Martin
Martin
Sbastien Martiny
Martiny
Nuno Henrique dos Santos Pramos Merino
Pramos
Merino
Pramos Merino 
Vyacheslav Borisovich Model
Borisovich
Model
Borisovich Model 
Jaime Moore
Moore
Aleksandr Nikolayevich Moskalenko
Nikolayevich
Moskalenko
Nikolayevich Moskalenko 
Nataliya Yevhenivna Moskvina
Yevhenivna
Moskvina
Yevhenivna Moskvina 
Olena Dmytrivna Movchan
Dmytrivna
Movchan
Dmytrivna Movchan 
Mu Yongfeng
Yongfeng
Ginga Munetomo
Munetomo
Rana Nakano
Nakano
Daisuke Nakata
Nakata
Yuriy Viktorovych Nikitin
Viktorovych
Nikitin
Viktorovych Nikitin 
Bryony Kate Frances Page
Frances
Page
Frances Page 
Jennifer Parilla
Parilla
Yana Vladimirovna Pavlova
Vladimirovna
Pavlova
Vladimirovna Pavlova 
Mikhail Pelivanidis
Pelivanidis
Grgoire Pennes
Pennes
Tatyana Olegovna Petrenya
Olegovna
Petrenya
Olegovna Petrenya 
Dmitry Vladimirovich Polyarush
Vladimirovich
Polyarush
Vladimirovich Polyarush 
Lenka Popkin Honzkov
Popkin
Katana Prokeov
Prokeov
Ana Patrcia Robert de Oliveira Rente
Oliveira
Rente
Oliveira Rente 
Heather RossMcManus
Ross-McManus
Aleksandr Anatolyevich Rusakov
Anatolyevich
Rusakov
Anatolyevich Rusakov 
Dylan Matthew Schmidt
Matthew
Schmidt
Matthew Schmidt 
Michael Serth
Serth
Gary Smith
Smith
Tetsuya Sotomura
Sotomura
Henrik Stehlik
Stehlik
Oksana Mykolavna Tsyhulova
Mykolavna
Tsyhulova
Mykolavna Tsyhulova 
Mathieu Turgeon
Turgeon
Yasuhiro Ueyama
Ueyama
Dmitry Arkadyevich Ushakov
Arkadyevich
Ushakov
Arkadyevich Ushakov 
Petra Vachnkov
Vachnkov
Alan Gabriel Villafuerte
Gabriel
Villafuerte
Gabriel Villafuerte 
Savannah Vinsant
Vinsant
Viktoriya Aleksandrovna Voronina
Aleksandrovna
Voronina
Aleksandrovna Voronina 
Ji Glenn Wallace
Glenn
Wallace
Glenn Wallace 
Markus Wiesner
Wiesner
Ben Wilden
Wilden
Claire Wright
Wright
Andrey Dmitriyevich Yudin
Dmitriyevich
Yudin
Dmitriyevich Yudin 
