Edgar Lindenau Aabye
Lindenau
Aabye
Albrekt Persson Almqvist
Persson
Almqvist
Arvid Leander Andersson
Leander
Andersson
Rudolf Arnold
Arnold
Adriano Arnoldo
Arnoldo
Edward "Ned" Barrett
"Ned"
Barrett
Denis Raymond Basset
Raymond
Basset
Henri Baur
Baur
Wilhelmus Johannes "Wim" Bekkers
Johannes
"Wim"
Bekkers
Adolf Bergman
Bergman
Wilhelm Heinrich Born
Heinrich
Born
Edouard Bourguignon
Bourguignon
Max Braun
Braun
Carleton Lyman "Carl" Brosius
Lyman
"Carl"
Brosius
Wilbur Gordon Burroughs, Sr.
Gordon
Burroughs,
Sr.
Thomas "Tom" Butler
"Tom"
Butler
Silvio Calzolari
Calzolari
George Walter Canning
Walter
Canning
Romolo Luigi Tullio Carpi
Luigi
Tullio
Carpi
Charles Chadwick
Chadwick
Walter Chaffe
Chaffe
James Michael "Jim" Clarke
Michael
"Jim"
Clarke
William Wesley Coe, Jr.
Wesley
Coe,
Jr.
Jean Collas
Collas
Arthur Kent Dearborn
Kent
Dearborn
Charles J. Dieges
Dieges
Dimitrios Dimitrakopoulos
Dimitrakopoulos
Wilhelm "Willy" Drr
"Willy"
Drr
Joseph Dowler
Dowler
Alphonse Ducatillon
Ducatillon
Ernest Walter Ebbage
Walter
Ebbage
Johan Viktor Edman
Viktor
Edman
Frans Oskar Fast
Oskar
Fast
Lawrence Edward Joseph Feuerbach
Edward
Joseph
Feuerbach
Stephen Calvin Fields
Calvin
Fields
John Joseph Flanagan
Joseph
Flanagan
Patrick "Pat" Flanagan
"Pat"
Flanagan
Giovanni Roberto Forni
Roberto
Forni
Erik Algot Fredriksson
Algot
Fredriksson
Oscar Charles Friede
Charles
Friede
Nikolaos P. Georgantas
Georgantas
Anastasios Georgopoulos
Georgopoulos
Charles Marius Duma Adolphe Gondouin
Marius
Duma
Adolphe
Gondouin
Frederick William Goodfellow
William
Goodfellow
Erik Gustaf Granfelt
Gustaf
Granfelt
Sylvester Granrose Grnros
Granrose
Grnros
William Greggan
Greggan
Andreas Gustaf Grnberger
Gustaf
Grnberger
Johan Gustaf Anton Gustafsson
Gustaf
Anton
Gustafsson
Per August Gustafsson
August
Gustafsson
Charles Haberkorn
Haberkorn
Johannes Hendrikus "Jan" Hengeveld
Hendrikus
"Jan"
Hengeveld
Francis Henriquez de Zubira
Henriquez
Zubira
Pieter Hillense
Hillense
William Hirons
Hirons
Torsten Oswald Magnus Holmberg
Oswald
Magnus
Holmberg
Frederick William "Fred" Holmes
William
"Fred"
Holmes
Karl Hltl
Hltl
Thomas Homewood
Homewood
Marquis Franklin "Bill" Horr
Franklin
"Bill"
Horr
Frederick Harkness Humphreys
Harkness
Humphreys
Mathias "Matt" Hynes
"Matt"
Hynes
Albert Ireton
Ireton
Harry Jacobs
Jacobs
Sijtse Jansma
Jansma
Hendrikus Alexander "Henk" Janssen
Alexander
"Henk"
Janssen
Carl Emil "CarlEmil" Johansson
Emil
"CarlEmil"
Johansson
Oskar Emil Johansson
Emil
Johansson
Knut Richard Johansson
Richard
Johansson
Sidney B. "Sid" Johnson
"Sid"
Johnson
Samuel Symington "Sam" Jones
Symington
"Sam"
Jones
Carl Jonsson
Jonsson
Periklis Kakousis
Kakousis
Carl Kaltenbach
Kaltenbach
Lloyd Albert Kelsey
Albert
Kelsey
Alexander Kidd
Kidd
Josef Krmer
Krmer
Karl Erik Krook
Erik
Krook
Joseph Kszyczewski
Kszyczewski
Frank X. Kugler
Kugler
Leopold Lahner
Lahner
Erik Victor Larsson
Victor
Larsson
Konstantinos Lazaros
Lazaros
Spyridon "Spyros" Lazaros
"Spyros"
Lazaros
Eric Otto Valdemar Lemming
Otto
Valdemar
Lemming
Rudolf Lindmayer
Lindmayer
Carl Herbert Lindstrm
Herbert
Lindstrm
Pieter Lombard
Lombard
Daniel McDonald Lowey
McDonald
Lowey
Raymond Rmy Maertens
Rmy
Maertens
Conrad Emanuel Magnusson Magnusen
Emanuel
Magnusson
Magnusen
Matthew John "Matt" McGrath
John
"Matt"
McGrath
Frederick Harris Merriman
Harris
Merriman
Vasilios Metalos
Metalos
Edwin Archer Mills
Archer
Mills
James Sarsfield "Jim" Mitchel
Sarsfield
"Jim"
Mitchel
Alexander Munro
Munro
August Nilsson
Nilsson
KarlGottfrid Nilsson
Nilsson
Karl Axel Patrik Norling
Axel
Patrik
Norling
Oscar G. Olson
Olson
Georgios Papakhristou
Papakhristou
William Penn
Penn
Patrick "Paddy" Philbin
"Paddy"
Philbin
Christian Albert Piek
Albert
Piek
Henri Pintens
Pintens
Georgios Psakhos
Psakhos
Vasilios Psakhos
Psakhos
Rodolfo Rambozzi
Rambozzi
Wilhelm Ritzenhoff
Ritzenhoff
August Henry "Gus" Rodenberg
Henry
"Gus"
Rodenberg
Louis Joseph Roffo
Joseph
Roffo
Joseph Albertus Rond
Albertus
Rond
Heinrich Rondi
Rondi
Charles "Chuck" Rose
"Chuck"
Rose
Ralph Waldo Rose
Waldo
Rose
mile Pierre Sarrade
Pierre
Sarrade
Carlo Schiappapietra
Schiappapietra
Eugen Stahl Schmidt
Stahl
Schmidt
Heinrich Schneidereit
Schneidereit
Johannes Schutte
Schutte
Henry Seiling
Seiling
William Bernard Seiling
Bernard
Seiling
John Sewell
Sewell
John James Shepherd
James
Shepherd
Willie Slade
Slade
George Smith
Smith
Gustaf Fredrik Sderstrm
Fredrik
Sderstrm
Franz Solar
Solar
Karl Gustaf Vilhelm Staaf Johansson
Gustaf
Vilhelm
Staaf
Johansson
Josef Steinbach
Steinbach
Harold Joseph "Harry" Stiff
Joseph
"Harry"
Stiff
Carl Gustaf Gunnar Svensson
Gustaf
Gunnar
Svensson
Thomas Swindlehurst
Swindlehurst
Leander James "Lee" Talbott, Jr.
James
"Lee"
Talbott,
Jr.
William Baldry "Walter" Tammas
Baldry
"Walter"
Tammas
Charles Henry Robert Thias
Henry
Robert
Thias
Ernest Arthur Thorne
Arthur
Thorne
Giuseppe Tonani
Tonani
Panagiotis Trivoulidis
Trivoulidis
Antonios Tsitas
Tsitas
Orin Thomas Upshaw
Thomas
Upshaw
Charles Van Den Broeck
Van
Den
Broeck
Franois Van Hoorenbeek
Van
Hoorenbeek
Antonius "Anton" van Loon
"Anton"
van
Loon
Willem van Loon
van
Loon
Marinus Cornelis "Rinus" van Rekum
Cornelis
"Rinus"
van
Rekum
Willem "Wim" van Rekum
"Wim"
van
Rekum
Spyridon "Spyros" Vellas
"Spyros"
Vellas
Paulus Visser
Visser
Bruno Julius Wagner
Julius
Wagner
Christopher Walker
Walker
Claes Ture Wersll
Ture
Wersll
Charles Gustav Wilhelm Winckler
Gustav
Wilhelm
Winckler
Joseph Winston
Winston
Josef Wittmann
Wittmann
Anders Hjalmar Wollgarth
Hjalmar
Wollgarth
James Henry Woodget
Henry
Woodget
Gustave Marius L. Wuyts
Marius
Wuyts
Amedeo Zotti
Zotti
