Mahmoud Abd ElKader
Abd
El-Kader
Abd El-Kader 
Hossam Abdalla
Abdalla
Mahmoud Abdel Aziz
Abdel
Aziz
Abdel Aziz 
Mohamed Abdel Hamed
Abdel
Hamed
Abdel Hamed 
Ahmed Abdel Naeim
Abdel
Naeim
Abdel Naeim 
Khaled Abdel Rahman
Abdel
Rahman
Abdel Rahman 
Ahmed Abdelaal
Abdelaal
Mamdouh Abdelrehim
Abdelrehim
Mouni Abderrahim
Abderrahim
Fawziya Abdoulkarim
Abdoulkarim
Alexandre Abeid
Abeid
Thorine Christelle Aboa Mbeza
Aboa
Mbeza
Aboa Mbeza 
Abdelhalim Muhammad Abou
Muhammad
Abou
Muhammad Abou 
Ashraf Abou ElHassan
Abou
El-Hassan
Abou El-Hassan 
Mahmoud Abou Elelaa
Abou
Elelaa
Abou Elelaa 
Gaber Mooti Abou Zeid
Abou
Zeid
Abou Zeid 
Pavel Sergeyevich Abramov
Sergeyevich
Abramov
Sergeyevich Abramov 
Nelli Mikhaylovna Abramova
Mikhaylovna
Abramova
Mikhaylovna Abramova 
Dallal Merwa Achour
Merwa
Achour
Merwa Achour 
Roslandy del Valle Acosta Alvarado
Acosta
Alvarado
Acosta Alvarado 
Tanya Acosta
Acosta
Rachael Alexis Adams
Alexis
Adams
Alexis Adams 
Adenzia Aparecida Ferreira da Silva
Silva
da Silva 
Ahmed Afifi
Afifi
Taismary "Tai" Agero Leiva Botteghi
Leiva
Tomas Alonso Aguilera Armendariz
Aguilera
Armendariz
Aguilera Armendariz 
Carlos Aguirre
Aguirre
Robyn Mokihana Ah MowSantos
Mow-Santos
Ah Mow-Santos 
Abdalla Ahmed
Ahmed
Abdel Latif Ahmed
Latif
Ahmed
Latif Ahmed 
Tassadit Assou
Assou
Fiorella Ata Junek
Ata
Junek
Ata Junek 
Yelena Rabigovna Akhaminova Sokolovskaya
Akhaminova
Foluke Antinuke Akinradewo
Antinuke
Akinradewo
Antinuke Akinradewo 
Marina Sergeyevna Akulova
Sergeyevna
Akulova
Sergeyevna Akulova 
Wael AlAydy
Al-Aydy
Fouad Salam Alam
Salam
Alam
Salam Alam 
Joseph Marc Albert
Marc
Albert
Marc Albert 
Brett Alderman
Alderman
Eliana Maria Nagib Aleixo
Nagib
Aleixo
Nagib Aleixo 
Aleksandar Aleksandrov
Aleksandrov
Todor Nikolaev Aleksiev
Nikolaev
Aleksiev
Nikolaev Aleksiev 
Edward "Ed" Alexiuk
Alexiuk
Maura Alfonso
Alfonso
Nataliya Adamovna Alimova Trandenkova
Alimova
ngel Alonso Nieto
Alonso
Nieto
Alonso Nieto 
John Kirby Alstrom
Kirby
Alstrom
Kirby Alstrom 
Thiago Soares Alves
Soares
Alves
Soares Alves 
Attia ElSayed Aly
El-Sayed
Aly
El-Sayed Aly 
Amauri Ribeiro
Ribeiro
Zdzisaw Stanisaw Ambroziak
Stanisaw
Ambroziak
Stanisaw Ambroziak 
An GyeongJa
Gyeong-Ja
Ana Flvia Chritaro Daniel Sanglard
Daniel
Sanglard
Daniel Sanglard 
Ana Lcia de Camargo Barros
Camargo
Barros
Camargo Barros 
Ana Paula Rodrigues Connelly Rodrigues Henkel
Anderson de Oliveira Rodrigues
Oliveira
Rodrigues
Oliveira Rodrigues 
Matthew John "Matt" Anderson
Anderson
Jayce Josefina Andrade Andrade
Andrade
Andrade
Andrade Andrade 
Bjrn Andrae
Andrae
Yelena Valentinovna Andreyuk Chesnokova
Andreyuk
Rivomanantsoa Andriamaonju
Andriamaonju
Yordan Angelov
Angelov
Stphane Antiga
Antiga
Oleg Antonov
Antonov
Yaroslav Viktorovich Antonov
Viktorovich
Antonov
Viktorovich Antonov 
Oegs Antropovs
Antropovs
Marija Anzulovi
Anzulovi
Tarek Aouni
Aouni
Shigeru Aoyama
Aoyama
Nikolay Sergeyevich Apalikov
Sergeyevich
Apalikov
Sergeyevich Apalikov 
Erika Araki
Araki
Yuko Arakida
Arakida
Alexeis Argilagos Segura
Argilagos
Segura
Argilagos Segura 
Cndida Estefany Arias Prez
Arias
Prez
Arias Prez 
William Peixoto Arjona
Peixoto
Arjona
Peixoto Arjona 
Arlene de Queiroz Xavier
Queiroz
Xavier
Queiroz Xavier 
Maike Arlt
Arlt
Regyna Armonas
Armonas
Valentina Arrighetti
Arrighetti
Gabriel Adrin Arroyo
Adrin
Arroyo
Adrin Arroyo 
Yevgeniya Viktorovna ArtamonovaEstes
Viktorovna
Artamonova-Estes
Viktorovna Artamonova-Estes 
Aderval Luiz Arvani
Luiz
Arvani
Luiz Arvani 
Olga Asato Hichiva
Asato
Hichiva
Asato Hichiva 
Andrey Viktorovich Ashchev
Viktorovich
Ashchev
Viktorovich Ashchev 
Halina Aszkieowicz Wojno
Aszkieowicz
Aleksandar Atanasijevi
Atanasijevi
Dinko Atanasov
Atanasov
Eslam Awad
Awad
Essam Awad
Awad
Naz Aydemir Akyol
Aydemir
Hamid Mohamed Azim
Mohamed
Azim
Mohamed Azim 
Elisabeth Anne "Wiz" Bachman McCutcheon
Bachman
Richard "Rick" Bacon
Bacon
Antnio Carlos "Badalhoca" Gueiros Ribeiro
Gueiros
Ribeiro
Gueiros Ribeiro 
Mohamed Badawy
Badawy
Kamaluddin Badi
Badi
Svetlana Mikhaylovna Badulina Safronova
Badulina
Bae YooNa
Yoo-Na
Baek MyeongSeon
Myeong-Seon
TontorZlatko Baev
Baev
Mohamed Baghdadi
Baghdadi
Oluwadamilola "Dami" Bakare
Bakare
Peter Oluwaclamilare K. Bakare
Bakare
K. Bakare 
Micha Bkiewicz
Bkiewicz
Konstantin Anatolyevich Bakun
Anatolyevich
Bakun
Anatolyevich Bakun 
Viorel Bla
Bla
Maret BalkesteinGrothues
Balkestein-Grothues
Lloy James Ball
James
Ball
James Ball 
Jutta Balster Puls
Balster
Victoria Banciu Caranda
Banciu
Bang JiSeop
Ji-Seop
Bang SinBong
Sin-Bong
Lucia BnhegyiRad
Bnhegyi-Rad
Blair Cameron Bann
Cameron
Bann
Cameron Bann 
Kayla Banwarth
Banwarth
Jorge Alejandro Barajas Gonzlez
Barajas
Gonzlez
Barajas Gonzlez 
Sergey Andreyevich Baranov
Andreyevich
Baranov
Andreyevich Baranov 
Anna Baraska Werbliska
Baraska
Violet Awidi Barasa
Awidi
Barasa
Awidi Barasa 
Jenny Barazza
Barazza
Antonio Barbet
Barbet
Nicolae Brbu
Brbu
Philippe BarcaCysique
Barca-Cysique
Gyngyi BardiGerevich
Bardi-Gerevich
Mounir Barek
Barek
Andrea Bari
Bari
Nelly Barnet Wilson
Barnet
Wilson
Barnet Wilson 
Kevin Rees Barnett
Rees
Barnett
Rees Barnett 
Tamsin BarnettHinchley
Barnett-Hinchley
John Barrett
Barrett
Carlos Barron
Barron
Zoila Barros Fernndez
Barros
Fernndez
Barros Fernndez 
Gyula Bartha
Bartha
Zbigniew Bartman
Bartman
Vladimir Batez
Batez
Alexis Batle Arredono
Batle
Arredono
Batle Arredono 
Yelena Nikolayevna BatukhtinaTyurina
Nikolayevna
Batukhtina-Tyurina
Nikolayevna Batukhtina-Tyurina 
Yudelkys Bautista
Bautista
Louise Bawden
Bawden
Elizabeth "Betty" Baxter
Baxter
Luren Baylon Francis
Baylon
Francis
Baylon Francis 
David Beard
Beard
Lynne Beattie
Beattie
Jeanne Marie Beauprey Reeves
Beauprey
Bronisaw Bebel
Bebel
Paulo Roberto "Bebeto" de Freitas
Freitas
de Freitas 
Carolyn Marie Becker
Marie
Becker
Marie Becker 
Nick Adrian Becker
Adrian
Becker
Adrian Becker 
Agnieszka Bednarek Kasza
Bednarek
Bartosz Bednorz
Bednorz
Oueil Behi Mohamed
Behi
Mohamed
Behi Mohamed 
Khaled Bel Ad
Bel
Bel Ad 
Pierre Blanger
Blanger
Yvon Belin
Belin
Anastasiya Aleksandrovna Belikova
Aleksandrovna
Belikova
Aleksandrovna Belikova 
Rachel Beliveau
Beliveau
Regla Maritza Bell McKenzie
Bell
McKenzie
Bell McKenzie 
Giulio Belletti
Belletti
Angel Beltrn Mario
Beltrn
Mario
Beltrn Mario 
Lazaro Beltrn Rizo
Beltrn
Rizo
Beltrn Rizo 
Walid Ben Abbes
Ben
Abbes
Ben Abbes 
Abdel Aziz Ben Abdallah
Ben
Abdallah
Ben Abdallah 
Faycal Ben Amara
Ben
Amara
Ben Amara 
Hichem Ben Amira
Ben
Amira
Ben Amira 
Rafik Ben Amor
Ben
Amor
Ben Amor 
Mehdi Ben Cheikh
Ben
Cheikh
Ben Cheikh 
Bilel Ben Hassine
Ben
Hassine
Ben Hassine 
ElTayeb ElHadj Ben Khelfallah
Ben
Khelfallah
Ben Khelfallah 
Abderrazak Ben Massaoud
Ben
Massaoud
Ben Massaoud 
Hamouda Ben Massaoud
Ben
Massaoud
Ben Massaoud 
Naceur Ben Othman
Ben
Othman
Ben Othman 
Hichem Ben Romdhane
Ben
Romdhane
Ben Romdhane 
Mohamed Ben Sheikh
Ben
Sheikh
Ben Sheikh 
Lotfi Ben Slimane
Ben
Slimane
Ben Slimane 
Mohamed Ben Slimane
Ben
Slimane
Ben Slimane 
Moncef Ben Soltane
Ben
Soltane
Ben Soltane 
Jlia Bendeov
Bendeov
Christina Benecke
Benecke
Nassima Saleha Benhamouda ep Akouche
Akouche
ep Akouche 
Edwin Johannes Benne
Johannes
Benne
Johannes Benne 
Zohra Bensalem
Bensalem
Yury Viktorovich Berezhko
Viktorovich
Berezhko
Viktorovich Berezhko 
Lindsey Napela Berg
Napela
Berg
Napela Berg 
Larisa Abramovna Bergen Goncharova
Bergen
Ralph Bergmann
Bergmann
Krimo Bernaoui
Bernaoui
Bernard Rajzman
Rajzman
Lorenzo Bernardi
Bernardi
Bernardo "Bernardinho" Rocha de Rezende
Rezende
de Rezende 
Mehrez Berriri
Berriri
Maria Catherine Bertelli
Catherine
Bertelli
Catherine Bertelli 
Sabrina Bertini
Bertini
Franco Bertoli
Bertoli
Aldis Imants Berzins
Imants
Berzins
Imants Berzins 
Monika Beu
Beu
Ana Beatriz "Bia" Francisco das Chagas
das
Chagas
das Chagas 
Bian Hongmin
Hongmin
Jernimo Anbal Bidegain
Anbal
Bidegain
Anbal Bidegain 
Volodymyr Ivanovych Bieliaiev
Ivanovych
Bieliaiev
Ivanovych Bieliaiev 
Mateusz Bieniek
Bieniek
Brook Michael Billings
Michael
Billings
Michael Billings 
Astra Biltauere Rubene
Biltauere
Emanuele Birarelli
Birarelli
Carole Bishop
Bishop
va Biszku
Biszku
Zsuzsanna "Zsuzsa" Biszku
Biszku
Novica Bjelica
Bjelica
Hkan David Gunnarsson Bjrne
Gunnarsson
Bjrne
Gunnarsson Bjrne 
Jelena Blagojevi
Blagojevi
Philippe Blain
Blain
Aleoscar Ruseth Blanco Iriarte
Blanco
Iriarte
Blanco Iriarte 
Juan Carlos Blanco Macuma
Blanco
Macuma
Blanco Macuma 
Peter Blang
Blang
Jay Michael Blankenau
Michael
Blankenau
Michael Blankenau 
Gbor Bod
Bod
Madeleine Samantha Bodo Essissima
Bodo
Essissima
Bodo Essissima 
Jacintha Hedwig Jeanne "Cintha" Boersma
Boersma
Vladimir Bogoevski
Bogoevski
Marcus Bhme
Bhme
Dejan Bojovi
Bojovi
Zsuzsanna "Zsuzsa" BokrosTrk
Bokros-Trk
Dante Boninfante
Boninfante
Antonio Bonini
Bonini
Johannes Cornelius "Rob" Bontje
Bontje
Maurcio Borges Almeida Silva
Almeida
Silva
Almeida Silva 
Victor Mrio Barcellos Borges
Barcellos
Borges
Barcellos Borges 
Verka Borisova Stoyanova
Borisova
Mariya Vladimirovna BorodakovaBorisenko
Vladimirovna
Borodakova-Borisenko
Vladimirovna Borodakova-Borisenko 
Lyudmila Vasilyevna Borozna Zhigily
Borozna
Fernando Marcelo Borrero
Marcelo
Borrero
Marcelo Borrero 
Evelina Borroto Donner
Borroto
Donner
Borroto Donner 
Viktor Nikolayevich Borshch
Nikolayevich
Borshch
Nikolayevich Borshch 
Leticia Boscacci
Boscacci
Ryszard Bosek
Bosek
Caterina Chiara Bosetti
Chiara
Bosetti
Chiara Bosetti 
Lucia Bosetti
Bosetti
Slobodan Bokan
Bokan
Tijana Bokovi
Bokovi
Willem Bossaerts
Bossaerts
Atika Bouagaa
Bouagaa
Ronald Hermannus "Ron" Boudrie
Boudrie
Safia Boukhima
Boukhima
Walid Boulahya
Boulahya
AlNaceur Bounatouf
Bounatouf
Celia Bourihane
Bourihane
Abdel Aziz Bousarsar
Aziz
Bousarsar
Aziz Bousarsar 
Hedi Bousarsar
Bousarsar
Rashid Bousarsar
Bousarsar
ric Bouvier
Bouvier
Vigor Bovolenta
Bovolenta
Sandra "Sandi" Bowen
Bowen
Heather Erin Bown
Erin
Bown
Erin Bown 
Georgi Spasov Boyadzhiev
Spasov
Boyadzhiev
Spasov Boyadzhiev 
Kevin Currie Boyles
Currie
Boyles
Currie Boyles 
Nataliya Bozhenova
Bozhenova
Tsvetana Bozhurina Fillippini
Bozhurina
Marco Bracci
Bracci
Antonella Bragaglia
Bragaglia
Rachel Emily Bragg
Emily
Bragg
Emily Bragg 
Jovana BrakoeviKancian
Brakoevi-Kancian
Georgi Sashkov Bratoev
Sashkov
Bratoev
Sashkov Bratoev 
Valentin Sashkov Bratoev
Sashkov
Bratoev
Sashkov Bratoev 
Elizabeth "Liz" Brett
Brett
Carlos Martin Briceno
Martin
Briceno
Martin Briceno 
David Michael "Mike" Bright
Bright
Patricia Ann Lucas "Patti" Bright
Bright
Erna Augusta Brinkman
Augusta
Brinkman
Augusta Brinkman 
Barbara "Barb" BroenOuelette
Broen-Ouelette
Freddy Brooks Bong
Brooks
Bong
Brooks Bong 
Gino Brousseau
Brousseau
Marco Brouwers
Brouwers
Barry Ross Brown
Ross
Brown
Ross Brown 
Majella Brown
Brown
Bruno "Bruninho" Mossa de Rezende
Rezende
de Rezende 
Nicols Martn Bruno
Martn
Bruno
Martn Bruno 
Dejan Brovi
Brovi
Kerri Ann Buchberger
Ann
Buchberger
Ann Buchberger 
Craig Werner Buck
Werner
Buck
Werner Buck 
Ivans Bugajenkovs
Bugajenkovs
Beate Bhler Faure
Bhler
Yuliya Buieva
Buieva
Anne Buijs
Buijs
Teunis "Teun" Buijs
Buijs
Lyudmila Stepanovna Buldakova Meshcheryakova
Buldakova
Katharina Bullin
Bullin
Nikolay Aleksandrovich Burobin
Aleksandrovich
Burobin
Aleksandrovich Burobin 
Bianka Bua
Bua
KlausDieter Buschle
Buschle
Florencia Natasha Busquets Reyes
Busquets
Reyes
Busquets Reyes 
Rafa Buszek
Buszek
Simone Buti
Buti
Aleksandr Anatolyevich Butko
Anatolyevich
Butko
Anatolyevich Butko 
Byeon GyeongJa
Gyeong-Ja
Eloisa Cabada
Cabada
Milagros Cabral de la Cruz
Cruz
la Cruz 
Maurizia Cacciatori
Cacciatori
Luis Felipe Calderon Blet
Calderon
Blet
Calderon Blet 
Mercedes Caldern Martnez
Caldern
Martnez
Caldern Martnez 
Rosir Calderon Daz
Calderon
Daz
Calderon Daz 
Jol Ignacio Calva Vazquez 
Calva
Vazquez
Calva Vazquez 
Milagros Beatriz Cmere Puga
Cmere
Puga
Cmere Puga 
Luke Campbell
Campbell
Bra Cansu
Cansu
Luca Cantagalli
Cantagalli
Cao Ping
Ping
Laurent Capet
Capet
Josefina Capote
Capote
Kenia Carcaces Opn
Carcaces
Opn
Carcaces Opn 
Alicia Crdeas
Crdeas
Mara "Gaby" Crdeas
Crdeas
Virginia Cardona Tapia
Cardona
Tapia
Cardona Tapia 
Paola Cardullo
Cardullo
Antnio Carlos "Carlo" Aguilar Gouveia
Aguilar
Gouveia
Aguilar Gouveia 
Carolina "Carol" Demartini de Albuquerque
Albuquerque
de Albuquerque 
Carlos Luis Carreo Cejudo
Carreo
Cejudo
Carreo Cejudo 
Evelyn Carrera Pichardo
Carrera
Pichardo
Carrera Pichardo 
Ana Cecilia Carrillo
Cecilia
Carrillo
Cecilia Carrillo 
Nancy Carrillo de la Paz
Paz
la Paz 
Grace Carter
Carter
Magalys Esther Carvajal Rivera
Carvajal
Rivera
Carvajal Rivera 
Gloria Casales Ortz
Casales
Ortz
Casales Ortz 
Jos Antonio Casilla Corts
Casilla
Corts
Casilla Corts 
Alexandra Caso Sierra
Caso
Sierra
Caso Sierra 
Massimo Castagna
Castagna
Maria Auxiliadora Villar "Dora" Castanheira
Castanheira
Daniel Jorge Castellani
Jorge
Castellani
Jorge Castellani 
Ivn Castellani
Castellani
Yael Castiglione
Castiglione
Brenda Castillo
Castillo
Dcio Cattaruzzi
Cattaruzzi
Suzana ebi
ebi
Freddy Ramn Cedeo Mrquez
Cedeo
Mrquez
Cedeo Mrquez 
Nancy Celis
Celis
Nadia Centoni
Centoni
Matej Cernic
Cernic
Luisa Haydee Cervera Cevedon
Cervera
Cevedon
Cervera Cevedon 
Mara Cervera
Cervera
Laurent Chambertin
Chambertin
Mohammed Salim AlChekili
Salim
Al-Chekili
Salim Al-Chekili 
Chen Fengqin
Fengqin
Chen Jing
Jing
Raouf Chenoufi
Chenoufi
Edna Chumo Chepngeno
Chumo
Chepngeno
Chumo Chepngeno 
Yury Konstantinovich Cherednik
Konstantinovich
Cherednik
Konstantinovich Cherednik 
Vladimir Dmitriyevich Chernyshov
Dmitriyevich
Chernyshov
Dmitriyevich Chernyshov 
Lyudmila Georgiyevna Chernyshova Prokoshina
Chernyshova
Yury Borisovich Chesnokov
Borisovich
Chesnokov
Borisovich Chesnokov 
Alexandrina Chezan
Chezan
Ioan Mihai Chezan
Mihai
Chezan
Mihai Chezan 
Corneliu Valter Chifu
Valter
Chifu
Valter Chifu 
Leyla Felicita Chihun
Felicita
Chihun
Felicita Chihun 
Cristina Chirichella
Chirichella
Linda Rae Chisholm
Rae
Chisholm
Rae Chisholm 
Marius Cta Chiiga
Cta
Chiiga
Cta Chiiga 
Lidia Teresa Chmielnicka muda, Obonczek
Choi CheonSik
Cheon-Sik
Choi DonHui
Don-Hui
Choi GwangHui
Gwang-Hui
Choi JongOk
Jong-Ok
Choi TaeUng
Tae-Ung
Zane Christensen
Christensen
Micah Makanamaikalani Christenson
Makanamaikalani
Christenson
Makanamaikalani Christenson 
Chu Jinling
Jinling
Olga Viktorovna Chukanova Khrzhanovskaya
Chukanova
Yefim Aronovich Chulak
Aronovich
Chulak
Aronovich Chulak 
Raquel Chumpitaz
Chumpitaz
Jn Cifra
Cifra
Cilene Falleiro Rocha Drewnick
Rocha
Alberto Cisolla
Cisolla
Vesna itakoviurisi
itakovi-urisi
Angela Clarke
Clarke
Janet Marie Cobbs Mulholland
Cobbs
Massimo Colaci
Colaci
Sonia Colceru
Colceru
Daniel M. Colla
Colla
M. Colla 
Deitre Elaine Collins Parker
Collins
Gabriela Coman
Coman
Javier Octavio Concepcin Rojas
Concepcin
Rojas
Concepcin Rojas 
Franklin Louis "Frank" Constandse
Constandse
Facundo Conte
Conte
Hugo Nstor Conte
Nstor
Conte
Nstor Conte 
Vernica Contreras Flores
Contreras
Flores
Contreras Flores 
Jose Corbeil
Corbeil
Irma Cordero Bonilla
Cordero
Bonilla
Cordero Bonilla 
Delia Crdova Uribe Caceres
Uribe
Samuel Crdova Arvizu
Crdova
Arvizu
Crdova Arvizu 
Mirko Corsano
Corsano
Marlenis Costa Blanco
Costa
Blanco
Costa Blanco 
Venancio Costa Monge
Costa
Monge
Costa Monge 
Carolina del Pilar Costagrande
Pilar
Costagrande
Pilar Costagrande 
Mihai Iuliu Coste
Iuliu
Coste
Iuliu Coste 
Caroline Ct
Allan Spencer Coulter
Spencer
Coulter
Spencer Coulter 
Paolo Alfredo Cozzi
Alfredo
Cozzi
Alfredo Cozzi 
Pablo Crer
Crer
Heleen Crielaard
Crielaard
Albert Maximo Cristina
Maximo
Cristina
Maximo Cristina 
Corina Criv Moraru
Criv
Paola Croce
Croce
Rita Louise Crockett Buck
Crockett
Tara Lavell CrossBattle
Lavell
Cross-Battle
Lavell Cross-Battle 
urea Esther "Aury" Cruz
Cruz
Gabriella CsapFekete
Csap-Fekete
Robert Jan "Bob" Ctvrtlik
Ctvrtlik
Milan uda
uda
Cui Jianjun
Jianjun
Cui Yongmei
Yongmei
Alcides D. Cuminetti
Cuminetti
D. Cuminetti 
Juan Carlos Cuminetti
Carlos
Cuminetti
Carlos Cuminetti 
Bla Czafik
Czafik
Wiesaw Czaja
Czaja
Krystyna CzajkowskaRawska
Czajkowska-Rawska
Barbara Czekalla
Czekalla
Eliana Miranda da Costa
Costa
da Costa 
Jos Maria Schwartz da Costa
Costa
da Costa 
Mnica Caetano da Silva
Silva
da Silva 
Damian Dacewicz
Dacewicz
Francesco Dall'Olio
Dall'Olio
Barbara Dalton
Dalton
Beatrice "Bea" Daly
Daly
Giancarlo Dametto
Dametto
Anna Danesi
Danesi
Patricia Danii Medac
Danii
Srgio Danilas
Danilas
Dante Guimares Santos do Amaral
Amaral
do Amaral 
Terence "Terry" Danyluk
Danyluk
Dominique Daquin
Daquin
Neslihan Demir Darnel
Demir
Darnel
Demir Darnel 
Santiago Darraidou
Darraidou
Ivonete das Neves
das
Neves
das Neves 
Winthrop "Wink" Davenport, Jr.
Davenport,
Jr.
Davenport, Jr. 
Nicole Marie Davis
Marie
Davis
Marie Davis 
Dcio Viotti de Azevedo
Azevedo
de Azevedo 
Luciano de Cecco
Cecco
de Cecco 
Monica De Gennaro
Gennaro
De Gennaro 
Ferdinando De Giorgi
Giorgi
De Giorgi 
Marjolein Elisabeth de Jong
Jong
de Jong 
Loc de Kergret
Kergret
de Kergret 
Robin de Kruijf
Kruijf
de Kruijf 
Bethania de la Cruz de Pea
Pea
de Pea 
Enrique de la Fuente Santos
Fuente
Santos
Fuente Santos 
Alejandra de la Guerra
Guerra
la Guerra 
Laura de la Torre Tur
Torre
Tur
Torre Tur 
Guido De Luigi
Luigi
De Luigi 
Eli Lacerda de Oliveira Neto
Oliveira
Neto
Oliveira Neto 
Hamilton Leo de Oliveira
Oliveira
de Oliveira 
Jos Esteban De Palma
Palma
De Palma 
Leondio Pasquali de Pra Filho
Pra
Filho
Pra Filho 
Jorge Americo Oliveira de Souza
Souza
de Souza 
Ana Paula De Tassis
Tassis
De Tassis 
Jacques de Vink
Vink
de Vink 
Frank Dehne
Dehne
Antonella Del Core
Del
Core
Del Core 
Mara del Mar Rey Abad
Rey
Abad
Rey Abad 
Mara Cecilia del Risco
del
Risco
del Risco 
Jorge Franco Couto Delano
Couto
Delano
Couto Delano 
Pedro Delgado Gonzalaz
Delgado
Gonzalaz
Delgado Gonzalaz 
Margarita Yolanda Delgado Prada
Delgado
Prada
Delgado Prada 
Yutaka Demachi
Demachi
Mary Dempster
Dempster
Angel Denis Daz
Denis
Daz
Denis Daz 
Abdel Aziz Derbal
Aziz
Derbal
Aziz Derbal 
Eduard Derzsei
Derzsei
Jol Despaigne Charles
Despaigne
Charles
Despaigne Charles 
Ivana erisilo Stankovi
erisilo
Mauro Di Bernardo
Bernardo
Di Bernardo 
Claudio Di Coste
Coste
Di Coste 
Ral Diago Izquierdo
Diago
Izquierdo
Diago Izquierdo 
Ana Ibis Daz Martnez
Daz
Martnez
Daz Martnez 
Erenia Daz Snchez
Daz
Snchez
Daz Snchez 
Luis Augusto Daz Mayorca
Daz
Mayorca
Daz Mayorca 
Martijn Dieleman
Dieleman
Leo Dierckx
Dierckx
Ali Dif
Dif
Laura Chantal Dijkema
Chantal
Dijkema
Chantal Dijkema 
Carlos Dilaut Reitor
Dilaut
Reitor
Dilaut Reitor 
Dimitar Dimitrov
Dimitrov
Dobromir Dimitrov Dimitrov
Dimitrov
Dimitrov
Dimitrov Dimitrov 
Ivan Dimitrov
Dimitrov
Stefan Dimitrov
Dimitrov
Rositsa Dimitrova
Dimitrova
Tanya Georgieva Dimitrova Todorova
Dimitrova
Stanislav Anatolyevich Dineykin
Anatolyevich
Dineykin
Anatolyevich Dineykin 
Ding Xia
Xia
Alejandro Diz
Diz
Ileana Dobrovschi Berdil
Dobrovschi
Vyacheslav Grigoryevich Domani
Grigoryevich
Domani
Grigoryevich Domani 
Beatrice Dmeland
Dmeland
Asuncin Domenech Domnguez
Domenech
Domnguez
Domenech Domnguez 
Domingos "Domingos Maracan" Lampariello Neto
Lampariello
Neto
Lampariello Neto 
Estela Domnguez Cervio
Domnguez
Cervio
Domnguez Cervio 
Vladimir Vyacheslavovich Dorokhov
Vyacheslavovich
Dorokhov
Vyacheslavovich Dorokhov 
Douglas Chiarotti
Chiarotti
RuxantraKontroutsa "Rouxi" Doumitreskou
Doumitreskou
Vladan orevi
orevi
Aurel Drgan
Drgan
Petko Dragiev
Dragiev
Fabian Drzyzga
Drzyzga
Wojciech Drzyzga
Drzyzga
Justin Duff
Duff
Patrick Duflos
Duflos
Horrace Smith "Smitty" Duke
Duke
Laureniu Dumnoiu
Dumnoiu
Cornelia Dumler
Dumler
Mrio Stiebler Dunlop
Stiebler
Dunlop
Stiebler Dunlop 
Christian Dnnes
Dnnes
Juan Manuel Durn Guterrez
Durn
Guterrez
Durn Guterrez 
Richard Lloyd "Rich" Duwelius
Duwelius
ore uri
uri
Douglas Scott "Dusty" Dvorak
Dvorak
Andrew Earl
Earl
Phillip Daniel "Phil" Eatherton
Eatherton
Milad Ebadipour Gharahassanlou
Ebadipour
Gharahassanlou
Ebadipour Gharahassanlou 
Yukiko Ebata
Ebata
Karla Miguelina Echenique Medina
Echenique
Medina
Echenique Medina 
der Francis Carbonera
Francis
Carbonera
Francis Carbonera 
Thomas Edgar
Edgar
Yumi EgamiMaruyama
Egami-Maruyama
Paola Ogechi Egonu
Ogechi
Egonu
Ogechi Egonu 
Katalin EichlerSchadek
Eichler-Schadek
Ahmed Abdel Aziz ElAskalani
Aziz
El-Askalani
Aziz El-Askalani 
Ahmed ElFaghei
El-Faghei
Mohamed ElHusseini
El-Husseini
Adnan ElKhuja
El-Khuja
Ahmed ElKotb
El-Kotb
Mustafa ElMusbah
El-Musbah
Hamdy ElSafy Awad
El-Safy
Awad
El-Safy Awad 
Samir Loutfi ElSayed
Loutfi
El-Sayed
Loutfi El-Sayed 
Ahmed ElShamouty
El-Shamouty
Mohamed Saleh ElShikshaki
Saleh
El-Shikshaki
Saleh El-Shikshaki 
Shaban ElTantawy
El-Tantawy
Abdel Hamid ElWassimy
Hamid
El-Wassimy
Hamid El-Wassimy 
Aysir Mohamed ElZalabani
Mohamed
El-Zalabani
Mohamed El-Zalabani 
Jorge Alberto Elgueta
Alberto
Elgueta
Alberto Elgueta 
Elisngela Almeida de Oliveira
Oliveira
de Oliveira 
Annette Ellerbracke
Ellerbracke
Ileana Enculescu Dulu
Enculescu
Lori Ann Endicott Vandersnick
Endicott
Bernard Endrich
Endrich
Emke nekesSzegedi Vargha
nekes-Szegedi
Gnther Erich Enescu
Erich
Enescu
Erich Enescu 
Iuliana Enescu
Enescu
Romeo Enescu
Enescu
Stephanie Marie Enright
Marie
Enright
Marie Enright 
Eda Erdem Dndar
Erdem
Dndar
Erdem Dndar 
Keith Raymond Erickson
Raymond
Erickson
Raymond Erickson 
Giovanni Errichiello
Errichiello
Srgio "Escadinha" Dutra dos Santos
dos
Santos
dos Santos 
Lisvel Elisa Eve Mejia Castillo
Mejia
Jacques Ewalds
Ewalds
Yelena Ezau
Ezau
Fabiana "Fabi" Alvim de Oliveira
Oliveira
de Oliveira 
Fabiana Marcelino Claudino
Marcelino
Claudino
Marcelino Claudino 
Alain Fabiani
Fabiani
Josefa Fabola Almeida de Sousa Alves
Sousa
Alves
Sousa Alves 
Denisse Fajardo Garca
Fajardo
Garca
Fajardo Garca 
Ibrahim Fakhr ElDin
Fakhr
El-Din
Fakhr El-Din 
Miguel ngel Falasca Fernndez
Falasca
Fernndez
Falasca Fernndez 
Iris Rocio Falcn Dorita
Falcn
Dorita
Falcn Dorita 
Fang Yingchao
Yingchao
Mahmoud Mohamed Farag
Mohamed
Farag
Mohamed Farag 
Olga Aleksandrovna Fateyeva
Aleksandrovna
Fateyeva
Aleksandrovna Fateyeva 
Ibrahim Fathy
Fathy
Marouane AlFehri
Al-Fehri
Alessandro Fei
Fei
Carlos Eduardo Albano Feitosa
Albano
Feitosa
Albano Feitosa 
Judit Fekete Hazsik
Fekete
Feng Kun
Kun
David Ferguson
Ferguson
Fernanda Porto Venturini
Porto
Venturini
Porto Venturini 
Fernando "Fernando" Roscio de vila
vila
de vila 
Ana Ivis Fernndez Valle
Fernndez
Valle
Fernndez Valle 
Josefina Fernndez
Fernndez
Fernanda "Fernandinha" Ferreira
Ferreira
Hernn Ferraro
Ferraro
Darienn Ferrer Dels
Ferrer
Dels
Ferrer Dels 
Francesca Ferretti
Ferretti
Irina Andreyevna Fetisova
Andreyevna
Fetisova
Andreyevna Fetisova 
Brigitte Fetzer Consuegra
Fetzer
Gheorghe Fieraru
Fieraru
Alfredo Figueredo Ricardo
Figueredo
Ricardo
Figueredo Ricardo 
Ericlia "Fil" Bodziak
Bodziak
Sebastin Firpo
Firpo
Laura Jean "Laurie" Flachmeier Corbelli
Flachmeier
Emmy Henritte "Ritte" Fledderus
Fledderus
Judith Flemig Pelzer
Flemig
Jenny Catharine "Jerine" Fleurke
Fleurke
Berthrade Simone Flore Bikatal
Flore
Bikatal
Flore Bikatal 
Shirley Margarita Florian Daz
Florian
Daz
Florian Daz 
Tibor Flrin
Flrin
Tsvetan Florov
Florov
Hlia "Fofo" Rogrio de Souza Pinto
Souza
Pinto
Souza Pinto 
Dmitry Aleksandrovich Fomin
Aleksandrovich
Fomin
Aleksandrovich Fomin 
Oleksandra Fomina
Fomina
Enrique Fortes La Rosa
Rosa
La Rosa 
Scott Thomas Fortune
Thomas
Fortune
Thomas Fortune 
Stphanie Fotso Mogoung
Fotso
Mogoung
Fotso Mogoung 
Joo Cludio Frana
Cludio
Frana
Cludio Frana 
Genesis del Carmen Franchesco Machado
Franchesco
Machado
Franchesco Machado 
Mirka Francia Vasconcelos
Francia
Vasconcelos
Francia Vasconcelos 
Sbastien Frangolacci
Frangolacci
Karen Fraser
Fraser
Christopher Robert Frehlick
Robert
Frehlick
Robert Frehlick 
Jrgen Freiwald
Freiwald
Nathan Alexander P. French
French
P. French 
Nico Petrus Johannes Freriks
Johannes
Freriks
Johannes Freriks 
Luca Fresco
Fresco
Luisa Fuentes Quijandria
Fuentes
Quijandria
Fuentes Quijandria 
Yoko Fujimoto Utida
Fujimoto
Sachiko Fujita
Fujita
Yoshihide Fukao
Fukao
Kiyoko Fukuda
Fukuda
Sachiko Fukunaka
Fukunaka
Tatsuya Fukuzawa
Fukuzawa
Christiane Furst
Furst
Makiko Furukawa
Furukawa
Yasushi Furukawa
Furukawa
Mohamed Gabal
Gabal
Gabriela "Gabi" Braga Guimares
Braga
Guimares
Braga Guimares 
Piotr Gabrych
Gabrych
Jean Kay Gaertner
Kay
Gaertner
Kay Gaertner 
Terrance Antony "Terry" Gagnon
Gagnon
gnes Irn GajdosHubai
Irn
Gajdos-Hubai
Irn Gajdos-Hubai 
Katarzyna Karolina Gajga Biel, Anio
Mria Gl
Miriam Gallardo
Gallardo
Claudio Galli
Galli
Lou Sara Galloway Clark, McWilliams
Lszl Glos
Glos
Vera Illarionovna GalushkaDuyunova
Illarionovna
Galushka-Duyunova
Illarionovna Galushka-Duyunova 
Joyce Gamborg Senyk
Gamborg
Yekaterina Aleksandrovna Gamova
Aleksandrovna
Gamova
Aleksandrovna Gamova 
Constantin Ganciu
Ganciu
Lyubomir Ganev
Ganev
Gang DuTae
Du-Tae
Gang HyeMi
Hye-Mi
Gang ManSu
Man-Su
Gang SeongHyeong
Seong-Hyeong
Gao Lin
Lin
AlMahdi Gara
Gara
Maria Garangouni
Garangouni
Niki Garangouni
Garangouni
Fernanda Garay Rodrigues
Garay
Rodrigues
Garay Rodrigues 
Jorge Ignacio  Garbey Castillo
Garbey
Castillo
Garbey Castillo 
Ana Mara Garca Crespo
Garca
Crespo
Garca Crespo 
Blanca Garca
Garca
Rosa Gisella Garca Rivas
Garca
Rivas
Garca Rivas 
Vctor Garca Campos
Garca
Campos
Garca Campos 
Yonder Romn Garca lvarez
Garca
lvarez
Garca lvarez 
Yosenki Garca Daz
Garca
Daz
Garca Daz 
Andrea Gardini
Gardini
Gabriel Bryan "Gabe" Gardner
Gardner
Jess Garrido Escobar
Garrido
Escobar
Garrido Escobar 
Gudrun Grtner
Grtner
Idalmis Gato Moya
Gato
Moya
Gato Moya 
Ramn Gato Moya
Gato
Moya
Gato Moya 
Mauro Gavotto
Gavotto
Ivaylo Brunkov Gavrilov
Brunkov
Gavrilov
Brunkov Gavrilov 
Wiesaw Stanisaw Gawowski
Stanisaw
Gawowski
Stanisaw Gawowski 
Krasimir Gaydarski
Gaydarski
Alessia Gennari
Gennari
Marta Gens Barbera
Gens
Barbera
Gens Barbera 
Corina Georgescu
Georgescu
Victoria Georgescu
Georgescu
Maya Vladimirova Georgieva Stoeva
Georgieva
Aleksandr Georgiyevich Gerasimov
Georgiyevich
Gerasimov
Georgiyevich Gerasimov 
Andrija Geri
Geri
Farhad Ghaemi
Ghaemi
Amir Ghafour
Ghafour
Riadh Ghandri
Ghandri
Fethi Ghariani
Ghariani
Faycal Gharzouli
Gharzouli
Chaker Ghezal
Ghezal
Adel Gholami
Gholami
Andrea Giani
Giani
Gastn Giani
Giani
Simone Giannelli
Giannelli
Gilberto Amauri "Giba" de Godoy Filho
Godoy
Filho
Godoy Filho 
Krzysztof Gierczyski
Gierczyski
Gilson Alves Bernardo
Alves
Bernardo
Alves Bernardo 
Randal John Gingera
John
Gingera
John Gingera 
Simona Gioli
Gioli
Marios Giourdas
Giourdas
Giovane Farinazzo Gvio
Farinazzo
Gvio
Farinazzo Gvio 
Rodolfo Giovenzana
Giovenzana
Andrea Giovi
Giovi
Dan Grleanu
Grleanu
Kathleen "Kathy" Girvan
Girvan
Alisha Rebecca Glass
Rebecca
Glass
Rebecca Glass 
Kimberly Marie "Kim" Glass
Glass
Kirsten Joke Hermine Gleis
Hermine
Gleis
Hermine Gleis 
Biljana Gligorovi
Gligorovi
Magorzata GlinkaMogentale
Glinka-Mogentale
Desiree Guillermina Glod John
Glod
John
Glod John 
Yelena Mikhaylovna "Lena" Godina
Godina
Tanya Gogova Ayshinova
Gogova
Adrin Eduardo Goide Arredondo
Goide
Arredondo
Goide Arredondo 
Giorgio Goldoni
Goldoni
Bohumil Golian
Golian
Marianna Golimowska Chyliska
Golimowska
Elisabeta Goloie
Goloie
Hossameldin Gomaa
Gomaa
Ernardo Andrs Gmez Caas
Gmez
Caas
Gmez Caas 
Nataliya Olegovna GoncharovaObmochayeva
Olegovna
Goncharova-Obmochayeva
Olegovna Goncharova-Obmochayeva 
Gong Xiangyu
Xiangyu
Tatyana Pavlovna Gonobobleva Semyonova
Gonobobleva
Mercedes Gonzles la Torre
Torre
la Torre 
Alexis Rubn Gonzlez
Rubn
Gonzlez
Rubn Gonzlez 
Demin Gonzlez
Gonzlez
Francisco Gonzlez Suaste
Gonzlez
Suaste
Gonzlez Suaste 
Inmaculada Gonzlez Casado
Gonzlez
Casado
Gonzlez Casado 
Jos Lus Gonzlez
Lus
Gonzlez
Lus Gonzlez 
Juana M. Gonzlez Snchez
Gonzlez
Snchez
Gonzlez Snchez 
Yosvani Gonzlez Nicols
Gonzlez
Nicols
Gonzlez Nicols 
Sergey Gorbunov
Gorbunov
Guido Grtzen
Grtzen
Valery Leonidovich Goryushev
Leonidovich
Goryushev
Leonidovich Goryushev 
Stanisaw Gociniak
Gociniak
Arkadiusz Goa
Goa
Robert Karl Baldwin "Rob" Grabert
Grabert
Tatyana Aleksandrovna Gracheva
Aleksandrovna
Gracheva
Aleksandrovna Gracheva 
Thomas "Tom" Graham
Graham
Joo Grangerio
Grangerio
Sergey Yuryevich Grankin
Yuryevich
Grankin
Yuryevich Grankin 
Andrew Grant
Grant
Frantz Granvorka
Granvorka
HansUlrich Grahoff
Grahoff
Paul Gratton
Gratton
Pasquale Gravina
Gravina
Nikola Grbi
Grbi
Vladimir Grbi
Grbi
Jenia Grebennikov
Grebennikov
Sebastiano Giuseppe Greco
Giuseppe
Greco
Giuseppe Greco 
Deborah "Debbie" Green Vargas
Green
Daniel Robert "Dan" Greenbaum
Greenbaum
Kent Douglas Greves
Douglas
Greves
Douglas Greves 
William Earl "Bill" Griebenow
Griebenow
Mihai Grigorovici
Grigorovici
Robert Gijsbertus "Rob" Groenhuyzen
Groenhuyzen
Zdenk Groessl
Groessl
Gyrgy "Georg" Grozer
Grozer
Angelina Grn Hbner
Grn
Olga Grushko
Grushko
Piotr ukasz Gruszka
ukasz
Gruszka
ukasz Gruszka 
Gu GiRan
Gi-Ran
Gu MinJeong
Min-Jeong
Wanda L. Guenette
Guenette
L. Guenette 
Evandro Motta Guerra
Motta
Guerra
Motta Guerra 
Carlos Fernando Guerra Arias
Guerra
Arias
Guerra Arias 
Gui Chaoran
Chaoran
Ghazi Guidara
Guidara
Martina Guiggi
Guiggi
Mavis Guilarte Fernndez
Guilarte
Fernndez
Guilarte Fernndez 
Esra Gm
Stoyan Gunchev
Gunchev
Max Gnthr
Gnthr
Guo Peng
Peng
Gizem Green Karaday
Green
Bengt Olof Gustafson
Olof
Gustafson
Olof Gustafson 
Gustavo Endres
Endres
Diego Gutirrez
Gutirrez
Gwag YongJa
Yong-Ja
Boris Vasilev Gyuderov
Vasilev
Gyuderov
Vasilev Gyuderov 
Ha JongHwa
Jong-Hwa
Ha JunIm
Jun-Im
Horst Hagen
Hagen
Thomas Allen "Tom" Haine
Haine
Jason Haldane
Haldane
Keiko Hama
Hama
Aafke Hament
Hament
Richard Bernard "Dick" Hammer
Hammer
Salima Hammouche
Hammouche
Han GyeongAe
Gyeong-Ae
Han JangSeok
Jang-Seok
Han SongI
Song-I
Han YuMi
Yu-Mi
Yuriko Handa
Handa
Tayyiba Mumtaz HaneefPark
Mumtaz
Haneef-Park
Mumtaz Haneef-Park 
Ute Hankers
Hankers
Kevin Christopher Hansen
Christopher
Hansen
Christopher Hansen 
Hideharu Hara
Hara
Benjamin Hardy
Hardy
Christa Deanne HarmottoDietzen
Deanne
Harmotto-Dietzen
Deanne Harmotto-Dietzen 
Tanja Hart Schneider
Hart
Barbara Jean "Barbie" Harwerth Navia
Harwerth
Omar Hassan
Hassan
Raja Hayder
Hayder
He Qi
Kathryn Ann Heck
Ann
Heck
Ann Heck 
Jan Gunnar Hedengrd
Gunnar
Hedengrd
Gunnar Hedengrd 
Riadh Hedhili
Hedhili
Deborah "Debbie" Heeps
Heeps
Andrea Heim Markus
Heim
Manfred Heine
Heine
Hendrik Jan "Henk Jan" Held
Held
Andr Heller
Heller
John Thomas Henn
Thomas
Henn
Thomas Henn 
Sehryne Hennaoui
Hennaoui
Hubert Henno
Henno
Aurora Heredia
Heredia
Sonia Isabel Heredia
Isabel
Heredia
Isabel Heredia 
Ihosvany Hernndez Riera
Hernndez
Riera
Hernndez Riera 
Osvaldo Hernndez Chambert
Hernndez
Chambert
Hernndez Chambert 
Claritza Herrera Michelena
Herrera
Michelena
Herrera Michelena 
Miriam Herrera Leon
Herrera
Leon
Herrera Leon 
Yusleynis Herrera lvarez
Herrera
lvarez
Herrera lvarez 
Francisco Manuel Hervs Tirada
Hervs
Tirada
Hervs Tirada 
Erika Heucke
Heucke
Noureddine Hfaiedh
Hfaiedh
Jacob Alapaki "Jake" Highland
Highland
Rdiger Hild
Hild
Kimberly "Kim" Hill
Hill
Brent William Hilliard
William
Hilliard
William Hilliard 
Hilma Aparecida Caldeira
Aparecida
Caldeira
Aparecida Caldeira 
Norie Hiro
Hiro
Miyoko Hirose
Hirose
Monica Joan Hitchcock
Joan
Hitchcock
Joan Hitchcock 
Glenn Hoag
Hoag
Nicholas "Nick" Hoag
Hoag
Megan Hodge
Hodge
Thomas John "Tom" Hoff
Hoff
Russell Kenneth Holmes
Kenneth
Holmes
Kenneth Holmes 
Maxwell Philip "Max" Holt
Holt
Ruth Holzhausen Malkus
Holzhausen
Hong JiYeon
Ji-Yeon
Hong NamSeon
Nam-Seon
Destinee Dante Hooker
Dante
Hooker
Dante Hooker 
Fanny R. Hopeau
Hopeau
R. Hopeau 
Karin Horninger
Horninger
Katherine "Kathy" Horny
Horny
Robert Horstink
Horstink
Kayo Hoshino
Hoshino
Tomas Georg Hoszek
Georg
Hoszek
Georg Hoszek 
Hou Yuzhu
Yuzhu
Daniel "Dan" Howard
Howard
Vra Hrabkov Derflov
Hrabkov
Hu InJeong
In-Jeong
Stefan Hbner
Hbner
Hui Ruoqi
Ruoqi
Zdenk Humhal
Humhal
Daniel Thomas Hunter
Thomas
Hunter
Thomas Hunter 
Liudmyla Mykolavna Hureieva
Mykolavna
Hureieva
Mykolavna Hureieva 
Mickisha Hazelle Hurley
Hazelle
Hurley
Hazelle Hurley 
Ihab Ibrahim Hussein
Ibrahim
Hussein
Ibrahim Hussein 
Hugo Huybrechts
Huybrechts
Hwang GyuOk
Gyu-Ok
Hwang HeSuk
He-Suk
Hwang YeonJu
Yeon-Ju
John W. Hyden
Hyden
W. Hyden 
Flora Jean "Flo" Hyman
Hyman
Ana Ida Margarita  Alvarez Vieira
Alvarez
Vieira
Alvarez Vieira 
Krzysztof Ignaczak
Ignaczak
Takako Iida
Iida
Naohiro Ikeda Nakano
Ikeda
Ivan Ili
Ili
Brunko Gavrilov Iliev
Gavrilov
Iliev
Gavrilov Iliev 
Khristo Iliev
Iliev
Valentina Ilieva Kharalampieva
Ilieva
Dmitry Sergeyevich Ilyinykh
Sergeyevich
Ilyinykh
Sergeyevich Ilyinykh 
Kseniya Ilyuchshenko
Ilyuchshenko
Im DoHeon
Do-Heon
Im HoDam
Ho-Dam
Im HyeSuk
Hye-Suk
Im HyoSuk
Hyo-Suk
Im TaeHo
Tae-Ho
Margaret Indakala
Indakala
Fabio Innocenti
Innocenti
Kaori Inoue
Inoue
Setsuko Inoue
Inoue
Yuzuru Inoue
Inoue
Gloria Inzua
Inzua
Cristian Ion
Ion
Mariana Ionescu Popescu
Ionescu
Sofia Iordanidou
Iordanidou
Anne Ireland
Ireland
Maria Isabel Barroso Alencar Salgado
Alencar
Salgado
Alencar Salgado 
Kyoko Ishida Noguchi
Ishida
Yuki Ishii
Ishii
Yusuke Ishijima
Ishijima
Michiyo Ishikake
Ishikake
Korina Sergeyevna Ishimtseva
Sergeyevna
Ishimtseva
Sergeyevna Ishimtseva 
Sata Isobe Maruyama
Isobe
Vilmos Ivncs
Ivncs
Doina Ivnescu Corbeanu
Ivnescu
Tetiana Ivaniushkina
Ivaniushkina
Evgeni Ivanov
Ivanov
Ivan Ivanov
Ivanov
Kiril Metodiev Ivanov
Metodiev
Ivanov
Metodiev Ivanov 
Nikolay Vasilev Ivanov
Vasilev
Ivanov
Vasilev Ivanov 
Volodymyr Tymofiyovych Ivanov
Tymofiyovych
Ivanov
Tymofiyovych Ivanov 
Bryan Eric Ivie
Eric
Ivie
Eric Ivie 
Toyoko Iwahara
Iwahara
Stanisaw Iwaniak
Iwaniak
Akihiro Iwashima
Iwashima
Minoru Iwata
Iwata
Lilia Izquierdo Aguirre
Izquierdo
Aguirre
Izquierdo Aguirre 
Masayuki Izumikawa
Izumikawa
Sebastin Jabif
Jabif
Francia Jackson Cabrera
Jackson
Cabrera
Jackson Cabrera 
Thomas "Tom" Jaeschke
Jaeschke
Nathan Jakavicius
Jakavicius
Krystyna Jakubowska Tabaka
Jakubowska
Krzysztof Janczak
Janczak
Janelson dos Santos Carvalho
Santos
Carvalho
Santos Carvalho 
Jang ByeongCheol
Byeong-Cheol
Jang HyeSuk
Hye-Suk
Jang OkRim
Ok-Rim
Jang SoYeon
So-Yeon
Jang YunChang
Yun-Chang
Jang YunHui
Yun-Hui
Bojan Jani
Jani
Janina Dia Chagas da Conceio
Conceio
da Conceio 
Ferenc Jnosi
Jnosi
Daniel Cornelius Jansen Van Doorn
Van
Doorn
Van Doorn 
Jaqueline Maria "Jaque" Pereira de Carvalho Endres
Carvalho
Endres
Carvalho Endres 
Jakub Wadysaw Jarosz
Wadysaw
Jarosz
Wadysaw Jarosz 
Maciej Krzysztof Jarosz
Krzysztof
Jarosz
Krzysztof Jarosz 
Zbigniew Jasiukiewicz
Jasiukiewicz
Philister Jebet Sang Kitur
Sang
Kitur
Sang Kitur 
Barbara Jeli Rui
Jeli
Ivica Jeli
Jeli
Vesna Pavijan Jeli Peker
Jeli
Dorota "Dora" Jelnkov Hbnerov
Jelnkov
Joo Ernesto Jens
Ernesto
Jens
Ernesto Jens 
Heike Jensen
Jensen
Grit JensenNaumann Bhnke
Jensen-Naumann
Jeong DaeYeong
Dae-Yeong
Jeong DongGi
Dong-Gi
Jeong JeongEun
Jeong-Eun
Jeong MunGyeong
Mun-Gyeong
Jeong SeonHong
Seon-Hong
Jeong SeonHye
Seon-Hye
Jeong SunOk
Sun-Ok
Jeong UiTak
Ui-Tak
Ji GyeongHui
Gyeong-Hui
Jiang Fudong
Fudong
Jiang Ying
Ying
Jiao Shuai
Shuai
Eduardo Jimnez
Jimnez
Esperanza Jimnez Prez
Jimnez
Prez
Jimnez Prez 
Javier Ernesto Jimnez Scull
Jimnez
Scull
Jimnez Scull 
Luis Jimnez Mndez
Jimnez
Mndez
Jimnez Mndez 
Jin ChangUk
Chang-Uk
Jin JunTak
Jun-Tak
Jo HyeJeong
Hye-Jeong
Jo JaeHak
Jae-Hak
Patrik Emanuel Johansson Jern
Johansson
Jennifer Claire Joines Tamas
Joines
Rajko Jokanovi
Jokanovi
David "Dave" Jones
Jones
Thomas "Tom" Jones
Jones
Jong OkJin
Ok-Jin
Jorge Edson Souza de Brito
Brito
de Brito 
Ninja Louise Jorgensen
Louise
Jorgensen
Louise Jorgensen 
Arnaud Josserand
Josserand
Boro Jovi
Jovi
Sara Joya Lobaton
Joya
Lobaton
Joya Lobaton 
Ju Jixin
Jixin
Osmany Juantorena Portuondo
Juantorena
Portuondo
Juantorena Portuondo 
Juciely Cristina Silva Barreto
Silva
Barreto
Silva Barreto 
gnes JuhszBalajcza
Juhsz-Balajcza
Gordana Juran Tomic
Juran
JeanMarc Jurkovitz
Jurkovitz
Vazha K'ach'arava
K'ach'arava
Hichem AlKaabi
Al-Kaabi
Yekaterina Vladimirovna Kabeshova Ulanova
Kabeshova
Joanna Marika Kaczor
Marika
Kaczor
Marika Kaczor 
Ahmed AlKadhi
Al-Kadhi
ukasz Kadziewicz
Kadziewicz
Yoko Kagabu
Kagabu
Hiromichi Kageyama
Kageyama
Rumyana Kaisheva
Kaisheva
Masaki Kaito
Kaito
Alexandre Celso Kalache
Celso
Kalache
Celso Kalache 
Valery Alekseyevich Kalachikhin
Alekseyevich
Kalachikhin
Alekseyevich Kalachikhin 
Denys Kaliberda
Kaliberda
Joannis "Jannis" Kalmazidis
Kalmazidis
Leonidas Kamende
Kamende
Valentina Alekseyevna KamenyokVinogradova
Alekseyevna
Kamenyok-Vinogradova
Alekseyevna Kamenyok-Vinogradova 
Lukas Kampa
Kampa
Katsuko Kanesaka Tanaka
Kanesaka
Kang OkSun
Ok-Sun
Bogusaw Kanicki
Kanicki
Maiko Kano
Kano
Miyuki Kano
Kano
Waldo Ariel Kantor
Ariel
Kantor
Ariel Kantor 
Elyes AlKaramosly
Al-Karamosly
Hosni AlKaramosly
Al-Karamosly
Marek Karbarz
Karbarz
Karin Rodrigues
Rodrigues
Mats Ingvar Karlsson Skld
Karlsson
Dimitar Lyukov Karov
Lyukov
Karov
Lyukov Karov 
Olga Karpova
Karpova
Masae Kasai Nakamura
Kasai
Yuse "Yuji" Kasama
Kasama
Mladen Kai
Kai
Ktia Andreia Caldeira Lopes
Caldeira
Lopes
Caldeira Lopes 
Kiyomi Kato Nakamura
Kato
Marita Viktorovna Katusheva Aven
Katusheva
Shunichi Kawai
Kawai
Yuki Kawai
Kawai
Katsumi Kawano
Kawano
Yukari Kawase
Kawase
Glden Kayalar Kuzubaolu
Kayalar
Kuzubaolu
Kayalar Kuzubaolu 
Aleksey Valeryevich Kazakov
Valeryevich
Kazakov
Valeryevich Kazakov 
Ilian Mateev Kaziyski
Mateev
Kaziyski
Mateev Kaziyski 
Matey Ilianov Kaziyski
Ilianov
Kaziyski
Ilianov Kaziyski 
Steve Keir
Keir
Janis Louise Kelly
Louise
Kelly
Louise Kelly 
Kely Kolasco Fraga
Kolasco
Fraga
Kolasco Fraga 
Caren Marie Alexis Kemner
Alexis
Kemner
Alexis Kemner 
Almut Kemperdick Neumaier
Kemperdick
Jrgen Kessel
Kessel
Laurel Keye Brassey Kessel
Brassey
Kessel
Brassey Kessel 
Alexander "Alex" Ketrzynski
Ketrzynski
Sayed Khalil Azab
Khalil
Azab
Khalil Azab 
Amel Khamtache
Khamtache
Vadim Anatolyevich Khamuttskikh
Anatolyevich
Khamuttskikh
Anatolyevich Khamuttskikh 
Theodoros "Akis" Khatziantontiou
Khatziantontiou
Eleftheria Khatzinikou
Khatzinikou
Adel Khechini
Khechini
Konstantinos "Kostas" Khristofidelis
Khristofidelis
Anka Tomova Khristolova Uzunova, Tomova
Plamen Stefanov Khristov
Stefanov
Khristov
Stefanov Khristov 
Taras Yuryevich Khtey
Yuryevich
Khtey
Yuryevich Khtey 
Gilmar "Kid" Nascimento Teixeira
Nascimento
Teixeira
Nascimento Teixeira 
Oliver Kieffer
Kieffer
rika Kelly "Kiki" Pereira Coimbra
Pereira
Coimbra
Pereira Coimbra 
Kim ByeongSeon
Byeong-Seon
Kim ChungHan
Chung-Han
Kim EunHui
Eun-Hui
Kim GeonBong
Geon-Bong
Kim GilJa
Gil-Ja
Kim GwangSu
Gwang-Su
Kim GwiHwan
Gwi-Hwan
Kim GwiSun
Gwi-Sun
Kim GyeongHui
Gyeong-Hui
Kim HaeRan
Hae-Ran
Kim HoCheol
Ho-Cheol
Kim HuiGyeong
Hui-Gyeong
Kim HuiJin
Hui-Jin
Kim InSu
In-Su
Kim JeongSun
Jeong-Sun
Kim JinHui
Jin-Hui
Kim MiJin
Mi-Jin
Kim MyongSuk
Myong-Suk
Kim NamSun
Nam-Sun
Kim OeSun
Oe-Sun
Kim OkSun
Ok-Sun
Kim SaNi
Sa-Ni
Kim SaSeok
Sa-Seok
Kim SangU
Sang-U
Kim SeJin
Se-Jin
Kim SeYeong
Se-Yeong
Kim SeongGil
Seong-Gil
Kim SuDae
Su-Dae
Kim SuJi
Su-Ji
Kim WanSik
Wan-Sik
Kim YeonGyeong
Yeon-Gyeong
Kim YeongJa
Yeong-Ja
Kim YeongJun
Yeong-Jun
Kim YeunJa
Yeun-Ja
Kim YunHye
Yun-Hye
Kim ZungBok
Zung-Bok
Kenji Kimura
Kimura
Saori Kimura
Kimura
Eleni Kiosi
Kiosi
Charles Frederick "Karch" Kiraly
Kiraly
Gzde Krdar Sonsrma
Krdar
Sonsrma
Krdar Sonsrma 
zge Krdar emberci
Krdar
emberci
Krdar emberci 
Judit KissGerhardt
Kiss-Gerhardt
Kristin Magdalen Klein
Magdalen
Klein
Magdalen Klein 
Marko Klok
Klok
Kerry Klostermann
Klostermann
Yegor Vasilyevich Klyuka
Vasilyevich
Klyuka
Vasilyevich Klyuka 
Karol Kos
Kos
William Frederick Knight
Frederick
Knight
Frederick Knight 
Igor Andreyevich Kobzar
Andreyevich
Kobzar
Andreyevich Kobzar 
Ivan Petrov Kochev
Petrov
Kochev
Petrov Kochev 
Maria Kochwa
Kochwa
Darina Kodajov Halkov
Kodajov
Vera Koenen
Koenen
Isao Koizumi
Koizumi
Yukiyo Kojima
Kojima
Olha Vasylivna Kolomiyets
Vasylivna
Kolomiyets
Vasylivna Kolomiyets 
Ussama Komsan
Komsan
Dawid Konarski
Konarski
Masako Kondo
Kondo
Vladimir Grigoryevich Kondra
Grigoryevich
Kondra
Grigoryevich Kondra 
Georgi Konstantinov
Konstantinov
Plamen Georgiev Konstantinov
Georgiev
Konstantinov
Georgiev Konstantinov 
Joost Kooistra
Kooistra
Jurjaan Christiaan Koolen
Christiaan
Koolen
Christiaan Koolen 
Petr Kop
Kop
Jaroslav Kopet
Kopet
Danuta KordaczukWagner
Kordaczuk-Wagner
Angel B. Koritarov
Koritarov
B. Koritarov 
Aleksandr Vladimirovich Korneyev
Vladimirovich
Korneyev
Vladimirovich Korneyev 
Yuriy Anatoliyovych Korov'ianskiy
Anatoliyovych
Korov'ianskiy
Anatoliyovych Korov'ianskiy 
Jacob Gerard "Jaap" Korsloot
Korsloot
Svetlana Vadimovna Korytova
Vadimovna
Korytova
Vadimovna Korytova 
Aleksandr Borisovich Kosaryev
Borisovich
Kosaryev
Borisovich Kosaryev 
Toshiaki Kosedo
Kosedo
Tatyana Sergeyevna Kosheleva
Sergeyevna
Kosheleva
Sergeyevna Kosheleva 
Yu Koshikawa
Koshikawa
Grzegorz Kosok
Kosok
Ute Kostrzewa Meyer
Kostrzewa
Yekaterina Vadimovna Kosyanenko Pankova
Kosyanenko
Bernadett Kszegi Szijrt
Kszegi
Ghazi Koubaa
Koubaa
Drahomr Koudelka
Koudelka
Henriette Nadege Koulla
Nadege
Koulla
Nadege Koulla 
Vasileios Kournetas
Kournetas
Slobodan Kova
Kova
Nikola Kovaevi
Kovaevi
Uro Kovaevi
Kovaevi
Sava Naydenov Kovachev
Naydenov
Kovachev
Naydenov Kovachev 
Vitaly Aleksandrovich Kovalenko
Aleksandrovich
Kovalenko
Aleksandrovich Kovalenko 
Tsutomu Koyama
Koyama
Olha Ihorivna Kozakova
Ihorivna
Kozakova
Ihorivna Kozakova 
Lyubov Vladimirovna Kozyreva Timofeyeva
Kozyreva
Petar S. Krachmarov
Krachmarov
S. Krachmarov 
Yevgeny Vitalyevich Krasilnikov
Vitalyevich
Krasilnikov
Vitalyevich Krasilnikov 
Andrei Kravarik
Kravarik
Valery Ivanovich Kravchenko
Ivanovich
Kravchenko
Ivanovich Kravchenko 
Alla Volodymyrivna Kravets
Volodymyrivna
Kravets
Volodymyrivna Kravets 
Tatyana Aleksandrovna Kraynova Romashkan
Kraynova
Cyril Krej
Krej
Olga Yuryevna Krivosheyeva
Yuryevna
Krivosheyeva
Yuryevna Krivosheyeva 
Thomas Krger
Krger
Robert Kromm
Kromm
Nataa Krsmanovi
Krsmanovi
Krystyna Krupa Malinowska
Krupa
Svetlana Valentinovna Kryuchkova
Valentinovna
Kryuchkova
Valentinovna Kryuchkova 
Olena Kryvonosova
Kryvonosova
Valeriy Mykhailovych Kryvov
Mykhailovych
Kryvov
Mykhailovych Kryvov 
Micha Kubiak
Kubiak
Nataliya Alekseyevna Kudreva
Alekseyevna
Kudreva
Alekseyevna Kudreva 
Olessya Kulakova
Kulakova
Aleksey Vladimirovich Kuleshov
Vladimirovich
Kuleshov
Vladimirovich Kuleshov 
Zdravko Kulji
Kulji
Yasunori Kumada
Kumada
Marina Yevgenyevna Kumysh
Yevgenyevna
Kumysh
Yevgenyevna Kumysh 
Bartosz Kamil Kurek
Kamil
Kurek
Kamil Kurek 
Megumi Kurihara
Kurihara
Junichi Kuriuzawa
Kuriuzawa
Nataliya Grigoryevna Kushnir
Grigoryevna
Kushnir
Grigoryevna Kushnir 
Yuliya Nikolayevna Kutsko
Nikolayevna
Kutsko
Nikolayevna Kutsko 
Andrey Ivanovich Kuznetsov
Ivanovich
Kuznetsov
Ivanovich Kuznetsov 
Borislav Kirilov Kyosev
Kirilov
Kyosev
Kirilov Kyosev 
Franck Lafitte
Lafitte
Msaddak Lahmar
Lahmar
Susanne Lahme
Lahme
Lai Yawen
Yawen
Michael Allen "Mike" Lambert
Lambert
Richard Edward "Rich" Lambourne
Lambourne
Christopher Lamont
Lamont
Samir Lamouchi
Lamouchi
Daniel Joseph "Dan" Landry
Landry
Giovanni Battista Lanfranco
Battista
Lanfranco
Battista Lanfranco 
Lang Ping
Ping
Ronald Dwayne "Ron" Lang
Lang
Ute Langenau
Langenau
Kathrin Langschwager
Langschwager
Csaba Lantos
Lantos
Vera Stepanovna Lantratova Ganzhenko
Lantratova
Filippo Lanza
Lanza
Diego Jos Lapera Sotolongo
Lapera
Sotolongo
Lapera Sotolongo 
Ilias Lappas
Lappas
Yevhen Valentynovych Lapynskiy
Valentynovych
Lapynskiy
Valentynovych Lapynskiy 
Christian Dario Lares
Dario
Lares
Dario Lares 
Faycal Laridhi
Laridhi
Jordan Quinn LarsonBurbach
Quinn
Larson-Burbach
Quinn Larson-Burbach 
Fedir Serafimovych Lashchonov
Serafimovych
Lashchonov
Serafimovych Lashchonov 
Michal Eryk Lasko
Eryk
Lasko
Eryk Lasko 
Norka Latamblet Daudinot
Latamblet
Daudinot
Latamblet Daudinot 
Misha Jonas Emanuel Latuhihin
Emanuel
Latuhihin
Emanuel Latuhihin 
Ruth Modupe Lawanson Kenan
Lawanson
Rachel Anne Laybourne
Anne
Laybourne
Anne Laybourne 
Julieta Constanza Lazcano Colodrero
Lazcano
Colodrero
Lazcano Colodrero 
Cornelia Lzeanu
Lzeanu
Alessandro Lazzeroni
Lazzeroni
Lech asko
asko
Nicolas Le Goff
Goff
Le Goff 
Kvin Le Roux
Roux
Le Roux 
Savanah Grace Leaf
Grace
Leaf
Grace Leaf 
Jose Lebel
Lebel
Constance "Connie" Lebrun
Lebrun
Olivier Lecat
Lecat
Jzefa Ledwig Bben
Ledwig
Lee BeomJu
Beom-Ju
Lee ByeongYong
Byeong-Yong
Lee ChaeOn
Chae-On
Lee ChunPyo
Chun-Pyo
David Cameron Lee
Cameron
Lee
Cameron Lee 
Lee EunGyeong
Eun-Gyeong
Lee EunOk
Eun-Ok
Lee GeunSu
Geun-Su
Lee GyeongSu
Gyeong-Su
Lee GyuSo
Gyu-So
Lee Ho
Lee HuiWon
Hui-Won
Lee HyangSim
Hyang-Sim
Lee HyoHee
Hyo-Hee
Lee In
Lee InSuk
In-Suk
Lee JaeYeong
Jae-Yeong
Lee JeongJa
Jeong-Ja
Lee JongGyeong
Jong-Gyeong
Lee MyeongHak
Myeong-Hak
Lee MyeongHui
Myeong-Hui
Lee SangYeol
Sang-Yeol
Lee SeonGu
Seon-Gu
Lee SeongHui
Seong-Hui
Lee SuJeong
Su-Jeong
Lee SukJa
Suk-Ja
Lee SunBok
Sun-Bok
Lee SunOk
Sun-Ok
Lee UnIm
Un-Im
Lee YeonSun
Yeon-Sun
Lee YeongSeon
Yeong-Seon
Lee YongGwan
Yong-Gwan
Lee YongSeon
Yong-Seon
Lee YunHui
Yun-Hui
Marrit Leenstra
Leenstra
Pieter Jan Leeuwerink
Jan
Leeuwerink
Jan Leeuwerink 
Elles Maria Leferink
Maria
Leferink
Maria Leferink 
Manuela Leggeri
Leggeri
Heike Lehmann Grund
Lehmann
Leila de Gomes de Barros
Barros
de Barros 
Vera Helena Mossa Leme
Mossa
Leme
Mossa Leme 
Vlastimil Lenert
Lenert
Gabriella Lengyel
Lengyel
Nils Urban Lennartsson
Urban
Lennartsson
Urban Lennartsson 
Silvia Len
Len
Galina Aleksandrovna Leontyeva Yelnitskaya
Leontyeva
Marianne Lepa
Lepa
Nataa Leto Osmokrovi
Leto
Laurie Ann Lewis Havel
Lewis
Ricardo Leyva
Leyva
Li Guojun
Guojun
Li Juan
Juan
Li Shan
Shan
Li Yan
Yan
Li Yanjun
Yanjun
Li Yueming
Yueming
Liang Yan
Yan
Maria Liktoras
Liktoras
Bruno Lima Basolu
Lima
Basolu
Lima Basolu 
Lin Li
Danielle "Dani" Rodrigues Lins
Rodrigues
Lins
Rodrigues Lins 
Ioana Liteanu Cotoranu
Liteanu
Liu Changcheng
Changcheng
Liu Xiaotong
Xiaotong
Liu Yanan
Yanan
Carli Ellen Lloyd
Ellen
Lloyd
Ellen Lloyd 
Claire Lloyd O'Reilly
Lloyd
Eleonora Lo Bianco
Bianco
Lo Bianco 
Benjamin "Ben" Loft
Loft
Lidiya Ivanovna Loginova
Ivanovna
Loginova
Ivanovna Loginova 
Viljar Loor
Loor
Hctor Gregorio Lpez Izquierdo
Lpez
Izquierdo
Lpez Izquierdo 
Miguel ngel Lpez Castro
Lpez
Castro
Lpez Castro 
Ingrid Lorenz
Lorenz
Valery Anatolyevich Losev
Anatolyevich
Losev
Anatolyevich Losev 
Paul Michael Lotman
Michael
Lotman
Michael Lotman 
Atif Loukil
Loukil
Karsta Lowe
Lowe
Wolfgang Lwe
Lwe
Jess Loya
Loya
Slobodan Lozani
Lozani
Grzegorz omacz
omacz
Zbigniew Lubiejewski
Lubiejewski
Ricardo Samuel Lucarelli Santos de Souza
Souza
de Souza 
Andrea Lucchetta
Lucchetta
Pier Paolo Lucchetta
Paolo
Lucchetta
Paolo Lucchetta 
Alejandrina Mireya Luis Hernndez
Luis
Hernndez
Luis Hernndez 
Luiz Felipe Marques Fonteles
Marques
Fonteles
Marques Fonteles 
Ninel Vasilyevna Lukanina Yevteyeva
Lukanina
Carlos Alberto Luna Contreras
Luna
Contreras
Luna Contreras 
Per Arne Anders Lundmark
Anders
Lundmark
Anders Lundmark 
Ricci Judson Luyties
Judson
Luyties
Judson Luyties 
Ma Fang
Fang
Ma GeumJa
Geum-Ja
Ma NakGil
Nak-Gil
Ma Yunwen
Yunwen
Sorin Radu Macavei
Radu
Macavei
Radu Macavei 
Luiza Pinheiro Machado
Pinheiro
Machado
Pinheiro Machado 
Irena Machovcak
Machovcak
Trinidad Macas
Macas
Narimne Madani
Madani
Echiko Maeda Tamura
Maeda
Roger Maes
Maes
Rose Mary Magers Powell
Magers
Mehdi Mahdavi
Mahdavi
Shahram Mahmoudi
Mahmoudi
Wolfgang Maibohm
Maibohm
Ilona MaklryBuzek
Maklry-Buzek
Irina Petrovna Makogonova Kolodyazhnaya
Makogonova
Jacqueline Makokha
Makokha
Natalia Mara Mlaga Dibos
Mlaga
Dibos
Mlaga Dibos 
Sanja Malagurski
Malagurski
Mourad Malaoui
Malaoui
Tijana Maleevi
Maleevi
Radovan Malevi
Malevi
Robert Malinowski
Malinowski
Mria Maliov Javorikov
Maliov
Anna Nikolayevna Malova
Nikolayevna
Malova
Nikolayevna Malova 
Leandro Eugenio Maly
Eugenio
Maly
Eugenio Maly 
Darya Nikolayevna Malygina
Nikolayevna
Malygina
Nikolayevna Malygina 
Gina Altagracia Mambr Casilla
Mambr
Casilla
Mambr Casilla 
Masayoshi Manabe
Manabe
Nawal Mansouri
Mansouri
Mahdi Marandi
Marandi
Spiros Marazios
Marazios
Marcelo "Marcelinho" Elgarten
Elgarten
Jos Osvaldo Marcelino
Osvaldo
Marcelino
Osvaldo Marcelino 
Mrcia Regina "Mrcia Fu" Cunha
Cunha
Marcus Vincius Freire Simes
Freire
Simes
Freire Simes 
Marianne "Mari" Steinbrecher
Steinbrecher
Lazaro de la C. Marin Ortega
Marin
Ortega
Marin Ortega 
Jadwiga MarkoKsiek
Marko-Ksiek
Milan Markovi
Markovi
Christian F. "Chris" Marlowe
Marlowe
Miguel ngel Maroto Daz
Maroto
Daz
Maroto Daz 
Mir Saeid Marouflakrani
Saeid
Marouflakrani
Saeid Marouflakrani 
Luc Marquet
Marquet
Ivn Ilitch Mrquez Snchez
Mrquez
Snchez
Mrquez Snchez 
Leonel Marshall Steward, Sr.
Steward,
Sr.
Steward, Sr. 
Leonel Marshall Borges, Jr.
Borges,
Jr.
Borges, Jr. 
Steven James Douglas "Steve" Marshall
Marshall
Niverka Dharlenis Marte Frica
Marte
Frica
Marte Frica 
Jos Luis Martell Flores
Martell
Flores
Martell Flores 
Lise Martin
Martin
Olga Martn Rubio
Martn
Rubio
Martn Rubio 
Eduardo Esteban Martnez
Esteban
Martnez
Esteban Martnez 
Ernesto Martnez Hernndez
Martnez
Hernndez
Martnez Hernndez 
Guillermo Jorge Martnez
Jorge
Martnez
Jorge Martnez 
Jos Manuel Martnez Rebollar
Martnez
Rebollar
Martnez Rebollar 
Lorenzo Martnez Cordero
Martnez
Cordero
Martnez Cordero 
Mayvelis A. Martnez Aldm
Martnez
Aldm
Martnez Aldm 
Morena Martnez Franchi
Martnez
Franchi
Martnez Franchi 
Matteo Martino
Martino
JeanBaptiste Martzluff
Martzluff
Takashi Maruyama
Maruyama
Elizabeth Lee "Liz" Masakayan
Masakayan
Roberto Masciarelli
Masciarelli
Mohamed Masoud
Masoud
Luigi Mastrangelo
Mastrangelo
Vita Mateshyk
Mateshyk
Anna Anatolyevna Matiyenko Levchenko
Matiyenko
Akihiko Matsuda
Matsuda
Noriko Matsuda
Matsuda
Yoshihiko Matsumoto
Matsumoto
Katsumi Matsumura Tida
Matsumura
Yoshiko Matsumura Kanda
Matsumura
Denise Porto Mattioli
Porto
Mattioli
Porto Mattioli 
Mario Mattioli
Mattioli
Vasilijus Matuevas
Matuevas
Inna Vladimirovna Matveyeva
Vladimirovna
Matveyeva
Vladimirovna Matveyeva 
Jrgen Maune
Maune
Maurcio Camargo Lima
Camargo
Lima
Camargo Lima 
Robert Stanley "Butch" May, Jr.
May,
Jr.
May, Jr. 
Renae Lynne Maycock
Lynne
Maycock
Lynne Maycock 
Margarita Mayeta Hierrezurlo
Mayeta
Hierrezurlo
Mayeta Hierrezurlo 
Hilda Mazrov Pisarkov
Mazrov
Herv Mazzon
Mazzon
Chebbi Mbarek
Mbarek
Christian "Chip" McCaw
McCaw
Barbara Briggs "Miki" McFadden
McFadden
Mark McGivern
McGivern
Jayne Marie McHugh Gibson
McHugh
David William McKienzie
William
McKienzie
William McKienzie 
Melissa Therese McLinden Kleespies
McLinden
Marilyn Louise McReavy Nolen
McReavy
Pablo Miguel Meana
Miguel
Meana
Miguel Meana 
Klaus Meetz
Meetz
Azmi Mohamed Megahed
Mohamed
Megahed
Mohamed Megahed 
Slim Mehrizi
Mehrizi
Hannelore Meincke
Meincke
Monika Meiner
Meiner
Osniel Lzaro Melgarejo Hernndez
Melgarejo
Hernndez
Melgarejo Hernndez 
Ana Paula Rodrgues Mello
Rodrgues
Mello
Rodrgues Mello 
Anna Vania Mello
Vania
Mello
Vania Mello 
Eleni Memetzi
Memetzi
Ronald Jos Mndez Garca
Mndez
Garca
Mndez Garca 
Carolina Mendoza
Mendoza
Christophe Meneau
Meneau
Tatyana Gennadyevna Menshova
Gennadyevna
Menshova
Gennadyevna Menshova 
Marco Meoni
Meoni
Sofia E. Mercedes Heredia
Mercedes
Heredia
Mercedes Heredia 
Luisa Merea
Merea
Yuliya Viktorovna Merkulova
Viktorovna
Merkulova
Viktorovna Merkulova 
Liana Mesa Luaces
Mesa
Luaces
Mesa Luaces 
Paul Mestdagh
Mestdagh
ula Meter
Meter
Nancy Jean Metcalf Meendering
Metcalf
Yassine Mezlini
Mezlini
Razi Mhiri
Mhiri
Mi Yang
Yang
Donald Michalski
Michalski
Ciara Kathleen Michel
Kathleen
Michel
Kathleen Michel 
Ingrid Mierzwiak Hamann
Mierzwiak
Anna Mifkov
Mifkov
Darina Mifkova
Mifkova
Brankica Mihajlovi
Mihajlovi
Vasa Miji
Miji
Mateusz Mika
Mika
Maksim Mikhaylovich Mikhaylov
Mikhaylovich
Mikhaylov
Mikhaylovich Mikhaylov 
Lyudmila Nikolayevna Mikhaylovskaya Makarova
Mikhaylovskaya
Josef Mikunda
Mikunda
Milcho Stilyanov Milanov
Stilyanov
Milanov
Stilyanov Milanov 
Milcho Milev
Milev
Marcos Antonio Milinkovic
Antonio
Milinkovic
Antonio Milinkovic 
Ivan Miljkovi
Miljkovi
Flix Milln Casanova
Milln
Casanova
Milln Casanova 
Ryan Madsen Millar
Madsen
Millar
Madsen Millar 
Joel Miller
Miller
Tracy Mills
Mills
Katsuyuki Minami
Minami
Masayuki Minami
Minami
Carmen Beatriz Miranda Martnez
Miranda
Martnez
Miranda Martnez 
Mojtaba Mirzajanpour Muvizirjy
Mirzajanpour
Muvizirjy
Mirzajanpour Muvizirjy 
Kazuya Mitake
Mitake
Konstantin Vasilev Mitev
Vasilev
Mitev
Vasilev Mitev 
Mihajlo Miti
Miti
Miodrag Miti
Miti
Yevgeny Viktorovich Mitkov
Viktorovich
Mitkov
Viktorovich Mitkov 
Aleksandar Mitrovi
Mitrovi
Eizaburo Mitsuhashi
Mitsuhashi
Yasuaki Mitsumori
Mitsumori
Yuko Mitsuya
Mitsuya
Keiko Miyajima
Miyajima
Emiko Miyamoto Terayama
Miyamoto
Tamari Miyashiro
Miyashiro
Haruka Miyashita
Miyashita
Ismail Moalla
Moalla
Ana Mocanu
Mocanu
Stelian Moculescu
Moculescu
Ehab Mohamed
Mohamed
Metwali Mohamed Metwali
Mohamed
Metwali
Mohamed Metwali 
Vilmarie Mojica
Mojica
Christie Mokotupu
Mokotupu
Jozef Mol
Mol
Leszek Ryszard Molenda
Ryszard
Molenda
Ryszard Molenda 
Briitka Molnar
Molnar
Istvn Molnr
Molnr
Jos Luis Molt Carbonell
Molt
Carbonell
Molt Carbonell 
Oleh Oleksiyovych Molyboha
Oleksiyovych
Molyboha
Oleksiyovych Molyboha 
Latitia Crescence Moma Bassoko
Moma
Bassoko
Moma Bassoko 
Georgy Grigoryevich Mondzolevsky
Grigoryevich
Mondzolevsky
Grigoryevich Mondzolevsky 
Jos Montanaro Jnior
Montanaro
Jnior
Montanaro Jnior 
Vincent Montmeat
Montmeat
Paolo Montorsi
Montorsi
Alida "Linda" Moons
Moons
Lynda Windy Morales
Windy
Morales
Windy Morales 
Travis Moran
Moran
Antnio Carlos Moreno
Carlos
Moreno
Carlos Moreno 
Kenia M. Moreta Prez
Moreta
Prez
Moreta Prez 
Joanne Morgan
Morgan
Jungo Morita
Morita
Kimie Morita
Morita
Teruhisa Moriyama
Moriyama
Nataliya Igorevna Morozova
Igorevna
Morozova
Igorevna Morozova 
Ana Beatriz Moser
Beatriz
Moser
Beatriz Moser 
Elena MoskalovPolkov
Moskalov-Polkov
Ivana Moulisov
Moulisov
Seyed Mohammad Mousavi Eraghi
Mousavi
Eraghi
Mousavi Eraghi 
Hany Mouselhy
Mouselhy
Mohamed Mouselhy
Mouselhy
Milagros Alicia Moy Alvarado
Moy
Alvarado
Moy Alvarado 
Marcin Rafa Modonek
Rafa
Modonek
Rafa Modonek 
Marouane M'rabet
M'rabet
Mun GyeongSuk
Gyeong-Suk
Mun SeonHui
Seon-Hui
Mun YongGwan
Yong-Gwan
Lori Ann D. Mundt
Mundt
D. Mundt 
Anniara Muoz Carrazana
Muoz
Carrazana
Muoz Carrazana 
Nina Olegovna Muradyan
Olegovna
Muradyan
Olegovna Muradyan 
Dawid Murek
Murek
Murilo Endres
Endres
Kelly Murphy
Murphy
Linda Kathleen Murphy
Kathleen
Murphy
Kathleen Murphy 
Dmitry Aleksandrovich Musersky
Aleksandrovich
Musersky
Aleksandrovich Musersky 
Josef Musil
Musil
Viktor Illich Mykhalchuk
Illich
Mykhalchuk
Illich Mykhalchuk 
Rehina Myloserdova
Myloserdova
Valentyna Hryhorivna Myshak Voloshchuk
Myshak
Yurie Nabeya
Nabeya
Ikuyo Naemura
Naemura
Miyu Nagaoka
Nagaoka
Aki Nagatomi
Nagatomi
Hamza Nagga
Nagga
Kumi Nakada
Nakada
Yuichi Nakagaichi
Nakagaichi
Hitomi Nakamichi
Nakamichi
Kazumi Nakamura
Nakamura
Yuzo Nakamura
Nakamura
Chieko Nakanishi
Nakanishi
Dorcas Nakhomicha Ndasaba
Nakhomicha
Ndasaba
Nakhomicha Ndasaba 
Wodzimierz Nalazek
Nalazek
Nalbert Tavares Bitencourt
Tavares
Bitencourt
Tavares Bitencourt 
Nam JiYeon
Ji-Yeon
Nam SunOk
Sun-Ok
Andrea Nannini
Nannini
Ikumi Narita Ogake
Narita
Takashi Narita
Narita
Andr Luiz da Silva Nascimento
Silva
Nascimento
Silva Nascimento 
Olga Vladimirovna Nasedkina
Vladimirovna
Nasedkina
Vladimirovna Nasedkina 
Gladys Wandera Nasikanda
Wandera
Nasikanda
Wandera Nasikanda 
Rassa Nasser
Nasser
Fabrizio Nassi
Nassi
Natlia Zlio Pereira
Zlio
Pereira
Zlio Pereira 
Patricia M. Nava Isherwood
Nava
Isherwood
Nava Isherwood 
Lyudmil Naydenov
Naydenov
Nayden Stoyanov Naydenov
Stoyanov
Naydenov
Stoyanov Naydenov 
Marcelo Teles Negro
Teles
Negro
Teles Negro 
Marco Negri
Negri
Katsutoshi Nekoda
Nekoda
Miroslav Nekola
Nekola
Charles Tomlinson "Chuck" Nelson
Nelson
Andrea Nencini
Nencini
Leandro Vissotto Neves
Vissotto
Neves
Vissotto Neves 
Scott Newcomb
Newcomb
Emanuel de Victor Newdon
Victor
Newdon
Victor Newdon 
Earvin N'Gapeth
N'Gapeth
ric N'Gapeth
N'Gapeth
Victoire Pauline L'or Ngon Ntame
Ngon
Ntame
Ngon Ntame 
Horaiu Nicolau
Nicolau
Barbara Wiesawa Niemczyk Hermel
Niemczyk
Milo Niki
Niki
Svetlana Dmitriyevna Nikishina Kunysheva
Nikishina
Olga Viktorovna Nikolayeva
Viktorovna
Nikolayeva
Viktorovna Nikolayeva 
Jelena Nikoli
Nikoli
Nikolay Yanchev Nikolov
Yanchev
Nikolov
Yanchev Nikolov 
Vladimir Milchev Nikolov
Milchev
Nikolov
Milchev Nikolov 
Marina Anatolyevna NikulinaPankova
Anatolyevna
Nikulina-Pankova
Anatolyevna Nikulina-Pankova 
Lars Roland Nilsson
Roland
Nilsson
Roland Nilsson 
Tetsuo Nishimoto
Nishimoto
Paula Yamila Nizetich
Yamila
Nizetich
Yamila Nizetich 
Ogonna Nneka Nnamani
Nneka
Nnamani
Nneka Nnamani 
No JinSu
Jin-Su
Yasuhiro Noguchi
Noguchi
Isabel Nogueira
Nogueira
Hatto Nolte
Nolte
Sarah Beth Noriega
Beth
Noriega
Beth Noriega 
Josef Novotn
Novotn
Marcin Nowak
Nowak
Piotr Nowakowski
Nowakowski
Reinder Aart Nummerdor
Aart
Nummerdor
Aart Nummerdor 
Sidarka Nez de Los Milagros
Los
Milagros
Los Milagros 
Teresa Nuez Laos
Nuez
Laos
Nuez Laos 
Carlos Arthur Nuzman
Arthur
Nuzman
Arthur Nuzman 
Jeff Wayne Nygaard
Wayne
Nygaard
Wayne Nygaard 
Nancy Nyongesa
Nyongesa
O CheongJa
Cheong-Ja
O PyeongGil
Pyeong-Gil
O SunOk
Sun-Ok
O UkHwan
Uk-Hwan
Motoko Obayashi
Obayashi
Aleksey Aleksandrovich Obmochayev
Aleksandrovich
Obmochayev
Aleksandrovich Obmochayev 
Roselidah Obunaga
Obunaga
Karina Ocasio Clemente
Ocasio
Clemente
Ocasio Clemente 
Katsumi Oda
Oda
Emiko Odaka
Odaka
Beverly Jean Oden
Jean
Oden
Jean Oden 
Elaina Joyce Oden
Joyce
Oden
Joyce Oden 
Kimberley Yvette "Kim" Oden
Oden
Raisa Mirelda O'Farrill Bolanos
O'Farrill
Bolanos
O'Farrill Bolanos 
Helga Offen
Offen
Ikumi Ogake
Ogake
Masaji Ogino
Ogino
Valentina Vitalyevna Ogiyenko
Vitalyevna
Ogiyenko
Vitalyevna Ogiyenko 
Maja Ognjenovi
Ognjenovi
Michael Futch "Mike" O'Hara
O'Hara
Sumie Oinuma
Oinuma
Mariko Okamoto Nakano
Okamoto
Seiji Oko
Oko
Hiroaki Okuno
Okuno
Ruslan Iosifovich Olikhver
Iosifovich
Olikhver
Iosifovich Olikhver 
Lenice Peluso Oliveira
Peluso
Oliveira
Peluso Oliveira 
Patricia "Patty" Olson
Olson
Kieran Peter O'Malley
Peter
O'Malley
Peter O'Malley 
Kanako Omura
Omura
Jan Martinus Oosterbaan
Martinus
Oosterbaan
Martinus Oosterbaan 
Alexandra Oquendo
Oquendo
Gail Patricia O'Rourke Wong
O'Rourke
Rita Mara Ora Larrazbal
Ora
Larrazbal
Ora Larrazbal 
Nestor Emmanuel Orellana Hernndez
Orellana
Hernndez
Orellana Hernndez 
Sergey Nikolayevich Orlenko
Nikolayevich
Orlenko
Nikolayevich Orlenko 
Corneliu "Cornel" Oros
Oros
Alessia Orro
Orro
Tania Ortz Calvo
Ortz
Calvo
Ortz Calvo 
Yaima Ortz Charro
Ortz
Charro
Ortz Charro 
Serena Ortolani
Ortolani
Liliya Semenivna Osadcha
Semenivna
Osadcha
Semenivna Osadcha 
Livn Osoria Rodrguez
Osoria
Rodrguez
Osoria Rodrguez 
Aleksey Aleksandrovich Ostapenko
Aleksandrovich
Ostapenko
Aleksandrovich Ostapenko 
Mara Ostolaza
Ostolaza
Krystyna OstromckaGuryn
Ostromcka-Guryn
Csar Osuna Brambila
Osuna
Brambila
Osuna Brambila 
Hideyuki Otaka
Otaka
Sachiko Otani
Otani
Ai OtomoYamamoto
Otomo-Yamamoto
Fatima Zahra Oukazi
Zahra
Oukazi
Zahra Oukazi 
Lydia Oulmou
Oulmou
Masafumi Oura
Oura
Jelena Ovchinnikovaebukina
Ovchinnikova-ebukina
Luis Oviedo Bonilla
Oviedo
Bonilla
Oviedo Bonilla 
Nancy Lee Owen Narbonne, Fortner
Kana Oyama
Oyama
Neriman zsoy
zsoy
Hanka Pachale Durante
Pachale
Russell Thomas Paddock
Thomas
Paddock
Thomas Paddock 
Paek MyongSuk
Myong-Suk
Paola Paggi
Paggi
Pak SeonMi
Seon-Mi
Ezequiel Palacios
Palacios
Erzsbet PlinksVarga
Plinks-Varga
Andr Felipe "Pampa" Falbo Ferreira
Falbo
Ferreira
Falbo Ferreira 
Christian Pampel
Pampel
Yuriy Petrovych Panchenko
Petrovych
Panchenko
Petrovych Panchenko 
Petko Khristov Pantaleev
Khristov
Pantaleev
Khristov Pantaleev 
Sotirios Pantaleon
Pantaleon
Alessandro Paparoni
Paparoni
Vasiliki "Viky" Papazoglou
Papazoglou
Samuele Papi
Papi
Park BogYe
Bog-Ye
Park GeumSuk
Geum-Suk
Park GiWon
Gi-Won
Park HuiSang
Hui-Sang
Park JeongAh
Jeong-Ah
Park JongChan
Jong-Chan
Park MiGeum
Mi-Geum
Park MiGyeong
Mi-Gyeong
Park MiHui
Mi-Hui
Park SamRyong
Sam-Ryong
Park SeoGwang
Seo-Gwang
Park SeonChul
Seon-Chul
Park SuJeong
Su-Jeong
Irina Vladimirovna Parkhomchuk Kirillova
Parkhomchuk
Simone Parodi
Parodi
Robert Douglas "Doug" Partie
Partie
Rafael Pascual Corts
Pascual
Corts
Pascual Corts 
Michele Pasinato
Pasinato
Travis Passier
Passier
Aleksandra Arkadyevna Pasynkova
Arkadyevna
Pasynkova
Arkadyevna Pasynkova 
Romuald Paszkiewicz
Paszkiewicz
Mathias Patin
Patin
Vladimir Leonidovich Patkin
Leonidovich
Patkin
Leonidovich Patkin 
Daniel Edward "Danny" Patterson
Patterson
Leandro Matas Patti
Matas
Patti
Matas Patti 
Paula Renata Marques Pequeno
Marques
Pequeno
Marques Pequeno 
Paulo Andr "Paulo" Jukoski da Silva
Silva
da Silva 
John Paulsen
Paulsen
Karel Paulus
Paulus
Volker Paulus
Paulus
Olha Pavlova
Pavlova
Yelena Vyacheslavovna Pavlova Zhitkeyeva
Pavlova
Yessica Mara Paz Hidalgo
Paz
Hidalgo
Paz Hidalgo 
Harrison Peacock
Peacock
Jaroslav Penc
Penc
Nikolay Zharkov Penchev
Zharkov
Penchev
Zharkov Penchev 
Mary Joan "Mary Jo" Peppler
Peppler
Jess Alberto Perales Gonzlez
Perales
Gonzlez
Perales Gonzlez 
Pablo Javier Peralta
Javier
Peralta
Javier Peralta 
Cssio Leandro Pereira
Leandro
Pereira
Leandro Pereira 
Max Jefferson Pereira
Jefferson
Pereira
Jefferson Pereira 
Pablo Pereira
Pereira
Regina Uchoa Pereira
Uchoa
Pereira
Uchoa Pereira 
Mariya Nikolayevna Perepyolkina Duskryadchenko
Perepyolkina
Federico Hernn Pereyra
Hernn
Pereyra
Hernn Pereyra 
Antonio Prez Lpez
Prez
Lpez
Prez Lpez 
Gabriela Lourdes "Gaby" Prez del Solar Cuculiza
Solar
Cuculiza
Solar Cuculiza 
Mara Jos Prez Gonzlez
Prez
Gonzlez
Prez Gonzlez 
Mercedes Prez Hernndez
Prez
Hernndez
Prez Hernndez 
Jorge Prez Vento Machado
Vento
Machado
Vento Machado 
John Gordon "Gord" Perrin
Perrin
Barbara Beverly "Bobbie" Perry
Perry
Mary Margaret Perry
Margaret
Perry
Margaret Perry 
Boris Perui
Perui
Irina Petcule
Petcule
Horst Peter
Peter
Sharon Roberta Peterson
Roberta
Peterson
Roberta Peterson 
Petko Petkov
Petkov
Vlado Petkovi
Petkovi
Vladimr Petlk
Petlk
arko Petrovi
Petrovi
Silviya Petrunova
Petrunova
Paulo Roberto Petterle
Roberto
Petterle
Roberto Petterle 
Prikeba Reed "Keba" Phipps
Phipps
Ines Pianka
Pianka
Matteo Piano
Piano
Francesca Piccinini
Piccinini
Josef Pick
Pick
Judith Pietersen
Pietersen
AnjaNadin Pietrek
Pietrek
Eckehard Pietzsch
Pietzsch
Carmen Pimentel
Pimentel
Pavel Pimienta Allen
Pimienta
Allen
Pimienta Allen 
Fbio "Pinha" Marcelino
Marcelino
Srgio Pedro Telles Pinheiro
Telles
Pinheiro
Telles Pinheiro 
Andrew Pink
Pink
tefan Pipa
Pipa
Benjamin Allan "Ben" Pipes
Pipes
Damiano Pippi
Pippi
Elena Piron
Piron
Garth Pischke
Pischke
Teresia "Terry" PlaceBrandel Schttler
Place-Brandel
Celeste Plak
Plak
Lawrence "Larry" Plenert
Plenert
Daniel Mateusz Pliski
Mateusz
Pliski
Mateusz Pliski 
Davila Plocon
Plocon
Yelena Mikhaylovna Plotnikova
Mikhaylovna
Plotnikova
Mikhaylovna Plotnikova 
Mark Plotyczer
Plotyczer
Anna Podolec Miros
Podolec
Marko Podraanin
Podraanin
Cristian Gabriel Poglajen
Gabriel
Poglajen
Gabriel Poglajen 
Yuriy Mykhailovych Poiarkov
Mykhailovych
Poiarkov
Mykhailovych Poiarkov 
Mariya Poliakova
Poliakova
Anatoliy Antonovych Polishchuk
Antonovych
Polishchuk
Antonovych Polishchuk 
Semyon Vladimirovich Poltavsky
Vladimirovich
Poltavsky
Vladimirovich Poltavsky 
Mercedes Pomares Primelles
Pomares
Primelles
Pomares Primelles 
Tatyana Petrovna PonyayevaTretyakova
Petrovna
Ponyayeva-Tretyakova
Petrovna Ponyayeva-Tretyakova 
Berto Poosen
Poosen
Nicolae Vasile Pop
Vasile
Pop
Vasile Pop 
Doina Rodica Popescu Coste, Mo, Vinan
-Mo,
Silvija Popovi
Popovi
Marcus Popp
Popp
Juan Pablo Porello
Pablo
Porello
Pablo Porello 
Birgit Prner
Prner
Gustavo Porporatto
Porporatto
Elbieta PorzecNowak
Porzec-Nowak
Jan Marcus Posthuma
Marcus
Posthuma
Marcus Posthuma 
Olga Dmitriyevna Potashova
Dmitriyevna
Potashova
Dmitriyevna Potashova 
Patrick Robert "Pat" Powers
Powers
Bruno Prasil
Prasil
Cosme Prenafeta Garca
Prenafeta
Garca
Prenafeta Garca 
William Reid Priddy
Reid
Priddy
Reid Priddy 
Igor Prielon
Prielon
Gramen Prinov
Prinov
Antonn Prochzka
Prochzka
Mrio Marcos Joubert Procpio
Joubert
Procpio
Joubert Procpio 
Zana Proniadou
Proniadou
Konstantinos "Kostis" Proussalis
Proussalis
Ott Prouza
Prouza
Pierre Pujol
Pujol
Karin Pschel Kahlow
Pschel
Vladimir Nikolayevich Putyatov
Nikolayevich
Putyatov
Nikolayevich Putyatov 
Regina Ptz
Ptz
Tatyana Pyurova
Pyurova
Qiu Aihua
Aihua
Guillermo Quaini
Quaini
Silvia Quevedo
Quevedo
Krizia Gheraldine Quijada Teran
Quijada
Teran
Quijada Teran 
Jorge Lus Quiones Jazo
Quiones
Jazo
Quiones Jazo 
Ral Nicols Quiroga
Nicols
Quiroga
Nicols Quiroga 
Rodrigo Daniel Quiroga
Daniel
Quiroga
Daniel Quiroga 
Ariane Radfan Hornung
Radfan
Constance Radfan
Radfan
Hisham Radwan
Radwan
Nadezhda Borisovna Radzevich Zezyulya
Radzevich
Kathy Radzuweit
Radzuweit
Essam Ramadan
Ramadan
Josias de Oliveira Ramalho
Oliveira
Ramalho
Oliveira Ramalho 
Ana Mara Ramrez Toledo
Ramrez
Toledo
Ramrez Toledo 
Daim D. Ramrez Echevarra
Ramrez
Echevarra
Ramrez Echevarra 
Ana Cludia Ramos
Cludia
Ramos
Cludia Ramos 
Martn Ramos
Ramos
Paola Ramos Ydora
Ramos
Ydora
Ramos Ydora 
Jess Reynold Rangel Hernndez
Rangel
Hernndez
Rangel Hernndez 
Pedro Abraham Rangel Hernndez
Rangel
Hernndez
Rangel Hernndez 
Raquel Peluci Xavier da Silva
Silva
da Silva 
Ibrahim Rashwan
Rashwan
Milan Rai
Rai
Milena Rai
Rai
Diane Ratnik Cooper
Ratnik
Nataliya Nikolayevna Razumova Starshova
Razumova
Piero Rebaudengo
Rebaudengo
Elizabeth Reid
Reid
Ren Qi
Renan dal Zotto
dal
Zotto
dal Zotto 
Osniel Cecilio Rendn Gonzlez
Rendn
Gonzlez
Rendn Gonzlez 
Jn Repk
Repk
Pavel ebek
ebek
Diana Carolina Reyes Cruz
Reyes
Cruz
Reyes Cruz 
Aida Reyna Flores
Reyna
Flores
Reyna Flores 
Leopoldo Reyna
Reyna
Yolanda Reynoso
Reynoso
Milan eznek
eznek
Ri ChunOk
Chun-Ok
Marijana Ribii
Ribii
Ricarda Raquel Barbosa Lima
Barbosa
Lima
Barbosa Lima 
Ricardo "Ricardinho" Bermudez Garcia
Bermudez
Garcia
Bermudez Garcia 
Ana Maria Richa Medeiros
Richa
Medeiros
Richa Medeiros 
Annedore Richter
Richter
Cornelia Rickert
Rickert
Renate Riek Bauer
Riek
Beti Rimac Muselinovi
Rimac
Anton "Toni" Rimrod
Rimrod
Simona Rinieri Dennis
Rinieri
Dennis
Rinieri Dennis 
Mario Lus Rivera Snchez
Rivera
Snchez
Rivera Snchez 
Prisilla Altagracia Rivera Brens
Rivera
Brens
Rivera Brens 
Tatiana Soledad Rizzo
Soledad
Rizzo
Soledad Rizzo 
Nathan Roberts
Roberts
Kelsey Robinson
Robinson
Juan Carlos Robles Ania
Robles
Ania
Robles Ania 
Alain Roca Borrego
Roca
Borrego
Roca Borrego 
Mercedes Roca Arias
Roca
Arias
Roca Arias 
Wagner Antonio da Rocha
Rocha
da Rocha 
Angela Terese Rock
Terese
Rock
Terese Rock 
Engelbrecht "Brecht" Rodenburg
Rodenburg
Rodrigo "Rodrigo" Santana
Santana
Antonio Rodrguez Aguirre
Rodrguez
Aguirre
Rodrguez Aguirre 
Cosiris A. Rodrguez Andino
Rodrguez
Andino
Rodrguez Andino 
Eduardo Miguel Rodrguez
Miguel
Rodrguez
Miguel Rodrguez 
Ernesto Hernn Rodrguez Gmez
Rodrguez
Gmez
Rodrguez Gmez 
Mara del Carmen Rodrguez
Carmen
Rodrguez
Carmen Rodrguez 
Sandra Rodrguez Villanueva
Rodrguez
Villanueva
Rodrguez Villanueva 
Helosa Helena Santos Roese
Santos
Roese
Santos Roese 
Paulo Roese
Roese
Karla Roffeis Mgge
Roffeis
Andy Agustn Rojas Guevara
Rojas
Guevara
Rojas Guevara 
Sylvia Roll
Roll
Witold Roman
Roman
Elias Romanchych
Romanchych
David Romann
Romann
Alejandro Romano
Romano
Rogelia Romo Garca
Romo
Garca
Romo Garca 
Daniel "Dan" Ronan
Ronan
Cindy Carolina Rondn Martnez
Rondn
Martnez
Rondn Martnez 
Giulia Rondon
Rondon
Sean Michael Rooney
Michael
Rooney
Michael Rooney 
Jonathan Edward "Jon" Root
Root
Yarimar Rosa Adorno
Rosa
Adorno
Rosa Adorno 
Simone Rosalba
Rosalba
Tatyana Aleksandrovna Roshchina Rodionova
Roshchina
Nikola Rosi
Rosi
Milena Maria Rosner
Maria
Rosner
Maria Rosner 
Olivier Rossard
Rossard
Thibault Rossard
Rossard
Salvatore Rossini
Rossini
Hanna Mykolavna Rostova Mazur
Rostova
Raouya Rouabhia
Rouabhia
George Roumain
Roumain
Nikolaos "Nikos" Roumeliotis
Roumeliotis
Antonin Rouzier
Rouzier
Micha Zygmunt Ruciak
Zygmunt
Ruciak
Zygmunt Ruciak 
Kimberly Grace "Kim" Ruddins
Ruddins
Priscilla Ruddle
Ruddle
Liubov Ivanivna Rudovska Tymofeieva
Rudovska
Rui Campos Nascimento
Campos
Nascimento
Campos Nascimento 
Carlos Ruz Lafargue
Ruz
Lafargue
Ruz Lafargue 
Gonzalo Ruz de la Cruz
Cruz
la Cruz 
Ivn Benito Ruz Cuesta
Ruz
Cuesta
Ruz Cuesta 
Yumilka Ruz Luaces
Ruz
Luaces
Ruz Luaces 
Lawrence Dean "Larry" Rundle
Rundle
Igor Vasilyevich Runov
Vasilyevich
Runov
Vasilyevich Runov 
Ulrike "Rike" Ruschenburg
Ruschenburg
Aaron Russell
Russell
Gregory Russell
Russell
Erminia Russo
Russo
Jadwiga Maria Rutkowska Abisiak, Dobrowolska
Wojciech Rutkowski
Rutkowski
Mirosaw Rybaczewski
Rybaczewski
Radosaw Rybak
Rybak
Ryom ChunJa
Chun-Ja
Inna Valeryevna Ryskal
Valeryevna
Ryskal
Valeryevna Ryskal 
Antonina Alekseyevna Ryzhova Moiseyeva
Ryzhova
PerAnders Sf
Lucas Saatkamp
Saatkamp
Wodzimierz Sadalski
Sadalski
Milena Maria Sadurek Mikoajczyk, Radecka
Benno Saelens
Saelens
Samid Sagar
Sagar
Clarisa Sagarda
Sagarda
Mika Saiki
Saiki
Nobuharu Saito
Saito
Kiyomi Sakamoto
Sakamoto
Kharikleia "Khara" Sakkoula
Sakkoula
Saori Sakoda
Sakoda
Yuka Sakurai
Sakurai
Carlos Salas Prez
Salas
Prez
Salas Prez 
Erasmo Salemme
Salemme
Roza Galyamovna Salikhova
Galyamovna
Salikhova
Galyamovna Salikhova 
Riley David Salmon
David
Salmon
David Salmon 
Steven Edward "Steve" Salmons
Salmons
Teodor Yovchev Salparov
Yovchev
Salparov
Yovchev Salparov 
Juan Jos Salvador Jimnez
Salvador
Jimnez
Salvador Jimnez 
PhilippeMarie Salvan
Salvan
Marko Samardi
Samardi
Guillaume Samica
Samica
Anastasiya Sergeyevna Samoylenko Shlyakhovaya
Samoylenko
Samuel Fuchs
Fuchs
Orlando Glastn Samuels Blackwood
Samuels
Blackwood
Samuels Blackwood 
Robert Lewis "Bob" Samuelson
Samuelson
Demetria Jean Sance
Jean
Sance
Jean Sance 
Alicia Snchez Ros
Snchez
Ros
Snchez Ros 
Francisco Snchez Jover
Snchez
Jover
Snchez Jover 
Jess Snchez Jover
Snchez
Jover
Snchez Jover 
Marta Snchez Salfrn 
Snchez
Salfrn
Snchez Salfrn 
Rachel Snchez Prez
Snchez
Prez
Snchez Prez 
Rodolfo Luis Snchez Snchez
Snchez
Snchez
Snchez Snchez 
Janine Lucy Sandell
Lucy
Sandell
Lucy Sandell 
Taylor Sander
Sander
Tyler James "TJ" Sanders
Sanders
Tonya Denise "Teee" SandersWilliams Slacanin
Sanders-Williams
Sandra Maria Suruagy Lima
Suruagy
Lima
Suruagy Lima 
Yuko Sano
Sano
Daly Elis Santana Morales
Santana
Morales
Santana Morales 
Kerly Cristiane Paiva dos Santos
dos
Santos
dos Santos 
Yanelis Rebeca Santos Allegne
Santos
Allegne
Santos Allegne 
Yury Nikolayevich Sapega
Nikolayevich
Sapega
Nikolayevich Sapega 
Aleksandr Mikhaylovich Saprykin
Mikhaylovich
Saprykin
Mikhaylovich Saprykin 
Inessa Yevgenyevna Sargsyan Yemelyanova, Korkmaz
Abel Sarmientos Bios
Sarmientos
Bios
Sarmientos Bios 
Victoriano Sarmientos Bios
Sarmientos
Bios
Sarmientos Bios 
Mohamed Sarsar
Sarsar
Andrea Sartoretti
Sartoretti
Tatyana Filippovna Sarycheva
Filippovna
Sarycheva
Filippovna Sarycheva 
Miki Sasaki
Sasaki
Setsuko Sasaki
Sasaki
Karla akov
akov
Welissa "Sass" de Souza Gonzaga
Souza
Gonzaga
Souza Gonzaga 
Arisa Sato
Sato
Eric Anthony Teruo Sato
Teruo
Sato
Teruo Sato 
Ichiko Sato
Sato
Liane Lissa Sato
Lissa
Sato
Lissa Sato 
Tetsuo Sato
Sato
Yasutaka Sato
Sato
David Patrick "Dave" Saunders
Saunders
Andrea Sauvigny
Sauvigny
Cristian Savani
Savani
Ilya Yevgenyevich Savelyev
Yevgenyevich
Savelyev
Yevgenyevich Savelyev 
Jess Savigne Savigne
Savigne
Savigne
Savigne Savigne 
Aleksandr Borisovich Savin
Borisovich
Savin
Borisovich Savin 
Juana Savinon Prez
Savinon
Prez
Savinon Prez 
Doina Svoiu
Svoiu
Michelle A. Sawatzky Koop
Sawatzky
Donald "Don" Saxton
Saxton
Gertrude "Traute" Schfer
Schfer
Pavel Schenk
Schenk
Julia Schlecht
Schlecht
Judit SchlglBlaumann
Schlgl-Blaumann
Martina Schmidt Schwarz
Schmidt
Steffi Schmidt
Schmidt
Gavin Charles Schmitt
Charles
Schmitt
Charles Schmitt 
Siegfried Schneider
Schneider
Myrthe Schoot
Schoot
Jochen Schps
Schps
William Schreiber
Schreiber
Gerson Albino Schuch
Albino
Schuch
Albino Schuch 
Richard "Rich" Schuil
Schuil
Annette Schultz Klatt
Schultz
Christina Schultz
Schultz
Arnold Schulz
Schulz
Rudi Schumann
Schumann
Carlos Eduardo Schwanke
Eduardo
Schwanke
Eduardo Schwanke 
Sebastian Schwarz
Schwarz
Selina Scoble
Scoble
Danielle Raquel ScottArruda
Raquel
Scott-Arruda
Raquel Scott-Arruda 
Nurys Sebey Deroncelo
Sebey
Deroncelo
Sebey Deroncelo 
va SebkSzalay
Sebk-Szalay
Manuela Secolo
Secolo
Mohamed Seif ElNasr
Seif
El-Nasr
Seif El-Nasr 
Debora Louise Seilhamer Anadon
Seilhamer
Anadon
Seilhamer Anadon 
Avital Haim Selinger
Haim
Selinger
Haim Selinger 
Pvels Seivanovs
Seivanovs
Jana Semeck
Semeck
Jitka Seneck
Seneck
Adel Sennoun
Sennoun
Mourad Sennoun
Sennoun
Seo BanSeok
Ban-Seok
Seo ChunGang
Chun-Gang
Seo HuiSuk
Hui-Suk
Judith Serenge
Serenge
Paulo Sevciuc
Sevciuc
Oleksandr Shadchyn
Shadchyn
Shan Danna
Danna
Mostafa Sharifat
Sharifat
Oleg Aleksandrovich Shatunov
Aleksandrovich
Shatunov
Aleksandrovich Shatunov 
Yana Valeryevna Shcherban
Valeryevna
Shcherban
Valeryevna Shcherban 
Lyudmila Ivanovna Shchetinina
Ivanovna
Shchetinina
Ivanovna Shchetinina 
Nehad Shehata
Shehata
Sheilla Tavares de Castro Blassioli
Castro
Blassioli
Castro Blassioli 
Shen Keqin
Keqin
Shen Qiong
Qiong
Marina Igorevna Sheshenina
Igorevna
Sheshenina
Igorevna Sheshenina 
Shi Hairong
Hairong
Ayano Shibuki Yaegashi
Shibuki
Seiko Shimakage
Shimakage
Haruyo Shimamura
Shimamura
Kenji Shimaoka
Shimaoka
Kunihiro Shimizu
Shimizu
Eiji Shimomura
Shimomura
Risa Shinnabe
Shinnabe
Yoko Shinozaki Tamura
Shinozaki
Michiko Shiokawa Furuhashi
Shiokawa
Mamoru Shiragami
Shiragami
Takako Shirai Takagi
Shirai
Kunie Shishikura
Shishikura
Pavel Vladimirovich Shishkin
Vladimirovich
Shishkin
Vladimirovich Shishkin 
Vladimir Petrovich Shkurikhin
Petrovich
Shkurikhin
Petrovich Shkurikhin 
Olha Dmytrivna Shkurnova Pozdniakova
Shkurnova
Erik Thomas Shoji
Thomas
Shoji
Thomas Shoji 
Kawika Shoji
Shoji
Igor Yuryevich Shulepov
Yuryevich
Shulepov
Yuryevich Shulepov 
Stefano Sibani
Sibani
Eduard Fyodorovich Sibiryakov
Fyodorovich
Sibiryakov
Fyodorovich Sibiryakov 
Sidnei "Sido" dos Santos Junior
Santos
Junior
Santos Junior 
Tatyana Ivanovna Sidorenko
Ivanovna
Sidorenko
Ivanovna Sidorenko 
Mark Siebeck
Siebeck
Yusidey Sili Frmeta
Sili
Frmeta
Sili Frmeta 
Fernanda Emerick Silva
Emerick
Silva
Emerick Silva 
Jacqueline Louise "Jackie" da Cruz Silva
Cruz
Silva
Cruz Silva 
Joel Alexander Silva Pantoja
Silva
Pantoja
Silva Pantoja 
Lia Henrique da Silva Nicolosi
Silva
Nicolosi
Silva Nicolosi 
Kaspar Simeonov
Simeonov
Ventzislav Simeonov
Simeonov
Zdravko Simeonov
Simeonov
Wolfgang Simon
Simon
Sin JeongSeop
Jeong-Seop
Sin JinSik
Jin-Sik
Sin SeonHo
Seon-Ho
Sin YeongCheol
Yeong-Cheol
Eva irok
irok
Vladimr "Vlado" Sirvo
Sirvo
Emerencia SiryKirly
Siry-Kirly
Ingrid ikovi
ikovi
Tadeusz Siwek
Siwek
Eduardo Sixtos
Sixtos
Aleksander Andrzej Skiba
Andrzej
Skiba
Andrzej Skiba 
Edward Skorek
Skorek
Katarzyna Skorupa
Skorupa
Katarzyna Ewa Skowroska Dolata
Skowroska
Todor Asenov Skrimov
Asenov
Skrimov
Asenov Skrimov 
Milan lambor
lambor
Kiril Slavov
Slavov
Slavcho Stoyanov Slavov
Stoyanov
Slavov
Stoyanov Slavov 
Maria liwka Serkiz, Pankowa
Lonneke Sletjes
Sletjes
Jaroslav md
Vclav mdl
mdl
Krzysztof migiel
migiel
Irina Anatolyevna SmirnovaIlchenko
Anatolyevna
Smirnova-Ilchenko
Anatolyevna Smirnova-Ilchenko 
David Michael Smith
Michael
Smith
Michael Smith 
Luke Smith
Smith
Suzanne "Suzi" Smith
Smith
Nina Nikolayevna Smoleyeva Nikitina
Smoleyeva
Josef Smolka
Smolka
Koshi Sobu
Sobu
Frantiek Sokol
Sokol
Aleksandr Sergeyevich Sokolov
Sergeyevich
Sokolov
Sergeyevich Sokolov 
Tsvetan Nikolaev Sokolov
Nikolaev
Sokolov
Nikolaev Sokolov 
Lyubov Vladimirovna SokolovaShashkova Kl
Sokolova-Shashkova
Sebastin Rodrigo Sol
Rodrigo
Sol
Rodrigo Sol 
Olga Anatolyevna Solovova Tseytsina
Solovova
Son YeongWan
Yeong-Wan
Song Jinwei
Jinwei
Song Nina
Nina
Grant Sorensen
Sorensen
Thomas Michael "Tom" Sorensen
Sorensen
Josef orm
orm
Oleksandr Dmytrovych Sorokalet
Dmytrovych
Sorokalet
Dmytrovych Sorokalet 
Emilce Sosa
Sosa
Diana Patricia Soto
Patricia
Soto
Patricia Soto 
Daniele Pasquale Sottile
Pasquale
Sottile
Pasquale Sottile 
Brigitte Soucy
Soucy
Douglas Correia de Souza
Souza
de Souza 
Maurcio Luiz de Souza
Souza
de Souza 
Alejandro Ral Spajic
Ral
Spajic
Ral Spajic 
Simeon M. Srandev
Srandev
M. Srandev 
Goran Srbinovski
Srbinovski
Marina Glebowna Staden Milowidowa
Staden
Debby StamPilon
Stam-Pilon
Marian Stamate
Stamate
Jaroslav Stano
Stano
Dragan Stankovi
Stankovi
Clayton Iona "Clay" Stanley
Stanley
Jon C. Stanley
Stanley
C. Stanley 
Christine Toews Stark
Toews
Stark
Toews Stark 
Sanja Starovi
Starovi
Saa Starovi
Starovi
Yevgeniya Aleksandrovna Startseva
Aleksandrovna
Startseva
Aleksandrovna Startseva 
Yury Vasilyevich Starunsky
Vasilyevich
Starunsky
Vasilyevich Starunsky 
Quinta Steenbergen
Steenbergen
Georgios Stefanou
Stefanou
Wodzimierz Andrzej Stefaski
Andrzej
Stefaski
Andrzej Stefaski 
Pavlna tefkov Kohtov
tefkov
Andrzej Stelmach
Stelmach
Krzysztof Stelmach
Stelmach
Margarethe Margret Stender Herzog
Stender
Ute Steppin Oldenburg
Steppin
Constantin Sterea
Sterea
Markus Steuerwald
Steuerwald
Jovana Stevanovi
Stevanovi
Martin Stoyanov Stoev
Stoyanov
Stoev
Stoyanov Stoev 
Nicolae "Nicu" Stoian
Stoian
Femke Stoltenborg
Stoltenborg
Jeffery Malcolm "Jeff" Stork
Stork
Simone Storm
Storm
Khristo Stoyanov
Stoyanov
Lachezar M. Stoyanov
Stoyanov
M. Stoyanov 
Stoyan Stoyanov
Stoyanov
Kostadin Stoykov
Stoykov
Johanna Strotzer Kuhfu
Strotzer
Vra truncov Linhartov
truncov
Drte Stdemann
Stdemann
Su Huijuan
Huijuan
Su Liqun
Liqun
Jos David Surez Prez
Surez
Prez
Surez Prez 
Jan Such
Such
Luis Pedro Suela Mndez
Suela
Mndez
Suela Mndez 
Sadatoshi Sugahara
Sugahara
Kimio Sugimoto
Sugimoto
Akemi Sugiyama
Sugiyama
Kayoko Sugiyama
Sugiyama
Sachiko Sugiyama
Sugiyama
Sui Shengsheng
Shengsheng
Jean Luc "Suo" Rosat
Rosat
Grigory "Greg" Sukochev
Sukochev
Erik Thomas Sullivan
Thomas
Sullivan
Thomas Sullivan 
Sun MiSook
Mi-Sook
Sun Yue
Yue
Paul Benedict Sunderland
Benedict
Sunderland
Benedict Sunderland 
Ernest Emil "Ernie" Suwara, Jr.
Suwara,
Jr.
Suwara, Jr. 
Rudolph "Rudy" Suwara
Suwara
Donald Suxho
Suxho
Ji Svoboda
Svoboda
Irena Svobodov Pettinari
Svobodov
Alojzy widerek
widerek
Sebastian Krzysztof widerski
Krzysztof
widerski
Krzysztof widerski 
Pieter "Piet" Swieter
Swieter
Olena Sydorenko
Sydorenko
Stacy Denise Sykora
Denise
Sykora
Denise Sykora 
Miriam Fatime Sylla
Fatime
Sylla
Fatime Sylla 
Judith Sylvester Siebert
Sylvester
Juliana Szalonna Simon
Szalonna
Robert Szczerbaniuk
Szczerbaniuk
Zofia Antonina Szczeniewska Bryszewska
Szczeniewska
Zsuzsanna "Zsuzsa" Szloboda
Szloboda
Iuliu Szcs
Szcs
Jerzy Szymczyk
Szymczyk
Mariusz Szyszko
Szyszko
Foudil Taalba
Taalba
Charlene Johnson Tagaloa
Johnson
Tagaloa
Johnson Tagaloa 
Cecilia Roxana Tait Villacorta
Tait
Villacorta
Tait Villacorta 
Asako Tajimi
Tajimi
Miyuki Takahashi
Takahashi
Yukiko Takahashi
Takahashi
Suzue Takayama
Takayama
Shoko Takayanagi Yoshida
Takayanagi
Yoshie Takeshita Egusa
Takeshita
Reiko Takizawa
Takizawa
Talmo Curto de Oliveira
Oliveira
de Oliveira 
Mikiyasu Tanaka
Tanaka
eljko Tanaskovi
Tanaskovi
Tandara Caixeta
Caixeta
Alexandre "Tande" Ramos Samuel
Ramos
Samuel
Ramos Samuel 
Kinuko Tanida Idogawa
Tanida
Troy Richard Tanner
Richard
Tanner
Richard Tanner 
Anouer Taouerghi
Taouerghi
Melania Tartabull Carrasco
Tartabull
Carrasco
Tartabull Carrasco 
Abigael Tarus
Tarus
Ivan Tasev
Tasev
Aleksandar Tasevski
Tasevski
Kanami Tashiro
Tashiro
Mihly Tatr
Tatr
Alan Taylor
Taylor
Jennifer Taylor
Taylor
John Franklin Taylor
Franklin
Taylor
Franklin Taylor 
Christelle Nana Tchoudjang
Nana
Tchoudjang
Nana Tchoudjang 
Irina Viktorovna Tebenikhina
Viktorovna
Tebenikhina
Viktorovna Tebenikhina 
Mourad AlTebourski
Al-Tebourski
Martin Teffer
Teffer
Rita de Cssia Teixeira
Cssia
Teixeira
Cssia Teixeira 
Carlos Arturo Tejeda Rivera
Tejeda
Rivera
Tejeda Rivera 
Dulce Mara Tllez Palacio
Tllez
Palacio
Tllez Palacio 
Imilsis Tllez Quesada
Tllez
Quesada
Tllez Quesada 
Faycal Tellouche
Tellouche
Borys Pavlovych Tereshchuk
Pavlovych
Tereshchuk
Pavlovych Tereshchuk 
Sigrid Terstegge
Terstegge
Sergey Yuryevich Tetyukhin
Yuryevich
Tetyukhin
Yuryevich Tetyukhin 
Thasa Daher de Menezes
Menezes
de Menezes 
Mohamed Thakil
Thakil
Hans Peter Tholse
Peter
Tholse
Peter Tholse 
Verneda Estella "Neda" Thomas
Thomas
Courtney Lynn Thompson
Lynn
Thompson
Lynn Thompson 
Brian Charles Thornton
Charles
Thornton
Charles Thornton 
Birgit Thumm
Thumm
Irena Tich Hrdkov
Tich
Eckhard Tielscher
Tielscher
Tamara Petrovna Tikhonina Kliger
Tikhonina
Kvin Tillie
Tillie
Laurent Tillie
Tillie
Steven Dennis "Steve" Timmons
Timmons
Yuliya Vladimirovna Timonova
Vladimirovna
Timonova
Vladimirovna Timonova 
Cristina "Tina" Pacheco Lopes
Pacheco
Lopes
Pacheco Lopes 
Johannes Gerardus George "Joop" Tinkhof
Tinkhof
Simon Tischer
Tischer
Yelizaveta Ivanovna Tishchenko
Ivanovna
Tishchenko
Ivanovna Tishchenko 
Lies Tizioualou
Tizioualou
Mitko Todorov
Todorov
Teodor Ivanov Todorov
Ivanov
Todorov
Ivanov Todorov 
Natalia Todorovschi Cernat
Todorovschi
Paolo Tofoli
Tofoli
Elisa Togut
Togut
Bahar Toksoy
Toksoy
Logan Maile Lei Tom
Lei
Tom
Lei Tom 
Ladislav Toman
Toman
Jaroslav Tom
Tom
Kosuke Tomonaga
Tomonaga
Dimo Georgiev Tonev
Georgiev
Tonev
Georgiev Tonev 
Benjamin Toniutti
Toniutti
Chiho Torii
Torii
gnes Torma
Torma
Gina Torrealva
Torrealva
Inmaculada Torres Cerezo
Torres
Cerezo
Torres Cerezo 
Regla Radameris Torres Herrera
Torres
Herrera
Torres Herrera 
Ana Mara Tostado Domingo
Tostado
Domingo
Tostado Domingo 
Kathryn "Kathy" Tough
Tough
Majdi Toumi
Toumi
Walter Toussaint
Toussaint
Scott Joseph Touzinsky
Joseph
Touzinsky
Joseph Touzinsky 
Mohammed AlTrabelsi
Al-Trabelsi
Dragan Travica
Travica
Ljubomir Travica
Travica
Aleksandar Trenev
Trenev
Emil Trenev
Trenev
Vladimir Trifunovi
Trifunovi
Jeroen Paul Trommel
Paul
Trommel
Paul Trommel 
Murphy Edward Troy
Edward
Troy
Edward Troy 
Faza Tsabet
Tsabet
Antonios Tsakiropoulos
Tsakiropoulos
Tsano Tsanov
Tsanov
Rainer Tscharke
Tscharke
Katsutoshi Tsumagari
Tsumagari
Khristo Tsvetanov
Tsvetanov
Ferenc Tske
Tske
Ulf Ttken
Ttken
Mircea TutovanCodoi
Tutovan-Codoi
Aden Tutton
Tutton
Lyubov Nikolayevna Tyurina Yevtushenko
Tyurina
Georgia Tzanakaki
Tzanakaki
Kerstin Tzscherlich
Tzscherlich
Milagros Jessenica Uceda
Jessenica
Uceda
Jessenica Uceda 
Gabriel Doru Uditeanu
Doru
Uditeanu
Doru Uditeanu 
Tatsuya Ueta
Ueta
Vladimir Viktorovich Ulanov
Viktorovich
Ulanov
Viktorovich Ulanov 
Leszek Urbanowicz
Urbanowicz
Lucila Urgelles Savon
Urgelles
Savon
Urgelles Savon 
Jon Emili Uriarte
Emili
Uriarte
Emili Uriarte 
Nicols Uriarte
Uriarte
Cenaida Cebastiana Uribe Medina
Uribe
Medina
Uribe Medina 
Daisuke Usami
Usami
Konstantin Anatolyevich Ushakov
Anatolyevich
Ushakov
Anatolyevich Ushakov 
Polen Uslupehlivan
Uslupehlivan
Petar Uzunov
Uzunov
Bernard Vaillant
Vaillant
Pavel Valach
Valach
Emil Valchev
Valchev
Idalberto Valdes Pedro
Valdes
Pedro
Valdes Pedro 
Natalia Cristina Valentn Len
Valentn
Len
Valentn Len 
Rodman Jos Valera Capon
Valera
Capon
Valera Capon 
Mara Alejandra Valero Balaguer
Valero
Balaguer
Valero Balaguer 
Valeska "Valeskinha" dos Santos Menezes
Santos
Menezes
Santos Menezes 
Alexis Valido Moreno
Valido
Moreno
Valido Moreno 
Hidde "Shane" Van Beest
Van
Beest
Van Beest 
Sebastiaan Jacques Henri "Bas" van de Goor
Goor
de Goor 
Mike Willem Frank van de Goor
Goor
de Goor 
Johannes "Jan" van der Hoek
der
Hoek
der Hoek 
Johannes Martinus "Martin" van der Horst
der
Horst
der Horst 
Roelof Anttonius "Olof" van der Meulen
der
Meulen
der Meulen 
Dingeman "Dinco" van der Stoep
der
Stoep
der Stoep 
Kay van Dijk
van
Dijk
van Dijk 
Hendrik Theodorus Petrus "DirkJan" van Gendt
van
Gendt
van Gendt 
Johanna Antoinette Petronella "Saskia" van Hintum Kooijmans
Hintum
Claudia Elisabeth Maria van Thiel
van
Thiel
van Thiel 
Johan Wilhelm "Hans" van Wijnen
van
Wijnen
van Wijnen 
Roger Vandergoten
Vandergoten
Audrey Vandervelden
Vandervelden
Ronald Vandewal
Vandewal
Lia Vanea
Vanea
Ricardo Vantes Rodrguez
Vantes
Rodrguez
Vantes Rodrguez 
Milan Vpenka
Vpenka
Jana Vpenkov Hlkov
Vpenkov
Annerys Victoria Vargas Valdez
Vargas
Valdez
Vargas Valdez 
Daniel Vargas Osorio
Vargas
Osorio
Vargas Osorio 
Janet Daria Vasconzuelos
Daria
Vasconzuelos
Daria Vasconzuelos 
Milan Vai
Vai
Yelena Vasilyevna Vasilevskaya
Vasilyevna
Vasilevskaya
Vasilyevna Vasilevskaya 
Paolo Vecchi
Vecchi
Norma Velarde Alvarez
Velarde
Alvarez
Velarde Alvarez 
Pedro "Pete" Velasco, Jr.
Velasco,
Jr.
Velasco, Jr. 
Stefana Veljkovi
Veljkovi
Shara Marie Venegas Medina
Venegas
Medina
Venegas Medina 
Yuriy Naumovych Venherovskiy
Naumovych
Venherovskiy
Naumovych Venherovskiy 
Aleksey Igoryevich Verbov
Igoryevich
Verbov
Igoryevich Verbov 
Rudy Verhoeff
Verhoeff
Valerio Vermiglio
Vermiglio
Jovana Vesovi
Vesovi
Vera Aleksandrovna Vetrova Ulyakina
Vetrova
Luca Vettori
Vettori
Benjamn Vicedo Mayor
Vicedo
Mayor
Vicedo Mayor 
Graham Vigrass
Vigrass
Ral Vilches More
Vilches
More
Vilches More 
Raimonds Vilde
Vilde
Regina dos Santos Vilela
Santos
Vilela
Santos Vilela 
Amarylis Eloina Villar Mayora
Villar
Mayora
Villar Mayora 
Claudina Villaurrutia Garca
Villaurrutia
Garca
Villaurrutia Garca 
Ludmila Vindukov Pltenkov
Vindukov
Virna Cristine Dantes Dias
Dantes
Dias
Dantes Dias 
Ingrid Louise Visser
Louise
Visser
Louise Visser 
Nicolas Ernesto Vives Coffigne
Vives
Coffigne
Vives Coffigne 
Ioanna Vlakhou
Vlakhou
Hana Vlaskov Marcoliniov
Vlaskov
Aleksandr Aleksandrovich Volkov
Aleksandrovich
Volkov
Aleksandrovich Volkov 
Dmitry Aleksandrovich Volkov
Aleksandrovich
Volkov
Aleksandrovich Volkov 
Yelena Pavlovna Volkova
Pavlovna
Volkova
Pavlovna Volkova 
Julie Jo Vollertsen Melli
Vollertsen
Marco Antnio Volpi
Antnio
Volpi
Antnio Volpi 
Artyom Aleksandrovich Volvich
Aleksandrovich
Volvich
Aleksandrovich Volvich 
HansGeorg von der Ohe
der
Ohe
der Ohe 
Katrina von Sass
von
Sass
von Sass 
Josef Vondrka
Vondrka
Irina Andreyevna Voronkova
Andreyevna
Voronkova
Andreyevna Voronkova 
Dmitry Vyacheslavovich Voskoboynikov
Vyacheslavovich
Voskoboynikov
Vyacheslavovich Voskoboynikov 
Regina Vossen
Vossen
Goran Vujevi
Vujevi
Fabio Vullo
Vullo
Igor Vuurovi
Vuurovi
Carlos E. Wagenpfeil
Wagenpfeil
E. Wagenpfeil 
Hubert Aleksander Jerzy Wagner
Jerzy
Wagner
Jerzy Wagner 
Randolph "Randy" Wagner
Wagner
Fernand Walder
Walder
Marc Robert Waldie
Robert
Waldie
Robert Waldie 
Walewska Moreira de Oliveira
Oliveira
de Oliveira 
Wallace Leandro de Souza
Souza
de Souza 
Kerri Lee Walsh Jennings
Walsh
Jennings
Walsh Jennings 
Christine WaltherMummhardt
Walther-Mummhardt
Deraldo Peixoto Wanderley
Peixoto
Wanderley
Peixoto Wanderley 
Wang Lina
Lina
Wang Yajun
Yajun
Wang Yi
Wang Yimei
Yimei
Wang Ziling
Ziling
Janet Wanja
Wanja
Doris WanjalaWefwafwa
Wanjala-Wefwafwa
Catherine Wanjiru
Wanjiru
Jane Lois Ward
Lois
Ward
Lois Ward 
Nancy Lusanji Waswa
Lusanji
Waswa
Lusanji Waswa 
Tammy June WebbLiley
June
Webb-Liley
June Webb-Liley 
Carlos Javier Weber
Javier
Weber
Javier Weber 
Wolfgang Webner
Webner
Henritte Weersing
Weersing
Wei Qiuyue
Qiuyue
Wolfgang Weise
Weise
Paula Jo Weishoff Hanold
Weishoff
Russell Wentworth
Wentworth
Anke Westendorf Maukel
Westendorf
Allison Elizabeth Weston
Elizabeth
Weston
Elizabeth Weston 
Ursula Westphal
Westphal
Emily Wesutila
Wesutila
Mercy Wesutila
Wesutila
Adam White
White
Rachel White
White
Lucy Mauritia Wicks
Mauritia
Wicks
Mauritia Wicks 
Wanda WiechaWanot
Wiecha-Wanot
Brit Wiedemann
Wiedemann
Sandra Wiegers
Wiegers
Leonardo C. Wiernes
Wiernes
C. Wiernes 
Marcin Wika
Wika
Claudia Wilke Nast
Wilke
William Carvalho da Silva
Silva
da Silva 
Lincoln Alexander Williams
Alexander
Williams
Alexander Williams 
Mark Williams
Williams
Gregory Neil Williscroft
Neil
Williscroft
Neil Williscroft 
Bradley Scott Willock
Scott
Willock
Scott Willock 
Kim Marie Willoughby
Marie
Willoughby
Marie Willoughby 
Micha Winiarski
Winiarski
Brett Howard Winslow
Howard
Winslow
Howard Winslow 
Frdric "Fred" Winters
Winters
Andrew Elmore "Andy" Witt
Witt
Gudrun Witte Burschik
Witte
Mariusz ukasz Wlazy
ukasz
Wlazy
ukasz Wlazy 
Pawe Mateusz Woicki
Mateusz
Woicki
Mateusz Woicki 
Tomasz Wjtowicz
Wjtowicz
ric Wolfer
Wolfer
Susan Jean "Sue" Woodstra
Woodstra
Wu Dan
Dan
Wu Yongmei
Yongmei
Mrio "Xand" de Oliveira Neto
Oliveira
Neto
Oliveira Neto 
Xiao Qingsong
Qingsong
Xu Yunli
Yunli
Xue Ming
Ming
Roman Nikolayevich Yakovlev
Nikolayevich
Yakovlev
Nikolayevich Yakovlev 
Shuji Yamada
Yamada
Mai Yamaguchi
Yamaguchi
Takahiro Yamamoto
Yamamoto
Kota Yamamura
Yamamura
Miyako Yamashita
Yamashita
Noriko Yamashita Nishi
Yamashita
Mika Yamauchi
Yamauchi
Yaeko Yamazaki
Yamazaki
Yan Jianming
Jianming
Yan Ni
Shoichi Yanagimoto
Yanagimoto
Yang Fangxu
Fangxu
Yang Hao
Hao
Yang HyoJin
Hyo-Jin
Yang JinSu
Jin-Su
Yang JinUng
Jin-Ung
Yang Junjing
Junjing
Yang Liqun
Liqun
Yang Xiaojun
Xiaojun
Yang Xilan
Xilan
Hiromi Yano Ikeda
Yano
Yasunori Yasuda
Yasuda
Andrey Nikolayevich Yegorchev
Nikolayevich
Yegorchev
Nikolayevich Yegorchev 
Artyom Sergeyevich Yermakov
Sergeyevich
Yermakov
Sergeyevich Yermakov 
Aleksandr Borisovich Yermilov
Borisovich
Yermilov
Borisovich Yermilov 
Yeum HyeSeon
Hye-Seon
Yelena Igorevna Yezhova Kuzmina
Yezhova
Yin Yin
Yin
Tadayoshi Yokota
Yokota
Juri Yokoyama Nishikawa
Yokoyama
Kazutomo Yoneyama
Yoneyama
Boyan Yordanov
Yordanov
Mariko Yoshida
Yoshida
Setsuko Yoshida
Yoshida
Tomoko Yoshihara
Yoshihara
Viktor Ganchev Yosifov
Ganchev
Yosifov
Ganchev Yosifov 
Matthew Young
Young
Elaine Clara Marie Hermenia Youngs
Hermenia
Youngs
Hermenia Youngs 
Saleh Youssef
Youssef
Yu ChunJa
Chun-Ja
Yu Dawei
Dawei
Yu GyeongHwa
Gyeong-Hwa
Yu JeongHye
Jeong-Hye
Yu Juemin
Juemin
Yu JungTak
Jung-Tak
Yu YeongMi
Yeong-Mi
Yuan Xinyue
Xinyue
Yuan Zhi
Zhi
Igor Yudin
Yudin
Yun JeongHye
Jeong-Hye
Yun JeongSuk
Jeong-Suk
Yun YeongNae
Yeong-Nae
Zoya Fyodorovna Yusova Kosacheva
Yusova
Pawe Lech Zagumny
Lech
Zagumny
Lech Zagumny 
Irina Zaitseva
Zaitseva
Lubomr Zajek
Zajek
Awad Zakka
Zakka
Miloud Zakka
Zakka
Yulissa Noelia Zamudio Orl
Zamudio
Orl
Zamudio Orl 
Hamzeh Zarini
Zarini
Jamal Zarugh
Zarugh
Irina Vladimirovna Zaryazhko
Vladimirovna
Zaryazhko
Vladimirovna Zaryazhko 
Zbigniew Zarzycki
Zarzycki
Pawe Zatorski
Zatorski
Kotoki Zayasu
Zayasu
Leonid Nikolayevich Zayko
Nikolayevich
Zayko
Nikolayevich Zayko 
Ivan Zaytsev
Zaytsev
Vyacheslav Alekseyevich Zaytsev
Alekseyevich
Zaytsev
Alekseyevich Zaytsev 
Stanisaw Zduczyk
Zduczyk
Jos Roberto "Z Roberto" Lages Guimares
Lages
Guimares
Lages Guimares 
Luiz Eymard Coelho Zech
Coelho
Zech
Coelho Zech 
Zeng Chunlei
Chunlei
Mariola Katarzyna Zenik Barbachowska
Zenik
Yoko Karin Zetterlund Bush, Hiroshi
Zhang Changning
Changning
Zhang Lei
Lei
Zhang Na
Zhang Ping
Ping
Zhang Rongfang
Rongfang
Zhang Xian
Xian
Zhang Yousheng
Yousheng
Zhang Yuehong
Yuehong
Zhao Feng
Feng
Zhao Ruirui
Ruirui
Andrey Zhekov
Zhekov
Nikola Zhelyazkov
Zhelyazkov
Zheng Meizhu
Meizhu
Zhou Hong
Hong
Zhou Suhong
Suhong
Zhu Ling
Ling
Zhu Ting
Ting
Zhu Yunying
Yunying
Nataliya Gennadyevna Zhukova Rykova
Zhukova
Aidan Zingel
Zingel
Uwe Zitranski
Zitranski
Bojana ivkovi
ivkovi
Dimitar Popov Zlatanov
Popov
Zlatanov
Popov Zlatanov 
Hristo Zlatanov
Zlatanov
Ronald Zoodsma
Zoodsma
Andrea Zorzi
Zorzi
Hakim Zouari
Zouari
Ahmed Zoubi
Zoubi
Claudio F. Zulianello
Zulianello
F. Zulianello 
Zuo Yue
Yue
Ronald Ferdinand "Ron" Zwerver
Zwerver
ukasz Tomasz ygado
Tomasz
ygado
Tomasz ygado 
