Weightlifting Women's Super-Heavyweight
Weightlifting Men's Lightweight
Weightlifting Men's Middleweight
Weightlifting Men's Featherweight
Weightlifting Women's Featherweight
Weightlifting Men's Heavyweight
Weightlifting Men's Flyweight
Weightlifting Men's Light-Heavyweight
Weightlifting Men's Middle-Heavyweight
Weightlifting Women's Lightweight
Weightlifting Women's Light-Heavyweight
Weightlifting Women's Heavyweight
Weightlifting Women's Middleweight
Weightlifting Men's Super-Heavyweight
Weightlifting Women's Flyweight
Weightlifting Men's Heavyweight I
Weightlifting Men's Heavyweight II
Weightlifting Men's Bantamweight
Weightlifting Men's Unlimited, One Hand
Weightlifting Men's Unlimited, Two Hands
Weightlifting Men's All-Around Dumbbell Contest
