Wrestling Men's Light-Heavyweight, Greco-Roman
Wrestling Men's Heavyweight, Freestyle
Wrestling Men's Featherweight, Freestyle
Wrestling Men's Heavyweight, Greco-Roman
Wrestling Men's Lightweight, Greco-Roman
Wrestling Men's Super-Heavyweight, Greco-Roman
Wrestling Men's Flyweight, Greco-Roman
Wrestling Men's Welterweight, Greco-Roman
Wrestling Men's Middleweight, Greco-Roman
Wrestling Men's Middleweight, Freestyle
Wrestling Men's Light-Heavyweight, Freestyle
Wrestling Men's Bantamweight, Freestyle
Wrestling Men's Flyweight, Freestyle
Wrestling Men's Lightweight, Freestyle
Wrestling Men's Middleweight A, Greco-Roman
Wrestling Men's Welterweight, Freestyle
Wrestling Men's Bantamweight, Greco-Roman
Wrestling Men's Featherweight, Greco-Roman
Wrestling Women's Light-Heavyweight, Freestyle
Wrestling Women's Heavyweight, Freestyle
Wrestling Men's Light-Flyweight, Freestyle
Wrestling Women's Featherweight, Freestyle
Wrestling Women's Lightweight, Freestyle
Wrestling Men's Light-Flyweight, Greco-Roman
Wrestling Men's Middleweight B, Greco-Roman
Wrestling Men's Super-Heavyweight, Freestyle
Wrestling Women's Flyweight, Freestyle
Wrestling Women's Middleweight, Freestyle
Wrestling Men's Unlimited Class, Greco-Roman
Wrestling Men's All-Around, Greco-Roman
